[12:46:03.258] [INFO   ] thread main starting.
[12:46:03.273] [SEVERE ] cannot read configuration file config.properties trying from resources.
[12:46:03.278] [SEVERE ] configuration file was loaded from resources directory.
[12:46:04.269] [INFO   ] thread dealer starting.
[12:46:04.271] [INFO   ] thread dealer starting.
[12:46:04.380] [SEVERE ] placing card 75 in slot 4
[12:46:04.491] [SEVERE ] placing card 63 in slot 6
[12:46:04.601] [SEVERE ] placing card 44 in slot 3
[12:46:04.712] [SEVERE ] placing card 3 in slot 11
[12:46:04.824] [SEVERE ] placing card 69 in slot 2
[12:46:04.935] [SEVERE ] placing card 35 in slot 7
[12:46:05.046] [SEVERE ] placing card 51 in slot 1
[12:46:05.158] [SEVERE ] placing card 4 in slot 0
[12:46:05.269] [SEVERE ] placing card 2 in slot 5
[12:46:05.380] [SEVERE ] placing card 34 in slot 10
[12:46:05.492] [SEVERE ] placing card 62 in slot 9
[12:46:05.601] [SEVERE ] placing card 70 in slot 8
[12:46:06.602] [SEVERE ] updating countdown to 59000
[12:46:07.601] [SEVERE ] updating countdown to 58000
[12:46:08.607] [SEVERE ] updating countdown to 57000
[12:46:09.540] [SEVERE ] key 81 was pressed by player 1
[12:46:09.602] [SEVERE ] updating countdown to 56000
[12:46:10.602] [SEVERE ] updating countdown to 55000
[12:46:11.602] [SEVERE ] updating countdown to 54000
[12:46:12.601] [SEVERE ] updating countdown to 53000
[12:46:13.932] [SEVERE ] updating countdown to 52000
[12:46:14.825] [SEVERE ] updating countdown to 51000
[12:46:15.967] [SEVERE ] updating countdown to 50000
[12:46:16.604] [SEVERE ] updating countdown to 49000
[12:46:17.601] [SEVERE ] updating countdown to 48000
[12:46:18.601] [SEVERE ] updating countdown to 47000
[12:46:19.614] [SEVERE ] updating countdown to 46000
[12:46:20.601] [SEVERE ] updating countdown to 45000
[12:46:21.604] [SEVERE ] updating countdown to 44000
[12:46:22.602] [SEVERE ] updating countdown to 43000
[12:46:23.602] [SEVERE ] updating countdown to 42000
[12:46:24.601] [SEVERE ] updating countdown to 41000
[12:46:25.602] [SEVERE ] updating countdown to 40000
[12:46:26.602] [SEVERE ] updating countdown to 39000
[12:46:27.601] [SEVERE ] updating countdown to 38000
[12:46:28.602] [SEVERE ] updating countdown to 37000
[12:46:29.601] [SEVERE ] updating countdown to 36000
[12:46:30.613] [SEVERE ] updating countdown to 35000
[12:46:31.602] [SEVERE ] updating countdown to 34000
[12:46:32.602] [SEVERE ] updating countdown to 33000
[12:46:33.601] [SEVERE ] updating countdown to 32000
[12:46:34.613] [SEVERE ] updating countdown to 31000
[12:46:35.601] [SEVERE ] updating countdown to 30000
[12:46:36.605] [SEVERE ] updating countdown to 29000
[12:46:37.601] [SEVERE ] updating countdown to 28000
[12:46:38.611] [SEVERE ] updating countdown to 27000
[12:46:39.611] [SEVERE ] updating countdown to 26000
[12:46:40.602] [SEVERE ] updating countdown to 25000
[12:46:41.601] [SEVERE ] updating countdown to 24000
[12:46:42.602] [SEVERE ] updating countdown to 23000
[12:46:43.602] [SEVERE ] updating countdown to 22000
[12:46:44.601] [SEVERE ] updating countdown to 21000
[12:46:45.601] [SEVERE ] updating countdown to 20000
[12:46:46.611] [SEVERE ] updating countdown to 19000
[12:46:47.610] [SEVERE ] updating countdown to 18000
[12:46:48.601] [SEVERE ] updating countdown to 17000
[12:46:49.611] [SEVERE ] updating countdown to 16000
[12:46:50.611] [SEVERE ] updating countdown to 15000
[12:46:51.610] [SEVERE ] updating countdown to 14000
[12:46:52.601] [SEVERE ] updating countdown to 13000
[12:46:53.605] [SEVERE ] updating countdown to 12000
[12:46:54.602] [SEVERE ] updating countdown to 11000
[12:46:55.601] [SEVERE ] updating countdown to 10000
[12:46:56.606] [SEVERE ] updating countdown to 9000
[12:46:57.601] [SEVERE ] updating countdown to 8000
[12:46:58.616] [SEVERE ] updating countdown to 7000
[12:46:59.602] [SEVERE ] updating countdown to 6000
[12:47:00.601] [SEVERE ] updating countdown to 5000
[12:47:01.607] [SEVERE ] updating countdown to 4000
[12:47:02.615] [SEVERE ] updating countdown to 3000
[12:47:03.601] [SEVERE ] updating countdown to 2000
[12:47:04.616] [SEVERE ] updating countdown to 1000
[12:47:05.601] [SEVERE ] updating countdown to 0
[12:47:05.603] [INFO   ] thread dealer terminated.
[12:47:10.614] [SEVERE ] thanks for playing... it was fun!
[12:47:10.614] [INFO   ] thread main terminated.
[12:47:10.614] [SEVERE ] disposing of user interface elements
