[14:47:51.221] [INFO   ] thread main starting.
[14:47:51.236] [SEVERE ] cannot read configuration file config.properties trying from resources.
[14:47:51.239] [SEVERE ] configuration file was loaded from resources directory.
[14:47:52.140] [INFO   ] thread dealer starting.
[14:47:52.148] [INFO   ] thread dealer starting.
[14:47:52.148] [INFO   ] thread 0 starting.
[14:47:52.149] [INFO   ] thread 1 starting.
[14:47:52.161] [INFO   ] thread 0 starting.
[14:47:52.162] [INFO   ] thread 1 starting.
[14:47:52.274] [SEVERE ] placing card 10 in slot 7
[14:47:52.384] [SEVERE ] placing card 67 in slot 9
[14:47:52.496] [SEVERE ] placing card 13 in slot 5
[14:47:52.605] [SEVERE ] placing card 61 in slot 8
[14:47:52.716] [SEVERE ] placing card 39 in slot 2
[14:47:52.827] [SEVERE ] placing card 17 in slot 1
[14:47:52.939] [SEVERE ] placing card 63 in slot 11
[14:47:53.050] [SEVERE ] placing card 30 in slot 6
[14:47:53.160] [SEVERE ] placing card 44 in slot 0
[14:47:53.271] [SEVERE ] placing card 29 in slot 10
[14:47:53.383] [SEVERE ] placing card 52 in slot 3
[14:47:53.495] [SEVERE ] placing card 22 in slot 4
[14:47:54.485] [SEVERE ] key 81 was pressed by player 1
[14:47:56.464] [SEVERE ] updating countdown to 59000
[14:47:56.465] [SEVERE ] player 1 placing token on slot 0
[14:47:56.467] [SEVERE ] updating countdown to 58000
[14:47:56.496] [SEVERE ] updating countdown to 57000
[14:47:57.496] [SEVERE ] updating countdown to 56000
[14:47:58.069] [SEVERE ] key 87 was pressed by player 1
[14:47:59.623] [SEVERE ] updating countdown to 55000
[14:48:00.193] [SEVERE ] updating countdown to 54000
[14:48:00.193] [SEVERE ] player 1 placing token on slot 1
[14:48:00.495] [SEVERE ] updating countdown to 53000
[14:48:01.278] [SEVERE ] key 69 was pressed by player 1
[14:48:02.558] [SEVERE ] updating countdown to 52000
[14:48:03.123] [SEVERE ] updating countdown to 51000
[14:48:03.703] [SEVERE ] updating countdown to 50000
[14:48:03.703] [SEVERE ] player 1 placing token on slot 2
[14:48:03.710] [SEVERE ] setting player 1 freeze to 3000
[14:48:04.496] [SEVERE ] setting player 1 freeze to 2000
[14:48:04.496] [SEVERE ] updating countdown to 49000
[14:48:05.495] [SEVERE ] setting player 1 freeze to 1000
[14:48:05.495] [SEVERE ] updating countdown to 48000
[14:48:06.495] [SEVERE ] setting player 1 freeze to 0
[14:48:06.495] [SEVERE ] updating countdown to 47000
[14:48:11.137] [SEVERE ] updating countdown to 46000
[14:48:12.354] [SEVERE ] updating countdown to 45000
[14:48:12.355] [SEVERE ] updating countdown to 44000
[14:48:12.357] [SEVERE ] updating countdown to 43000
[14:48:12.360] [SEVERE ] updating countdown to 42000
[14:48:12.495] [SEVERE ] updating countdown to 41000
[14:48:13.496] [SEVERE ] updating countdown to 40000
[14:48:14.496] [SEVERE ] updating countdown to 39000
[14:48:14.525] [SEVERE ] key 81 was pressed by player 1
[14:48:15.496] [SEVERE ] updating countdown to 38000
[14:48:16.496] [SEVERE ] updating countdown to 37000
[14:48:17.495] [SEVERE ] updating countdown to 36000
[14:48:18.509] [SEVERE ] updating countdown to 35000
[14:48:19.495] [SEVERE ] updating countdown to 34000
[14:48:20.496] [SEVERE ] updating countdown to 33000
[14:48:21.495] [SEVERE ] updating countdown to 32000
[14:48:22.509] [SEVERE ] updating countdown to 31000
[14:48:23.496] [SEVERE ] updating countdown to 30000
[14:48:24.495] [SEVERE ] updating countdown to 29000
[14:48:25.497] [SEVERE ] updating countdown to 28000
[14:48:26.495] [SEVERE ] updating countdown to 27000
[14:48:27.500] [SEVERE ] updating countdown to 26000
[14:48:28.496] [SEVERE ] updating countdown to 25000
[14:48:29.495] [SEVERE ] updating countdown to 24000
[14:48:30.498] [SEVERE ] updating countdown to 23000
[14:48:31.495] [SEVERE ] updating countdown to 22000
[14:48:32.509] [SEVERE ] updating countdown to 21000
[14:48:33.495] [SEVERE ] updating countdown to 20000
[14:48:34.499] [SEVERE ] updating countdown to 19000
[14:48:35.496] [SEVERE ] updating countdown to 18000
[14:48:36.495] [SEVERE ] updating countdown to 17000
[14:48:37.500] [SEVERE ] updating countdown to 16000
[14:48:38.495] [SEVERE ] updating countdown to 15000
[14:48:39.509] [SEVERE ] updating countdown to 14000
[14:48:40.496] [SEVERE ] updating countdown to 13000
[14:48:41.495] [SEVERE ] updating countdown to 12000
[14:48:42.495] [SEVERE ] updating countdown to 11000
[14:48:43.495] [SEVERE ] updating countdown to 10000
[14:48:44.499] [SEVERE ] updating countdown to 9000
[14:48:45.496] [SEVERE ] updating countdown to 8000
[14:48:46.496] [SEVERE ] updating countdown to 7000
[14:48:47.496] [SEVERE ] updating countdown to 6000
[14:48:48.496] [SEVERE ] updating countdown to 5000
[14:48:49.495] [SEVERE ] updating countdown to 4000
[14:48:50.495] [SEVERE ] updating countdown to 3000
[14:48:51.500] [SEVERE ] updating countdown to 2000
[14:48:52.496] [SEVERE ] updating countdown to 1000
[14:48:53.496] [SEVERE ] updating countdown to 0
[14:48:53.606] [SEVERE ] removing tokens from slot 10
[14:48:53.606] [SEVERE ] removing card from slot 10
[14:48:53.717] [SEVERE ] removing tokens from slot 2
[14:48:53.717] [SEVERE ] removing card from slot 2
[14:48:53.828] [SEVERE ] removing tokens from slot 5
[14:48:53.828] [SEVERE ] removing card from slot 5
[14:48:53.938] [SEVERE ] removing tokens from slot 1
[14:48:53.938] [SEVERE ] removing card from slot 1
[14:48:54.049] [SEVERE ] removing tokens from slot 7
[14:48:54.049] [SEVERE ] removing card from slot 7
[14:48:54.160] [SEVERE ] removing tokens from slot 11
[14:48:54.160] [SEVERE ] removing card from slot 11
[14:48:54.271] [SEVERE ] removing tokens from slot 0
[14:48:54.271] [SEVERE ] removing card from slot 0
[14:48:54.382] [SEVERE ] removing tokens from slot 9
[14:48:54.382] [SEVERE ] removing card from slot 9
[14:48:54.492] [SEVERE ] removing tokens from slot 8
[14:48:54.492] [SEVERE ] removing card from slot 8
[14:48:54.602] [SEVERE ] removing tokens from slot 4
[14:48:54.602] [SEVERE ] removing card from slot 4
[14:48:54.714] [SEVERE ] removing tokens from slot 6
[14:48:54.714] [SEVERE ] removing card from slot 6
[14:48:54.824] [SEVERE ] removing tokens from slot 3
[14:48:54.824] [SEVERE ] removing card from slot 3
[14:48:54.825] [SEVERE ] updating countdown to 60000
[14:48:54.933] [SEVERE ] placing card 26 in slot 8
[14:48:55.043] [SEVERE ] placing card 17 in slot 6
[14:48:55.154] [SEVERE ] placing card 12 in slot 3
[14:48:55.265] [SEVERE ] placing card 56 in slot 7
[14:48:55.376] [SEVERE ] placing card 68 in slot 0
[14:48:55.487] [SEVERE ] placing card 28 in slot 11
[14:48:55.595] [SEVERE ] placing card 19 in slot 2
[14:48:55.705] [SEVERE ] placing card 6 in slot 5
[14:48:55.817] [SEVERE ] placing card 44 in slot 9
[14:48:55.928] [SEVERE ] placing card 39 in slot 4
[14:48:56.039] [SEVERE ] placing card 21 in slot 1
[14:48:56.151] [SEVERE ] placing card 5 in slot 10
[14:48:57.164] [SEVERE ] updating countdown to 59000
[14:48:58.152] [SEVERE ] updating countdown to 58000
[14:48:59.152] [SEVERE ] updating countdown to 57000
[14:49:00.152] [SEVERE ] updating countdown to 56000
[14:49:01.152] [SEVERE ] updating countdown to 55000
[14:49:02.151] [SEVERE ] updating countdown to 54000
[14:49:03.161] [SEVERE ] updating countdown to 53000
[14:49:04.158] [SEVERE ] updating countdown to 52000
