[14:15:03.758] [INFO   ] thread main starting.
[14:15:03.777] [SEVERE ] cannot read configuration file config.properties trying from resources.
[14:15:03.782] [SEVERE ] configuration file was loaded from resources directory.
[14:15:04.779] [INFO   ] thread dealer starting.
[14:15:04.793] [INFO   ] thread dealer starting.
[14:15:04.794] [INFO   ] thread dealer starting.
[14:15:04.795] [INFO   ] thread dealer starting.
[14:15:04.812] [INFO   ] thread dealer starting.
[14:15:04.812] [INFO   ] thread dealer starting.
[14:15:04.919] [SEVERE ] placing card 76 in slot 0
[14:15:05.029] [SEVERE ] placing card 24 in slot 3
[14:15:05.140] [SEVERE ] placing card 54 in slot 5
[14:15:05.249] [SEVERE ] placing card 10 in slot 6
[14:15:05.361] [SEVERE ] placing card 56 in slot 1
[14:15:05.471] [SEVERE ] placing card 32 in slot 7
[14:15:05.583] [SEVERE ] placing card 48 in slot 8
[14:15:05.695] [SEVERE ] placing card 29 in slot 11
[14:15:05.805] [SEVERE ] placing card 41 in slot 9
[14:15:05.915] [SEVERE ] placing card 17 in slot 10
[14:15:06.023] [SEVERE ] placing card 6 in slot 2
[14:15:06.134] [SEVERE ] placing card 37 in slot 4
[14:15:07.140] [SEVERE ] updating countdown to 59000
[14:15:07.953] [SEVERE ] key 81 was pressed by player 1
[14:15:07.953] [SEVERE ] player 1 placing token on slot 0
[14:15:08.114] [SEVERE ] key 87 was pressed by player 1
[14:15:08.115] [SEVERE ] player 1 placing token on slot 1
[14:15:08.134] [SEVERE ] updating countdown to 58000
[14:15:08.340] [SEVERE ] key 69 was pressed by player 1
[14:15:08.340] [SEVERE ] player 1 placing token on slot 2
[14:15:46.047] [INFO   ] thread dealer terminated.
