[12:51:02.401] [INFO   ] thread main starting.
[12:51:02.413] [SEVERE ] cannot read configuration file config.properties trying from resources.
[12:51:02.418] [SEVERE ] configuration file was loaded from resources directory.
[12:51:03.558] [INFO   ] thread dealer starting.
[12:51:03.561] [INFO   ] thread dealer starting.
[12:51:03.685] [SEVERE ] placing card 75 in slot 9
[12:51:03.795] [SEVERE ] placing card 48 in slot 10
[12:51:03.907] [SEVERE ] placing card 21 in slot 8
[12:51:04.016] [SEVERE ] placing card 76 in slot 1
[12:51:04.126] [SEVERE ] placing card 68 in slot 6
[12:51:04.237] [SEVERE ] placing card 73 in slot 2
[12:51:04.349] [SEVERE ] placing card 15 in slot 0
[12:51:04.461] [SEVERE ] placing card 65 in slot 3
[12:51:04.572] [SEVERE ] placing card 67 in slot 7
[12:51:04.682] [SEVERE ] placing card 61 in slot 5
[12:51:04.794] [SEVERE ] placing card 27 in slot 11
[12:51:04.906] [SEVERE ] placing card 31 in slot 4
[12:51:05.864] [SEVERE ] key 69 was pressed by player 1
[12:51:05.864] [INFO   ] thread dealer terminated.
[12:51:05.865] [SEVERE ] thanks for playing... it was fun!
[12:51:05.865] [INFO   ] thread main terminated.
[12:51:05.866] [SEVERE ] disposing of user interface elements
[12:51:06.176] [SEVERE ] updating countdown to 59000
[12:51:06.942] [SEVERE ] updating countdown to 58000
[12:51:07.996] [SEVERE ] updating countdown to 57000
[12:51:08.918] [SEVERE ] updating countdown to 56000
[12:51:09.906] [SEVERE ] updating countdown to 55000
[12:51:10.921] [SEVERE ] updating countdown to 54000
