[14:30:39.764] [INFO   ] thread main starting.
[14:30:39.778] [SEVERE ] cannot read configuration file config.properties trying from resources.
[14:30:39.790] [SEVERE ] configuration file was loaded from resources directory.
[14:30:40.708] [INFO   ] thread dealer starting.
[14:30:40.710] [INFO   ] thread dealer starting.
[14:30:40.712] [INFO   ] thread dealer starting.
[14:30:40.712] [INFO   ] thread dealer starting.
[14:30:40.730] [INFO   ] thread dealer starting.
[14:30:40.732] [INFO   ] thread dealer starting.
[14:30:40.835] [SEVERE ] placing card 50 in slot 2
[14:30:40.946] [SEVERE ] placing card 35 in slot 9
[14:30:41.057] [SEVERE ] placing card 5 in slot 11
[14:30:41.168] [SEVERE ] placing card 10 in slot 8
[14:30:41.279] [SEVERE ] placing card 20 in slot 0
[14:30:41.391] [SEVERE ] placing card 49 in slot 7
[14:30:41.501] [SEVERE ] placing card 36 in slot 10
[14:30:41.609] [SEVERE ] placing card 72 in slot 3
[14:30:41.717] [SEVERE ] placing card 22 in slot 1
[14:30:41.829] [SEVERE ] placing card 0 in slot 6
[14:30:41.941] [SEVERE ] placing card 77 in slot 4
[14:30:42.053] [SEVERE ] placing card 63 in slot 5
[14:30:42.735] [SEVERE ] key 81 was pressed by player 1
[14:30:42.736] [SEVERE ] player 1 placing token on slot 0
[14:30:42.776] [SEVERE ] key 87 was pressed by player 1
[14:30:42.777] [SEVERE ] player 1 placing token on slot 1
[14:30:42.896] [SEVERE ] key 69 was pressed by player 1
[14:30:42.897] [SEVERE ] player 1 placing token on slot 2
[14:30:42.900] [SEVERE ] setting player 1 freeze to 3000
[14:30:53.536] [SEVERE ] setting player 1 freeze to 2000
[14:30:53.547] [SEVERE ] updating countdown to 59000
[14:30:53.551] [SEVERE ] setting player 1 freeze to 1000
[14:30:53.556] [SEVERE ] updating countdown to 58000
[14:30:53.562] [SEVERE ] setting player 1 freeze to 0
[14:30:53.566] [SEVERE ] updating countdown to 57000
[14:30:53.570] [SEVERE ] updating countdown to 56000
[14:30:53.574] [SEVERE ] updating countdown to 55000
[14:30:53.577] [SEVERE ] updating countdown to 54000
[14:30:53.579] [SEVERE ] updating countdown to 53000
[14:30:53.581] [SEVERE ] updating countdown to 52000
[14:30:53.584] [SEVERE ] updating countdown to 51000
[14:30:53.587] [SEVERE ] updating countdown to 50000
[14:30:53.591] [SEVERE ] updating countdown to 49000
[14:30:54.053] [SEVERE ] updating countdown to 48000
[14:30:55.054] [SEVERE ] updating countdown to 47000
[14:30:56.054] [SEVERE ] updating countdown to 46000
[14:30:57.940] [SEVERE ] updating countdown to 45000
[14:30:59.792] [SEVERE ] updating countdown to 44000
[14:31:03.589] [SEVERE ] updating countdown to 43000
[14:31:06.643] [SEVERE ] updating countdown to 42000
[14:31:06.645] [SEVERE ] updating countdown to 41000
[14:31:06.645] [SEVERE ] updating countdown to 40000
[14:31:06.646] [SEVERE ] updating countdown to 39000
[14:31:06.647] [SEVERE ] updating countdown to 38000
[14:31:06.647] [SEVERE ] updating countdown to 37000
[14:31:06.648] [SEVERE ] updating countdown to 36000
[14:31:07.053] [SEVERE ] updating countdown to 35000
[14:31:08.066] [SEVERE ] updating countdown to 34000
[14:31:08.776] [SEVERE ] key 81 was pressed by player 1
[14:31:09.054] [SEVERE ] updating countdown to 33000
[14:31:09.180] [SEVERE ] key 81 was pressed by player 1
[14:31:09.390] [SEVERE ] key 81 was pressed by player 1
[14:31:09.584] [SEVERE ] key 81 was pressed by player 1
[14:31:09.794] [SEVERE ] key 81 was pressed by player 1
[14:31:10.054] [SEVERE ] updating countdown to 32000
[14:31:11.054] [SEVERE ] updating countdown to 31000
[14:31:12.053] [SEVERE ] updating countdown to 30000
[14:31:13.066] [SEVERE ] updating countdown to 29000
[14:31:14.053] [SEVERE ] updating countdown to 28000
[14:31:15.058] [SEVERE ] updating countdown to 27000
[14:31:16.054] [SEVERE ] updating countdown to 26000
[14:31:17.053] [SEVERE ] updating countdown to 25000
[14:31:18.065] [SEVERE ] updating countdown to 24000
[14:31:19.054] [SEVERE ] updating countdown to 23000
[14:31:20.053] [SEVERE ] updating countdown to 22000
[14:31:21.066] [SEVERE ] updating countdown to 21000
[14:31:22.053] [SEVERE ] updating countdown to 20000
[14:31:23.054] [SEVERE ] updating countdown to 19000
[14:31:24.054] [SEVERE ] updating countdown to 18000
[14:31:25.053] [SEVERE ] updating countdown to 17000
[14:31:26.055] [SEVERE ] updating countdown to 16000
[14:31:27.054] [SEVERE ] updating countdown to 15000
[14:31:28.054] [SEVERE ] updating countdown to 14000
[14:31:29.053] [SEVERE ] updating countdown to 13000
[14:31:30.066] [SEVERE ] updating countdown to 12000
[14:31:31.054] [SEVERE ] updating countdown to 11000
[14:31:32.053] [SEVERE ] updating countdown to 10000
[14:31:33.065] [SEVERE ] updating countdown to 9000
[14:31:34.054] [SEVERE ] updating countdown to 8000
[14:31:35.053] [SEVERE ] updating countdown to 7000
[14:31:36.055] [SEVERE ] updating countdown to 6000
[14:31:37.053] [SEVERE ] updating countdown to 5000
[14:31:38.054] [SEVERE ] updating countdown to 4000
[14:31:39.053] [SEVERE ] updating countdown to 3000
[14:31:40.066] [SEVERE ] updating countdown to 2000
[14:31:41.054] [SEVERE ] updating countdown to 1000
[14:31:42.053] [SEVERE ] updating countdown to 0
[14:31:42.158] [SEVERE ] removing tokens from slot 11
[14:31:42.158] [SEVERE ] removing card from slot 11
[14:31:42.270] [SEVERE ] removing tokens from slot 0
[14:31:42.270] [SEVERE ] removing card from slot 0
[14:31:42.382] [SEVERE ] removing tokens from slot 3
[14:31:42.382] [SEVERE ] removing card from slot 3
[14:31:42.492] [SEVERE ] removing tokens from slot 8
[14:31:42.492] [SEVERE ] removing card from slot 8
[14:31:42.604] [SEVERE ] removing tokens from slot 1
[14:31:42.604] [SEVERE ] removing card from slot 1
[14:31:42.716] [SEVERE ] removing tokens from slot 4
[14:31:42.716] [SEVERE ] removing card from slot 4
[14:31:42.825] [SEVERE ] removing tokens from slot 7
[14:31:42.825] [SEVERE ] removing card from slot 7
[14:31:42.936] [SEVERE ] removing tokens from slot 10
[14:31:42.936] [SEVERE ] removing card from slot 10
[14:31:43.046] [SEVERE ] removing tokens from slot 9
[14:31:43.046] [SEVERE ] removing card from slot 9
[14:31:43.155] [SEVERE ] removing tokens from slot 2
[14:31:43.155] [SEVERE ] removing card from slot 2
[14:31:43.266] [SEVERE ] removing tokens from slot 5
[14:31:43.266] [SEVERE ] removing card from slot 5
[14:31:43.378] [SEVERE ] removing tokens from slot 6
[14:31:43.378] [SEVERE ] removing card from slot 6
[14:31:43.378] [SEVERE ] updating countdown to 60000
[14:31:43.490] [SEVERE ] placing card 53 in slot 3
[14:31:43.600] [SEVERE ] placing card 10 in slot 0
[14:31:43.712] [SEVERE ] placing card 37 in slot 11
[14:31:43.823] [SEVERE ] placing card 11 in slot 7
[14:31:43.934] [SEVERE ] placing card 57 in slot 6
[14:31:44.046] [SEVERE ] placing card 47 in slot 9
[14:31:44.158] [SEVERE ] placing card 59 in slot 5
[14:31:44.268] [SEVERE ] placing card 60 in slot 10
[14:31:44.376] [SEVERE ] placing card 75 in slot 2
[14:31:44.488] [SEVERE ] placing card 30 in slot 8
[14:31:44.599] [SEVERE ] placing card 21 in slot 4
[14:31:44.709] [SEVERE ] placing card 1 in slot 1
[14:31:45.722] [SEVERE ] updating countdown to 59000
[14:31:46.645] [SEVERE ] key 81 was pressed by player 1
[14:31:46.710] [SEVERE ] updating countdown to 58000
[14:31:46.923] [SEVERE ] key 87 was pressed by player 1
[14:31:47.193] [SEVERE ] key 69 was pressed by player 1
[14:31:47.434] [SEVERE ] key 81 was pressed by player 1
[14:31:47.569] [SEVERE ] key 87 was pressed by player 1
[14:31:47.673] [SEVERE ] key 69 was pressed by player 1
[14:31:47.709] [SEVERE ] updating countdown to 57000
[14:31:48.714] [SEVERE ] updating countdown to 56000
[14:31:49.710] [SEVERE ] updating countdown to 55000
[14:31:50.710] [SEVERE ] updating countdown to 54000
[14:31:51.710] [SEVERE ] updating countdown to 53000
[14:31:52.709] [SEVERE ] updating countdown to 52000
[14:31:53.717] [SEVERE ] updating countdown to 51000
[14:31:54.709] [SEVERE ] updating countdown to 50000
[14:31:55.713] [SEVERE ] updating countdown to 49000
[14:31:56.710] [SEVERE ] updating countdown to 48000
[14:31:57.709] [SEVERE ] updating countdown to 47000
[14:31:58.713] [SEVERE ] updating countdown to 46000
[14:31:59.710] [SEVERE ] updating countdown to 45000
[14:32:00.709] [SEVERE ] updating countdown to 44000
[14:32:01.721] [SEVERE ] updating countdown to 43000
[14:32:02.710] [SEVERE ] updating countdown to 42000
[14:32:03.709] [SEVERE ] updating countdown to 41000
[14:32:04.715] [SEVERE ] updating countdown to 40000
[14:32:05.709] [SEVERE ] updating countdown to 39000
[14:32:06.715] [SEVERE ] updating countdown to 38000
[14:32:07.709] [SEVERE ] updating countdown to 37000
[14:32:08.715] [SEVERE ] updating countdown to 36000
[14:32:09.710] [SEVERE ] updating countdown to 35000
[14:32:10.709] [SEVERE ] updating countdown to 34000
[14:32:11.719] [SEVERE ] updating countdown to 33000
[14:32:12.719] [SEVERE ] updating countdown to 32000
[14:32:13.714] [SEVERE ] updating countdown to 31000
[14:32:14.709] [SEVERE ] updating countdown to 30000
[14:32:15.723] [SEVERE ] updating countdown to 29000
[14:32:16.709] [SEVERE ] updating countdown to 28000
[14:32:17.712] [SEVERE ] updating countdown to 27000
[14:32:18.710] [SEVERE ] updating countdown to 26000
[14:32:19.709] [SEVERE ] updating countdown to 25000
[14:32:20.720] [SEVERE ] updating countdown to 24000
[14:32:21.710] [SEVERE ] updating countdown to 23000
[14:32:22.710] [SEVERE ] updating countdown to 22000
[14:32:23.709] [SEVERE ] updating countdown to 21000
[14:32:24.722] [SEVERE ] updating countdown to 20000
[14:32:25.710] [SEVERE ] updating countdown to 19000
[14:32:26.709] [SEVERE ] updating countdown to 18000
[14:32:27.718] [SEVERE ] updating countdown to 17000
[14:32:28.710] [SEVERE ] updating countdown to 16000
[14:32:29.710] [SEVERE ] updating countdown to 15000
[14:32:30.710] [SEVERE ] updating countdown to 14000
[14:32:31.710] [SEVERE ] updating countdown to 13000
[14:32:32.710] [SEVERE ] updating countdown to 12000
[14:32:33.709] [SEVERE ] updating countdown to 11000
[14:32:34.718] [SEVERE ] updating countdown to 10000
[14:32:35.710] [SEVERE ] updating countdown to 9000
[14:32:36.710] [SEVERE ] updating countdown to 8000
[14:32:37.710] [SEVERE ] updating countdown to 7000
