[12:56:23.732] [INFO   ] thread main starting.
[12:56:23.758] [SEVERE ] cannot read configuration file config.properties trying from resources.
[12:56:23.762] [SEVERE ] configuration file was loaded from resources directory.
[12:56:24.729] [INFO   ] thread dealer starting.
[12:56:24.739] [INFO   ] thread dealer starting.
[12:56:24.852] [SEVERE ] placing card 57 in slot 1
[12:56:24.962] [SEVERE ] placing card 13 in slot 10
[12:56:25.072] [SEVERE ] placing card 18 in slot 4
[12:56:25.184] [SEVERE ] placing card 19 in slot 2
[12:56:25.294] [SEVERE ] placing card 17 in slot 8
[12:56:25.404] [SEVERE ] placing card 70 in slot 7
[12:56:25.515] [SEVERE ] placing card 14 in slot 11
[12:56:25.627] [SEVERE ] placing card 58 in slot 0
[12:56:25.736] [SEVERE ] placing card 43 in slot 6
[12:56:25.846] [SEVERE ] placing card 69 in slot 5
[12:56:25.958] [SEVERE ] placing card 15 in slot 3
[12:56:26.068] [SEVERE ] placing card 44 in slot 9
[12:56:27.081] [SEVERE ] updating countdown to 59000
[12:56:27.710] [SEVERE ] key 82 was pressed by player 1
[12:56:41.130] [SEVERE ] updating countdown to 58000
[12:56:41.133] [INFO   ] thread dealer terminated.
[12:56:46.896] [SEVERE ] thanks for playing... it was fun!
[12:56:47.668] [INFO   ] thread main terminated.
[12:56:49.503] [SEVERE ] disposing of user interface elements
