[13:59:32.378] [INFO   ] thread main starting.
[13:59:32.394] [SEVERE ] cannot read configuration file config.properties trying from resources.
[13:59:32.401] [SEVERE ] configuration file was loaded from resources directory.
[13:59:33.226] [INFO   ] thread dealer starting.
[13:59:33.260] [INFO   ] thread dealer starting.
[13:59:33.261] [INFO   ] thread dealer starting.
[13:59:33.261] [INFO   ] thread dealer starting.
[13:59:33.293] [INFO   ] thread dealer starting.
[13:59:33.294] [INFO   ] thread dealer starting.
[13:59:33.387] [SEVERE ] placing card 23 in slot 7
[13:59:33.499] [SEVERE ] placing card 57 in slot 8
[13:59:33.609] [SEVERE ] placing card 49 in slot 6
[13:59:33.721] [SEVERE ] placing card 64 in slot 2
[13:59:33.830] [SEVERE ] placing card 68 in slot 0
[13:59:33.942] [SEVERE ] placing card 18 in slot 11
[13:59:34.054] [SEVERE ] placing card 54 in slot 4
[13:59:34.165] [SEVERE ] placing card 52 in slot 1
[13:59:34.275] [SEVERE ] placing card 19 in slot 5
[13:59:34.385] [SEVERE ] placing card 79 in slot 3
[13:59:34.495] [SEVERE ] placing card 41 in slot 10
[13:59:34.606] [SEVERE ] placing card 70 in slot 9
[13:59:35.620] [SEVERE ] updating countdown to 59000
[13:59:36.606] [SEVERE ] updating countdown to 58000
[13:59:37.139] [SEVERE ] key 69 was pressed by player 1
[13:59:37.139] [SEVERE ] player 1 placing token on slot 2
[13:59:37.607] [SEVERE ] updating countdown to 57000
[13:59:38.034] [SEVERE ] key 87 was pressed by player 1
[13:59:38.035] [SEVERE ] player 1 placing token on slot 1
[13:59:38.440] [SEVERE ] key 81 was pressed by player 1
[13:59:38.440] [SEVERE ] player 1 placing token on slot 0
[13:59:38.552] [SEVERE ] removing tokens from slot 2
[13:59:38.553] [SEVERE ] removing card from slot 2
[13:59:38.663] [SEVERE ] removing tokens from slot 1
[13:59:38.664] [SEVERE ] removing card from slot 1
[13:59:38.773] [SEVERE ] removing tokens from slot 0
[13:59:38.774] [SEVERE ] removing card from slot 0
[13:59:38.776] [INFO   ] thread dealer terminated.
[13:59:43.790] [SEVERE ] thanks for playing... it was fun!
[13:59:43.791] [INFO   ] thread main terminated.
[13:59:43.791] [SEVERE ] disposing of user interface elements
