[13:33:18.664] [INFO   ] thread main starting.
[13:33:18.689] [SEVERE ] cannot read configuration file config.properties trying from resources.
[13:33:18.693] [SEVERE ] configuration file was loaded from resources directory.
[13:33:19.450] [INFO   ] thread dealer starting.
[13:33:19.456] [INFO   ] thread dealer starting.
[13:33:19.577] [SEVERE ] placing card 70 in slot 2
[13:33:19.688] [SEVERE ] placing card 16 in slot 10
[13:33:19.798] [SEVERE ] placing card 39 in slot 3
[13:33:19.910] [SEVERE ] placing card 52 in slot 4
[13:33:20.018] [SEVERE ] placing card 66 in slot 5
[13:33:20.130] [SEVERE ] placing card 24 in slot 11
[13:33:20.240] [SEVERE ] placing card 63 in slot 1
[13:33:20.349] [SEVERE ] placing card 19 in slot 6
[13:33:20.461] [SEVERE ] placing card 20 in slot 0
[13:33:20.573] [SEVERE ] placing card 2 in slot 9
[13:33:20.685] [SEVERE ] placing card 7 in slot 7
[13:33:20.796] [SEVERE ] placing card 58 in slot 8
[13:33:21.808] [SEVERE ] updating countdown to 59000
[13:33:22.796] [SEVERE ] updating countdown to 58000
[13:33:23.802] [SEVERE ] updating countdown to 57000
[13:33:24.797] [SEVERE ] updating countdown to 56000
[13:33:25.797] [SEVERE ] updating countdown to 55000
[13:33:26.797] [SEVERE ] updating countdown to 54000
[13:33:27.796] [SEVERE ] updating countdown to 53000
[13:33:27.803] [SEVERE ] exit button pressed
[13:33:28.811] [SEVERE ] updating countdown to 52000
[13:33:28.922] [SEVERE ] removing tokens from slot 8
[13:33:28.922] [SEVERE ] removing card from slot 8
[13:33:29.034] [SEVERE ] removing tokens from slot 7
[13:33:29.034] [SEVERE ] removing card from slot 7
[13:33:29.146] [SEVERE ] removing tokens from slot 4
[13:33:29.146] [SEVERE ] removing card from slot 4
[13:33:29.257] [SEVERE ] removing tokens from slot 1
[13:33:29.257] [SEVERE ] removing card from slot 1
[13:33:29.369] [SEVERE ] removing tokens from slot 9
[13:33:29.369] [SEVERE ] removing card from slot 9
[13:33:29.478] [SEVERE ] removing tokens from slot 6
[13:33:29.478] [SEVERE ] removing card from slot 6
[13:33:29.590] [SEVERE ] removing tokens from slot 2
[13:33:29.590] [SEVERE ] removing card from slot 2
[13:33:29.701] [SEVERE ] removing tokens from slot 11
[13:33:29.701] [SEVERE ] removing card from slot 11
[13:33:29.813] [SEVERE ] removing tokens from slot 5
[13:33:29.813] [SEVERE ] removing card from slot 5
[13:33:29.925] [SEVERE ] removing tokens from slot 10
[13:33:29.925] [SEVERE ] removing card from slot 10
[13:33:30.035] [SEVERE ] removing tokens from slot 3
[13:33:30.035] [SEVERE ] removing card from slot 3
[13:33:30.147] [SEVERE ] removing tokens from slot 0
[13:33:30.147] [SEVERE ] removing card from slot 0
[13:33:30.148] [SEVERE ] updating countdown to 60000
[13:33:30.149] [SEVERE ] announcing winner(s): player 2, player 3
[13:33:30.152] [INFO   ] thread dealer terminated.
[13:33:30.152] [SEVERE ] thanks for playing... it was fun!
[13:33:30.152] [INFO   ] thread main terminated.
