[13:53:18.205] [INFO   ] thread main starting.
[13:53:18.217] [SEVERE ] cannot read configuration file config.properties trying from resources.
[13:53:18.220] [SEVERE ] configuration file was loaded from resources directory.
[13:53:19.048] [INFO   ] thread dealer starting.
[13:53:19.049] [INFO   ] thread dealer starting.
[13:53:19.050] [INFO   ] thread dealer starting.
[13:53:19.053] [INFO   ] thread dealer starting.
[13:53:19.082] [INFO   ] thread dealer starting.
[13:53:19.082] [INFO   ] thread dealer starting.
[13:53:19.190] [SEVERE ] placing card 2 in slot 8
[13:53:19.299] [SEVERE ] placing card 57 in slot 0
[13:53:19.411] [SEVERE ] placing card 15 in slot 9
[13:53:19.522] [SEVERE ] placing card 61 in slot 5
[13:53:19.633] [SEVERE ] placing card 60 in slot 7
[13:53:19.740] [SEVERE ] placing card 40 in slot 1
[13:53:19.851] [SEVERE ] placing card 33 in slot 3
[13:53:19.959] [SEVERE ] placing card 59 in slot 10
[13:53:20.068] [SEVERE ] placing card 10 in slot 6
[13:53:20.180] [SEVERE ] placing card 22 in slot 4
[13:53:20.293] [SEVERE ] placing card 44 in slot 2
[13:53:20.402] [SEVERE ] placing card 36 in slot 11
[13:53:21.415] [SEVERE ] updating countdown to 59000
[13:53:21.920] [SEVERE ] key 69 was pressed by player 1
[13:53:21.921] [SEVERE ] player 1 placing token on slot 2
[13:53:22.402] [SEVERE ] updating countdown to 58000
[13:53:23.404] [SEVERE ] updating countdown to 57000
[13:53:24.402] [SEVERE ] updating countdown to 56000
[13:53:25.384] [SEVERE ] key 87 was pressed by player 1
[13:53:25.384] [SEVERE ] player 1 placing token on slot 1
[13:53:25.414] [SEVERE ] updating countdown to 55000
[13:53:25.847] [SEVERE ] key 81 was pressed by player 1
[13:53:25.847] [SEVERE ] player 1 placing token on slot 0
[13:53:26.402] [SEVERE ] updating countdown to 54000
[13:53:26.519] [SEVERE ] removing tokens from slot 2
[13:53:26.519] [SEVERE ] removing card from slot 2
[13:53:26.630] [SEVERE ] removing tokens from slot 1
[13:53:26.630] [SEVERE ] removing card from slot 1
[13:53:26.741] [SEVERE ] removing tokens from slot 0
[13:53:26.741] [SEVERE ] removing card from slot 0
[13:53:26.743] [INFO   ] thread dealer terminated.
[13:53:31.748] [SEVERE ] thanks for playing... it was fun!
[13:53:31.748] [INFO   ] thread main terminated.
[13:53:31.749] [SEVERE ] disposing of user interface elements
