[12:59:08.868] [INFO   ] thread main starting.
[12:59:08.882] [SEVERE ] cannot read configuration file config.properties trying from resources.
[12:59:08.885] [SEVERE ] configuration file was loaded from resources directory.
[12:59:10.019] [INFO   ] thread dealer starting.
[12:59:10.028] [INFO   ] thread dealer starting.
[12:59:10.145] [SEVERE ] placing card 61 in slot 11
[12:59:10.255] [SEVERE ] placing card 24 in slot 6
[12:59:10.367] [SEVERE ] placing card 25 in slot 7
[12:59:10.477] [SEVERE ] placing card 35 in slot 9
[12:59:10.587] [SEVERE ] placing card 41 in slot 10
[12:59:10.698] [SEVERE ] placing card 30 in slot 2
[12:59:10.808] [SEVERE ] placing card 66 in slot 4
[12:59:10.918] [SEVERE ] placing card 42 in slot 3
[12:59:11.026] [SEVERE ] placing card 71 in slot 0
[12:59:11.138] [SEVERE ] placing card 12 in slot 8
[12:59:11.249] [SEVERE ] placing card 17 in slot 1
[12:59:11.360] [SEVERE ] placing card 11 in slot 5
[12:59:12.361] [SEVERE ] updating countdown to 59000
[12:59:12.382] [SEVERE ] key 69 was pressed by player 1
[12:59:25.031] [SEVERE ] updating countdown to 58000
[12:59:25.033] [INFO   ] thread dealer terminated.
[12:59:26.987] [SEVERE ] thanks for playing... it was fun!
[12:59:26.996] [INFO   ] thread main terminated.
[12:59:25.902] [SEVERE ] updating countdown to 57000
[12:59:26.998] [SEVERE ] disposing of user interface elements
[12:59:27.001] [SEVERE ] updating countdown to 56000
[12:59:27.005] [SEVERE ] updating countdown to 55000
[12:59:27.006] [SEVERE ] updating countdown to 54000
[12:59:27.006] [SEVERE ] updating countdown to 53000
[12:59:27.006] [SEVERE ] updating countdown to 52000
[12:59:27.008] [SEVERE ] updating countdown to 51000
[12:59:27.012] [SEVERE ] updating countdown to 50000
[12:59:27.016] [SEVERE ] updating countdown to 49000
[12:59:27.017] [SEVERE ] updating countdown to 48000
[12:59:27.019] [SEVERE ] updating countdown to 47000
[12:59:27.021] [SEVERE ] updating countdown to 46000
[12:59:27.022] [SEVERE ] updating countdown to 45000
[12:59:27.360] [SEVERE ] updating countdown to 44000
[12:59:28.360] [SEVERE ] updating countdown to 43000
[12:59:29.360] [SEVERE ] updating countdown to 42000
[12:59:30.361] [SEVERE ] updating countdown to 41000
[12:59:31.361] [SEVERE ] updating countdown to 40000
[12:59:32.360] [SEVERE ] updating countdown to 39000
[12:59:33.375] [SEVERE ] updating countdown to 38000
[12:59:34.360] [SEVERE ] updating countdown to 37000
[12:59:35.361] [SEVERE ] updating countdown to 36000
[12:59:36.361] [SEVERE ] updating countdown to 35000
[12:59:37.360] [SEVERE ] updating countdown to 34000
[12:59:38.361] [SEVERE ] updating countdown to 33000
[12:59:39.361] [SEVERE ] updating countdown to 32000
[12:59:40.360] [SEVERE ] updating countdown to 31000
[12:59:41.360] [SEVERE ] updating countdown to 30000
[12:59:42.360] [SEVERE ] updating countdown to 29000
[12:59:43.360] [SEVERE ] updating countdown to 28000
[12:59:44.360] [SEVERE ] updating countdown to 27000
[12:59:45.360] [SEVERE ] updating countdown to 26000
[12:59:46.360] [SEVERE ] updating countdown to 25000
[12:59:47.360] [SEVERE ] updating countdown to 24000
[12:59:48.361] [SEVERE ] updating countdown to 23000
[12:59:49.361] [SEVERE ] updating countdown to 22000
[12:59:50.360] [SEVERE ] updating countdown to 21000
[12:59:51.360] [SEVERE ] updating countdown to 20000
[12:59:52.360] [SEVERE ] updating countdown to 19000
[12:59:53.360] [SEVERE ] updating countdown to 18000
[12:59:54.360] [SEVERE ] updating countdown to 17000
[12:59:55.360] [SEVERE ] updating countdown to 16000
[12:59:56.360] [SEVERE ] updating countdown to 15000
[12:59:57.360] [SEVERE ] updating countdown to 14000
[12:59:58.360] [SEVERE ] updating countdown to 13000
[12:59:59.360] [SEVERE ] updating countdown to 12000
[13:00:00.361] [SEVERE ] updating countdown to 11000
[13:00:01.361] [SEVERE ] updating countdown to 10000
[13:00:02.360] [SEVERE ] updating countdown to 9000
[13:00:03.360] [SEVERE ] updating countdown to 8000
[13:00:04.360] [SEVERE ] updating countdown to 7000
[13:00:05.360] [SEVERE ] updating countdown to 6000
[13:00:06.360] [SEVERE ] updating countdown to 5000
[13:00:07.360] [SEVERE ] updating countdown to 4000
[13:00:08.363] [SEVERE ] updating countdown to 3000
[13:00:09.361] [SEVERE ] updating countdown to 2000
[13:00:10.360] [SEVERE ] updating countdown to 1000
