[11:52:52.146] [INFO   ] thread main starting.
[11:52:52.162] [SEVERE ] cannot read configuration file config.properties trying from resources.
[11:52:52.166] [SEVERE ] configuration file was loaded from resources directory.
[11:52:53.224] [INFO   ] thread dealer starting.
[11:52:53.238] [INFO   ] thread dealer starting.
[11:52:53.362] [SEVERE ] placing card 4 in slot 2
[11:52:53.474] [SEVERE ] placing card 2 in slot 6
[11:52:53.586] [SEVERE ] placing card 68 in slot 7
[11:52:53.695] [SEVERE ] placing card 43 in slot 10
[11:52:53.805] [SEVERE ] placing card 34 in slot 3
[11:52:53.915] [SEVERE ] placing card 18 in slot 9
[11:52:54.025] [SEVERE ] placing card 73 in slot 4
[11:52:54.137] [SEVERE ] placing card 78 in slot 1
[11:52:54.247] [SEVERE ] placing card 70 in slot 8
[11:52:54.358] [SEVERE ] placing card 47 in slot 5
[11:52:54.468] [SEVERE ] placing card 6 in slot 0
[11:52:54.469] [INFO   ] thread dealer terminated.
[11:52:59.480] [SEVERE ] thanks for playing... it was fun!
[11:52:59.480] [INFO   ] thread main terminated.
[11:52:59.480] [SEVERE ] disposing of user interface elements
