[12:51:49.464] [INFO   ] thread main starting.
[12:51:49.498] [SEVERE ] cannot read configuration file config.properties trying from resources.
[12:51:49.521] [SEVERE ] configuration file was loaded from resources directory.
[12:51:51.493] [INFO   ] thread dealer starting.
[12:51:51.500] [INFO   ] thread dealer starting.
[12:51:51.616] [SEVERE ] placing card 34 in slot 3
[12:51:51.728] [SEVERE ] placing card 53 in slot 11
[12:51:51.839] [SEVERE ] placing card 37 in slot 4
[12:51:51.949] [SEVERE ] placing card 45 in slot 8
[12:51:52.060] [SEVERE ] placing card 15 in slot 0
[12:51:52.172] [SEVERE ] placing card 24 in slot 7
[12:51:52.282] [SEVERE ] placing card 77 in slot 9
[12:51:52.393] [SEVERE ] placing card 49 in slot 10
[12:51:52.503] [SEVERE ] placing card 19 in slot 1
[12:51:52.615] [SEVERE ] placing card 14 in slot 2
[12:51:52.725] [SEVERE ] placing card 35 in slot 6
[12:51:52.836] [SEVERE ] placing card 33 in slot 5
[12:51:53.849] [SEVERE ] updating countdown to 59000
[12:51:54.605] [SEVERE ] key 69 was pressed by player 1
[12:52:22.626] [SEVERE ] updating countdown to 58000
[12:52:22.630] [INFO   ] thread dealer terminated.
[12:52:28.310] [SEVERE ] thanks for playing... it was fun!
[12:52:29.909] [INFO   ] thread main terminated.
[12:52:29.914] [SEVERE ] disposing of user interface elements
