[13:26:23.367] [INFO   ] thread main starting.
[13:26:23.381] [SEVERE ] cannot read configuration file config.properties trying from resources.
[13:26:23.384] [SEVERE ] configuration file was loaded from resources directory.
[13:26:24.317] [INFO   ] thread dealer starting.
[13:26:24.319] [INFO   ] thread dealer starting.
[13:26:29.207] [SEVERE ] placing card 57 in slot 4
[13:26:29.317] [SEVERE ] placing card 28 in slot 1
[13:26:29.428] [SEVERE ] placing card 6 in slot 10
[13:26:29.537] [SEVERE ] placing card 44 in slot 8
[13:26:29.648] [SEVERE ] placing card 63 in slot 2
[13:26:29.758] [SEVERE ] placing card 65 in slot 9
[13:26:29.869] [SEVERE ] placing card 2 in slot 11
[13:26:29.981] [SEVERE ] placing card 45 in slot 5
[13:26:30.093] [SEVERE ] placing card 11 in slot 0
[13:26:30.205] [SEVERE ] placing card 16 in slot 3
[13:26:30.315] [SEVERE ] placing card 67 in slot 6
[13:26:30.425] [SEVERE ] placing card 31 in slot 7
[13:26:32.119] [SEVERE ] updating countdown to 59000
[13:26:33.118] [SEVERE ] updating countdown to 58000
[13:26:34.112] [SEVERE ] updating countdown to 57000
[13:26:35.112] [SEVERE ] updating countdown to 56000
[13:26:36.112] [SEVERE ] updating countdown to 55000
[13:26:37.112] [SEVERE ] updating countdown to 54000
[13:26:38.112] [SEVERE ] updating countdown to 53000
[13:26:39.112] [SEVERE ] updating countdown to 52000
[13:26:40.112] [SEVERE ] updating countdown to 51000
[13:26:41.113] [SEVERE ] updating countdown to 50000
[13:26:42.113] [SEVERE ] updating countdown to 49000
[13:26:43.112] [SEVERE ] updating countdown to 48000
[13:26:44.113] [SEVERE ] updating countdown to 47000
[13:26:45.112] [SEVERE ] updating countdown to 46000
[13:26:46.113] [SEVERE ] updating countdown to 45000
[13:26:47.112] [SEVERE ] updating countdown to 44000
[13:26:48.112] [SEVERE ] updating countdown to 43000
[13:26:49.112] [SEVERE ] updating countdown to 42000
[13:26:50.112] [SEVERE ] updating countdown to 41000
[13:26:51.112] [SEVERE ] updating countdown to 40000
[13:26:52.112] [SEVERE ] updating countdown to 39000
[13:26:53.112] [SEVERE ] updating countdown to 38000
[13:26:54.112] [SEVERE ] updating countdown to 37000
[13:26:55.120] [SEVERE ] updating countdown to 36000
[13:26:56.117] [SEVERE ] updating countdown to 35000
[13:26:57.112] [SEVERE ] updating countdown to 34000
[13:26:58.112] [SEVERE ] updating countdown to 33000
[13:26:59.112] [SEVERE ] updating countdown to 32000
[13:27:00.112] [SEVERE ] updating countdown to 31000
[13:27:01.113] [SEVERE ] updating countdown to 30000
[13:27:02.112] [SEVERE ] updating countdown to 29000
[13:27:03.112] [SEVERE ] updating countdown to 28000
[13:27:04.112] [SEVERE ] updating countdown to 27000
[13:27:05.113] [SEVERE ] updating countdown to 26000
[13:27:06.112] [SEVERE ] updating countdown to 25000
[13:27:07.112] [SEVERE ] updating countdown to 24000
[13:27:08.112] [SEVERE ] updating countdown to 23000
[13:27:09.113] [SEVERE ] updating countdown to 22000
[13:27:10.112] [SEVERE ] updating countdown to 21000
[13:27:11.113] [SEVERE ] updating countdown to 20000
[13:27:12.112] [SEVERE ] updating countdown to 19000
[13:27:13.112] [SEVERE ] updating countdown to 18000
[13:27:14.112] [SEVERE ] updating countdown to 17000
[13:27:15.112] [SEVERE ] updating countdown to 16000
[13:27:16.112] [SEVERE ] updating countdown to 15000
[13:27:17.112] [SEVERE ] updating countdown to 14000
[13:27:18.112] [SEVERE ] updating countdown to 13000
[13:27:19.113] [SEVERE ] updating countdown to 12000
[13:27:20.113] [SEVERE ] updating countdown to 11000
[13:27:21.112] [SEVERE ] updating countdown to 10000
[13:27:22.112] [SEVERE ] updating countdown to 9000
[13:27:23.126] [SEVERE ] updating countdown to 8000
[13:27:24.112] [SEVERE ] updating countdown to 7000
[13:27:25.113] [SEVERE ] updating countdown to 6000
[13:27:26.112] [SEVERE ] updating countdown to 5000
[13:27:27.112] [SEVERE ] updating countdown to 4000
[13:27:28.113] [SEVERE ] updating countdown to 3000
[13:27:29.113] [SEVERE ] updating countdown to 2000
[13:27:30.113] [SEVERE ] updating countdown to 1000
[13:27:31.113] [SEVERE ] updating countdown to 0
[13:28:09.311] [SEVERE ] updating countdown to -1000
[13:28:19.560] [SEVERE ] removing tokens from slot 8
[13:28:19.561] [SEVERE ] removing card from slot 8
[13:28:19.671] [SEVERE ] removing tokens from slot 0
[13:28:19.672] [SEVERE ] removing card from slot 0
[13:28:19.782] [SEVERE ] removing tokens from slot 7
[13:28:19.783] [SEVERE ] removing card from slot 7
[13:28:19.894] [SEVERE ] removing tokens from slot 9
[13:28:19.896] [SEVERE ] removing card from slot 9
[13:28:20.002] [SEVERE ] removing tokens from slot 3
[13:28:20.003] [SEVERE ] removing card from slot 3
[13:28:20.114] [SEVERE ] removing tokens from slot 10
[13:28:20.115] [SEVERE ] removing card from slot 10
[13:28:20.225] [SEVERE ] removing tokens from slot 11
[13:28:20.226] [SEVERE ] removing card from slot 11
[13:28:20.336] [SEVERE ] removing tokens from slot 2
[13:28:20.337] [SEVERE ] removing card from slot 2
[13:28:20.447] [SEVERE ] removing tokens from slot 1
[13:28:20.448] [SEVERE ] removing card from slot 1
[13:28:20.559] [SEVERE ] removing tokens from slot 4
[13:28:20.560] [SEVERE ] removing card from slot 4
[13:28:20.670] [SEVERE ] removing tokens from slot 6
[13:28:20.671] [SEVERE ] removing card from slot 6
[13:28:20.781] [SEVERE ] removing tokens from slot 5
[13:28:20.782] [SEVERE ] removing card from slot 5
[13:28:20.783] [SEVERE ] updating countdown to 60000
