[12:26:57.418] [INFO   ] thread main starting.
[12:26:57.445] [SEVERE ] cannot read configuration file config.properties trying from resources.
[12:26:57.454] [SEVERE ] configuration file was loaded from resources directory.
[12:26:58.837] [INFO   ] thread dealer starting.
[12:26:58.847] [INFO   ] thread dealer starting.
[12:27:13.761] [SEVERE ] placing card 56 in slot 8
[12:27:21.024] [SEVERE ] placing card 37 in slot 0
[12:27:30.047] [SEVERE ] placing card 54 in slot 6
[12:27:33.249] [SEVERE ] placing card 23 in slot 3
[12:27:39.002] [SEVERE ] placing card 75 in slot 10
[12:27:39.701] [SEVERE ] placing card 78 in slot 7
[12:27:40.480] [SEVERE ] placing card 71 in slot 4
[12:27:40.875] [SEVERE ] placing card 3 in slot 2
[12:27:41.414] [SEVERE ] placing card 46 in slot 5
[12:27:42.077] [SEVERE ] placing card 18 in slot 11
[12:27:42.744] [SEVERE ] placing card 9 in slot 9
[12:27:43.999] [SEVERE ] placing card 61 in slot 1
[12:27:44.907] [INFO   ] thread dealer terminated.
[12:27:49.911] [SEVERE ] thanks for playing... it was fun!
[12:27:49.911] [INFO   ] thread main terminated.
[12:27:49.911] [SEVERE ] disposing of user interface elements
