[12:29:23.332] [INFO   ] thread main starting.
[12:29:23.344] [SEVERE ] cannot read configuration file config.properties trying from resources.
[12:29:23.349] [SEVERE ] configuration file was loaded from resources directory.
[12:29:24.549] [INFO   ] thread dealer starting.
[12:29:24.579] [INFO   ] thread dealer starting.
[12:29:24.702] [SEVERE ] placing card 2 in slot 4
[12:29:24.813] [SEVERE ] placing card 12 in slot 2
[12:29:24.924] [SEVERE ] placing card 59 in slot 10
[12:29:25.036] [SEVERE ] placing card 22 in slot 7
[12:29:25.147] [SEVERE ] placing card 69 in slot 1
[12:29:25.259] [SEVERE ] placing card 47 in slot 8
[12:29:25.367] [SEVERE ] placing card 15 in slot 0
[12:29:25.478] [SEVERE ] placing card 76 in slot 3
[12:29:25.588] [SEVERE ] placing card 34 in slot 11
[12:29:25.699] [SEVERE ] placing card 1 in slot 5
[12:29:25.807] [SEVERE ] placing card 16 in slot 9
[12:29:25.919] [SEVERE ] placing card 75 in slot 6
[12:29:26.933] [SEVERE ] updating countdown to 59000
[12:29:27.938] [SEVERE ] updating countdown to 58000
[12:29:28.928] [SEVERE ] updating countdown to 57000
[12:29:29.919] [SEVERE ] updating countdown to 56000
[12:29:30.939] [SEVERE ] updating countdown to 55000
[12:29:31.920] [SEVERE ] updating countdown to 54000
[12:29:32.919] [SEVERE ] updating countdown to 53000
[12:29:33.932] [SEVERE ] updating countdown to 52000
[12:29:34.920] [SEVERE ] updating countdown to 51000
[12:29:35.920] [SEVERE ] updating countdown to 50000
[12:29:36.920] [SEVERE ] updating countdown to 49000
[12:29:37.920] [SEVERE ] updating countdown to 48000
[12:29:38.921] [SEVERE ] updating countdown to 47000
[12:29:39.919] [SEVERE ] updating countdown to 46000
[12:29:40.923] [SEVERE ] updating countdown to 45000
[12:29:41.935] [SEVERE ] updating countdown to 44000
[12:29:42.920] [SEVERE ] updating countdown to 43000
[12:29:43.920] [SEVERE ] updating countdown to 42000
[12:29:44.920] [SEVERE ] updating countdown to 41000
[12:29:45.920] [SEVERE ] updating countdown to 40000
[12:29:46.920] [SEVERE ] updating countdown to 39000
[12:29:47.919] [SEVERE ] updating countdown to 38000
[12:29:48.927] [SEVERE ] updating countdown to 37000
[12:29:49.920] [SEVERE ] updating countdown to 36000
[12:29:50.919] [SEVERE ] updating countdown to 35000
[12:29:51.919] [SEVERE ] updating countdown to 34000
[12:29:52.922] [SEVERE ] updating countdown to 33000
[12:29:53.920] [SEVERE ] updating countdown to 32000
[12:29:54.920] [SEVERE ] updating countdown to 31000
[12:29:55.919] [SEVERE ] updating countdown to 30000
[12:29:56.647] [SEVERE ] key 81 was pressed by player 1
[12:29:56.930] [SEVERE ] updating countdown to 29000
[12:29:57.920] [SEVERE ] updating countdown to 28000
[12:29:58.919] [SEVERE ] updating countdown to 27000
[12:29:59.920] [SEVERE ] updating countdown to 26000
[12:30:00.920] [SEVERE ] updating countdown to 25000
