[14:39:24.861] [INFO   ] thread main starting.
[14:39:24.877] [SEVERE ] cannot read configuration file config.properties trying from resources.
[14:39:24.887] [SEVERE ] configuration file was loaded from resources directory.
[14:39:25.815] [INFO   ] thread dealer starting.
[14:39:25.821] [INFO   ] thread dealer starting.
[14:39:25.822] [INFO   ] thread dealer starting.
[14:39:25.823] [INFO   ] thread dealer starting.
[14:39:25.835] [INFO   ] thread dealer starting.
[14:39:25.836] [INFO   ] thread dealer starting.
[14:39:25.937] [SEVERE ] placing card 26 in slot 11
[14:39:26.045] [SEVERE ] placing card 62 in slot 2
[14:39:26.154] [SEVERE ] placing card 23 in slot 6
[14:39:26.263] [SEVERE ] placing card 58 in slot 4
[14:39:26.373] [SEVERE ] placing card 14 in slot 10
[14:39:26.485] [SEVERE ] placing card 0 in slot 5
[14:39:26.595] [SEVERE ] placing card 37 in slot 8
[14:39:26.705] [SEVERE ] placing card 32 in slot 7
[14:39:26.815] [SEVERE ] placing card 55 in slot 1
[14:39:26.926] [SEVERE ] placing card 79 in slot 0
[14:39:27.038] [SEVERE ] placing card 24 in slot 3
[14:39:27.150] [SEVERE ] placing card 66 in slot 9
[14:39:28.153] [SEVERE ] updating countdown to 59000
[14:39:29.151] [SEVERE ] updating countdown to 58000
[14:39:29.520] [SEVERE ] key 81 was pressed by player 1
[14:39:29.520] [SEVERE ] player 1 placing token on slot 0
[14:39:29.577] [SEVERE ] key 87 was pressed by player 1
[14:39:29.577] [SEVERE ] player 1 placing token on slot 1
[14:39:29.697] [SEVERE ] key 69 was pressed by player 1
[14:39:29.697] [SEVERE ] player 1 placing token on slot 2
[14:40:08.766] [SEVERE ] setting player 1 freeze to 3000
[14:40:13.418] [SEVERE ] setting player 1 freeze to 2000
[14:40:13.420] [SEVERE ] updating countdown to 57000
[14:40:14.227] [SEVERE ] setting player 1 freeze to 1000
[14:40:14.230] [SEVERE ] updating countdown to 56000
[14:40:23.546] [SEVERE ] setting player 1 freeze to 0
[14:40:23.548] [SEVERE ] updating countdown to 55000
[14:40:28.070] [SEVERE ] updating countdown to 54000
[14:40:33.187] [SEVERE ] updating countdown to 53000
[14:40:34.326] [SEVERE ] removing tokens from slot 3
[14:40:34.327] [SEVERE ] removing card from slot 3
[14:40:34.436] [SEVERE ] removing tokens from slot 9
[14:40:34.437] [SEVERE ] removing card from slot 9
[14:40:34.546] [SEVERE ] removing tokens from slot 11
[14:40:34.547] [SEVERE ] removing card from slot 11
[14:40:34.658] [SEVERE ] removing tokens from slot 4
[14:40:34.659] [SEVERE ] removing card from slot 4
[14:40:34.770] [SEVERE ] removing tokens from slot 2
[14:40:34.771] [SEVERE ] removing card from slot 2
[14:40:34.881] [SEVERE ] removing tokens from slot 6
[14:40:34.882] [SEVERE ] removing card from slot 6
[14:40:34.991] [SEVERE ] removing tokens from slot 5
[14:40:34.992] [SEVERE ] removing card from slot 5
[14:40:35.102] [SEVERE ] removing tokens from slot 8
[14:40:35.102] [SEVERE ] removing card from slot 8
[14:40:35.213] [SEVERE ] removing tokens from slot 0
[14:40:35.214] [SEVERE ] removing card from slot 0
[14:40:35.324] [SEVERE ] removing tokens from slot 10
[14:40:35.325] [SEVERE ] removing card from slot 10
[14:40:35.436] [SEVERE ] removing tokens from slot 1
[14:40:35.437] [SEVERE ] removing card from slot 1
[14:40:35.547] [SEVERE ] removing tokens from slot 7
[14:40:35.548] [SEVERE ] removing card from slot 7
[14:40:35.549] [SEVERE ] updating countdown to 60000
[14:40:38.455] [SEVERE ] placing card 46 in slot 11
[14:40:38.566] [SEVERE ] placing card 4 in slot 0
[14:40:38.675] [SEVERE ] placing card 43 in slot 10
[14:40:38.784] [SEVERE ] placing card 80 in slot 1
[14:40:38.896] [SEVERE ] placing card 57 in slot 5
[14:40:39.007] [SEVERE ] placing card 34 in slot 8
[14:40:39.119] [SEVERE ] placing card 32 in slot 2
[14:40:39.230] [SEVERE ] placing card 49 in slot 7
[14:40:39.341] [SEVERE ] placing card 10 in slot 6
[14:40:39.453] [SEVERE ] placing card 76 in slot 4
[14:40:39.565] [SEVERE ] placing card 24 in slot 3
[14:40:39.675] [SEVERE ] placing card 28 in slot 9
[14:40:41.918] [SEVERE ] updating countdown to 59000
[14:40:42.905] [SEVERE ] updating countdown to 58000
[14:40:43.905] [SEVERE ] updating countdown to 57000
[14:40:44.738] [SEVERE ] key 75 was pressed by player 2
[14:40:44.905] [SEVERE ] updating countdown to 56000
[14:40:45.006] [SEVERE ] key 74 was pressed by player 2
[14:40:45.066] [SEVERE ] key 75 was pressed by player 2
[14:40:45.186] [SEVERE ] key 76 was pressed by player 2
[14:40:45.591] [SEVERE ] key 44 was pressed by player 2
[14:40:45.801] [SEVERE ] key 77 was pressed by player 2
[14:40:45.905] [SEVERE ] updating countdown to 55000
[14:40:45.966] [SEVERE ] key 77 was pressed by player 2
[14:40:46.326] [SEVERE ] key 80 was pressed by player 2
[14:40:46.581] [SEVERE ] key 79 was pressed by player 2
[14:40:46.671] [SEVERE ] key 73 was pressed by player 2
[14:40:46.905] [SEVERE ] updating countdown to 54000
[14:40:46.941] [SEVERE ] key 85 was pressed by player 2
[14:40:47.196] [SEVERE ] key 74 was pressed by player 2
[14:40:47.436] [SEVERE ] key 76 was pressed by player 2
[14:40:47.466] [SEVERE ] key 77 was pressed by player 2
[14:40:47.706] [SEVERE ] key 44 was pressed by player 2
[14:40:47.721] [SEVERE ] key 77 was pressed by player 2
[14:40:47.905] [SEVERE ] updating countdown to 53000
[14:40:47.931] [SEVERE ] key 77 was pressed by player 2
[14:40:48.126] [SEVERE ] key 75 was pressed by player 2
[14:40:48.141] [SEVERE ] key 74 was pressed by player 2
[14:40:48.321] [SEVERE ] key 79 was pressed by player 2
[14:40:48.336] [SEVERE ] key 73 was pressed by player 2
[14:40:48.441] [SEVERE ] key 85 was pressed by player 2
[14:40:48.561] [SEVERE ] key 79 was pressed by player 2
[14:40:48.562] [SEVERE ] key 73 was pressed by player 2
[14:40:48.743] [SEVERE ] key 74 was pressed by player 2
[14:40:48.801] [SEVERE ] key 76 was pressed by player 2
[14:40:48.905] [SEVERE ] updating countdown to 52000
[14:40:49.086] [SEVERE ] key 76 was pressed by player 2
[14:40:49.206] [SEVERE ] key 59 was pressed by player 2
[14:40:49.326] [SEVERE ] key 76 was pressed by player 2
[14:40:49.431] [SEVERE ] key 75 was pressed by player 2
[14:40:49.567] [SEVERE ] key 76 was pressed by player 2
[14:40:49.905] [SEVERE ] updating countdown to 51000
[14:40:50.905] [SEVERE ] updating countdown to 50000
[14:40:51.621] [SEVERE ] key 81 was pressed by player 1
[14:40:51.726] [SEVERE ] key 87 was pressed by player 1
[14:40:51.801] [SEVERE ] key 69 was pressed by player 1
[14:40:51.906] [SEVERE ] updating countdown to 49000
[14:40:52.906] [SEVERE ] updating countdown to 48000
[14:40:53.905] [SEVERE ] updating countdown to 47000
[14:40:54.905] [SEVERE ] updating countdown to 46000
[14:40:55.905] [SEVERE ] updating countdown to 45000
[14:40:56.905] [SEVERE ] updating countdown to 44000
