[12:51:17.604] [INFO   ] thread main starting.
[12:51:17.659] [SEVERE ] cannot read configuration file config.properties trying from resources.
[12:51:17.669] [SEVERE ] configuration file was loaded from resources directory.
[12:51:19.638] [INFO   ] thread dealer starting.
[12:51:19.641] [INFO   ] thread dealer starting.
[12:51:19.760] [SEVERE ] placing card 76 in slot 6
[12:51:19.870] [SEVERE ] placing card 13 in slot 3
[12:51:19.982] [SEVERE ] placing card 4 in slot 11
[12:51:20.091] [SEVERE ] placing card 77 in slot 7
[12:51:20.202] [SEVERE ] placing card 29 in slot 1
[12:51:20.313] [SEVERE ] placing card 57 in slot 9
[12:51:20.425] [SEVERE ] placing card 24 in slot 4
[12:51:20.535] [SEVERE ] placing card 69 in slot 5
[12:51:20.647] [SEVERE ] placing card 64 in slot 8
[12:51:20.758] [SEVERE ] placing card 43 in slot 0
[12:51:20.870] [SEVERE ] placing card 33 in slot 10
[12:51:20.981] [SEVERE ] placing card 78 in slot 2
[12:51:21.994] [SEVERE ] updating countdown to 59000
[12:51:22.276] [SEVERE ] key 82 was pressed by player 1
[12:51:22.276] [INFO   ] thread dealer terminated.
[12:51:22.277] [SEVERE ] thanks for playing... it was fun!
[12:51:22.277] [INFO   ] thread main terminated.
[12:51:22.277] [SEVERE ] disposing of user interface elements
[12:51:22.982] [SEVERE ] updating countdown to 58000
[12:51:23.982] [SEVERE ] updating countdown to 57000
[12:51:24.981] [SEVERE ] updating countdown to 56000
[12:51:25.982] [SEVERE ] updating countdown to 55000
