[12:55:50.544] [INFO   ] thread main starting.
[12:55:50.554] [SEVERE ] cannot read configuration file config.properties trying from resources.
[12:55:50.558] [SEVERE ] configuration file was loaded from resources directory.
[12:55:51.206] [INFO   ] thread dealer starting.
[12:55:51.212] [INFO   ] thread dealer starting.
[12:55:51.334] [SEVERE ] placing card 23 in slot 10
[12:55:51.460] [SEVERE ] placing card 15 in slot 8
[12:55:51.571] [SEVERE ] placing card 42 in slot 5
[12:55:51.683] [SEVERE ] placing card 5 in slot 4
[12:55:51.794] [SEVERE ] placing card 20 in slot 0
[12:55:51.904] [SEVERE ] placing card 2 in slot 1
[12:55:52.014] [SEVERE ] placing card 71 in slot 6
[12:55:52.126] [SEVERE ] placing card 30 in slot 9
[12:55:52.237] [SEVERE ] placing card 21 in slot 11
[12:55:52.347] [SEVERE ] placing card 43 in slot 3
[12:55:52.459] [SEVERE ] placing card 12 in slot 2
[12:55:52.570] [SEVERE ] placing card 26 in slot 7
[12:55:53.570] [SEVERE ] updating countdown to 59000
[12:55:54.436] [SEVERE ] key 82 was pressed by player 1
[12:55:54.436] [INFO   ] thread dealer terminated.
[12:55:54.436] [SEVERE ] thanks for playing... it was fun!
[12:55:54.437] [INFO   ] thread main terminated.
[12:55:54.437] [SEVERE ] disposing of user interface elements
[12:55:54.584] [SEVERE ] updating countdown to 58000
[12:55:55.634] [SEVERE ] updating countdown to 57000
[12:55:56.570] [SEVERE ] updating countdown to 56000
[12:55:57.571] [SEVERE ] updating countdown to 55000
[12:55:58.570] [SEVERE ] updating countdown to 54000
[12:55:59.571] [SEVERE ] updating countdown to 53000
