[13:11:38.939] [INFO   ] thread main starting.
[13:11:38.962] [SEVERE ] cannot read configuration file config.properties trying from resources.
[13:11:38.966] [SEVERE ] configuration file was loaded from resources directory.
[13:11:39.851] [INFO   ] thread dealer starting.
[13:11:39.859] [INFO   ] thread dealer starting.
[13:11:39.974] [SEVERE ] placing card 5 in slot 1
[13:11:40.083] [SEVERE ] placing card 52 in slot 4
[13:11:40.193] [SEVERE ] placing card 22 in slot 6
[13:11:40.305] [SEVERE ] placing card 35 in slot 10
[13:11:40.417] [SEVERE ] placing card 1 in slot 3
[13:11:40.529] [SEVERE ] placing card 56 in slot 0
[13:11:40.640] [SEVERE ] placing card 29 in slot 2
[13:11:40.752] [SEVERE ] placing card 25 in slot 8
[13:11:40.863] [SEVERE ] placing card 43 in slot 7
[13:11:40.975] [SEVERE ] placing card 79 in slot 9
[13:11:41.084] [SEVERE ] placing card 0 in slot 11
[13:11:41.194] [SEVERE ] placing card 55 in slot 5
[13:11:41.818] [SEVERE ] key 81 was pressed by player 1
[13:11:45.680] [INFO   ] thread dealer terminated.
[13:11:45.681] [SEVERE ] updating countdown to 59000
[13:11:46.321] [SEVERE ] thanks for playing... it was fun!
[13:11:48.787] [INFO   ] thread main terminated.
[13:11:48.791] [SEVERE ] updating countdown to 58000
[13:11:48.791] [SEVERE ] disposing of user interface elements
[13:11:48.793] [SEVERE ] updating countdown to 57000
[13:11:48.796] [SEVERE ] updating countdown to 56000
[13:11:48.797] [SEVERE ] updating countdown to 55000
[13:11:48.798] [SEVERE ] updating countdown to 54000
[13:11:48.800] [SEVERE ] updating countdown to 53000
[13:11:49.196] [SEVERE ] updating countdown to 52000
[13:11:50.197] [SEVERE ] updating countdown to 51000
[13:11:51.194] [SEVERE ] updating countdown to 50000
[13:12:15.620] [SEVERE ] updating countdown to 49000
[13:12:15.624] [SEVERE ] updating countdown to 48000
[13:12:15.624] [SEVERE ] updating countdown to 47000
[13:12:15.624] [SEVERE ] updating countdown to 46000
[13:12:15.625] [SEVERE ] updating countdown to 45000
[13:12:15.625] [SEVERE ] updating countdown to 44000
[13:12:15.626] [SEVERE ] updating countdown to 43000
[13:12:15.626] [SEVERE ] updating countdown to 42000
[13:12:15.628] [SEVERE ] updating countdown to 41000
[13:12:15.628] [SEVERE ] updating countdown to 40000
[13:12:15.629] [SEVERE ] updating countdown to 39000
[13:12:15.629] [SEVERE ] updating countdown to 38000
[13:12:15.629] [SEVERE ] updating countdown to 37000
[13:12:15.630] [SEVERE ] updating countdown to 36000
[13:12:15.630] [SEVERE ] updating countdown to 35000
[13:12:15.631] [SEVERE ] updating countdown to 34000
[13:12:15.631] [SEVERE ] updating countdown to 33000
[13:12:15.631] [SEVERE ] updating countdown to 32000
[13:12:15.632] [SEVERE ] updating countdown to 31000
[13:12:15.632] [SEVERE ] updating countdown to 30000
[13:12:15.632] [SEVERE ] updating countdown to 29000
[13:12:15.632] [SEVERE ] updating countdown to 28000
[13:12:15.633] [SEVERE ] updating countdown to 27000
[13:12:15.633] [SEVERE ] updating countdown to 26000
