[13:13:26.772] [INFO   ] thread main starting.
[13:13:26.786] [SEVERE ] cannot read configuration file config.properties trying from resources.
[13:13:26.790] [SEVERE ] configuration file was loaded from resources directory.
[13:13:27.744] [INFO   ] thread dealer starting.
[13:13:27.747] [INFO   ] thread dealer starting.
[13:13:27.867] [SEVERE ] placing card 60 in slot 6
[13:13:27.978] [SEVERE ] placing card 2 in slot 11
[13:13:28.089] [SEVERE ] placing card 41 in slot 10
[13:13:28.201] [SEVERE ] placing card 1 in slot 0
[13:13:28.313] [SEVERE ] placing card 32 in slot 2
[13:13:28.422] [SEVERE ] placing card 73 in slot 9
[13:13:28.532] [SEVERE ] placing card 38 in slot 1
[13:13:28.642] [SEVERE ] placing card 64 in slot 7
[13:13:28.751] [SEVERE ] placing card 71 in slot 4
[13:13:28.861] [SEVERE ] placing card 22 in slot 8
[13:13:28.973] [SEVERE ] placing card 58 in slot 3
[13:13:29.086] [SEVERE ] placing card 63 in slot 5
[13:13:29.846] [SEVERE ] key 81 was pressed by player 1
[13:13:29.846] [INFO   ] thread dealer terminated.
[13:13:29.847] [SEVERE ] thanks for playing... it was fun!
[13:13:29.847] [INFO   ] thread main terminated.
[13:13:29.847] [SEVERE ] disposing of user interface elements
[13:14:01.253] [SEVERE ] updating countdown to 59000
[13:14:01.255] [SEVERE ] updating countdown to 58000
[13:14:01.256] [SEVERE ] updating countdown to 57000
[13:14:01.257] [SEVERE ] updating countdown to 56000
[13:14:01.258] [SEVERE ] updating countdown to 55000
[13:14:01.258] [SEVERE ] updating countdown to 54000
[13:14:01.259] [SEVERE ] updating countdown to 53000
[13:14:01.259] [SEVERE ] updating countdown to 52000
[13:14:01.259] [SEVERE ] updating countdown to 51000
[13:14:01.260] [SEVERE ] updating countdown to 50000
[13:14:01.261] [SEVERE ] updating countdown to 49000
[13:14:01.261] [SEVERE ] updating countdown to 48000
[13:14:01.262] [SEVERE ] updating countdown to 47000
[13:14:01.262] [SEVERE ] updating countdown to 46000
[13:14:01.263] [SEVERE ] updating countdown to 45000
[13:14:01.263] [SEVERE ] updating countdown to 44000
[13:14:01.264] [SEVERE ] updating countdown to 43000
[13:14:01.265] [SEVERE ] updating countdown to 42000
[13:14:01.265] [SEVERE ] updating countdown to 41000
[13:14:01.266] [SEVERE ] updating countdown to 40000
[13:14:01.266] [SEVERE ] updating countdown to 39000
[13:14:01.267] [SEVERE ] updating countdown to 38000
[13:14:01.267] [SEVERE ] updating countdown to 37000
[13:14:01.268] [SEVERE ] updating countdown to 36000
[13:14:01.268] [SEVERE ] updating countdown to 35000
[13:14:01.269] [SEVERE ] updating countdown to 34000
[13:14:01.269] [SEVERE ] updating countdown to 33000
[13:14:01.270] [SEVERE ] updating countdown to 32000
[13:14:01.270] [SEVERE ] updating countdown to 31000
[13:14:01.271] [SEVERE ] updating countdown to 30000
[13:14:01.272] [SEVERE ] updating countdown to 29000
[13:14:01.272] [SEVERE ] updating countdown to 28000
