[12:58:58.172] [INFO   ] thread main starting.
[12:58:58.183] [SEVERE ] cannot read configuration file config.properties trying from resources.
[12:58:58.187] [SEVERE ] configuration file was loaded from resources directory.
[12:58:58.932] [INFO   ] thread dealer starting.
[12:58:58.940] [INFO   ] thread dealer starting.
[12:58:59.061] [SEVERE ] placing card 30 in slot 6
[12:58:59.171] [SEVERE ] placing card 4 in slot 5
[12:58:59.283] [SEVERE ] placing card 79 in slot 1
[12:58:59.392] [SEVERE ] placing card 35 in slot 3
[12:58:59.503] [SEVERE ] placing card 68 in slot 10
[12:58:59.614] [SEVERE ] placing card 16 in slot 4
[12:58:59.726] [SEVERE ] placing card 66 in slot 9
[12:58:59.837] [SEVERE ] placing card 32 in slot 8
[12:58:59.949] [SEVERE ] placing card 56 in slot 11
[12:59:00.059] [SEVERE ] placing card 74 in slot 0
[12:59:00.170] [SEVERE ] placing card 67 in slot 7
[12:59:00.282] [SEVERE ] placing card 2 in slot 2
[12:59:01.206] [SEVERE ] key 69 was pressed by player 1
[12:59:01.207] [INFO   ] thread dealer terminated.
[12:59:01.207] [SEVERE ] thanks for playing... it was fun!
[12:59:01.208] [INFO   ] thread main terminated.
[12:59:01.208] [SEVERE ] disposing of user interface elements
[12:59:01.295] [SEVERE ] updating countdown to 59000
[12:59:02.285] [SEVERE ] updating countdown to 58000
