[16:44:14.858] [INFO   ] thread main starting.
[16:44:14.868] [SEVERE ] cannot read configuration file config.properties trying from resources.
[16:44:14.870] [SEVERE ] configuration file was loaded from resources directory.
[16:44:15.521] [INFO   ] thread dealer starting.
[16:44:15.522] [INFO   ] thread dealer starting.
[16:44:15.522] [INFO   ] thread 0 starting.
[16:44:15.523] [INFO   ] thread 1 starting.
[16:44:15.524] [INFO   ] thread 0 starting.
[16:44:15.524] [INFO   ] thread 1 starting.
[16:44:15.637] [SEVERE ] placing card 56 in slot 6
[16:44:15.747] [SEVERE ] placing card 1 in slot 11
[16:44:15.860] [SEVERE ] placing card 50 in slot 4
[16:44:15.972] [SEVERE ] placing card 15 in slot 9
[16:44:16.081] [SEVERE ] placing card 34 in slot 0
[16:44:16.190] [SEVERE ] placing card 65 in slot 1
[16:44:16.302] [SEVERE ] placing card 33 in slot 3
[16:44:16.411] [SEVERE ] placing card 19 in slot 8
[16:44:16.520] [SEVERE ] placing card 38 in slot 10
[16:44:16.629] [SEVERE ] placing card 74 in slot 7
[16:44:16.737] [SEVERE ] placing card 52 in slot 5
[16:44:16.847] [SEVERE ] placing card 43 in slot 2
[16:44:17.857] [SEVERE ] updating countdown to 59000
[16:44:18.848] [SEVERE ] updating countdown to 58000
[16:44:19.426] [SEVERE ] key 81 was pressed by player 1
[16:44:19.427] [SEVERE ] player 1 placing token on slot 0
[16:44:19.607] [SEVERE ] key 87 was pressed by player 1
[16:44:19.608] [SEVERE ] player 1 placing token on slot 1
[16:44:19.764] [SEVERE ] key 69 was pressed by player 1
[16:44:19.765] [SEVERE ] player 1 placing token on slot 2
[16:44:19.770] [INFO   ] thread dealer terminated.
[16:44:24.784] [SEVERE ] thanks for playing... it was fun!
[16:44:24.785] [INFO   ] thread main terminated.
[16:44:24.787] [SEVERE ] disposing of user interface elements
