[17:18:51.981] [INFO   ] thread main starting.
[17:18:51.989] [SEVERE ] cannot read configuration file config.properties trying from resources.
[17:18:51.991] [SEVERE ] configuration file was loaded from resources directory.
[17:18:52.646] [INFO   ] thread dealer starting.
[17:18:52.648] [INFO   ] thread dealer starting.
[17:18:52.649] [INFO   ] thread 0 starting.
[17:18:52.649] [INFO   ] thread 1 starting.
[17:18:52.650] [INFO   ] thread 0 starting.
[17:18:52.650] [INFO   ] thread 1 starting.
[17:18:52.763] [SEVERE ] placing card 7 in slot 1
[17:18:52.873] [SEVERE ] placing card 56 in slot 6
[17:18:52.984] [SEVERE ] placing card 41 in slot 0
[17:18:53.095] [SEVERE ] placing card 18 in slot 9
[17:18:53.205] [SEVERE ] placing card 33 in slot 7
[17:18:53.316] [SEVERE ] placing card 37 in slot 3
[17:18:53.428] [SEVERE ] placing card 67 in slot 2
[17:18:53.539] [SEVERE ] placing card 11 in slot 4
[17:18:53.649] [SEVERE ] placing card 74 in slot 10
[17:18:53.761] [SEVERE ] placing card 54 in slot 11
[17:18:53.869] [SEVERE ] placing card 13 in slot 5
[17:18:53.977] [SEVERE ] placing card 23 in slot 8
[17:18:55.107] [SEVERE ] key 81 was pressed by player 1
[17:18:55.108] [SEVERE ] player 1 placing token on slot 0
[17:18:55.408] [SEVERE ] key 87 was pressed by player 1
[17:18:55.408] [SEVERE ] player 1 placing token on slot 1
[17:18:55.669] [SEVERE ] key 69 was pressed by player 1
[17:18:55.670] [SEVERE ] player 1 placing token on slot 2
[17:19:00.796] [SEVERE ] key 82 was pressed by player 1
