[16:30:16.533] [INFO   ] thread main starting.
[16:30:16.541] [SEVERE ] cannot read configuration file config.properties trying from resources.
[16:30:16.544] [SEVERE ] configuration file was loaded from resources directory.
[16:30:17.200] [INFO   ] thread dealer starting.
[16:30:17.202] [INFO   ] thread dealer starting.
[16:30:17.203] [INFO   ] thread 0 starting.
[16:30:17.204] [INFO   ] thread 1 starting.
[16:30:17.204] [INFO   ] thread 0 starting.
[16:30:17.205] [INFO   ] thread 1 starting.
[16:30:17.314] [SEVERE ] placing card 17 in slot 10
[16:30:17.424] [SEVERE ] placing card 13 in slot 9
[16:30:17.548] [SEVERE ] placing card 33 in slot 7
[16:30:17.660] [SEVERE ] placing card 21 in slot 3
[16:30:17.771] [SEVERE ] placing card 74 in slot 11
[16:30:17.878] [SEVERE ] placing card 46 in slot 5
[16:30:17.987] [SEVERE ] placing card 26 in slot 6
[16:30:18.095] [SEVERE ] placing card 52 in slot 2
[16:30:18.205] [SEVERE ] placing card 73 in slot 4
[16:30:18.316] [SEVERE ] placing card 29 in slot 8
[16:30:18.426] [SEVERE ] placing card 10 in slot 0
[16:30:18.535] [SEVERE ] placing card 66 in slot 1
[16:30:18.680] [SEVERE ] key 81 was pressed by player 1
[16:30:18.681] [SEVERE ] player 1 placing token on slot 0
[16:30:18.860] [SEVERE ] key 87 was pressed by player 1
[16:30:18.861] [SEVERE ] player 1 placing token on slot 1
[16:30:18.953] [SEVERE ] key 69 was pressed by player 1
[16:30:18.953] [SEVERE ] player 1 placing token on slot 2
[16:30:18.962] [INFO   ] thread dealer terminated.
