[16:50:17.532] [INFO   ] thread main starting.
[16:50:17.542] [SEVERE ] cannot read configuration file config.properties trying from resources.
[16:50:17.545] [SEVERE ] configuration file was loaded from resources directory.
[16:50:18.230] [INFO   ] thread dealer starting.
[16:50:18.232] [INFO   ] thread dealer starting.
[16:50:18.233] [INFO   ] thread 0 starting.
[16:50:18.234] [INFO   ] thread 1 starting.
[16:50:18.234] [INFO   ] thread 0 starting.
[16:50:18.236] [INFO   ] thread 1 starting.
[16:50:18.350] [SEVERE ] placing card 48 in slot 0
[16:50:18.460] [SEVERE ] placing card 14 in slot 2
[16:50:18.570] [SEVERE ] placing card 59 in slot 1
[16:50:18.712] [SEVERE ] placing card 46 in slot 3
[16:50:18.820] [SEVERE ] placing card 56 in slot 4
[16:50:18.942] [SEVERE ] placing card 66 in slot 7
[16:50:19.052] [SEVERE ] placing card 13 in slot 11
[16:50:19.161] [SEVERE ] placing card 75 in slot 5
[16:50:19.271] [SEVERE ] placing card 37 in slot 10
[16:50:19.379] [SEVERE ] placing card 29 in slot 9
[16:50:19.488] [SEVERE ] placing card 21 in slot 6
[16:50:19.596] [SEVERE ] placing card 20 in slot 8
[16:50:19.990] [SEVERE ] key 81 was pressed by player 1
[16:50:19.991] [SEVERE ] player 1 placing token on slot 0
[16:50:20.328] [SEVERE ] key 87 was pressed by player 1
[16:50:20.329] [SEVERE ] player 1 placing token on slot 1
[16:50:20.610] [SEVERE ] updating countdown to 59000
[16:50:20.633] [SEVERE ] key 69 was pressed by player 1
[16:50:20.634] [SEVERE ] player 1 placing token on slot 2
[16:50:20.646] [INFO   ] thread dealer terminated.
