[16:29:50.231] [INFO   ] thread main starting.
[16:29:50.241] [SEVERE ] cannot read configuration file config.properties trying from resources.
[16:29:50.244] [SEVERE ] configuration file was loaded from resources directory.
[16:29:50.910] [INFO   ] thread dealer starting.
[16:29:50.911] [INFO   ] thread dealer starting.
[16:29:50.912] [INFO   ] thread 0 starting.
[16:29:50.913] [INFO   ] thread 1 starting.
[16:29:50.913] [INFO   ] thread 0 starting.
[16:29:50.914] [INFO   ] thread 1 starting.
[16:29:51.028] [SEVERE ] placing card 78 in slot 7
[16:29:51.140] [SEVERE ] placing card 23 in slot 0
[16:29:51.252] [SEVERE ] placing card 61 in slot 11
[16:29:51.361] [SEVERE ] placing card 30 in slot 5
[16:29:51.473] [SEVERE ] placing card 60 in slot 10
[16:29:51.583] [SEVERE ] placing card 68 in slot 3
[16:29:51.695] [SEVERE ] placing card 11 in slot 4
[16:29:51.806] [SEVERE ] placing card 14 in slot 9
[16:29:51.915] [SEVERE ] placing card 49 in slot 6
[16:29:52.025] [SEVERE ] placing card 39 in slot 8
[16:29:52.134] [SEVERE ] placing card 32 in slot 2
[16:29:52.243] [SEVERE ] placing card 80 in slot 1
[16:29:52.862] [SEVERE ] key 81 was pressed by player 1
[16:29:52.863] [SEVERE ] player 1 placing token on slot 0
[16:29:52.948] [SEVERE ] key 87 was pressed by player 1
[16:29:52.948] [SEVERE ] player 1 placing token on slot 1
[16:29:53.060] [SEVERE ] key 69 was pressed by player 1
[16:29:53.061] [SEVERE ] player 1 placing token on slot 2
[16:29:53.068] [INFO   ] thread dealer terminated.
