[19:01:01.692] [INFO   ] thread main starting.
[19:01:01.698] [SEVERE ] cannot read configuration file config.properties trying from resources.
[19:01:01.700] [SEVERE ] configuration file was loaded from resources directory.
[19:01:02.424] [INFO   ] thread dealer starting.
[19:01:02.425] [INFO   ] thread dealer starting.
[19:01:02.425] [INFO   ] thread 0 starting.
[19:01:02.426] [INFO   ] thread 1 starting.
[19:01:02.426] [INFO   ] thread 0 starting.
[19:01:02.427] [INFO   ] thread 1 starting.
[19:01:02.545] [SEVERE ] placing card 60 in slot 1
[19:01:02.655] [SEVERE ] placing card 70 in slot 0
[19:01:02.767] [SEVERE ] placing card 15 in slot 3
[19:01:02.876] [SEVERE ] placing card 17 in slot 11
[19:01:02.985] [SEVERE ] placing card 63 in slot 4
[19:01:03.096] [SEVERE ] placing card 69 in slot 9
[19:01:03.206] [SEVERE ] placing card 57 in slot 2
[19:01:03.315] [SEVERE ] placing card 1 in slot 8
[19:01:03.424] [SEVERE ] placing card 19 in slot 5
[19:01:03.533] [SEVERE ] placing card 64 in slot 6
[19:01:03.644] [SEVERE ] placing card 29 in slot 7
[19:01:03.753] [SEVERE ] placing card 13 in slot 10
[19:01:04.237] [SEVERE ] key 81 was pressed by player 1
[19:01:04.238] [SEVERE ] player 1 placing token on slot 0
[19:01:04.769] [SEVERE ] setting player 1 freeze to -1000
[19:01:04.770] [SEVERE ] setting player 2 freeze to -1000
[19:01:04.771] [SEVERE ] updating countdown to 59000
[19:01:05.232] [SEVERE ] key 87 was pressed by player 1
[19:01:05.233] [SEVERE ] player 1 placing token on slot 1
[19:01:05.567] [SEVERE ] key 69 was pressed by player 1
[19:01:05.568] [SEVERE ] player 1 placing token on slot 2
[19:01:05.570] [SEVERE ] setting player 1 freeze to 0
[19:01:05.758] [SEVERE ] updating countdown to 58000
[19:01:05.763] [SEVERE ] setting player 1 freeze to 3000
[19:01:06.758] [SEVERE ] setting player 1 freeze to 2000
[19:01:06.758] [SEVERE ] updating countdown to 57000
[19:01:07.754] [SEVERE ] setting player 1 freeze to 1000
[19:01:07.755] [SEVERE ] updating countdown to 56000
[19:01:08.754] [SEVERE ] setting player 1 freeze to 0
[19:01:08.755] [SEVERE ] updating countdown to 55000
[19:01:09.755] [SEVERE ] setting player 1 freeze to -1000
[19:01:09.756] [SEVERE ] updating countdown to 54000
[19:01:10.375] [SEVERE ] key 81 was pressed by player 1
[19:01:10.376] [SEVERE ] removing player 1 token from slot 0
[19:01:10.754] [SEVERE ] updating countdown to 53000
[19:01:10.784] [SEVERE ] key 81 was pressed by player 1
[19:01:10.785] [SEVERE ] player 1 placing token on slot 0
[19:01:10.787] [SEVERE ] setting player 1 freeze to 3000
[19:01:11.755] [SEVERE ] updating countdown to 52000
[19:01:11.757] [SEVERE ] setting player 1 freeze to 3000
[19:01:12.754] [SEVERE ] setting player 1 freeze to 2000
[19:01:12.755] [SEVERE ] updating countdown to 51000
[19:01:13.754] [SEVERE ] setting player 1 freeze to 1000
[19:01:13.756] [SEVERE ] updating countdown to 50000
[19:01:14.754] [SEVERE ] setting player 1 freeze to 0
[19:01:14.756] [SEVERE ] updating countdown to 49000
[19:01:15.755] [SEVERE ] setting player 1 freeze to -1000
[19:01:15.755] [SEVERE ] updating countdown to 48000
[19:01:16.755] [SEVERE ] updating countdown to 47000
[19:01:16.945] [SEVERE ] key 81 was pressed by player 1
[19:01:16.946] [SEVERE ] removing player 1 token from slot 0
[19:01:17.162] [SEVERE ] key 87 was pressed by player 1
[19:01:17.163] [SEVERE ] removing player 1 token from slot 1
[19:01:17.440] [SEVERE ] key 69 was pressed by player 1
[19:01:17.441] [SEVERE ] removing player 1 token from slot 2
[19:01:17.754] [SEVERE ] updating countdown to 46000
[19:01:18.754] [SEVERE ] updating countdown to 45000
[19:01:19.755] [SEVERE ] updating countdown to 44000
[19:01:20.754] [SEVERE ] updating countdown to 43000
[19:01:21.754] [SEVERE ] updating countdown to 42000
[19:01:22.755] [SEVERE ] updating countdown to 41000
[19:01:23.754] [SEVERE ] updating countdown to 40000
[19:01:24.755] [SEVERE ] updating countdown to 39000
[19:01:25.754] [SEVERE ] updating countdown to 38000
[19:01:26.754] [SEVERE ] updating countdown to 37000
[19:01:27.754] [SEVERE ] updating countdown to 36000
[19:01:28.754] [SEVERE ] updating countdown to 35000
[19:01:29.755] [SEVERE ] updating countdown to 34000
[19:01:30.754] [SEVERE ] updating countdown to 33000
[19:01:31.754] [SEVERE ] updating countdown to 32000
[19:01:32.754] [SEVERE ] updating countdown to 31000
[19:01:33.754] [SEVERE ] updating countdown to 30000
[19:01:34.755] [SEVERE ] updating countdown to 29000
[19:01:35.754] [SEVERE ] updating countdown to 28000
[19:01:36.754] [SEVERE ] updating countdown to 27000
[19:01:37.755] [SEVERE ] updating countdown to 26000
[19:01:38.755] [SEVERE ] updating countdown to 25000
[19:01:39.755] [SEVERE ] updating countdown to 24000
[19:01:40.754] [SEVERE ] updating countdown to 23000
[19:01:41.754] [SEVERE ] updating countdown to 22000
[19:01:42.755] [SEVERE ] updating countdown to 21000
[19:01:43.754] [SEVERE ] updating countdown to 20000
[19:01:44.755] [SEVERE ] updating countdown to 19000
[19:01:45.754] [SEVERE ] updating countdown to 18000
[19:01:46.755] [SEVERE ] updating countdown to 17000
[19:01:47.754] [SEVERE ] updating countdown to 16000
[19:01:48.754] [SEVERE ] updating countdown to 15000
[19:01:49.755] [SEVERE ] updating countdown to 14000
[19:01:50.755] [SEVERE ] updating countdown to 13000
[19:01:51.754] [SEVERE ] updating countdown to 12000
[19:01:52.755] [SEVERE ] updating countdown to 11000
[19:01:53.755] [SEVERE ] updating countdown to 10000
[19:01:54.754] [SEVERE ] updating countdown to 9000
[19:01:55.755] [SEVERE ] updating countdown to 8000
[19:01:56.754] [SEVERE ] updating countdown to 7000
[19:01:57.754] [SEVERE ] updating countdown to 6000
[19:01:58.755] [SEVERE ] updating countdown to 5000
[19:01:59.755] [SEVERE ] updating countdown to 4000
[19:02:00.755] [SEVERE ] updating countdown to 3000
[19:02:01.754] [SEVERE ] updating countdown to 2000
[19:02:02.755] [SEVERE ] updating countdown to 1000
[19:02:03.754] [SEVERE ] updating countdown to 0
[19:02:03.867] [SEVERE ] removing tokens from slot 9
[19:02:03.869] [SEVERE ] removing card from slot 9
[19:02:03.974] [SEVERE ] removing tokens from slot 8
[19:02:03.975] [SEVERE ] removing card from slot 8
[19:02:04.083] [SEVERE ] removing tokens from slot 11
[19:02:04.086] [SEVERE ] removing card from slot 11
[19:02:04.190] [SEVERE ] removing tokens from slot 1
[19:02:04.190] [SEVERE ] removing card from slot 1
[19:02:04.300] [SEVERE ] removing tokens from slot 7
[19:02:04.301] [SEVERE ] removing card from slot 7
[19:02:04.408] [SEVERE ] removing tokens from slot 10
[19:02:04.409] [SEVERE ] removing card from slot 10
[19:02:04.517] [SEVERE ] removing tokens from slot 2
[19:02:04.519] [SEVERE ] removing card from slot 2
[19:02:04.626] [SEVERE ] removing tokens from slot 4
[19:02:04.627] [SEVERE ] removing card from slot 4
[19:02:04.735] [SEVERE ] removing tokens from slot 3
[19:02:04.737] [SEVERE ] removing card from slot 3
[19:02:04.843] [SEVERE ] removing tokens from slot 6
[19:02:04.844] [SEVERE ] removing card from slot 6
[19:02:04.953] [SEVERE ] removing tokens from slot 5
[19:02:04.954] [SEVERE ] removing card from slot 5
[19:02:05.064] [SEVERE ] removing tokens from slot 0
[19:02:05.064] [SEVERE ] removing card from slot 0
[19:02:05.065] [SEVERE ] updating countdown to 60000
[19:02:05.174] [SEVERE ] placing card 68 in slot 6
[19:02:05.283] [SEVERE ] placing card 34 in slot 10
[19:02:05.392] [SEVERE ] placing card 62 in slot 1
[19:02:05.501] [SEVERE ] placing card 1 in slot 2
[19:02:05.610] [SEVERE ] placing card 21 in slot 4
[19:02:05.719] [SEVERE ] placing card 11 in slot 0
[19:02:05.827] [SEVERE ] placing card 60 in slot 9
[19:02:05.935] [SEVERE ] placing card 54 in slot 11
[19:02:06.043] [SEVERE ] placing card 13 in slot 3
[19:02:06.153] [SEVERE ] placing card 66 in slot 8
[19:02:06.263] [SEVERE ] placing card 48 in slot 5
[19:02:06.373] [SEVERE ] placing card 53 in slot 7
[19:02:07.383] [SEVERE ] updating countdown to 59000
[19:02:08.373] [SEVERE ] updating countdown to 58000
