[16:50:41.875] [INFO   ] thread main starting.
[16:50:41.885] [SEVERE ] cannot read configuration file config.properties trying from resources.
[16:50:41.889] [SEVERE ] configuration file was loaded from resources directory.
[16:50:42.629] [INFO   ] thread dealer starting.
[16:50:42.630] [INFO   ] thread dealer starting.
[16:50:42.631] [INFO   ] thread 0 starting.
[16:50:42.632] [INFO   ] thread 1 starting.
[16:50:42.632] [INFO   ] thread 0 starting.
[16:50:42.633] [INFO   ] thread 1 starting.
[16:50:42.749] [SEVERE ] placing card 74 in slot 1
[16:50:42.860] [SEVERE ] placing card 48 in slot 9
[16:50:42.969] [SEVERE ] placing card 30 in slot 5
[16:50:43.079] [SEVERE ] placing card 34 in slot 3
[16:50:43.190] [SEVERE ] placing card 77 in slot 4
[16:50:43.301] [SEVERE ] placing card 8 in slot 10
[16:50:43.411] [SEVERE ] placing card 64 in slot 2
[16:50:43.522] [SEVERE ] placing card 16 in slot 6
[16:50:43.631] [SEVERE ] placing card 21 in slot 7
[16:50:43.740] [SEVERE ] placing card 11 in slot 0
[16:50:43.851] [SEVERE ] placing card 44 in slot 8
[16:50:43.960] [SEVERE ] placing card 65 in slot 11
[16:50:44.971] [SEVERE ] updating countdown to 59000
[16:50:45.459] [SEVERE ] key 81 was pressed by player 1
[16:50:45.460] [SEVERE ] player 1 placing token on slot 0
[16:50:45.844] [SEVERE ] key 87 was pressed by player 1
[16:50:45.847] [SEVERE ] player 1 placing token on slot 1
[16:50:45.962] [SEVERE ] updating countdown to 58000
[16:50:46.115] [SEVERE ] key 69 was pressed by player 1
[16:50:46.116] [SEVERE ] player 1 placing token on slot 2
[16:51:21.994] [INFO   ] thread dealer terminated.
[16:51:27.011] [SEVERE ] thanks for playing... it was fun!
[16:51:27.012] [INFO   ] thread main terminated.
[16:51:27.014] [SEVERE ] disposing of user interface elements
