[17:24:06.113] [INFO   ] thread main starting.
[17:24:06.121] [SEVERE ] cannot read configuration file config.properties trying from resources.
[17:24:06.121] [SEVERE ] configuration file was loaded from resources directory.
[17:24:06.879] [INFO   ] thread dealer starting.
[17:24:06.879] [INFO   ] thread dealer starting.
[17:24:06.879] [INFO   ] thread 0 starting.
[17:24:06.879] [INFO   ] thread 1 starting.
[17:24:06.879] [INFO   ] thread 0 starting.
[17:24:06.886] [INFO   ] thread 1 starting.
[17:24:06.987] [SEVERE ] placing card 37 in slot 1
[17:24:07.099] [SEVERE ] placing card 27 in slot 5
[17:24:07.210] [SEVERE ] placing card 9 in slot 9
[17:24:07.321] [SEVERE ] placing card 40 in slot 4
[17:24:07.432] [SEVERE ] placing card 80 in slot 8
[17:24:07.542] [SEVERE ] placing card 46 in slot 11
[17:24:07.650] [SEVERE ] placing card 59 in slot 2
[17:24:07.759] [SEVERE ] placing card 19 in slot 6
[17:24:07.868] [SEVERE ] placing card 22 in slot 0
[17:24:07.976] [SEVERE ] placing card 4 in slot 10
[17:24:08.085] [SEVERE ] placing card 69 in slot 7
[17:24:08.195] [SEVERE ] placing card 45 in slot 3
[17:24:09.208] [SEVERE ] updating countdown to 59000
[17:24:10.197] [SEVERE ] updating countdown to 58000
[17:24:11.197] [SEVERE ] updating countdown to 57000
[17:24:12.196] [SEVERE ] updating countdown to 56000
[17:24:13.197] [SEVERE ] updating countdown to 55000
[17:24:14.197] [SEVERE ] updating countdown to 54000
[17:24:15.196] [SEVERE ] updating countdown to 53000
[17:24:16.197] [SEVERE ] updating countdown to 52000
[17:24:17.197] [SEVERE ] updating countdown to 51000
[17:24:17.941] [SEVERE ] key 81 was pressed by player 1
[17:24:17.942] [SEVERE ] player 1 placing token on slot 0
[17:24:18.181] [SEVERE ] key 87 was pressed by player 1
[17:24:18.182] [SEVERE ] player 1 placing token on slot 1
[17:24:18.197] [SEVERE ] updating countdown to 50000
[17:24:18.587] [SEVERE ] key 81 was pressed by player 1
[17:24:18.589] [SEVERE ] removing player 1 token from slot 0
[17:24:18.836] [SEVERE ] key 87 was pressed by player 1
[17:24:18.837] [SEVERE ] removing player 1 token from slot 1
[17:24:19.196] [SEVERE ] key 81 was pressed by player 1
[17:24:19.197] [SEVERE ] updating countdown to 49000
[17:24:19.197] [SEVERE ] player 1 placing token on slot 0
[17:24:19.379] [SEVERE ] key 87 was pressed by player 1
[17:24:19.381] [SEVERE ] player 1 placing token on slot 1
[17:24:20.008] [SEVERE ] key 68 was pressed by player 1
[17:24:20.010] [SEVERE ] player 1 placing token on slot 6
[17:24:20.197] [SEVERE ] updating countdown to 48000
[17:24:21.196] [SEVERE ] setting player 1 freeze to 2000
[17:24:21.199] [SEVERE ] updating countdown to 47000
[17:24:22.197] [SEVERE ] setting player 1 freeze to 1000
[17:24:22.198] [SEVERE ] updating countdown to 46000
[17:24:23.197] [SEVERE ] setting player 1 freeze to 0
[17:24:23.208] [SEVERE ] updating countdown to 45000
[17:24:23.636] [SEVERE ] key 68 was pressed by player 1
[17:24:24.197] [SEVERE ] updating countdown to 44000
[17:24:24.224] [SEVERE ] key 87 was pressed by player 1
[17:24:24.493] [SEVERE ] key 81 was pressed by player 1
[17:24:24.729] [SEVERE ] key 87 was pressed by player 1
[17:24:24.968] [SEVERE ] key 81 was pressed by player 1
[17:24:25.197] [SEVERE ] updating countdown to 43000
[17:24:25.306] [SEVERE ] key 87 was pressed by player 1
[17:24:25.544] [SEVERE ] key 68 was pressed by player 1
[17:24:25.856] [SEVERE ] key 81 was pressed by player 1
[17:24:25.972] [SEVERE ] key 87 was pressed by player 1
[17:24:26.196] [SEVERE ] updating countdown to 42000
[17:24:26.211] [SEVERE ] key 68 was pressed by player 1
[17:24:26.511] [SEVERE ] key 81 was pressed by player 1
[17:24:26.640] [SEVERE ] key 87 was pressed by player 1
[17:24:26.925] [SEVERE ] key 68 was pressed by player 1
[17:24:27.197] [SEVERE ] updating countdown to 41000
[17:24:27.225] [SEVERE ] key 81 was pressed by player 1
[17:24:27.412] [SEVERE ] key 87 was pressed by player 1
[17:24:27.658] [SEVERE ] key 68 was pressed by player 1
[17:24:27.990] [SEVERE ] key 81 was pressed by player 1
[17:24:28.195] [SEVERE ] key 87 was pressed by player 1
[17:24:28.197] [SEVERE ] updating countdown to 40000
[17:24:28.659] [SEVERE ] key 68 was pressed by player 1
[17:24:29.196] [SEVERE ] updating countdown to 39000
[17:24:29.420] [SEVERE ] key 81 was pressed by player 1
[17:24:29.596] [SEVERE ] key 87 was pressed by player 1
[17:24:30.202] [SEVERE ] updating countdown to 38000
[17:24:30.280] [SEVERE ] key 68 was pressed by player 1
[17:24:31.196] [SEVERE ] updating countdown to 37000
[17:24:32.064] [SEVERE ] exit button pressed
[17:24:32.197] [SEVERE ] updating countdown to 36000
[17:24:32.304] [SEVERE ] removing tokens from slot 3
[17:24:32.312] [SEVERE ] removing card from slot 3
[17:24:32.413] [SEVERE ] removing tokens from slot 8
[17:24:32.416] [SEVERE ] removing card from slot 8
[17:24:32.523] [SEVERE ] removing tokens from slot 5
[17:24:32.524] [SEVERE ] removing card from slot 5
[17:24:32.630] [SEVERE ] removing tokens from slot 1
[17:24:32.631] [SEVERE ] removing card from slot 1
[17:24:32.738] [SEVERE ] removing tokens from slot 4
[17:24:32.739] [SEVERE ] removing card from slot 4
[17:24:32.848] [SEVERE ] removing tokens from slot 2
[17:24:32.849] [SEVERE ] removing card from slot 2
[17:24:32.957] [SEVERE ] removing tokens from slot 0
[17:24:32.957] [SEVERE ] removing card from slot 0
[17:24:33.066] [SEVERE ] removing tokens from slot 9
[17:24:33.066] [SEVERE ] removing card from slot 9
[17:24:33.175] [SEVERE ] removing tokens from slot 6
[17:24:33.180] [SEVERE ] removing card from slot 6
[17:24:33.283] [SEVERE ] removing tokens from slot 10
[17:24:33.285] [SEVERE ] removing card from slot 10
[17:24:33.393] [SEVERE ] removing tokens from slot 11
[17:24:33.394] [SEVERE ] removing card from slot 11
[17:24:33.502] [SEVERE ] removing tokens from slot 7
[17:24:33.504] [SEVERE ] removing card from slot 7
[17:24:33.506] [SEVERE ] updating countdown to 60000
[17:24:33.507] [SEVERE ] announcing winner(s): player 2, player 3
[17:24:33.515] [INFO   ] thread dealer terminated.
[17:24:33.519] [SEVERE ] thanks for playing... it was fun!
[17:24:33.520] [INFO   ] thread main terminated.
