[11:31:09.869] [INFO   ] thread main starting.
[11:31:09.890] [SEVERE ] cannot read configuration file config.properties trying from resources.
[11:31:09.904] [SEVERE ] configuration file was loaded from resources directory.
[11:31:11.861] [INFO   ] thread dealer starting.
[11:31:11.868] [INFO   ] thread dealer starting.
[11:31:11.869] [INFO   ] thread 0 starting.
[11:31:11.870] [INFO   ] thread 1 starting.
[11:31:11.921] [INFO   ] thread 0 starting.
[11:31:11.985] [INFO   ] thread 1 starting.
[11:31:11.988] [SEVERE ] placing card 3 in slot 8
[11:31:12.097] [SEVERE ] placing card 19 in slot 2
[11:31:12.255] [SEVERE ] placing card 25 in slot 4
[11:31:12.365] [SEVERE ] placing card 12 in slot 3
[11:31:12.475] [SEVERE ] placing card 76 in slot 11
[11:31:12.585] [SEVERE ] placing card 65 in slot 5
[11:31:12.695] [SEVERE ] placing card 30 in slot 9
[11:31:12.806] [SEVERE ] placing card 17 in slot 10
[11:31:12.913] [SEVERE ] placing card 16 in slot 0
[11:31:13.024] [SEVERE ] placing card 69 in slot 7
[11:31:13.133] [SEVERE ] placing card 21 in slot 1
[11:31:13.240] [SEVERE ] placing card 34 in slot 6
[11:31:14.254] [SEVERE ] updating countdown to 59000
[11:31:15.241] [SEVERE ] updating countdown to 58000
[11:31:15.751] [SEVERE ] key 81 was pressed by player 1
[11:31:15.752] [SEVERE ] player 1 placing token on slot 0
[11:31:16.241] [SEVERE ] updating countdown to 57000
[11:31:16.266] [SEVERE ] key 87 was pressed by player 1
[11:31:16.267] [SEVERE ] player 1 placing token on slot 1
[11:31:16.809] [SEVERE ] key 69 was pressed by player 1
[11:31:16.810] [SEVERE ] player 1 placing token on slot 2
[11:31:16.819] [SEVERE ] setting player 1 freeze to 3000
[11:31:17.241] [SEVERE ] setting player 1 freeze to 2000
[11:31:17.244] [SEVERE ] updating countdown to 56000
[11:31:18.241] [SEVERE ] setting player 1 freeze to 1000
[11:31:18.241] [SEVERE ] updating countdown to 55000
[11:31:19.240] [SEVERE ] setting player 1 freeze to 0
[11:31:19.240] [SEVERE ] updating countdown to 54000
[11:31:20.241] [SEVERE ] updating countdown to 53000
[11:31:20.575] [SEVERE ] key 69 was pressed by player 1
[11:31:20.798] [SEVERE ] key 87 was pressed by player 1
[11:31:21.053] [SEVERE ] key 81 was pressed by player 1
[11:31:21.241] [SEVERE ] updating countdown to 52000
[11:31:21.473] [SEVERE ] key 83 was pressed by player 1
[11:31:21.638] [SEVERE ] key 65 was pressed by player 1
[11:31:21.743] [SEVERE ] key 68 was pressed by player 1
[11:31:21.937] [SEVERE ] key 65 was pressed by player 1
[11:31:21.952] [SEVERE ] key 83 was pressed by player 1
[11:31:22.042] [SEVERE ] key 68 was pressed by player 1
[11:31:22.237] [SEVERE ] key 65 was pressed by player 1
[11:31:22.240] [SEVERE ] updating countdown to 51000
[11:31:22.253] [SEVERE ] key 83 was pressed by player 1
[11:31:22.388] [SEVERE ] key 68 was pressed by player 1
[11:31:23.241] [SEVERE ] updating countdown to 50000
[11:31:23.662] [SEVERE ] key 70 was pressed by player 1
[11:31:24.097] [SEVERE ] key 82 was pressed by player 1
[11:31:24.241] [SEVERE ] updating countdown to 49000
[11:31:24.487] [SEVERE ] key 81 was pressed by player 1
[11:31:24.533] [SEVERE ] key 87 was pressed by player 1
[11:31:24.712] [SEVERE ] key 69 was pressed by player 1
[11:31:24.937] [SEVERE ] key 87 was pressed by player 1
[11:31:25.028] [SEVERE ] key 69 was pressed by player 1
[11:31:25.210] [SEVERE ] key 81 was pressed by player 1
[11:31:25.240] [SEVERE ] updating countdown to 48000
[11:31:26.252] [SEVERE ] updating countdown to 47000
[11:31:27.241] [SEVERE ] updating countdown to 46000
[11:31:28.240] [SEVERE ] updating countdown to 45000
[11:31:28.351] [SEVERE ] exit button pressed
[11:31:29.250] [SEVERE ] updating countdown to 44000
[11:31:29.360] [SEVERE ] removing tokens from slot 7
[11:31:29.360] [SEVERE ] removing card from slot 7
[11:31:29.469] [SEVERE ] removing tokens from slot 9
[11:31:29.469] [SEVERE ] removing card from slot 9
[11:31:29.581] [SEVERE ] removing tokens from slot 5
[11:31:29.581] [SEVERE ] removing card from slot 5
[11:31:29.689] [SEVERE ] removing tokens from slot 0
[11:31:29.689] [SEVERE ] removing card from slot 0
[11:31:29.796] [SEVERE ] removing tokens from slot 10
[11:31:29.796] [SEVERE ] removing card from slot 10
[11:31:29.905] [SEVERE ] removing tokens from slot 4
[11:31:29.905] [SEVERE ] removing card from slot 4
[11:31:30.015] [SEVERE ] removing tokens from slot 3
[11:31:30.015] [SEVERE ] removing card from slot 3
[11:31:30.125] [SEVERE ] removing tokens from slot 11
[11:31:30.125] [SEVERE ] removing card from slot 11
[11:31:30.236] [SEVERE ] removing tokens from slot 1
[11:31:30.238] [SEVERE ] removing card from slot 1
[11:31:30.345] [SEVERE ] removing tokens from slot 6
[11:31:30.345] [SEVERE ] removing card from slot 6
[11:31:30.455] [SEVERE ] removing tokens from slot 8
[11:31:30.456] [SEVERE ] removing card from slot 8
[11:31:30.566] [SEVERE ] removing tokens from slot 2
[11:31:30.568] [SEVERE ] removing card from slot 2
[11:31:30.569] [SEVERE ] updating countdown to 60000
[11:31:30.572] [SEVERE ] announcing winner(s): player 2, player 3
[11:31:30.577] [INFO   ] thread dealer terminated.
[11:31:30.577] [SEVERE ] thanks for playing... it was fun!
[11:31:30.578] [INFO   ] thread main terminated.
