[16:28:50.225] [INFO   ] thread main starting.
[16:28:50.234] [SEVERE ] cannot read configuration file config.properties trying from resources.
[16:28:50.237] [SEVERE ] configuration file was loaded from resources directory.
[16:28:50.880] [INFO   ] thread dealer starting.
[16:28:50.882] [INFO   ] thread dealer starting.
[16:28:50.882] [INFO   ] thread 0 starting.
[16:28:50.883] [INFO   ] thread 1 starting.
[16:28:50.883] [INFO   ] thread 0 starting.
[16:28:50.884] [INFO   ] thread 1 starting.
[16:28:51.004] [SEVERE ] placing card 48 in slot 10
[16:28:51.115] [SEVERE ] placing card 72 in slot 8
[16:28:51.227] [SEVERE ] placing card 78 in slot 1
[16:28:51.336] [SEVERE ] placing card 75 in slot 0
[16:28:51.445] [SEVERE ] placing card 6 in slot 6
[16:28:51.556] [SEVERE ] placing card 33 in slot 3
[16:28:51.663] [SEVERE ] placing card 38 in slot 11
[16:28:51.771] [SEVERE ] placing card 22 in slot 4
[16:28:51.879] [SEVERE ] placing card 3 in slot 5
[16:28:51.988] [SEVERE ] placing card 13 in slot 7
[16:28:52.097] [SEVERE ] placing card 64 in slot 9
[16:28:52.207] [SEVERE ] placing card 74 in slot 2
[16:28:52.722] [SEVERE ] key 81 was pressed by player 1
[16:28:52.723] [SEVERE ] player 1 placing token on slot 0
[16:28:53.056] [SEVERE ] key 87 was pressed by player 1
[16:28:53.057] [SEVERE ] player 1 placing token on slot 1
[16:28:53.209] [SEVERE ] updating countdown to 59000
[16:28:53.436] [SEVERE ] key 69 was pressed by player 1
[16:28:53.437] [SEVERE ] player 1 placing token on slot 2
[16:28:53.445] [INFO   ] thread dealer terminated.
[16:28:54.672] [SEVERE ] key 82 was pressed by player 1
[16:28:58.450] [SEVERE ] thanks for playing... it was fun!
[16:28:58.451] [INFO   ] thread main terminated.
[16:28:58.454] [SEVERE ] disposing of user interface elements
