[16:22:48.427] [INFO   ] thread main starting.
[16:22:48.441] [SEVERE ] cannot read configuration file config.properties trying from resources.
[16:22:48.446] [SEVERE ] configuration file was loaded from resources directory.
[16:22:49.399] [INFO   ] thread dealer starting.
[16:22:49.401] [INFO   ] thread dealer starting.
[16:22:49.401] [INFO   ] thread 0 starting.
[16:22:49.402] [INFO   ] thread 1 starting.
[16:22:49.402] [INFO   ] thread 0 starting.
[16:22:49.403] [INFO   ] thread 1 starting.
[16:22:49.510] [SEVERE ] placing card 80 in slot 11
[16:22:49.618] [SEVERE ] placing card 69 in slot 1
[16:22:49.727] [SEVERE ] placing card 71 in slot 5
[16:22:49.838] [SEVERE ] placing card 27 in slot 8
[16:22:49.946] [SEVERE ] placing card 7 in slot 6
[16:22:50.056] [SEVERE ] placing card 57 in slot 9
[16:22:50.166] [SEVERE ] placing card 39 in slot 7
[16:22:50.274] [SEVERE ] placing card 77 in slot 10
[16:22:50.383] [SEVERE ] placing card 54 in slot 4
[16:22:50.492] [SEVERE ] placing card 47 in slot 0
[16:22:50.604] [SEVERE ] placing card 0 in slot 3
[16:22:50.713] [SEVERE ] placing card 78 in slot 2
[16:22:51.147] [SEVERE ] key 81 was pressed by player 1
[16:22:51.148] [SEVERE ] player 1 placing token on slot 0
[16:22:51.468] [SEVERE ] key 87 was pressed by player 1
[16:22:51.468] [SEVERE ] player 1 placing token on slot 1
[16:22:51.727] [SEVERE ] updating countdown to 59000
[16:22:51.764] [SEVERE ] key 69 was pressed by player 1
[16:22:51.765] [SEVERE ] player 1 placing token on slot 2
[16:22:51.776] [SEVERE ] setting player 1 freeze to 3000
[16:22:52.716] [SEVERE ] setting player 1 freeze to 2000
[16:22:52.721] [SEVERE ] updating countdown to 58000
[16:22:53.716] [SEVERE ] setting player 1 freeze to 1000
[16:22:53.716] [SEVERE ] updating countdown to 57000
[16:22:54.715] [SEVERE ] setting player 1 freeze to 0
[16:22:54.716] [SEVERE ] updating countdown to 56000
[16:22:55.311] [SEVERE ] key 81 was pressed by player 1
[16:22:55.716] [SEVERE ] updating countdown to 55000
[16:22:56.048] [SEVERE ] key 87 was pressed by player 1
[16:22:56.205] [SEVERE ] key 69 was pressed by player 1
[16:22:56.716] [SEVERE ] updating countdown to 54000
[16:22:57.152] [SEVERE ] key 82 was pressed by player 1
[16:22:57.716] [SEVERE ] updating countdown to 53000
[16:22:57.755] [SEVERE ] key 65 was pressed by player 1
[16:22:57.879] [SEVERE ] key 83 was pressed by player 1
[16:22:58.009] [SEVERE ] key 68 was pressed by player 1
[16:22:58.715] [SEVERE ] updating countdown to 52000
[16:22:59.715] [SEVERE ] updating countdown to 51000
[16:23:00.716] [SEVERE ] updating countdown to 50000
