[17:19:54.371] [INFO   ] thread main starting.
[17:19:54.381] [SEVERE ] cannot read configuration file config.properties trying from resources.
[17:19:54.383] [SEVERE ] configuration file was loaded from resources directory.
[17:19:55.101] [INFO   ] thread dealer starting.
[17:19:55.103] [INFO   ] thread dealer starting.
[17:19:55.103] [INFO   ] thread 0 starting.
[17:19:55.104] [INFO   ] thread 1 starting.
[17:19:55.105] [INFO   ] thread 0 starting.
[17:19:55.106] [INFO   ] thread 1 starting.
[17:19:55.217] [SEVERE ] placing card 11 in slot 4
[17:19:55.329] [SEVERE ] placing card 65 in slot 9
[17:19:55.440] [SEVERE ] placing card 26 in slot 10
[17:19:55.549] [SEVERE ] placing card 80 in slot 8
[17:19:55.660] [SEVERE ] placing card 77 in slot 2
[17:19:55.772] [SEVERE ] placing card 23 in slot 5
[17:19:55.884] [SEVERE ] placing card 56 in slot 3
[17:19:55.993] [SEVERE ] placing card 69 in slot 1
[17:19:56.104] [SEVERE ] placing card 73 in slot 0
[17:19:56.212] [SEVERE ] placing card 61 in slot 6
[17:19:56.321] [SEVERE ] placing card 16 in slot 11
[17:19:56.429] [SEVERE ] placing card 34 in slot 7
[17:19:57.441] [SEVERE ] updating countdown to 59000
[17:19:58.050] [SEVERE ] key 81 was pressed by player 1
[17:19:58.051] [SEVERE ] player 1 placing token on slot 0
[17:19:58.377] [SEVERE ] key 87 was pressed by player 1
[17:19:58.378] [SEVERE ] player 1 placing token on slot 1
[17:19:58.431] [SEVERE ] updating countdown to 58000
[17:19:58.676] [SEVERE ] key 69 was pressed by player 1
[17:19:58.689] [SEVERE ] player 1 placing token on slot 2
[17:19:59.430] [SEVERE ] updating countdown to 57000
[17:20:00.365] [SEVERE ] key 82 was pressed by player 1
[17:20:00.431] [SEVERE ] setting player 1 freeze to 2000
[17:20:00.439] [SEVERE ] updating countdown to 56000
[17:20:01.431] [SEVERE ] setting player 1 freeze to 1000
[17:20:01.432] [SEVERE ] updating countdown to 55000
[17:20:02.430] [SEVERE ] setting player 1 freeze to 0
[17:20:02.432] [SEVERE ] updating countdown to 54000
[17:20:03.220] [SEVERE ] key 81 was pressed by player 1
[17:20:03.430] [SEVERE ] updating countdown to 53000
[17:20:04.197] [SEVERE ] key 87 was pressed by player 1
[17:20:04.431] [SEVERE ] updating countdown to 52000
[17:20:04.544] [SEVERE ] key 69 was pressed by player 1
[17:20:04.865] [SEVERE ] key 82 was pressed by player 1
[17:20:05.430] [SEVERE ] updating countdown to 51000
[17:20:05.795] [SEVERE ] key 82 was pressed by player 1
[17:20:06.139] [SEVERE ] key 65 was pressed by player 1
[17:20:06.308] [SEVERE ] key 83 was pressed by player 1
[17:20:06.431] [SEVERE ] updating countdown to 50000
[17:20:06.479] [SEVERE ] key 68 was pressed by player 1
[17:20:06.900] [SEVERE ] key 90 was pressed by player 1
[17:20:06.990] [SEVERE ] key 88 was pressed by player 1
[17:20:07.116] [SEVERE ] key 67 was pressed by player 1
[17:20:07.402] [SEVERE ] key 86 was pressed by player 1
[17:20:07.431] [SEVERE ] updating countdown to 49000
[17:20:08.430] [SEVERE ] updating countdown to 48000
