[16:49:54.607] [INFO   ] thread main starting.
[16:49:54.615] [SEVERE ] cannot read configuration file config.properties trying from resources.
[16:49:54.619] [SEVERE ] configuration file was loaded from resources directory.
[16:49:55.273] [INFO   ] thread dealer starting.
[16:49:55.275] [INFO   ] thread dealer starting.
[16:49:55.275] [INFO   ] thread 0 starting.
[16:49:55.277] [INFO   ] thread 1 starting.
[16:49:55.277] [INFO   ] thread 0 starting.
[16:49:55.279] [INFO   ] thread 1 starting.
[16:49:55.384] [SEVERE ] placing card 38 in slot 0
[16:49:55.487] [SEVERE ] placing card 78 in slot 2
[16:49:55.598] [SEVERE ] placing card 13 in slot 3
[16:49:55.708] [SEVERE ] placing card 37 in slot 5
[16:49:55.817] [SEVERE ] placing card 25 in slot 9
[16:49:55.926] [SEVERE ] placing card 45 in slot 8
[16:49:56.035] [SEVERE ] placing card 55 in slot 1
[16:49:56.142] [SEVERE ] placing card 53 in slot 6
[16:49:56.249] [SEVERE ] placing card 51 in slot 11
[16:49:56.358] [SEVERE ] placing card 7 in slot 10
[16:49:56.465] [SEVERE ] placing card 11 in slot 4
[16:49:56.575] [SEVERE ] placing card 31 in slot 7
[16:49:56.655] [SEVERE ] key 81 was pressed by player 1
[16:49:56.656] [SEVERE ] player 1 placing token on slot 0
[16:49:56.771] [SEVERE ] key 87 was pressed by player 1
[16:49:56.773] [SEVERE ] player 1 placing token on slot 1
[16:49:56.873] [SEVERE ] key 69 was pressed by player 1
[16:49:56.874] [SEVERE ] player 1 placing token on slot 2
[16:49:56.882] [INFO   ] thread dealer terminated.
