[17:14:17.071] [INFO   ] thread main starting.
[17:14:17.080] [SEVERE ] cannot read configuration file config.properties trying from resources.
[17:14:17.083] [SEVERE ] configuration file was loaded from resources directory.
[17:14:17.768] [INFO   ] thread dealer starting.
[17:14:17.769] [INFO   ] thread dealer starting.
[17:14:17.770] [INFO   ] thread 0 starting.
[17:14:17.771] [INFO   ] thread 1 starting.
[17:14:17.771] [INFO   ] thread 0 starting.
[17:14:17.772] [INFO   ] thread 1 starting.
[17:14:17.882] [SEVERE ] placing card 76 in slot 9
[17:14:17.993] [SEVERE ] placing card 78 in slot 1
[17:14:18.119] [SEVERE ] placing card 35 in slot 6
[17:14:18.228] [SEVERE ] placing card 32 in slot 11
[17:14:18.340] [SEVERE ] placing card 54 in slot 8
[17:14:18.450] [SEVERE ] placing card 44 in slot 10
[17:14:18.558] [SEVERE ] placing card 1 in slot 3
[17:14:18.667] [SEVERE ] placing card 70 in slot 2
[17:14:18.780] [SEVERE ] placing card 40 in slot 0
[17:14:18.886] [SEVERE ] placing card 75 in slot 4
[17:14:18.994] [SEVERE ] placing card 80 in slot 5
[17:14:19.104] [SEVERE ] placing card 14 in slot 7
[17:14:20.132] [SEVERE ] updating countdown to 59000
