[11:40:25.499] [INFO   ] thread main starting.
[11:40:25.509] [SEVERE ] cannot read configuration file config.properties trying from resources.
[11:40:25.513] [SEVERE ] configuration file was loaded from resources directory.
[11:40:26.534] [INFO   ] thread dealer starting.
[11:40:26.535] [INFO   ] thread dealer starting.
[11:40:26.536] [INFO   ] thread 0 starting.
[11:40:26.537] [INFO   ] thread 1 starting.
[11:40:26.537] [INFO   ] thread 0 starting.
[11:40:26.537] [INFO   ] thread 1 starting.
[11:40:26.642] [SEVERE ] placing card 22 in slot 4
[11:40:26.743] [SEVERE ] placing card 80 in slot 8
[11:40:26.851] [SEVERE ] placing card 50 in slot 3
[11:40:26.953] [SEVERE ] placing card 65 in slot 0
[11:40:27.055] [SEVERE ] placing card 33 in slot 5
[11:40:27.156] [SEVERE ] placing card 58 in slot 9
[11:40:27.257] [SEVERE ] placing card 61 in slot 1
[11:40:27.359] [SEVERE ] placing card 24 in slot 10
[11:40:27.460] [SEVERE ] placing card 38 in slot 7
[11:40:27.563] [SEVERE ] placing card 30 in slot 11
[11:40:27.663] [SEVERE ] placing card 44 in slot 6
[11:40:27.763] [SEVERE ] placing card 34 in slot 2
[11:40:28.764] [SEVERE ] updating countdown to 59000
[11:40:29.764] [SEVERE ] updating countdown to 58000
[11:40:30.763] [SEVERE ] updating countdown to 57000
[11:40:31.764] [SEVERE ] updating countdown to 56000
[11:40:32.763] [SEVERE ] updating countdown to 55000
[11:40:33.764] [SEVERE ] updating countdown to 54000
[11:40:34.764] [SEVERE ] updating countdown to 53000
[11:40:35.763] [SEVERE ] updating countdown to 52000
[11:40:36.764] [SEVERE ] updating countdown to 51000
[11:40:37.763] [SEVERE ] updating countdown to 50000
[11:40:38.764] [SEVERE ] updating countdown to 49000
[11:40:39.764] [SEVERE ] updating countdown to 48000
[11:40:40.764] [SEVERE ] updating countdown to 47000
[11:40:41.764] [SEVERE ] updating countdown to 46000
[11:40:42.763] [SEVERE ] updating countdown to 45000
[11:40:43.764] [SEVERE ] updating countdown to 44000
[11:40:43.873] [SEVERE ] key 81 was pressed by player 1
[11:40:43.873] [SEVERE ] player 1 placing token on slot 0
[11:40:44.510] [SEVERE ] key 87 was pressed by player 1
[11:40:44.510] [SEVERE ] player 1 placing token on slot 1
[11:40:44.763] [SEVERE ] updating countdown to 43000
[11:40:44.862] [SEVERE ] key 69 was pressed by player 1
[11:40:44.863] [SEVERE ] player 1 placing token on slot 2
[11:40:44.863] [SEVERE ] setting player 1 freeze to 0
[11:40:45.764] [SEVERE ] updating countdown to 42000
[11:40:45.768] [SEVERE ] setting player 1 freeze to 3000
[11:40:46.764] [SEVERE ] setting player 1 freeze to 2000
[11:40:46.764] [SEVERE ] updating countdown to 41000
[11:40:47.764] [SEVERE ] setting player 1 freeze to 1000
[11:40:47.765] [SEVERE ] updating countdown to 40000
[11:40:48.763] [SEVERE ] setting player 1 freeze to 0
[11:40:48.764] [SEVERE ] updating countdown to 39000
[11:40:49.311] [SEVERE ] key 69 was pressed by player 1
[11:40:49.311] [SEVERE ] removing player 1 token from slot 2
[11:40:49.646] [SEVERE ] key 87 was pressed by player 1
[11:40:49.647] [SEVERE ] removing player 1 token from slot 1
[11:40:49.764] [SEVERE ] setting player 1 freeze to -1000
[11:40:49.764] [SEVERE ] updating countdown to 38000
[11:40:49.903] [SEVERE ] key 81 was pressed by player 1
[11:40:49.903] [SEVERE ] removing player 1 token from slot 0
[11:40:50.240] [SEVERE ] key 81 was pressed by player 1
[11:40:50.241] [SEVERE ] player 1 placing token on slot 0
[11:40:50.495] [SEVERE ] key 87 was pressed by player 1
[11:40:50.495] [SEVERE ] player 1 placing token on slot 1
[11:40:50.764] [SEVERE ] updating countdown to 37000
[11:40:50.975] [SEVERE ] key 69 was pressed by player 1
[11:40:50.975] [SEVERE ] player 1 placing token on slot 2
[11:40:50.977] [SEVERE ] setting player 1 freeze to 3000
[11:40:51.763] [SEVERE ] updating countdown to 36000
[11:40:51.763] [SEVERE ] setting player 1 freeze to 3000
[11:40:52.764] [SEVERE ] setting player 1 freeze to 2000
[11:40:52.764] [SEVERE ] updating countdown to 35000
[11:40:53.764] [SEVERE ] setting player 1 freeze to 1000
[11:40:53.766] [SEVERE ] updating countdown to 34000
[11:40:54.351] [SEVERE ] key 69 was pressed by player 1
[11:40:54.576] [SEVERE ] key 87 was pressed by player 1
[11:40:54.764] [SEVERE ] setting player 1 freeze to 0
[11:40:54.765] [SEVERE ] updating countdown to 33000
[11:40:54.782] [SEVERE ] key 81 was pressed by player 1
[11:40:54.782] [SEVERE ] removing player 1 token from slot 0
[11:40:55.764] [SEVERE ] setting player 1 freeze to -1000
[11:40:55.765] [SEVERE ] updating countdown to 32000
[11:40:55.934] [SEVERE ] key 87 was pressed by player 1
[11:40:55.935] [SEVERE ] removing player 1 token from slot 1
[11:40:56.304] [SEVERE ] key 81 was pressed by player 1
[11:40:56.305] [SEVERE ] player 1 placing token on slot 0
[11:40:56.606] [SEVERE ] key 87 was pressed by player 1
[11:40:56.608] [SEVERE ] player 1 placing token on slot 1
[11:40:56.608] [SEVERE ] setting player 1 freeze to 3000
[11:40:56.764] [SEVERE ] updating countdown to 31000
[11:40:56.765] [SEVERE ] setting player 1 freeze to 3000
[11:40:57.069] [SEVERE ] key 69 was pressed by player 1
[11:40:57.183] [SEVERE ] key 81 was pressed by player 1
[11:40:57.183] [SEVERE ] key 87 was pressed by player 1
[11:40:57.278] [SEVERE ] key 69 was pressed by player 1
[11:40:57.378] [SEVERE ] key 81 was pressed by player 1
[11:40:57.379] [SEVERE ] key 87 was pressed by player 1
[11:40:57.441] [SEVERE ] key 69 was pressed by player 1
[11:40:57.553] [SEVERE ] key 81 was pressed by player 1
[11:40:57.555] [SEVERE ] key 87 was pressed by player 1
[11:40:57.615] [SEVERE ] key 69 was pressed by player 1
[11:40:57.710] [SEVERE ] key 81 was pressed by player 1
[11:40:57.711] [SEVERE ] key 87 was pressed by player 1
[11:40:57.763] [SEVERE ] setting player 1 freeze to 2000
[11:40:57.763] [SEVERE ] updating countdown to 30000
[11:40:57.777] [SEVERE ] key 69 was pressed by player 1
[11:40:57.875] [SEVERE ] key 81 was pressed by player 1
[11:40:57.876] [SEVERE ] key 87 was pressed by player 1
[11:40:57.952] [SEVERE ] key 69 was pressed by player 1
[11:40:58.048] [SEVERE ] key 81 was pressed by player 1
[11:40:58.048] [SEVERE ] key 87 was pressed by player 1
[11:40:58.143] [SEVERE ] key 69 was pressed by player 1
[11:40:58.225] [SEVERE ] key 81 was pressed by player 1
[11:40:58.225] [SEVERE ] key 87 was pressed by player 1
[11:40:58.337] [SEVERE ] key 69 was pressed by player 1
[11:40:58.435] [SEVERE ] key 81 was pressed by player 1
[11:40:58.436] [SEVERE ] key 87 was pressed by player 1
[11:40:58.513] [SEVERE ] key 69 was pressed by player 1
[11:40:58.624] [SEVERE ] key 81 was pressed by player 1
[11:40:58.625] [SEVERE ] key 87 was pressed by player 1
[11:40:58.706] [SEVERE ] key 69 was pressed by player 1
[11:40:58.764] [SEVERE ] setting player 1 freeze to 1000
[11:40:58.764] [SEVERE ] updating countdown to 29000
[11:40:58.799] [SEVERE ] key 81 was pressed by player 1
[11:40:58.799] [SEVERE ] key 87 was pressed by player 1
[11:40:58.894] [SEVERE ] key 69 was pressed by player 1
[11:40:58.991] [SEVERE ] key 81 was pressed by player 1
[11:40:58.992] [SEVERE ] key 87 was pressed by player 1
[11:40:59.056] [SEVERE ] key 69 was pressed by player 1
[11:40:59.171] [SEVERE ] key 81 was pressed by player 1
[11:40:59.172] [SEVERE ] key 87 was pressed by player 1
[11:40:59.216] [SEVERE ] key 69 was pressed by player 1
[11:40:59.763] [SEVERE ] setting player 1 freeze to 0
[11:40:59.763] [SEVERE ] updating countdown to 28000
[11:41:00.764] [SEVERE ] setting player 1 freeze to -1000
[11:41:00.770] [SEVERE ] updating countdown to 27000
[11:41:01.763] [SEVERE ] updating countdown to 26000
[11:41:01.966] [SEVERE ] key 81 was pressed by player 1
[11:41:01.967] [SEVERE ] removing player 1 token from slot 0
[11:41:02.319] [SEVERE ] key 87 was pressed by player 1
[11:41:02.320] [SEVERE ] removing player 1 token from slot 1
[11:41:02.763] [SEVERE ] updating countdown to 25000
[11:41:02.943] [SEVERE ] key 69 was pressed by player 1
[11:41:02.943] [SEVERE ] removing player 1 token from slot 2
[11:41:03.711] [SEVERE ] key 83 was pressed by player 1
[11:41:03.712] [SEVERE ] player 1 placing token on slot 5
[11:41:03.763] [SEVERE ] updating countdown to 24000
[11:41:04.046] [SEVERE ] key 68 was pressed by player 1
[11:41:04.047] [SEVERE ] player 1 placing token on slot 6
[11:41:04.382] [SEVERE ] key 87 was pressed by player 1
[11:41:04.383] [SEVERE ] player 1 placing token on slot 1
[11:41:04.383] [SEVERE ] setting player 1 freeze to 3000
[11:41:04.763] [SEVERE ] updating countdown to 23000
[11:41:04.764] [SEVERE ] setting player 1 freeze to 3000
[11:41:05.764] [SEVERE ] setting player 1 freeze to 2000
[11:41:05.764] [SEVERE ] updating countdown to 22000
[11:41:06.764] [SEVERE ] setting player 1 freeze to 1000
[11:41:06.765] [SEVERE ] updating countdown to 21000
[11:41:06.958] [SEVERE ] key 87 was pressed by player 1
[11:41:07.215] [SEVERE ] key 83 was pressed by player 1
[11:41:07.392] [SEVERE ] key 87 was pressed by player 1
[11:41:07.552] [SEVERE ] key 83 was pressed by player 1
[11:41:07.764] [SEVERE ] setting player 1 freeze to 0
[11:41:07.765] [SEVERE ] updating countdown to 20000
[11:41:08.190] [SEVERE ] key 87 was pressed by player 1
[11:41:08.190] [SEVERE ] removing player 1 token from slot 1
[11:41:08.445] [SEVERE ] key 83 was pressed by player 1
[11:41:08.446] [SEVERE ] removing player 1 token from slot 5
[11:41:08.763] [SEVERE ] setting player 1 freeze to -1000
[11:41:08.763] [SEVERE ] updating countdown to 19000
[11:41:09.631] [SEVERE ] key 69 was pressed by player 1
[11:41:09.632] [SEVERE ] player 1 placing token on slot 2
[11:41:09.763] [SEVERE ] updating countdown to 18000
[11:41:09.903] [SEVERE ] key 87 was pressed by player 1
[11:41:09.904] [SEVERE ] player 1 placing token on slot 1
[11:41:09.904] [SEVERE ] setting player 1 freeze to 3000
[11:41:10.764] [SEVERE ] updating countdown to 17000
[11:41:10.765] [SEVERE ] setting player 1 freeze to 3000
[11:41:11.763] [SEVERE ] setting player 1 freeze to 2000
[11:41:11.764] [SEVERE ] updating countdown to 16000
[11:41:12.763] [SEVERE ] setting player 1 freeze to 1000
[11:41:12.764] [SEVERE ] updating countdown to 15000
[11:41:13.764] [SEVERE ] setting player 1 freeze to 0
[11:41:13.765] [SEVERE ] updating countdown to 14000
[11:41:13.998] [SEVERE ] key 68 was pressed by player 1
[11:41:14.000] [SEVERE ] removing player 1 token from slot 6
[11:41:14.398] [SEVERE ] key 82 was pressed by player 1
[11:41:14.403] [SEVERE ] player 1 placing token on slot 3
[11:41:14.404] [SEVERE ] setting player 1 freeze to 3000
[11:41:14.763] [SEVERE ] setting player 1 freeze to -1000
[11:41:14.764] [SEVERE ] updating countdown to 13000
[11:41:14.765] [SEVERE ] setting player 1 freeze to 3000
[11:41:15.764] [SEVERE ] setting player 1 freeze to 2000
[11:41:15.764] [SEVERE ] updating countdown to 12000
[11:41:16.764] [SEVERE ] setting player 1 freeze to 1000
[11:41:16.764] [SEVERE ] updating countdown to 11000
[11:41:17.763] [SEVERE ] setting player 1 freeze to 0
[11:41:17.763] [SEVERE ] updating countdown to 10000
[11:41:18.095] [SEVERE ] key 82 was pressed by player 1
[11:41:18.095] [SEVERE ] removing player 1 token from slot 3
[11:41:18.271] [SEVERE ] key 69 was pressed by player 1
[11:41:18.271] [SEVERE ] removing player 1 token from slot 2
[11:41:18.462] [SEVERE ] key 87 was pressed by player 1
[11:41:18.463] [SEVERE ] removing player 1 token from slot 1
[11:41:18.763] [SEVERE ] setting player 1 freeze to -1000
[11:41:18.763] [SEVERE ] updating countdown to 9000
[11:41:19.310] [SEVERE ] key 90 was pressed by player 1
[11:41:19.312] [SEVERE ] player 1 placing token on slot 8
[11:41:19.503] [SEVERE ] key 88 was pressed by player 1
[11:41:19.504] [SEVERE ] player 1 placing token on slot 9
[11:41:19.678] [SEVERE ] key 67 was pressed by player 1
[11:41:19.679] [SEVERE ] player 1 placing token on slot 10
[11:41:19.679] [SEVERE ] setting player 1 freeze to 3000
[11:41:19.764] [SEVERE ] updating countdown to 8000
[11:41:19.765] [SEVERE ] setting player 1 freeze to 3000
[11:41:20.763] [SEVERE ] setting player 1 freeze to 2000
[11:41:20.763] [SEVERE ] updating countdown to 7000
[11:41:21.764] [SEVERE ] setting player 1 freeze to 1000
[11:41:21.764] [SEVERE ] updating countdown to 6000
[11:41:22.764] [SEVERE ] setting player 1 freeze to 0
[11:41:22.772] [SEVERE ] updating countdown to 5000
[11:41:23.764] [SEVERE ] setting player 1 freeze to -1000
[11:41:24.753] [SEVERE ] updating countdown to 4000
[11:41:25.753] [SEVERE ] updating countdown to 3000
[11:41:26.754] [SEVERE ] updating countdown to 2000
[11:41:27.754] [SEVERE ] updating countdown to 1000
[11:41:28.753] [SEVERE ] updating countdown to 0
[11:41:28.764] [SEVERE ] removing player 1 token from slot 8
[11:41:28.765] [SEVERE ] removing player 1 token from slot 9
[11:41:28.765] [SEVERE ] removing player 1 token from slot 10
[11:41:28.867] [SEVERE ] removing tokens from slot 11
[11:41:28.868] [SEVERE ] removing card from slot 11
[11:41:28.969] [SEVERE ] removing tokens from slot 4
[11:41:28.970] [SEVERE ] removing card from slot 4
[11:41:29.070] [SEVERE ] removing tokens from slot 5
[11:41:29.070] [SEVERE ] removing card from slot 5
[11:41:29.172] [SEVERE ] removing tokens from slot 3
[11:41:29.172] [SEVERE ] removing card from slot 3
[11:41:29.275] [SEVERE ] removing tokens from slot 8
[11:41:29.275] [SEVERE ] removing card from slot 8
[11:41:29.380] [SEVERE ] removing tokens from slot 0
[11:41:29.380] [SEVERE ] removing card from slot 0
[11:41:29.482] [SEVERE ] removing tokens from slot 10
[11:41:29.482] [SEVERE ] removing card from slot 10
[11:41:29.583] [SEVERE ] removing tokens from slot 6
[11:41:29.583] [SEVERE ] removing card from slot 6
[11:41:29.684] [SEVERE ] removing tokens from slot 7
[11:41:29.684] [SEVERE ] removing card from slot 7
[11:41:29.786] [SEVERE ] removing tokens from slot 9
[11:41:29.787] [SEVERE ] removing card from slot 9
[11:41:29.889] [SEVERE ] removing tokens from slot 2
[11:41:29.889] [SEVERE ] removing card from slot 2
[11:41:29.991] [SEVERE ] removing tokens from slot 1
[11:41:29.991] [SEVERE ] removing card from slot 1
[11:41:29.992] [SEVERE ] updating countdown to 60000
[11:41:30.094] [SEVERE ] placing card 43 in slot 1
[11:41:30.194] [SEVERE ] placing card 48 in slot 7
[11:41:30.294] [SEVERE ] placing card 77 in slot 5
[11:41:30.395] [SEVERE ] placing card 79 in slot 6
[11:41:30.496] [SEVERE ] placing card 69 in slot 2
[11:41:30.597] [SEVERE ] placing card 3 in slot 3
[11:41:30.697] [SEVERE ] placing card 72 in slot 8
[11:41:30.797] [SEVERE ] placing card 8 in slot 4
[11:41:30.899] [SEVERE ] placing card 75 in slot 0
[11:41:31.000] [SEVERE ] placing card 59 in slot 11
[11:41:31.101] [SEVERE ] placing card 38 in slot 10
[11:41:31.201] [SEVERE ] placing card 39 in slot 9
[11:41:32.201] [SEVERE ] updating countdown to 59000
[11:41:33.202] [SEVERE ] updating countdown to 58000
[11:41:34.202] [SEVERE ] updating countdown to 57000
[11:41:35.201] [SEVERE ] updating countdown to 56000
[11:41:35.550] [SEVERE ] key 88 was pressed by player 1
[11:41:35.550] [SEVERE ] player 1 placing token on slot 9
[11:41:35.631] [SEVERE ] key 67 was pressed by player 1
[11:41:35.631] [SEVERE ] player 1 placing token on slot 10
[11:41:35.759] [SEVERE ] key 86 was pressed by player 1
[11:41:35.759] [SEVERE ] player 1 placing token on slot 11
[11:41:35.761] [SEVERE ] setting player 1 freeze to 3000
[11:41:36.202] [SEVERE ] updating countdown to 55000
[11:41:36.203] [SEVERE ] setting player 1 freeze to 3000
[11:41:37.202] [SEVERE ] setting player 1 freeze to 2000
[11:41:37.202] [SEVERE ] updating countdown to 54000
[11:41:38.202] [SEVERE ] setting player 1 freeze to 1000
[11:41:38.202] [SEVERE ] updating countdown to 53000
[11:41:39.202] [SEVERE ] setting player 1 freeze to 0
[11:41:39.202] [SEVERE ] updating countdown to 52000
[11:41:40.201] [SEVERE ] setting player 1 freeze to -1000
[11:41:40.201] [SEVERE ] updating countdown to 51000
[11:41:41.202] [SEVERE ] updating countdown to 50000
[11:41:42.202] [SEVERE ] updating countdown to 49000
[11:41:43.202] [SEVERE ] updating countdown to 48000
[11:41:43.921] [SEVERE ] key 68 was pressed by player 1
[11:41:44.202] [SEVERE ] updating countdown to 47000
[11:41:44.478] [SEVERE ] key 69 was pressed by player 1
[11:41:44.798] [SEVERE ] key 69 was pressed by player 1
[11:41:45.007] [SEVERE ] key 82 was pressed by player 1
[11:41:45.040] [SEVERE ] key 81 was pressed by player 1
[11:41:45.201] [SEVERE ] updating countdown to 46000
[11:41:45.215] [SEVERE ] key 81 was pressed by player 1
[11:41:45.261] [SEVERE ] key 87 was pressed by player 1
[11:41:45.325] [SEVERE ] key 69 was pressed by player 1
[11:41:45.582] [SEVERE ] key 81 was pressed by player 1
[11:41:45.615] [SEVERE ] key 87 was pressed by player 1
[11:41:45.710] [SEVERE ] key 82 was pressed by player 1
[11:41:45.822] [SEVERE ] key 87 was pressed by player 1
[11:41:45.870] [SEVERE ] key 69 was pressed by player 1
[11:41:45.904] [SEVERE ] key 82 was pressed by player 1
[11:41:46.202] [SEVERE ] updating countdown to 45000
[11:41:46.991] [SEVERE ] key 88 was pressed by player 1
[11:41:46.991] [SEVERE ] removing player 1 token from slot 9
[11:41:47.055] [SEVERE ] key 67 was pressed by player 1
[11:41:47.056] [SEVERE ] removing player 1 token from slot 10
[11:41:47.166] [SEVERE ] key 86 was pressed by player 1
[11:41:47.167] [SEVERE ] removing player 1 token from slot 11
[11:41:47.202] [SEVERE ] updating countdown to 44000
[11:41:48.202] [SEVERE ] updating countdown to 43000
