[12:14:51.770] [INFO   ] thread main starting.
[12:14:51.778] [SEVERE ] cannot read configuration file config.properties trying from resources.
[12:14:51.781] [SEVERE ] configuration file was loaded from resources directory.
[12:14:52.633] [INFO   ] thread dealer starting.
[12:14:52.635] [INFO   ] thread dealer starting.
[12:14:52.635] [INFO   ] thread 0 starting.
[12:14:52.636] [INFO   ] thread 1 starting.
[12:14:52.637] [INFO   ] thread 0 starting.
[12:14:52.637] [INFO   ] thread 1 starting.
[12:14:52.741] [SEVERE ] placing card 35 in slot 6
[12:14:52.842] [SEVERE ] placing card 46 in slot 3
[12:14:52.951] [SEVERE ] placing card 54 in slot 2
[12:14:53.051] [SEVERE ] placing card 1 in slot 0
[12:14:53.151] [SEVERE ] placing card 16 in slot 1
[12:14:53.252] [SEVERE ] placing card 34 in slot 10
[12:14:53.354] [SEVERE ] placing card 65 in slot 8
[12:14:53.456] [SEVERE ] placing card 8 in slot 7
[12:14:53.559] [SEVERE ] placing card 56 in slot 5
[12:14:53.660] [SEVERE ] placing card 17 in slot 11
[12:14:53.760] [SEVERE ] placing card 5 in slot 4
[12:14:53.862] [SEVERE ] placing card 74 in slot 9
[12:14:54.865] [SEVERE ] updating countdown to 59000
[12:14:55.864] [SEVERE ] updating countdown to 58000
[12:14:56.864] [SEVERE ] updating countdown to 57000
[12:14:57.863] [SEVERE ] updating countdown to 56000
[12:14:58.864] [SEVERE ] updating countdown to 55000
[12:14:59.863] [SEVERE ] updating countdown to 54000
[12:15:00.335] [SEVERE ] key 83 was pressed by player 1
[12:15:00.335] [SEVERE ] player 1 placing token on slot 5
[12:15:00.846] [SEVERE ] key 88 was pressed by player 1
[12:15:00.846] [SEVERE ] player 1 placing token on slot 9
[12:15:00.865] [SEVERE ] updating countdown to 53000
[12:15:01.438] [SEVERE ] key 90 was pressed by player 1
[12:15:01.439] [SEVERE ] player 1 placing token on slot 8
[12:15:01.444] [SEVERE ] setting player 1 freeze to 0
[12:15:01.863] [SEVERE ] updating countdown to 52000
[12:15:01.966] [SEVERE ] removing tokens from slot 5
[12:15:01.967] [SEVERE ] removing card from slot 5
[12:15:02.069] [SEVERE ] removing tokens from slot 9
[12:15:02.070] [SEVERE ] removing card from slot 9
[12:15:02.172] [SEVERE ] removing tokens from slot 8
[12:15:02.173] [SEVERE ] removing card from slot 8
[12:15:02.274] [SEVERE ] placing card 55 in slot 8
[12:15:02.376] [SEVERE ] placing card 2 in slot 5
[12:15:02.476] [SEVERE ] placing card 22 in slot 9
[12:15:02.478] [SEVERE ] updating countdown to 60000
[12:15:02.479] [SEVERE ] setting player 1 score to 1
[12:15:02.479] [SEVERE ] setting player 1 freeze to 1000
[12:15:02.864] [SEVERE ] setting player 1 freeze to 0
[12:15:02.864] [SEVERE ] updating countdown to 59000
[12:15:03.864] [SEVERE ] setting player 1 freeze to -1000
[12:15:03.864] [SEVERE ] updating countdown to 58000
[12:15:04.864] [SEVERE ] updating countdown to 57000
[12:15:05.863] [SEVERE ] updating countdown to 56000
[12:15:06.863] [SEVERE ] updating countdown to 55000
[12:15:07.864] [SEVERE ] updating countdown to 54000
[12:15:08.863] [SEVERE ] updating countdown to 53000
[12:15:09.864] [SEVERE ] updating countdown to 52000
[12:15:10.863] [SEVERE ] updating countdown to 51000
[12:15:11.863] [SEVERE ] updating countdown to 50000
[12:15:12.863] [SEVERE ] updating countdown to 49000
[12:15:12.909] [SEVERE ] key 65 was pressed by player 1
[12:15:13.864] [SEVERE ] updating countdown to 48000
[12:15:14.863] [SEVERE ] updating countdown to 47000
[12:15:15.294] [SEVERE ] key 65 was pressed by player 1
[12:15:15.598] [SEVERE ] key 83 was pressed by player 1
[12:15:15.599] [SEVERE ] removing player 1 token from slot 5
[12:15:15.760] [SEVERE ] key 68 was pressed by player 1
[12:15:15.760] [SEVERE ] player 1 placing token on slot 6
[12:15:15.761] [SEVERE ] setting player 1 freeze to 1000
[12:15:15.864] [SEVERE ] updating countdown to 46000
[12:15:15.865] [SEVERE ] setting player 1 freeze to 3000
[12:15:16.015] [SEVERE ] key 87 was pressed by player 1
[12:15:16.142] [SEVERE ] key 81 was pressed by player 1
[12:15:16.206] [SEVERE ] key 69 was pressed by player 1
[12:15:16.864] [SEVERE ] setting player 1 freeze to 2000
[12:15:16.865] [SEVERE ] updating countdown to 45000
[12:15:17.864] [SEVERE ] setting player 1 freeze to 1000
[12:15:17.865] [SEVERE ] updating countdown to 44000
[12:15:18.863] [SEVERE ] setting player 1 freeze to 0
[12:15:18.863] [SEVERE ] updating countdown to 43000
[12:15:19.213] [SEVERE ] key 68 was pressed by player 1
[12:15:19.863] [SEVERE ] setting player 1 freeze to -1000
[12:15:19.863] [SEVERE ] updating countdown to 42000
[12:15:20.397] [SEVERE ] key 88 was pressed by player 1
[12:15:20.398] [SEVERE ] removing player 1 token from slot 9
[12:15:20.622] [SEVERE ] key 65 was pressed by player 1
[12:15:20.623] [SEVERE ] player 1 placing token on slot 4
[12:15:20.624] [SEVERE ] setting player 1 freeze to 3000
[12:15:20.686] [SEVERE ] key 83 was pressed by player 1
[12:15:20.780] [SEVERE ] key 68 was pressed by player 1
[12:15:20.781] [SEVERE ] removing player 1 token from slot 6
[12:15:20.864] [SEVERE ] updating countdown to 41000
[12:15:20.967] [SEVERE ] removing tokens from slot 8
[12:15:20.967] [SEVERE ] removing card from slot 8
[12:15:21.068] [SEVERE ] removing tokens from slot 4
[12:15:21.069] [SEVERE ] removing card from slot 4
[12:15:21.170] [SEVERE ] placing card 72 in slot 8
[12:15:21.271] [SEVERE ] placing card 43 in slot 4
[12:15:21.271] [SEVERE ] updating countdown to 60000
[12:15:21.271] [SEVERE ] setting player 1 score to 2
[12:15:21.271] [SEVERE ] setting player 1 freeze to 1000
[12:15:21.863] [SEVERE ] setting player 1 freeze to 0
[12:15:21.863] [SEVERE ] updating countdown to 59000
[12:15:22.269] [SEVERE ] key 69 was pressed by player 1
[12:15:22.668] [SEVERE ] key 87 was pressed by player 1
[12:15:22.749] [SEVERE ] key 81 was pressed by player 1
[12:15:22.846] [SEVERE ] key 69 was pressed by player 1
[12:15:22.864] [SEVERE ] setting player 1 freeze to -1000
[12:15:22.864] [SEVERE ] updating countdown to 58000
[12:15:23.213] [SEVERE ] key 70 was pressed by player 1
[12:15:23.213] [SEVERE ] player 1 placing token on slot 7
[12:15:23.214] [SEVERE ] setting player 1 freeze to 1000
[12:15:23.279] [SEVERE ] key 83 was pressed by player 1
[12:15:23.280] [SEVERE ] key 68 was pressed by player 1
[12:15:23.422] [SEVERE ] key 70 was pressed by player 1
[12:15:23.424] [SEVERE ] removing player 1 token from slot 7
[12:15:23.776] [SEVERE ] key 83 was pressed by player 1
[12:15:23.777] [SEVERE ] player 1 placing token on slot 5
[12:15:23.778] [SEVERE ] setting player 1 freeze to 1000
[12:15:23.863] [SEVERE ] updating countdown to 57000
[12:15:23.864] [SEVERE ] setting player 1 freeze to 3000
[12:15:23.865] [SEVERE ] setting player 1 freeze to 3000
[12:15:23.935] [SEVERE ] key 70 was pressed by player 1
[12:15:24.365] [SEVERE ] key 68 was pressed by player 1
[12:15:24.864] [SEVERE ] setting player 1 freeze to 2000
[12:15:24.864] [SEVERE ] updating countdown to 56000
[12:15:25.864] [SEVERE ] setting player 1 freeze to 1000
[12:15:25.865] [SEVERE ] updating countdown to 55000
[12:15:26.108] [SEVERE ] key 70 was pressed by player 1
[12:15:26.846] [SEVERE ] key 68 was pressed by player 1
[12:15:26.864] [SEVERE ] setting player 1 freeze to 0
[12:15:26.865] [SEVERE ] updating countdown to 54000
[12:15:27.743] [SEVERE ] key 83 was pressed by player 1
[12:15:27.864] [SEVERE ] setting player 1 freeze to -1000
[12:15:27.864] [SEVERE ] updating countdown to 53000
[12:15:28.864] [SEVERE ] updating countdown to 52000
[12:15:29.864] [SEVERE ] updating countdown to 51000
[12:15:30.864] [SEVERE ] updating countdown to 50000
