[12:38:29.306] [INFO   ] thread main starting.
[12:38:29.313] [SEVERE ] cannot read configuration file config.properties trying from resources.
[12:38:29.317] [SEVERE ] configuration file was loaded from resources directory.
[12:38:30.103] [INFO   ] thread dealer starting.
[12:38:30.104] [INFO   ] thread dealer starting.
[12:38:30.104] [INFO   ] thread 0 starting.
[12:38:30.105] [INFO   ] thread 1 starting.
[12:38:30.106] [INFO   ] thread 0 starting.
[12:38:30.106] [INFO   ] thread 1 starting.
[12:38:30.210] [SEVERE ] placing card 15 in slot 7
[12:38:30.311] [SEVERE ] placing card 20 in slot 10
[12:38:30.421] [SEVERE ] placing card 74 in slot 11
[12:38:30.522] [SEVERE ] placing card 10 in slot 9
[12:38:30.624] [SEVERE ] placing card 54 in slot 8
[12:38:30.726] [SEVERE ] placing card 73 in slot 3
[12:38:30.830] [SEVERE ] placing card 58 in slot 0
[12:38:30.932] [SEVERE ] placing card 23 in slot 5
[12:38:31.035] [SEVERE ] placing card 64 in slot 1
[12:38:31.136] [SEVERE ] placing card 53 in slot 4
[12:38:31.237] [SEVERE ] placing card 61 in slot 2
[12:38:31.338] [SEVERE ] placing card 31 in slot 6
[12:38:32.342] [SEVERE ] updating countdown to 59000
[12:38:33.073] [SEVERE ] key 81 was pressed by player 1
[12:38:33.074] [SEVERE ] player 1 placing token on slot 0
[12:38:33.134] [SEVERE ] key 87 was pressed by player 1
[12:38:33.134] [SEVERE ] player 1 placing token on slot 1
[12:38:33.247] [SEVERE ] key 69 was pressed by player 1
[12:38:33.248] [SEVERE ] player 1 placing token on slot 2
[12:38:33.346] [SEVERE ] setting player 1 freeze to -999
[12:38:33.347] [SEVERE ] updating countdown to 58000
[12:38:33.350] [SEVERE ] setting player 1 freeze to 3000
[12:38:33.951] [SEVERE ] key 69 was pressed by player 1
[12:38:34.142] [SEVERE ] key 69 was pressed by player 1
[12:38:34.333] [SEVERE ] key 69 was pressed by player 1
[12:38:34.338] [SEVERE ] setting player 1 freeze to 2000
[12:38:34.339] [SEVERE ] updating countdown to 57000
[12:38:34.542] [SEVERE ] key 69 was pressed by player 1
[12:38:34.749] [SEVERE ] key 69 was pressed by player 1
[12:38:34.976] [SEVERE ] key 69 was pressed by player 1
[12:38:35.229] [SEVERE ] key 69 was pressed by player 1
[12:38:35.338] [SEVERE ] setting player 1 freeze to 1000
[12:38:35.340] [SEVERE ] updating countdown to 56000
[12:38:35.422] [SEVERE ] key 69 was pressed by player 1
[12:38:35.613] [SEVERE ] key 69 was pressed by player 1
[12:38:35.820] [SEVERE ] key 69 was pressed by player 1
[12:38:36.028] [SEVERE ] key 69 was pressed by player 1
[12:38:36.206] [SEVERE ] key 69 was pressed by player 1
[12:38:36.338] [SEVERE ] setting player 1 freeze to 0
[12:38:36.339] [SEVERE ] updating countdown to 55000
[12:38:36.428] [SEVERE ] key 69 was pressed by player 1
[12:38:36.429] [SEVERE ] removing player 1 token from slot 2
[12:38:36.429] [SEVERE ] setting player 1 freeze to 3000
[12:38:36.621] [SEVERE ] key 69 was pressed by player 1
[12:38:36.622] [SEVERE ] player 1 placing token on slot 2
[12:38:36.815] [SEVERE ] key 69 was pressed by player 1
[12:38:36.989] [SEVERE ] key 69 was pressed by player 1
[12:38:37.166] [SEVERE ] key 69 was pressed by player 1
[12:38:37.339] [SEVERE ] setting player 1 freeze to -999
[12:38:37.340] [SEVERE ] updating countdown to 54000
[12:38:37.357] [SEVERE ] key 69 was pressed by player 1
[12:38:37.358] [SEVERE ] removing player 1 token from slot 2
[12:38:37.549] [SEVERE ] key 69 was pressed by player 1
[12:38:37.550] [SEVERE ] player 1 placing token on slot 2
[12:38:37.743] [SEVERE ] key 69 was pressed by player 1
[12:38:37.933] [SEVERE ] key 69 was pressed by player 1
[12:38:38.125] [SEVERE ] key 69 was pressed by player 1
[12:38:38.333] [SEVERE ] key 69 was pressed by player 1
[12:38:38.338] [SEVERE ] setting player 1 freeze to -999
[12:38:38.338] [SEVERE ] updating countdown to 53000
[12:38:38.339] [SEVERE ] setting player 1 freeze to 3000
[12:38:38.541] [SEVERE ] key 69 was pressed by player 1
[12:38:38.733] [SEVERE ] key 69 was pressed by player 1
[12:38:38.941] [SEVERE ] key 69 was pressed by player 1
[12:38:39.116] [SEVERE ] key 69 was pressed by player 1
[12:38:39.338] [SEVERE ] setting player 1 freeze to 2000
[12:38:39.341] [SEVERE ] updating countdown to 52000
[12:38:40.338] [SEVERE ] setting player 1 freeze to 1000
[12:38:40.338] [SEVERE ] updating countdown to 51000
[12:38:40.908] [SEVERE ] key 69 was pressed by player 1
[12:38:41.101] [SEVERE ] key 69 was pressed by player 1
[12:38:41.293] [SEVERE ] key 69 was pressed by player 1
[12:38:41.339] [SEVERE ] setting player 1 freeze to 0
[12:38:41.340] [SEVERE ] updating countdown to 50000
[12:38:41.502] [SEVERE ] key 69 was pressed by player 1
[12:38:41.503] [SEVERE ] removing player 1 token from slot 2
[12:38:41.504] [SEVERE ] setting player 1 freeze to 3000
[12:38:41.677] [SEVERE ] key 69 was pressed by player 1
[12:38:41.678] [SEVERE ] player 1 placing token on slot 2
[12:38:41.869] [SEVERE ] key 69 was pressed by player 1
[12:38:42.046] [SEVERE ] key 69 was pressed by player 1
[12:38:42.237] [SEVERE ] key 69 was pressed by player 1
[12:38:42.338] [SEVERE ] setting player 1 freeze to -999
[12:38:42.339] [SEVERE ] updating countdown to 49000
[12:38:42.428] [SEVERE ] key 69 was pressed by player 1
[12:38:42.429] [SEVERE ] removing player 1 token from slot 2
[12:38:42.623] [SEVERE ] key 69 was pressed by player 1
[12:38:42.625] [SEVERE ] player 1 placing token on slot 2
[12:38:42.781] [SEVERE ] key 69 was pressed by player 1
[12:38:43.339] [SEVERE ] setting player 1 freeze to -999
[12:38:43.340] [SEVERE ] updating countdown to 48000
[12:38:43.341] [SEVERE ] setting player 1 freeze to 3000
