[12:23:20.104] [INFO   ] thread main starting.
[12:23:20.112] [SEVERE ] cannot read configuration file config.properties trying from resources.
[12:23:20.115] [SEVERE ] configuration file was loaded from resources directory.
[12:23:20.922] [INFO   ] thread dealer starting.
[12:23:20.923] [INFO   ] thread dealer starting.
[12:23:20.924] [INFO   ] thread 0 starting.
[12:23:20.925] [INFO   ] thread 1 starting.
[12:23:20.925] [INFO   ] thread 0 starting.
[12:23:20.926] [INFO   ] thread 1 starting.
[12:23:21.031] [SEVERE ] placing card 48 in slot 8
[12:23:21.133] [SEVERE ] placing card 12 in slot 9
[12:23:21.244] [SEVERE ] placing card 61 in slot 7
[12:23:21.344] [SEVERE ] placing card 4 in slot 2
[12:23:21.445] [SEVERE ] placing card 24 in slot 10
[12:23:21.545] [SEVERE ] placing card 64 in slot 6
[12:23:21.646] [SEVERE ] placing card 51 in slot 0
[12:23:21.746] [SEVERE ] placing card 3 in slot 1
[12:23:21.848] [SEVERE ] placing card 73 in slot 5
[12:23:21.951] [SEVERE ] placing card 32 in slot 4
[12:23:22.052] [SEVERE ] placing card 47 in slot 3
[12:23:22.153] [SEVERE ] placing card 67 in slot 11
[12:23:22.686] [SEVERE ] key 81 was pressed by player 1
[12:23:22.687] [SEVERE ] player 1 placing token on slot 0
[12:23:22.957] [SEVERE ] key 87 was pressed by player 1
[12:23:22.957] [SEVERE ] player 1 placing token on slot 1
[12:23:23.155] [SEVERE ] updating countdown to 59000
[12:23:23.181] [SEVERE ] key 69 was pressed by player 1
[12:23:23.181] [SEVERE ] player 1 placing token on slot 2
[12:23:23.184] [SEVERE ] setting player 1 freeze to 0
[12:23:24.154] [SEVERE ] updating countdown to 58000
[12:23:24.159] [SEVERE ] setting player 1 freeze to 3000
[12:23:25.154] [SEVERE ] setting player 1 freeze to 2000
[12:23:25.155] [SEVERE ] updating countdown to 57000
[12:23:26.154] [SEVERE ] setting player 1 freeze to 1000
[12:23:26.156] [SEVERE ] updating countdown to 56000
[12:23:27.154] [SEVERE ] setting player 1 freeze to 0
[12:23:27.155] [SEVERE ] updating countdown to 55000
[12:23:27.278] [SEVERE ] key 81 was pressed by player 1
[12:23:27.279] [SEVERE ] removing player 1 token from slot 0
[12:23:27.693] [SEVERE ] key 87 was pressed by player 1
[12:23:27.694] [SEVERE ] removing player 1 token from slot 1
[12:23:27.983] [SEVERE ] key 69 was pressed by player 1
[12:23:27.984] [SEVERE ] removing player 1 token from slot 2
[12:23:28.153] [SEVERE ] setting player 1 freeze to -1000
[12:23:28.153] [SEVERE ] updating countdown to 54000
[12:23:28.445] [SEVERE ] key 81 was pressed by player 1
[12:23:28.447] [SEVERE ] player 1 placing token on slot 0
[12:23:28.734] [SEVERE ] key 87 was pressed by player 1
[12:23:28.735] [SEVERE ] player 1 placing token on slot 1
[12:23:28.989] [SEVERE ] key 69 was pressed by player 1
[12:23:28.989] [SEVERE ] player 1 placing token on slot 2
[12:23:28.991] [SEVERE ] setting player 1 freeze to 3000
[12:23:29.153] [SEVERE ] updating countdown to 53000
[12:23:29.154] [SEVERE ] setting player 1 freeze to 3000
[12:23:30.154] [SEVERE ] setting player 1 freeze to 2000
[12:23:30.155] [SEVERE ] updating countdown to 52000
[12:23:31.153] [SEVERE ] setting player 1 freeze to 1000
[12:23:31.153] [SEVERE ] updating countdown to 51000
[12:23:31.629] [SEVERE ] key 69 was pressed by player 1
[12:23:32.154] [SEVERE ] setting player 1 freeze to 0
[12:23:32.155] [SEVERE ] updating countdown to 50000
[12:23:32.623] [SEVERE ] key 69 was pressed by player 1
[12:23:32.623] [SEVERE ] removing player 1 token from slot 2
[12:23:32.988] [SEVERE ] key 87 was pressed by player 1
[12:23:32.990] [SEVERE ] removing player 1 token from slot 1
[12:23:33.154] [SEVERE ] setting player 1 freeze to -1000
[12:23:33.154] [SEVERE ] updating countdown to 49000
[12:23:33.278] [SEVERE ] key 81 was pressed by player 1
[12:23:33.279] [SEVERE ] removing player 1 token from slot 0
[12:23:33.725] [SEVERE ] key 81 was pressed by player 1
[12:23:33.725] [SEVERE ] player 1 placing token on slot 0
[12:23:34.061] [SEVERE ] key 87 was pressed by player 1
[12:23:34.062] [SEVERE ] player 1 placing token on slot 1
[12:23:34.153] [SEVERE ] updating countdown to 48000
[12:23:34.397] [SEVERE ] key 69 was pressed by player 1
[12:23:34.398] [SEVERE ] player 1 placing token on slot 2
[12:23:34.399] [SEVERE ] setting player 1 freeze to 3000
[12:23:35.154] [SEVERE ] updating countdown to 47000
[12:23:35.155] [SEVERE ] setting player 1 freeze to 3000
[12:23:35.886] [SEVERE ] key 87 was pressed by player 1
[12:23:36.093] [SEVERE ] key 87 was pressed by player 1
[12:23:36.153] [SEVERE ] setting player 1 freeze to 2000
[12:23:36.154] [SEVERE ] updating countdown to 46000
[12:23:36.269] [SEVERE ] key 87 was pressed by player 1
[12:23:36.462] [SEVERE ] key 87 was pressed by player 1
[12:23:36.653] [SEVERE ] key 87 was pressed by player 1
[12:23:36.814] [SEVERE ] key 87 was pressed by player 1
[12:23:37.021] [SEVERE ] key 87 was pressed by player 1
[12:23:37.154] [SEVERE ] setting player 1 freeze to 1000
[12:23:37.154] [SEVERE ] updating countdown to 45000
[12:23:37.213] [SEVERE ] key 87 was pressed by player 1
[12:23:37.405] [SEVERE ] key 87 was pressed by player 1
[12:23:37.598] [SEVERE ] key 87 was pressed by player 1
[12:23:38.153] [SEVERE ] setting player 1 freeze to 0
[12:23:38.153] [SEVERE ] updating countdown to 44000
[12:23:38.959] [SEVERE ] key 87 was pressed by player 1
[12:23:38.959] [SEVERE ] removing player 1 token from slot 1
[12:23:39.154] [SEVERE ] setting player 1 freeze to -1000
[12:23:39.154] [SEVERE ] updating countdown to 43000
[12:23:39.309] [SEVERE ] key 81 was pressed by player 1
[12:23:39.309] [SEVERE ] removing player 1 token from slot 0
[12:23:39.662] [SEVERE ] key 69 was pressed by player 1
[12:23:39.663] [SEVERE ] removing player 1 token from slot 2
[12:23:39.997] [SEVERE ] key 69 was pressed by player 1
[12:23:39.997] [SEVERE ] player 1 placing token on slot 2
[12:23:40.153] [SEVERE ] updating countdown to 42000
[12:23:40.237] [SEVERE ] key 87 was pressed by player 1
[12:23:40.238] [SEVERE ] player 1 placing token on slot 1
[12:23:40.588] [SEVERE ] key 81 was pressed by player 1
[12:23:40.589] [SEVERE ] player 1 placing token on slot 0
[12:23:40.590] [SEVERE ] setting player 1 freeze to 3000
[12:23:40.861] [SEVERE ] key 81 was pressed by player 1
[12:23:40.861] [SEVERE ] removing player 1 token from slot 0
[12:23:41.038] [SEVERE ] key 81 was pressed by player 1
[12:23:41.038] [SEVERE ] player 1 placing token on slot 0
[12:23:41.039] [SEVERE ] setting player 1 freeze to 3000
[12:23:41.154] [SEVERE ] updating countdown to 41000
[12:23:41.154] [SEVERE ] setting player 1 freeze to 3000
[12:23:41.157] [SEVERE ] setting player 1 freeze to 3000
[12:23:41.247] [SEVERE ] key 81 was pressed by player 1
[12:23:41.424] [SEVERE ] key 81 was pressed by player 1
[12:23:41.597] [SEVERE ] key 81 was pressed by player 1
[12:23:41.821] [SEVERE ] key 81 was pressed by player 1
[12:23:41.981] [SEVERE ] key 87 was pressed by player 1
[12:23:42.141] [SEVERE ] key 69 was pressed by player 1
[12:23:42.153] [SEVERE ] setting player 1 freeze to 2000
[12:23:42.153] [SEVERE ] updating countdown to 40000
[12:23:42.365] [SEVERE ] key 81 was pressed by player 1
[12:23:42.477] [SEVERE ] key 87 was pressed by player 1
[12:23:42.605] [SEVERE ] key 69 was pressed by player 1
[12:23:42.846] [SEVERE ] key 81 was pressed by player 1
[12:23:42.925] [SEVERE ] key 87 was pressed by player 1
[12:23:43.021] [SEVERE ] key 69 was pressed by player 1
[12:23:43.153] [SEVERE ] setting player 1 freeze to 1000
[12:23:43.154] [SEVERE ] updating countdown to 39000
[12:23:43.213] [SEVERE ] key 81 was pressed by player 1
[12:23:43.261] [SEVERE ] key 87 was pressed by player 1
[12:23:43.357] [SEVERE ] key 69 was pressed by player 1
[12:23:43.565] [SEVERE ] key 81 was pressed by player 1
[12:23:43.614] [SEVERE ] key 87 was pressed by player 1
[12:23:43.710] [SEVERE ] key 69 was pressed by player 1
[12:23:44.154] [SEVERE ] setting player 1 freeze to 0
[12:23:44.155] [SEVERE ] updating countdown to 38000
[12:23:44.461] [SEVERE ] key 81 was pressed by player 1
[12:23:44.461] [SEVERE ] removing player 1 token from slot 0
[12:23:44.798] [SEVERE ] key 81 was pressed by player 1
[12:23:44.798] [SEVERE ] player 1 placing token on slot 0
[12:23:44.799] [SEVERE ] setting player 1 freeze to 3000
[12:23:45.153] [SEVERE ] setting player 1 freeze to -1000
[12:23:45.154] [SEVERE ] updating countdown to 37000
[12:23:45.156] [SEVERE ] setting player 1 freeze to 3000
[12:23:45.181] [SEVERE ] key 81 was pressed by player 1
[12:23:45.406] [SEVERE ] key 81 was pressed by player 1
[12:23:45.614] [SEVERE ] key 81 was pressed by player 1
[12:23:46.014] [SEVERE ] key 81 was pressed by player 1
[12:23:46.154] [SEVERE ] setting player 1 freeze to 2000
[12:23:46.154] [SEVERE ] updating countdown to 36000
[12:23:46.238] [SEVERE ] key 87 was pressed by player 1
[12:23:46.430] [SEVERE ] key 69 was pressed by player 1
[12:23:46.828] [SEVERE ] key 69 was pressed by player 1
[12:23:47.006] [SEVERE ] key 69 was pressed by player 1
[12:23:47.154] [SEVERE ] setting player 1 freeze to 1000
[12:23:47.154] [SEVERE ] updating countdown to 35000
[12:23:47.181] [SEVERE ] key 87 was pressed by player 1
[12:23:47.373] [SEVERE ] key 81 was pressed by player 1
[12:23:47.581] [SEVERE ] key 87 was pressed by player 1
[12:23:47.772] [SEVERE ] key 69 was pressed by player 1
[12:23:47.966] [SEVERE ] key 69 was pressed by player 1
[12:23:48.153] [SEVERE ] setting player 1 freeze to 0
[12:23:48.154] [SEVERE ] updating countdown to 34000
[12:23:48.350] [SEVERE ] key 87 was pressed by player 1
[12:23:48.350] [SEVERE ] removing player 1 token from slot 1
[12:23:48.765] [SEVERE ] key 87 was pressed by player 1
[12:23:48.765] [SEVERE ] player 1 placing token on slot 1
[12:23:48.766] [SEVERE ] setting player 1 freeze to 3000
[12:23:49.134] [SEVERE ] key 87 was pressed by player 1
[12:23:49.134] [SEVERE ] removing player 1 token from slot 1
[12:23:49.154] [SEVERE ] setting player 1 freeze to -1000
[12:23:49.155] [SEVERE ] updating countdown to 33000
[12:23:49.257] [SEVERE ] removing tokens from slot 2
[12:23:49.258] [SEVERE ] removing card from slot 2
[12:23:49.359] [SEVERE ] removing tokens from slot 0
[12:23:49.360] [SEVERE ] removing card from slot 0
[12:23:49.360] [SEVERE ] removing player 1 token from slot 2
[12:23:49.361] [SEVERE ] removing player 1 token from slot 0
[12:23:49.407] [SEVERE ] key 87 was pressed by player 1
[12:23:49.408] [SEVERE ] player 1 placing token on slot 1
[12:23:49.462] [SEVERE ] placing card 68 in slot 2
[12:23:49.564] [SEVERE ] placing card 72 in slot 0
[12:23:49.565] [SEVERE ] updating countdown to 60000
[12:23:49.566] [SEVERE ] setting player 1 score to 1
[12:23:49.567] [SEVERE ] setting player 1 freeze to 1000
[12:23:49.822] [SEVERE ] key 87 was pressed by player 1
[12:23:50.077] [SEVERE ] key 87 was pressed by player 1
[12:23:50.154] [SEVERE ] setting player 1 freeze to 0
[12:23:50.154] [SEVERE ] updating countdown to 59000
[12:23:50.381] [SEVERE ] key 87 was pressed by player 1
[12:23:50.381] [SEVERE ] removing player 1 token from slot 1
[12:23:50.621] [SEVERE ] key 81 was pressed by player 1
[12:23:50.621] [SEVERE ] player 1 placing token on slot 0
[12:23:50.845] [SEVERE ] key 87 was pressed by player 1
[12:23:50.845] [SEVERE ] player 1 placing token on slot 1
[12:23:50.956] [SEVERE ] key 69 was pressed by player 1
[12:23:50.957] [SEVERE ] player 1 placing token on slot 2
[12:23:50.957] [SEVERE ] setting player 1 freeze to 1000
[12:23:51.153] [SEVERE ] setting player 1 freeze to -1000
[12:23:51.153] [SEVERE ] updating countdown to 58000
[12:23:51.154] [SEVERE ] setting player 1 freeze to 3000
[12:23:51.197] [SEVERE ] key 81 was pressed by player 1
[12:23:51.310] [SEVERE ] key 87 was pressed by player 1
[12:23:51.421] [SEVERE ] key 69 was pressed by player 1
[12:23:51.711] [SEVERE ] key 81 was pressed by player 1
[12:23:51.774] [SEVERE ] key 87 was pressed by player 1
[12:23:51.869] [SEVERE ] key 69 was pressed by player 1
[12:23:52.153] [SEVERE ] setting player 1 freeze to 2000
[12:23:52.154] [SEVERE ] updating countdown to 57000
[12:23:52.174] [SEVERE ] key 81 was pressed by player 1
[12:23:52.254] [SEVERE ] key 87 was pressed by player 1
[12:23:52.366] [SEVERE ] key 69 was pressed by player 1
[12:23:52.638] [SEVERE ] key 81 was pressed by player 1
[12:23:52.734] [SEVERE ] key 87 was pressed by player 1
[12:23:52.815] [SEVERE ] key 69 was pressed by player 1
[12:23:53.150] [SEVERE ] key 81 was pressed by player 1
[12:23:53.154] [SEVERE ] setting player 1 freeze to 1000
[12:23:53.155] [SEVERE ] updating countdown to 56000
[12:23:53.197] [SEVERE ] key 87 was pressed by player 1
[12:23:53.294] [SEVERE ] key 69 was pressed by player 1
[12:23:53.597] [SEVERE ] key 81 was pressed by player 1
[12:23:53.645] [SEVERE ] key 87 was pressed by player 1
[12:23:53.758] [SEVERE ] key 69 was pressed by player 1
[12:23:54.046] [SEVERE ] key 81 was pressed by player 1
[12:23:54.110] [SEVERE ] key 87 was pressed by player 1
[12:23:54.153] [SEVERE ] setting player 1 freeze to 0
[12:23:54.154] [SEVERE ] updating countdown to 55000
[12:23:54.205] [SEVERE ] key 69 was pressed by player 1
[12:23:54.206] [SEVERE ] removing player 1 token from slot 2
[12:23:54.429] [SEVERE ] key 81 was pressed by player 1
[12:23:54.429] [SEVERE ] removing player 1 token from slot 0
[12:23:54.492] [SEVERE ] key 87 was pressed by player 1
[12:23:54.493] [SEVERE ] removing player 1 token from slot 1
[12:23:54.574] [SEVERE ] key 69 was pressed by player 1
[12:23:54.574] [SEVERE ] player 1 placing token on slot 2
[12:23:54.765] [SEVERE ] key 81 was pressed by player 1
[12:23:54.765] [SEVERE ] player 1 placing token on slot 0
[12:23:54.813] [SEVERE ] key 87 was pressed by player 1
[12:23:54.813] [SEVERE ] player 1 placing token on slot 1
[12:23:54.813] [SEVERE ] setting player 1 freeze to 3000
[12:23:54.892] [SEVERE ] key 69 was pressed by player 1
[12:23:54.893] [SEVERE ] removing player 1 token from slot 2
[12:23:55.068] [SEVERE ] key 81 was pressed by player 1
[12:23:55.069] [SEVERE ] removing player 1 token from slot 0
[12:23:55.132] [SEVERE ] key 87 was pressed by player 1
[12:23:55.133] [SEVERE ] removing player 1 token from slot 1
[12:23:55.154] [SEVERE ] setting player 1 freeze to -1000
[12:23:55.154] [SEVERE ] updating countdown to 54000
[12:23:55.155] [SEVERE ] setting player 1 freeze to 3000
[12:23:55.197] [SEVERE ] key 69 was pressed by player 1
[12:23:55.405] [SEVERE ] key 81 was pressed by player 1
[12:23:55.453] [SEVERE ] key 87 was pressed by player 1
[12:23:55.532] [SEVERE ] key 69 was pressed by player 1
[12:23:55.741] [SEVERE ] key 81 was pressed by player 1
[12:23:55.788] [SEVERE ] key 87 was pressed by player 1
[12:23:55.870] [SEVERE ] key 69 was pressed by player 1
[12:23:56.078] [SEVERE ] key 81 was pressed by player 1
[12:23:56.154] [SEVERE ] setting player 1 freeze to 2000
[12:23:56.154] [SEVERE ] updating countdown to 53000
[12:23:56.173] [SEVERE ] key 87 was pressed by player 1
[12:23:56.254] [SEVERE ] key 69 was pressed by player 1
[12:23:57.154] [SEVERE ] setting player 1 freeze to 1000
[12:23:57.155] [SEVERE ] updating countdown to 52000
[12:23:58.154] [SEVERE ] setting player 1 freeze to 0
[12:23:58.154] [SEVERE ] updating countdown to 51000
[12:23:58.542] [SEVERE ] key 81 was pressed by player 1
[12:23:58.542] [SEVERE ] player 1 placing token on slot 0
[12:23:58.589] [SEVERE ] key 87 was pressed by player 1
[12:23:58.590] [SEVERE ] player 1 placing token on slot 1
[12:23:58.706] [SEVERE ] key 69 was pressed by player 1
[12:23:58.706] [SEVERE ] player 1 placing token on slot 2
[12:23:58.707] [SEVERE ] setting player 1 freeze to 3000
[12:23:59.038] [SEVERE ] key 81 was pressed by player 1
[12:23:59.038] [SEVERE ] removing player 1 token from slot 0
[12:23:59.118] [SEVERE ] key 87 was pressed by player 1
[12:23:59.118] [SEVERE ] removing player 1 token from slot 1
[12:23:59.153] [SEVERE ] setting player 1 freeze to -1000
[12:23:59.153] [SEVERE ] updating countdown to 50000
[12:23:59.155] [SEVERE ] setting player 1 freeze to 3000
[12:23:59.199] [SEVERE ] key 69 was pressed by player 1
[12:23:59.485] [SEVERE ] key 81 was pressed by player 1
[12:23:59.551] [SEVERE ] key 87 was pressed by player 1
[12:23:59.630] [SEVERE ] key 69 was pressed by player 1
[12:23:59.917] [SEVERE ] key 81 was pressed by player 1
[12:23:59.982] [SEVERE ] key 87 was pressed by player 1
[12:24:00.062] [SEVERE ] key 69 was pressed by player 1
[12:24:00.154] [SEVERE ] setting player 1 freeze to 2000
[12:24:00.155] [SEVERE ] updating countdown to 49000
[12:24:01.154] [SEVERE ] setting player 1 freeze to 1000
[12:24:01.154] [SEVERE ] updating countdown to 48000
[12:24:02.154] [SEVERE ] setting player 1 freeze to 0
[12:24:02.155] [SEVERE ] updating countdown to 47000
[12:24:02.525] [SEVERE ] key 87 was pressed by player 1
[12:24:02.526] [SEVERE ] player 1 placing token on slot 1
[12:24:02.671] [SEVERE ] key 81 was pressed by player 1
[12:24:02.671] [SEVERE ] player 1 placing token on slot 0
[12:24:02.671] [SEVERE ] setting player 1 freeze to 3000
[12:24:02.797] [SEVERE ] key 87 was pressed by player 1
[12:24:02.799] [SEVERE ] removing player 1 token from slot 1
[12:24:02.879] [SEVERE ] key 69 was pressed by player 1
[12:24:02.880] [SEVERE ] removing player 1 token from slot 2
[12:24:03.101] [SEVERE ] key 87 was pressed by player 1
[12:24:03.102] [SEVERE ] player 1 placing token on slot 1
[12:24:03.153] [SEVERE ] setting player 1 freeze to -1000
[12:24:03.153] [SEVERE ] updating countdown to 46000
[12:24:03.174] [SEVERE ] key 69 was pressed by player 1
[12:24:03.174] [SEVERE ] player 1 placing token on slot 2
[12:24:03.175] [SEVERE ] setting player 1 freeze to 3000
[12:24:03.255] [SEVERE ] removing tokens from slot 0
[12:24:03.256] [SEVERE ] removing card from slot 0
[12:24:03.357] [SEVERE ] removing tokens from slot 1
[12:24:03.357] [SEVERE ] removing card from slot 1
[12:24:03.357] [SEVERE ] removing player 1 token from slot 0
[12:24:03.358] [SEVERE ] removing player 1 token from slot 1
[12:24:03.358] [SEVERE ] removing player 1 token from slot 2
[12:24:03.362] [SEVERE ] key 81 was pressed by player 1
[12:24:03.362] [SEVERE ] player 1 placing token on slot 0
[12:24:03.363] [SEVERE ] key 87 was pressed by player 1
[12:24:03.363] [SEVERE ] player 1 placing token on slot 1
[12:24:03.404] [SEVERE ] key 69 was pressed by player 1
[12:24:03.404] [SEVERE ] player 1 placing token on slot 2
[12:24:03.405] [SEVERE ] setting player 1 freeze to 3000
[12:24:03.459] [SEVERE ] placing card 2 in slot 1
[12:24:03.560] [SEVERE ] placing card 44 in slot 0
[12:24:03.560] [SEVERE ] updating countdown to 60000
[12:24:03.560] [SEVERE ] setting player 1 score to 2
[12:24:03.560] [SEVERE ] setting player 1 freeze to 1000
[12:24:03.561] [SEVERE ] setting player 1 freeze to 3000
[12:24:03.561] [SEVERE ] setting player 1 freeze to 3000
[12:24:03.581] [SEVERE ] key 81 was pressed by player 1
[12:24:03.630] [SEVERE ] key 87 was pressed by player 1
[12:24:03.630] [SEVERE ] key 69 was pressed by player 1
[12:24:03.854] [SEVERE ] key 81 was pressed by player 1
[12:24:03.855] [SEVERE ] key 87 was pressed by player 1
[12:24:03.869] [SEVERE ] key 69 was pressed by player 1
[12:24:04.046] [SEVERE ] key 81 was pressed by player 1
[12:24:04.154] [SEVERE ] setting player 1 freeze to 2000
[12:24:04.154] [SEVERE ] updating countdown to 59000
[12:24:04.173] [SEVERE ] key 69 was pressed by player 1
[12:24:04.317] [SEVERE ] key 81 was pressed by player 1
[12:24:04.398] [SEVERE ] key 87 was pressed by player 1
[12:24:04.430] [SEVERE ] key 69 was pressed by player 1
[12:24:05.153] [SEVERE ] setting player 1 freeze to 1000
[12:24:05.153] [SEVERE ] updating countdown to 58000
[12:24:06.154] [SEVERE ] setting player 1 freeze to 0
[12:24:06.155] [SEVERE ] updating countdown to 57000
[12:24:06.668] [SEVERE ] key 87 was pressed by player 1
[12:24:06.668] [SEVERE ] removing player 1 token from slot 1
[12:24:06.814] [SEVERE ] key 81 was pressed by player 1
[12:24:06.814] [SEVERE ] removing player 1 token from slot 0
[12:24:06.815] [SEVERE ] key 69 was pressed by player 1
[12:24:06.815] [SEVERE ] removing player 1 token from slot 2
[12:24:06.957] [SEVERE ] key 81 was pressed by player 1
[12:24:06.957] [SEVERE ] player 1 placing token on slot 0
[12:24:07.054] [SEVERE ] key 87 was pressed by player 1
[12:24:07.054] [SEVERE ] player 1 placing token on slot 1
[12:24:07.054] [SEVERE ] key 69 was pressed by player 1
[12:24:07.055] [SEVERE ] player 1 placing token on slot 2
[12:24:07.055] [SEVERE ] setting player 1 freeze to 3000
[12:24:07.153] [SEVERE ] setting player 1 freeze to -1000
[12:24:07.153] [SEVERE ] updating countdown to 56000
[12:24:07.153] [SEVERE ] setting player 1 freeze to 3000
[12:24:07.197] [SEVERE ] key 81 was pressed by player 1
[12:24:07.229] [SEVERE ] key 87 was pressed by player 1
[12:24:07.309] [SEVERE ] key 69 was pressed by player 1
[12:24:07.407] [SEVERE ] key 81 was pressed by player 1
[12:24:07.408] [SEVERE ] key 87 was pressed by player 1
[12:24:07.518] [SEVERE ] key 69 was pressed by player 1
[12:24:07.629] [SEVERE ] key 81 was pressed by player 1
[12:24:07.933] [SEVERE ] key 87 was pressed by player 1
[12:24:07.981] [SEVERE ] key 81 was pressed by player 1
[12:24:08.154] [SEVERE ] setting player 1 freeze to 2000
[12:24:08.154] [SEVERE ] updating countdown to 55000
[12:24:08.176] [SEVERE ] key 87 was pressed by player 1
[12:24:08.287] [SEVERE ] key 81 was pressed by player 1
[12:24:08.461] [SEVERE ] key 87 was pressed by player 1
[12:24:08.509] [SEVERE ] key 69 was pressed by player 1
[12:24:08.654] [SEVERE ] key 81 was pressed by player 1
[12:24:08.685] [SEVERE ] key 87 was pressed by player 1
[12:24:08.782] [SEVERE ] key 69 was pressed by player 1
[12:24:09.154] [SEVERE ] setting player 1 freeze to 1000
[12:24:09.155] [SEVERE ] updating countdown to 54000
[12:24:09.310] [SEVERE ] key 81 was pressed by player 1
[12:24:09.646] [SEVERE ] key 87 was pressed by player 1
[12:24:09.693] [SEVERE ] key 81 was pressed by player 1
[12:24:09.902] [SEVERE ] key 87 was pressed by player 1
[12:24:10.109] [SEVERE ] key 81 was pressed by player 1
[12:24:10.153] [SEVERE ] setting player 1 freeze to 0
[12:24:10.153] [SEVERE ] updating countdown to 53000
[12:24:10.271] [SEVERE ] key 87 was pressed by player 1
[12:24:10.272] [SEVERE ] removing player 1 token from slot 1
[12:24:10.397] [SEVERE ] key 81 was pressed by player 1
[12:24:10.397] [SEVERE ] removing player 1 token from slot 0
[12:24:10.509] [SEVERE ] key 87 was pressed by player 1
[12:24:10.509] [SEVERE ] player 1 placing token on slot 1
[12:24:10.607] [SEVERE ] key 69 was pressed by player 1
[12:24:10.608] [SEVERE ] removing player 1 token from slot 2
[12:24:10.686] [SEVERE ] key 81 was pressed by player 1
[12:24:10.686] [SEVERE ] player 1 placing token on slot 0
[12:24:10.751] [SEVERE ] key 87 was pressed by player 1
[12:24:10.751] [SEVERE ] removing player 1 token from slot 1
[12:24:10.832] [SEVERE ] key 69 was pressed by player 1
[12:24:10.832] [SEVERE ] player 1 placing token on slot 2
[12:24:10.975] [SEVERE ] key 81 was pressed by player 1
[12:24:10.975] [SEVERE ] removing player 1 token from slot 0
[12:24:10.976] [SEVERE ] key 87 was pressed by player 1
[12:24:10.976] [SEVERE ] player 1 placing token on slot 1
[12:24:11.056] [SEVERE ] key 69 was pressed by player 1
[12:24:11.057] [SEVERE ] removing player 1 token from slot 2
[12:24:11.149] [SEVERE ] key 81 was pressed by player 1
[12:24:11.150] [SEVERE ] player 1 placing token on slot 0
[12:24:11.154] [SEVERE ] setting player 1 freeze to -1000
[12:24:11.154] [SEVERE ] updating countdown to 52000
[12:24:11.166] [SEVERE ] key 87 was pressed by player 1
[12:24:11.166] [SEVERE ] removing player 1 token from slot 1
[12:24:11.230] [SEVERE ] key 69 was pressed by player 1
[12:24:11.231] [SEVERE ] player 1 placing token on slot 2
[12:24:11.359] [SEVERE ] key 81 was pressed by player 1
[12:24:11.359] [SEVERE ] removing player 1 token from slot 0
[12:24:11.359] [SEVERE ] key 87 was pressed by player 1
[12:24:11.360] [SEVERE ] player 1 placing token on slot 1
[12:24:11.436] [SEVERE ] key 69 was pressed by player 1
[12:24:11.437] [SEVERE ] removing player 1 token from slot 2
[12:24:11.533] [SEVERE ] key 87 was pressed by player 1
[12:24:11.533] [SEVERE ] removing player 1 token from slot 1
[12:24:11.549] [SEVERE ] key 81 was pressed by player 1
[12:24:11.549] [SEVERE ] player 1 placing token on slot 0
[12:24:11.614] [SEVERE ] key 69 was pressed by player 1
[12:24:11.614] [SEVERE ] player 1 placing token on slot 2
[12:24:11.726] [SEVERE ] key 81 was pressed by player 1
[12:24:11.726] [SEVERE ] removing player 1 token from slot 0
[12:24:11.757] [SEVERE ] key 87 was pressed by player 1
[12:24:11.758] [SEVERE ] player 1 placing token on slot 1
[12:24:11.839] [SEVERE ] key 69 was pressed by player 1
[12:24:11.839] [SEVERE ] removing player 1 token from slot 2
[12:24:11.966] [SEVERE ] key 81 was pressed by player 1
[12:24:11.966] [SEVERE ] player 1 placing token on slot 0
[12:24:11.997] [SEVERE ] key 87 was pressed by player 1
[12:24:11.997] [SEVERE ] removing player 1 token from slot 1
[12:24:12.077] [SEVERE ] key 69 was pressed by player 1
[12:24:12.077] [SEVERE ] player 1 placing token on slot 2
[12:24:12.153] [SEVERE ] updating countdown to 51000
[12:24:12.205] [SEVERE ] key 81 was pressed by player 1
[12:24:12.206] [SEVERE ] removing player 1 token from slot 0
[12:24:12.222] [SEVERE ] key 87 was pressed by player 1
[12:24:12.222] [SEVERE ] player 1 placing token on slot 1
[12:24:12.301] [SEVERE ] key 69 was pressed by player 1
[12:24:12.301] [SEVERE ] removing player 1 token from slot 2
[12:24:12.429] [SEVERE ] key 81 was pressed by player 1
[12:24:12.429] [SEVERE ] player 1 placing token on slot 0
[12:24:12.477] [SEVERE ] key 87 was pressed by player 1
[12:24:12.477] [SEVERE ] removing player 1 token from slot 1
[12:24:12.526] [SEVERE ] key 69 was pressed by player 1
[12:24:12.526] [SEVERE ] player 1 placing token on slot 2
[12:24:12.652] [SEVERE ] key 81 was pressed by player 1
[12:24:12.653] [SEVERE ] removing player 1 token from slot 0
[12:24:12.653] [SEVERE ] key 87 was pressed by player 1
[12:24:12.653] [SEVERE ] player 1 placing token on slot 1
[12:24:12.767] [SEVERE ] key 69 was pressed by player 1
[12:24:12.767] [SEVERE ] removing player 1 token from slot 2
[12:24:12.878] [SEVERE ] key 81 was pressed by player 1
[12:24:12.879] [SEVERE ] player 1 placing token on slot 0
[12:24:12.925] [SEVERE ] key 87 was pressed by player 1
[12:24:12.925] [SEVERE ] removing player 1 token from slot 1
[12:24:13.008] [SEVERE ] key 69 was pressed by player 1
[12:24:13.009] [SEVERE ] player 1 placing token on slot 2
[12:24:13.154] [SEVERE ] updating countdown to 50000
[12:24:13.246] [SEVERE ] key 69 was pressed by player 1
[12:24:13.247] [SEVERE ] removing player 1 token from slot 2
[12:24:13.437] [SEVERE ] key 87 was pressed by player 1
[12:24:13.438] [SEVERE ] player 1 placing token on slot 1
[12:24:13.710] [SEVERE ] key 81 was pressed by player 1
[12:24:13.710] [SEVERE ] removing player 1 token from slot 0
[12:24:13.965] [SEVERE ] key 87 was pressed by player 1
[12:24:13.965] [SEVERE ] removing player 1 token from slot 1
[12:24:14.153] [SEVERE ] updating countdown to 49000
[12:24:14.238] [SEVERE ] key 69 was pressed by player 1
[12:24:14.239] [SEVERE ] player 1 placing token on slot 2
[12:24:14.670] [SEVERE ] key 87 was pressed by player 1
[12:24:14.671] [SEVERE ] player 1 placing token on slot 1
[12:24:14.893] [SEVERE ] key 81 was pressed by player 1
[12:24:14.894] [SEVERE ] player 1 placing token on slot 0
[12:24:14.894] [SEVERE ] setting player 1 freeze to 3000
[12:24:15.154] [SEVERE ] updating countdown to 48000
[12:24:15.154] [SEVERE ] setting player 1 freeze to 3000
[12:24:15.645] [SEVERE ] key 87 was pressed by player 1
[12:24:15.837] [SEVERE ] key 81 was pressed by player 1
[12:24:16.013] [SEVERE ] key 87 was pressed by player 1
[12:24:16.154] [SEVERE ] setting player 1 freeze to 2000
[12:24:16.154] [SEVERE ] updating countdown to 47000
[12:24:16.168] [SEVERE ] key 69 was pressed by player 1
[12:24:17.154] [SEVERE ] setting player 1 freeze to 1000
[12:24:17.154] [SEVERE ] updating countdown to 46000
[12:24:17.853] [SEVERE ] key 81 was pressed by player 1
[12:24:18.079] [SEVERE ] key 87 was pressed by player 1
[12:24:18.153] [SEVERE ] setting player 1 freeze to 0
[12:24:18.154] [SEVERE ] updating countdown to 45000
[12:24:18.301] [SEVERE ] key 81 was pressed by player 1
[12:24:18.301] [SEVERE ] removing player 1 token from slot 0
[12:24:18.446] [SEVERE ] key 87 was pressed by player 1
[12:24:18.447] [SEVERE ] removing player 1 token from slot 1
[12:24:18.621] [SEVERE ] key 81 was pressed by player 1
[12:24:18.621] [SEVERE ] player 1 placing token on slot 0
[12:24:18.669] [SEVERE ] key 87 was pressed by player 1
[12:24:18.669] [SEVERE ] player 1 placing token on slot 1
[12:24:18.670] [SEVERE ] setting player 1 freeze to 3000
[12:24:18.862] [SEVERE ] key 81 was pressed by player 1
[12:24:18.862] [SEVERE ] removing player 1 token from slot 0
[12:24:19.069] [SEVERE ] key 87 was pressed by player 1
[12:24:19.069] [SEVERE ] removing player 1 token from slot 1
[12:24:19.153] [SEVERE ] setting player 1 freeze to -1000
[12:24:19.153] [SEVERE ] updating countdown to 44000
[12:24:19.154] [SEVERE ] setting player 1 freeze to 3000
[12:24:19.213] [SEVERE ] key 81 was pressed by player 1
[12:24:19.341] [SEVERE ] key 87 was pressed by player 1
[12:24:19.533] [SEVERE ] key 81 was pressed by player 1
[12:24:19.629] [SEVERE ] key 87 was pressed by player 1
[12:24:19.918] [SEVERE ] key 81 was pressed by player 1
[12:24:19.981] [SEVERE ] key 87 was pressed by player 1
[12:24:20.153] [SEVERE ] setting player 1 freeze to 2000
[12:24:20.154] [SEVERE ] updating countdown to 43000
[12:24:20.365] [SEVERE ] key 69 was pressed by player 1
[12:24:20.765] [SEVERE ] key 87 was pressed by player 1
[12:24:20.941] [SEVERE ] key 69 was pressed by player 1
[12:24:21.005] [SEVERE ] key 81 was pressed by player 1
[12:24:21.022] [SEVERE ] key 87 was pressed by player 1
[12:24:21.154] [SEVERE ] setting player 1 freeze to 1000
[12:24:21.154] [SEVERE ] updating countdown to 42000
[12:24:21.166] [SEVERE ] key 69 was pressed by player 1
[12:24:21.261] [SEVERE ] key 81 was pressed by player 1
[12:24:21.325] [SEVERE ] key 87 was pressed by player 1
[12:24:21.373] [SEVERE ] key 69 was pressed by player 1
[12:24:21.486] [SEVERE ] key 81 was pressed by player 1
[12:24:21.581] [SEVERE ] key 69 was pressed by player 1
[12:24:21.725] [SEVERE ] key 81 was pressed by player 1
[12:24:21.806] [SEVERE ] key 69 was pressed by player 1
[12:24:21.854] [SEVERE ] key 87 was pressed by player 1
[12:24:22.126] [SEVERE ] key 87 was pressed by player 1
[12:24:22.153] [SEVERE ] setting player 1 freeze to 0
[12:24:22.153] [SEVERE ] updating countdown to 41000
[12:24:22.302] [SEVERE ] key 81 was pressed by player 1
[12:24:22.302] [SEVERE ] player 1 placing token on slot 0
[12:24:22.397] [SEVERE ] key 87 was pressed by player 1
[12:24:22.398] [SEVERE ] player 1 placing token on slot 1
[12:24:22.399] [SEVERE ] setting player 1 freeze to 3000
[12:24:22.589] [SEVERE ] key 81 was pressed by player 1
[12:24:22.590] [SEVERE ] removing player 1 token from slot 0
[12:24:22.653] [SEVERE ] key 87 was pressed by player 1
[12:24:22.654] [SEVERE ] removing player 1 token from slot 1
[12:24:22.878] [SEVERE ] key 81 was pressed by player 1
[12:24:22.878] [SEVERE ] player 1 placing token on slot 0
[12:24:23.086] [SEVERE ] key 87 was pressed by player 1
[12:24:23.087] [SEVERE ] player 1 placing token on slot 1
[12:24:23.087] [SEVERE ] setting player 1 freeze to 3000
[12:24:23.154] [SEVERE ] setting player 1 freeze to -1000
[12:24:23.154] [SEVERE ] updating countdown to 40000
[12:24:23.155] [SEVERE ] setting player 1 freeze to 3000
[12:24:23.155] [SEVERE ] setting player 1 freeze to 3000
[12:24:23.245] [SEVERE ] key 81 was pressed by player 1
[12:24:23.357] [SEVERE ] key 87 was pressed by player 1
[12:24:23.596] [SEVERE ] key 81 was pressed by player 1
[12:24:23.677] [SEVERE ] key 87 was pressed by player 1
[12:24:23.917] [SEVERE ] key 81 was pressed by player 1
[12:24:23.982] [SEVERE ] key 87 was pressed by player 1
[12:24:24.030] [SEVERE ] key 69 was pressed by player 1
[12:24:24.153] [SEVERE ] setting player 1 freeze to 2000
[12:24:24.153] [SEVERE ] updating countdown to 39000
[12:24:24.205] [SEVERE ] key 81 was pressed by player 1
[12:24:24.269] [SEVERE ] key 87 was pressed by player 1
[12:24:24.301] [SEVERE ] key 69 was pressed by player 1
[12:24:24.462] [SEVERE ] key 81 was pressed by player 1
[12:24:24.525] [SEVERE ] key 87 was pressed by player 1
[12:24:24.781] [SEVERE ] key 87 was pressed by player 1
[12:24:24.989] [SEVERE ] key 87 was pressed by player 1
[12:24:25.154] [SEVERE ] setting player 1 freeze to 1000
[12:24:25.154] [SEVERE ] updating countdown to 38000
[12:24:25.213] [SEVERE ] key 87 was pressed by player 1
[12:24:25.422] [SEVERE ] key 87 was pressed by player 1
[12:24:25.628] [SEVERE ] key 87 was pressed by player 1
[12:24:25.821] [SEVERE ] key 87 was pressed by player 1
[12:24:26.029] [SEVERE ] key 87 was pressed by player 1
[12:24:26.153] [SEVERE ] setting player 1 freeze to 0
[12:24:26.153] [SEVERE ] updating countdown to 37000
[12:24:26.254] [SEVERE ] key 87 was pressed by player 1
[12:24:26.254] [SEVERE ] removing player 1 token from slot 1
[12:24:26.429] [SEVERE ] key 81 was pressed by player 1
[12:24:26.430] [SEVERE ] removing player 1 token from slot 0
[12:24:26.558] [SEVERE ] key 87 was pressed by player 1
[12:24:26.558] [SEVERE ] player 1 placing token on slot 1
[12:24:26.622] [SEVERE ] key 69 was pressed by player 1
[12:24:26.623] [SEVERE ] removing player 1 token from slot 2
[12:24:26.813] [SEVERE ] key 81 was pressed by player 1
[12:24:26.814] [SEVERE ] player 1 placing token on slot 0
[12:24:26.893] [SEVERE ] key 87 was pressed by player 1
[12:24:26.893] [SEVERE ] removing player 1 token from slot 1
[12:24:26.908] [SEVERE ] key 69 was pressed by player 1
[12:24:26.910] [SEVERE ] player 1 placing token on slot 2
[12:24:27.039] [SEVERE ] key 81 was pressed by player 1
[12:24:27.039] [SEVERE ] removing player 1 token from slot 0
[12:24:27.040] [SEVERE ] key 87 was pressed by player 1
[12:24:27.040] [SEVERE ] player 1 placing token on slot 1
[12:24:27.153] [SEVERE ] setting player 1 freeze to -1000
[12:24:27.153] [SEVERE ] updating countdown to 36000
[12:24:27.229] [SEVERE ] key 81 was pressed by player 1
[12:24:27.229] [SEVERE ] player 1 placing token on slot 0
[12:24:27.229] [SEVERE ] setting player 1 freeze to 3000
[12:24:27.453] [SEVERE ] key 87 was pressed by player 1
[12:24:27.453] [SEVERE ] removing player 1 token from slot 1
[12:24:27.773] [SEVERE ] key 81 was pressed by player 1
[12:24:27.773] [SEVERE ] removing player 1 token from slot 0
[12:24:27.983] [SEVERE ] key 87 was pressed by player 1
[12:24:27.984] [SEVERE ] player 1 placing token on slot 1
[12:24:28.154] [SEVERE ] updating countdown to 35000
[12:24:28.256] [SEVERE ] removing tokens from slot 2
[12:24:28.257] [SEVERE ] removing card from slot 2
[12:24:28.358] [SEVERE ] removing tokens from slot 1
[12:24:28.358] [SEVERE ] removing card from slot 1
[12:24:28.359] [SEVERE ] removing player 1 token from slot 2
[12:24:28.360] [SEVERE ] removing player 1 token from slot 1
[12:24:28.381] [SEVERE ] key 81 was pressed by player 1
[12:24:28.381] [SEVERE ] player 1 placing token on slot 0
[12:24:28.460] [SEVERE ] placing card 69 in slot 2
[12:24:28.560] [SEVERE ] placing card 0 in slot 1
[12:24:28.560] [SEVERE ] updating countdown to 60000
[12:24:28.561] [SEVERE ] setting player 1 score to 3
[12:24:28.561] [SEVERE ] setting player 1 freeze to 1000
[12:24:29.153] [SEVERE ] setting player 1 freeze to 0
[12:24:29.153] [SEVERE ] updating countdown to 59000
[12:24:29.213] [SEVERE ] key 87 was pressed by player 1
[12:24:29.213] [SEVERE ] player 1 placing token on slot 1
[12:24:30.061] [SEVERE ] key 69 was pressed by player 1
[12:24:30.062] [SEVERE ] player 1 placing token on slot 2
[12:24:30.062] [SEVERE ] setting player 1 freeze to 1000
[12:24:30.154] [SEVERE ] setting player 1 freeze to -1000
[12:24:30.154] [SEVERE ] updating countdown to 58000
[12:24:30.155] [SEVERE ] setting player 1 freeze to 3000
[12:24:30.398] [SEVERE ] key 81 was pressed by player 1
[12:24:30.605] [SEVERE ] key 81 was pressed by player 1
[12:24:30.814] [SEVERE ] key 81 was pressed by player 1
[12:24:31.022] [SEVERE ] key 81 was pressed by player 1
[12:24:31.153] [SEVERE ] setting player 1 freeze to 2000
[12:24:31.153] [SEVERE ] updating countdown to 57000
[12:24:31.198] [SEVERE ] key 81 was pressed by player 1
[12:24:31.389] [SEVERE ] key 81 was pressed by player 1
[12:24:31.581] [SEVERE ] key 81 was pressed by player 1
[12:24:31.774] [SEVERE ] key 81 was pressed by player 1
[12:24:31.949] [SEVERE ] key 81 was pressed by player 1
[12:24:32.142] [SEVERE ] key 81 was pressed by player 1
[12:24:32.153] [SEVERE ] setting player 1 freeze to 1000
[12:24:32.153] [SEVERE ] updating countdown to 56000
[12:24:32.349] [SEVERE ] key 81 was pressed by player 1
[12:24:32.526] [SEVERE ] key 81 was pressed by player 1
[12:24:32.735] [SEVERE ] key 81 was pressed by player 1
[12:24:33.038] [SEVERE ] key 81 was pressed by player 1
[12:24:33.153] [SEVERE ] setting player 1 freeze to 0
[12:24:33.153] [SEVERE ] updating countdown to 55000
[12:24:33.293] [SEVERE ] key 81 was pressed by player 1
[12:24:33.293] [SEVERE ] removing player 1 token from slot 0
[12:24:33.453] [SEVERE ] key 81 was pressed by player 1
[12:24:33.454] [SEVERE ] player 1 placing token on slot 0
[12:24:33.454] [SEVERE ] setting player 1 freeze to 3000
[12:24:33.630] [SEVERE ] key 81 was pressed by player 1
[12:24:33.630] [SEVERE ] removing player 1 token from slot 0
[12:24:33.822] [SEVERE ] key 81 was pressed by player 1
[12:24:33.823] [SEVERE ] player 1 placing token on slot 0
[12:24:33.824] [SEVERE ] setting player 1 freeze to 3000
[12:24:34.029] [SEVERE ] key 81 was pressed by player 1
[12:24:34.030] [SEVERE ] removing player 1 token from slot 0
[12:24:34.154] [SEVERE ] setting player 1 freeze to -1000
[12:24:34.154] [SEVERE ] updating countdown to 54000
[12:24:34.224] [SEVERE ] key 81 was pressed by player 1
[12:24:34.224] [SEVERE ] player 1 placing token on slot 0
[12:24:34.225] [SEVERE ] setting player 1 freeze to 3000
[12:24:34.255] [SEVERE ] removing tokens from slot 1
[12:24:34.255] [SEVERE ] removing card from slot 1
[12:24:34.358] [SEVERE ] removing tokens from slot 2
[12:24:34.358] [SEVERE ] removing card from slot 2
[12:24:34.359] [SEVERE ] removing player 1 token from slot 1
[12:24:34.359] [SEVERE ] removing player 1 token from slot 2
[12:24:34.360] [SEVERE ] removing player 1 token from slot 0
[12:24:34.460] [SEVERE ] placing card 52 in slot 2
[12:24:34.493] [SEVERE ] key 81 was pressed by player 1
[12:24:34.494] [SEVERE ] player 1 placing token on slot 0
[12:24:34.561] [SEVERE ] placing card 45 in slot 1
[12:24:34.561] [SEVERE ] updating countdown to 60000
[12:24:34.562] [SEVERE ] setting player 1 score to 4
[12:24:34.562] [SEVERE ] setting player 1 freeze to 1000
[12:24:34.563] [SEVERE ] setting player 1 freeze to 3000
[12:24:34.564] [SEVERE ] setting player 1 freeze to 3000
[12:24:34.733] [SEVERE ] key 81 was pressed by player 1
[12:24:34.940] [SEVERE ] key 81 was pressed by player 1
[12:24:35.134] [SEVERE ] key 81 was pressed by player 1
[12:24:35.154] [SEVERE ] setting player 1 freeze to 2000
[12:24:35.154] [SEVERE ] updating countdown to 59000
[12:24:35.340] [SEVERE ] key 81 was pressed by player 1
[12:24:35.549] [SEVERE ] key 87 was pressed by player 1
[12:24:35.774] [SEVERE ] key 69 was pressed by player 1
[12:24:35.916] [SEVERE ] key 87 was pressed by player 1
[12:24:35.997] [SEVERE ] key 81 was pressed by player 1
[12:24:36.029] [SEVERE ] key 69 was pressed by player 1
[12:24:36.153] [SEVERE ] setting player 1 freeze to 1000
[12:24:36.153] [SEVERE ] updating countdown to 58000
[12:24:36.300] [SEVERE ] key 69 was pressed by player 1
[12:24:36.446] [SEVERE ] key 81 was pressed by player 1
[12:24:36.463] [SEVERE ] key 87 was pressed by player 1
[12:24:36.540] [SEVERE ] key 69 was pressed by player 1
[12:24:36.670] [SEVERE ] key 81 was pressed by player 1
[12:24:36.781] [SEVERE ] key 69 was pressed by player 1
[12:24:37.053] [SEVERE ] key 81 was pressed by player 1
[12:24:37.102] [SEVERE ] key 87 was pressed by player 1
[12:24:37.154] [SEVERE ] setting player 1 freeze to 0
[12:24:37.154] [SEVERE ] updating countdown to 57000
[12:24:37.374] [SEVERE ] key 87 was pressed by player 1
[12:24:37.375] [SEVERE ] player 1 placing token on slot 1
[12:24:37.582] [SEVERE ] key 87 was pressed by player 1
[12:24:37.582] [SEVERE ] removing player 1 token from slot 1
[12:24:37.773] [SEVERE ] key 87 was pressed by player 1
[12:24:37.774] [SEVERE ] player 1 placing token on slot 1
[12:24:37.949] [SEVERE ] key 87 was pressed by player 1
[12:24:37.949] [SEVERE ] removing player 1 token from slot 1
[12:24:38.143] [SEVERE ] key 87 was pressed by player 1
[12:24:38.143] [SEVERE ] player 1 placing token on slot 1
[12:24:38.154] [SEVERE ] setting player 1 freeze to -1000
[12:24:38.154] [SEVERE ] updating countdown to 56000
[12:24:38.237] [SEVERE ] key 69 was pressed by player 1
[12:24:38.237] [SEVERE ] player 1 placing token on slot 2
[12:24:38.238] [SEVERE ] setting player 1 freeze to 3000
[12:24:38.637] [SEVERE ] key 69 was pressed by player 1
[12:24:38.638] [SEVERE ] removing player 1 token from slot 2
[12:24:38.813] [SEVERE ] key 69 was pressed by player 1
[12:24:38.813] [SEVERE ] player 1 placing token on slot 2
[12:24:38.813] [SEVERE ] setting player 1 freeze to 3000
[12:24:39.006] [SEVERE ] key 69 was pressed by player 1
[12:24:39.007] [SEVERE ] removing player 1 token from slot 2
[12:24:39.154] [SEVERE ] updating countdown to 55000
[12:24:39.197] [SEVERE ] key 69 was pressed by player 1
[12:24:39.198] [SEVERE ] player 1 placing token on slot 2
[12:24:39.198] [SEVERE ] setting player 1 freeze to 3000
[12:24:39.255] [SEVERE ] removing tokens from slot 0
[12:24:39.255] [SEVERE ] removing card from slot 0
[12:24:39.357] [SEVERE ] removing tokens from slot 1
[12:24:39.357] [SEVERE ] removing card from slot 1
[12:24:39.357] [SEVERE ] removing player 1 token from slot 0
[12:24:39.357] [SEVERE ] removing player 1 token from slot 1
[12:24:39.357] [SEVERE ] removing player 1 token from slot 2
[12:24:39.388] [SEVERE ] key 69 was pressed by player 1
[12:24:39.389] [SEVERE ] player 1 placing token on slot 2
[12:24:39.457] [SEVERE ] placing card 21 in slot 0
[12:24:39.557] [SEVERE ] placing card 43 in slot 1
[12:24:39.557] [SEVERE ] updating countdown to 60000
[12:24:39.557] [SEVERE ] setting player 1 score to 5
[12:24:39.558] [SEVERE ] setting player 1 freeze to 1000
[12:24:39.558] [SEVERE ] setting player 1 freeze to 3000
[12:24:39.558] [SEVERE ] setting player 1 freeze to 3000
[12:24:39.581] [SEVERE ] key 69 was pressed by player 1
[12:24:39.788] [SEVERE ] key 69 was pressed by player 1
[12:24:39.997] [SEVERE ] key 69 was pressed by player 1
[12:24:40.154] [SEVERE ] setting player 1 freeze to 2000
[12:24:40.154] [SEVERE ] updating countdown to 59000
[12:24:40.205] [SEVERE ] key 87 was pressed by player 1
[12:24:40.301] [SEVERE ] key 81 was pressed by player 1
[12:24:40.445] [SEVERE ] key 69 was pressed by player 1
[12:24:40.557] [SEVERE ] key 87 was pressed by player 1
[12:24:40.605] [SEVERE ] key 81 was pressed by player 1
[12:24:40.701] [SEVERE ] key 69 was pressed by player 1
[12:24:40.813] [SEVERE ] key 81 was pressed by player 1
[12:24:40.909] [SEVERE ] key 69 was pressed by player 1
[12:24:41.040] [SEVERE ] key 81 was pressed by player 1
[12:24:41.133] [SEVERE ] key 69 was pressed by player 1
[12:24:41.154] [SEVERE ] setting player 1 freeze to 1000
[12:24:41.154] [SEVERE ] updating countdown to 58000
[12:24:41.263] [SEVERE ] key 81 was pressed by player 1
[12:24:41.264] [SEVERE ] key 87 was pressed by player 1
[12:24:41.342] [SEVERE ] key 69 was pressed by player 1
[12:24:41.454] [SEVERE ] key 81 was pressed by player 1
[12:24:41.455] [SEVERE ] key 87 was pressed by player 1
[12:24:41.566] [SEVERE ] key 69 was pressed by player 1
[12:24:41.646] [SEVERE ] key 81 was pressed by player 1
[12:24:41.741] [SEVERE ] key 69 was pressed by player 1
[12:24:41.901] [SEVERE ] key 81 was pressed by player 1
[12:24:41.934] [SEVERE ] key 87 was pressed by player 1
[12:24:42.032] [SEVERE ] key 69 was pressed by player 1
[12:24:42.141] [SEVERE ] key 81 was pressed by player 1
[12:24:42.142] [SEVERE ] key 87 was pressed by player 1
[12:24:42.153] [SEVERE ] setting player 1 freeze to 0
[12:24:42.153] [SEVERE ] updating countdown to 57000
[12:24:42.238] [SEVERE ] key 69 was pressed by player 1
[12:24:42.238] [SEVERE ] removing player 1 token from slot 2
[12:24:42.349] [SEVERE ] key 81 was pressed by player 1
[12:24:42.349] [SEVERE ] player 1 placing token on slot 0
[12:24:42.349] [SEVERE ] key 87 was pressed by player 1
[12:24:42.350] [SEVERE ] player 1 placing token on slot 1
[12:24:42.445] [SEVERE ] key 69 was pressed by player 1
[12:24:42.445] [SEVERE ] player 1 placing token on slot 2
[12:24:42.445] [SEVERE ] setting player 1 freeze to 3000
[12:24:42.605] [SEVERE ] key 69 was pressed by player 1
[12:24:42.605] [SEVERE ] removing player 1 token from slot 2
[12:24:42.685] [SEVERE ] key 81 was pressed by player 1
[12:24:42.686] [SEVERE ] removing player 1 token from slot 0
[12:24:42.686] [SEVERE ] key 87 was pressed by player 1
[12:24:42.686] [SEVERE ] removing player 1 token from slot 1
[12:24:42.797] [SEVERE ] key 69 was pressed by player 1
[12:24:42.797] [SEVERE ] player 1 placing token on slot 2
[12:24:42.910] [SEVERE ] key 81 was pressed by player 1
[12:24:42.910] [SEVERE ] player 1 placing token on slot 0
[12:24:42.910] [SEVERE ] key 87 was pressed by player 1
[12:24:42.910] [SEVERE ] player 1 placing token on slot 1
[12:24:42.911] [SEVERE ] setting player 1 freeze to 3000
[12:24:43.154] [SEVERE ] setting player 1 freeze to -1000
[12:24:43.154] [SEVERE ] updating countdown to 56000
[12:24:43.154] [SEVERE ] setting player 1 freeze to 3000
[12:24:43.154] [SEVERE ] setting player 1 freeze to 3000
[12:24:43.262] [SEVERE ] key 69 was pressed by player 1
[12:24:43.470] [SEVERE ] key 69 was pressed by player 1
[12:24:43.646] [SEVERE ] key 69 was pressed by player 1
[12:24:43.804] [SEVERE ] key 69 was pressed by player 1
[12:24:44.014] [SEVERE ] key 69 was pressed by player 1
[12:24:44.153] [SEVERE ] setting player 1 freeze to 2000
[12:24:44.153] [SEVERE ] updating countdown to 55000
[12:24:44.204] [SEVERE ] key 69 was pressed by player 1
[12:24:45.154] [SEVERE ] setting player 1 freeze to 1000
[12:24:45.154] [SEVERE ] updating countdown to 54000
[12:24:46.154] [SEVERE ] setting player 1 freeze to 0
[12:24:46.155] [SEVERE ] updating countdown to 53000
[12:24:47.153] [SEVERE ] setting player 1 freeze to -1000
[12:24:47.153] [SEVERE ] updating countdown to 52000
[12:24:48.153] [SEVERE ] updating countdown to 51000
