[19:46:07.362] [INFO   ] thread main starting.
[19:46:07.416] [SEVERE ] cannot read configuration file config.properties trying from resources.
[19:46:07.461] [SEVERE ] configuration file was loaded from resources directory.
[19:46:09.870] [INFO   ] thread dealer starting.
[19:46:09.880] [INFO   ] thread dealer starting.
[19:46:09.880] [INFO   ] thread 0 starting.
[19:46:09.881] [INFO   ] thread 1 starting.
[19:46:10.005] [INFO   ] thread 0 starting.
[19:46:10.035] [INFO   ] thread 1 starting.
[19:46:10.165] [SEVERE ] placing card 0 in slot 0
[19:46:10.273] [SEVERE ] placing card 1 in slot 1
[19:46:10.380] [SEVERE ] placing card 2 in slot 2
[19:46:10.489] [SEVERE ] placing card 3 in slot 3
[19:46:10.598] [SEVERE ] placing card 4 in slot 4
[19:46:10.706] [SEVERE ] placing card 5 in slot 5
[19:46:10.815] [SEVERE ] placing card 6 in slot 6
[19:46:10.927] [SEVERE ] placing card 7 in slot 7
[19:46:11.036] [SEVERE ] placing card 8 in slot 8
[19:46:11.145] [SEVERE ] placing card 9 in slot 9
[19:46:11.255] [SEVERE ] placing card 10 in slot 10
[19:46:11.364] [SEVERE ] placing card 11 in slot 11
[19:46:12.380] [SEVERE ] updating countdown to 59000
[19:46:13.365] [SEVERE ] updating countdown to 58000
[19:46:14.364] [SEVERE ] updating countdown to 57000
[19:46:15.377] [SEVERE ] updating countdown to 56000
[19:46:15.448] [SEVERE ] key 81 was pressed by player 1
[19:46:15.448] [SEVERE ] player 1 placing token on slot 0
[19:46:15.548] [SEVERE ] key 65 was pressed by player 1
[19:46:15.549] [SEVERE ] player 1 placing token on slot 4
[19:46:15.818] [SEVERE ] key 90 was pressed by player 1
[19:46:15.819] [SEVERE ] player 1 placing token on slot 8
[19:46:16.118] [SEVERE ] key 47 was pressed by player 2
[19:46:16.119] [SEVERE ] player 2 placing token on slot 11
[19:46:16.313] [SEVERE ] key 46 was pressed by player 2
[19:46:16.314] [SEVERE ] player 2 placing token on slot 10
[19:46:16.365] [SEVERE ] updating countdown to 55000
[19:46:16.479] [SEVERE ] removing tokens from slot 0
[19:46:16.480] [SEVERE ] removing card from slot 0
[19:46:16.590] [SEVERE ] removing tokens from slot 4
[19:46:16.590] [SEVERE ] removing card from slot 4
[19:46:16.613] [SEVERE ] key 44 was pressed by player 2
[19:46:16.614] [SEVERE ] player 2 placing token on slot 9
[19:46:16.698] [SEVERE ] removing tokens from slot 8
[19:46:16.698] [SEVERE ] removing card from slot 8
[19:46:16.699] [SEVERE ] removing player 1 token from slot 0
[19:46:16.699] [SEVERE ] removing player 1 token from slot 4
[19:46:16.700] [SEVERE ] removing player 1 token from slot 8
[19:46:16.807] [SEVERE ] placing card 12 in slot 0
[19:46:16.917] [SEVERE ] placing card 13 in slot 4
[19:46:17.026] [SEVERE ] placing card 14 in slot 8
[19:46:17.026] [SEVERE ] updating countdown to 60000
[19:46:17.027] [SEVERE ] setting player 1 score to 1
[19:46:17.031] [SEVERE ] setting player 1 freeze to 1000
[19:46:17.136] [SEVERE ] removing tokens from slot 11
[19:46:17.136] [SEVERE ] removing card from slot 11
[19:46:17.246] [SEVERE ] removing tokens from slot 10
[19:46:17.246] [SEVERE ] removing card from slot 10
[19:46:17.355] [SEVERE ] removing tokens from slot 9
[19:46:17.355] [SEVERE ] removing card from slot 9
[19:46:17.355] [SEVERE ] removing player 2 token from slot 11
[19:46:17.356] [SEVERE ] removing player 2 token from slot 10
[19:46:17.356] [SEVERE ] removing player 2 token from slot 9
[19:46:17.464] [SEVERE ] placing card 15 in slot 11
[19:46:17.574] [SEVERE ] placing card 16 in slot 10
[19:46:17.685] [SEVERE ] placing card 17 in slot 9
[19:46:17.685] [SEVERE ] setting player 1 freeze to 0
[19:46:17.686] [SEVERE ] updating countdown to 60000
[19:46:17.687] [SEVERE ] setting player 2 score to 1
[19:46:17.687] [SEVERE ] setting player 2 freeze to 1000
[19:46:17.687] [SEVERE ] setting player 2 freeze to 0
[19:46:17.687] [SEVERE ] updating countdown to 59000
[19:46:17.829] [SEVERE ] key 81 was pressed by player 1
[19:46:17.829] [SEVERE ] player 1 placing token on slot 0
[19:46:18.083] [SEVERE ] key 65 was pressed by player 1
[19:46:18.084] [SEVERE ] player 1 placing token on slot 4
[19:46:18.309] [SEVERE ] key 90 was pressed by player 1
[19:46:18.309] [SEVERE ] player 1 placing token on slot 8
[19:46:18.364] [SEVERE ] updating countdown to 58000
[19:46:18.472] [SEVERE ] removing tokens from slot 0
[19:46:18.472] [SEVERE ] removing card from slot 0
[19:46:18.584] [SEVERE ] removing tokens from slot 4
[19:46:18.584] [SEVERE ] removing card from slot 4
[19:46:18.695] [SEVERE ] removing tokens from slot 8
[19:46:18.695] [SEVERE ] removing card from slot 8
[19:46:18.696] [SEVERE ] removing player 1 token from slot 0
[19:46:18.696] [SEVERE ] removing player 1 token from slot 4
[19:46:18.697] [SEVERE ] removing player 1 token from slot 8
[19:46:18.801] [SEVERE ] placing card 18 in slot 0
[19:46:18.848] [SEVERE ] key 47 was pressed by player 2
[19:46:18.849] [SEVERE ] player 2 placing token on slot 11
[19:46:18.911] [SEVERE ] placing card 19 in slot 4
[19:46:19.020] [SEVERE ] placing card 20 in slot 8
[19:46:19.020] [SEVERE ] updating countdown to 60000
[19:46:19.021] [SEVERE ] setting player 1 score to 2
[19:46:19.021] [SEVERE ] setting player 1 freeze to 1000
[19:46:19.060] [SEVERE ] key 46 was pressed by player 2
[19:46:19.061] [SEVERE ] player 2 placing token on slot 10
[19:46:19.284] [SEVERE ] key 44 was pressed by player 2
[19:46:19.284] [SEVERE ] player 2 placing token on slot 9
[19:46:19.364] [SEVERE ] setting player 1 freeze to 0
[19:46:19.364] [SEVERE ] updating countdown to 59000
[19:46:19.474] [SEVERE ] removing tokens from slot 11
[19:46:19.474] [SEVERE ] removing card from slot 11
[19:46:19.586] [SEVERE ] removing tokens from slot 10
[19:46:19.586] [SEVERE ] removing card from slot 10
[19:46:19.695] [SEVERE ] removing tokens from slot 9
[19:46:19.695] [SEVERE ] removing card from slot 9
[19:46:19.696] [SEVERE ] removing player 2 token from slot 11
[19:46:19.696] [SEVERE ] removing player 2 token from slot 10
[19:46:19.696] [SEVERE ] removing player 2 token from slot 9
[19:46:19.805] [SEVERE ] placing card 21 in slot 11
[19:46:19.916] [SEVERE ] placing card 22 in slot 10
[19:46:19.944] [SEVERE ] key 81 was pressed by player 1
[19:46:19.944] [SEVERE ] player 1 placing token on slot 0
[19:46:20.025] [SEVERE ] placing card 23 in slot 9
[19:46:20.025] [SEVERE ] updating countdown to 60000
[19:46:20.026] [SEVERE ] setting player 2 score to 2
[19:46:20.026] [SEVERE ] setting player 2 freeze to 1000
[19:46:20.168] [SEVERE ] key 65 was pressed by player 1
[19:46:20.169] [SEVERE ] player 1 placing token on slot 4
[19:46:20.365] [SEVERE ] setting player 2 freeze to 0
[19:46:20.365] [SEVERE ] updating countdown to 59000
[19:46:20.423] [SEVERE ] key 90 was pressed by player 1
[19:46:20.424] [SEVERE ] player 1 placing token on slot 8
[19:46:20.828] [SEVERE ] key 47 was pressed by player 2
[19:46:20.828] [SEVERE ] player 2 placing token on slot 11
[19:46:21.068] [SEVERE ] key 46 was pressed by player 2
[19:46:21.069] [SEVERE ] player 2 placing token on slot 10
[19:46:21.293] [SEVERE ] key 44 was pressed by player 2
[19:46:21.294] [SEVERE ] player 2 placing token on slot 9
[19:46:21.364] [SEVERE ] updating countdown to 58000
[19:46:21.474] [SEVERE ] removing tokens from slot 0
[19:46:21.474] [SEVERE ] removing card from slot 0
[19:46:21.583] [SEVERE ] removing tokens from slot 4
[19:46:21.583] [SEVERE ] removing card from slot 4
[19:46:21.692] [SEVERE ] removing tokens from slot 8
[19:46:21.692] [SEVERE ] removing card from slot 8
[19:46:21.692] [SEVERE ] removing player 1 token from slot 0
[19:46:21.693] [SEVERE ] removing player 1 token from slot 4
[19:46:21.693] [SEVERE ] removing player 1 token from slot 8
[19:46:21.801] [SEVERE ] placing card 24 in slot 0
[19:46:21.913] [SEVERE ] placing card 25 in slot 4
[19:46:22.021] [SEVERE ] placing card 26 in slot 8
[19:46:22.021] [SEVERE ] updating countdown to 60000
[19:46:22.021] [SEVERE ] setting player 1 score to 3
[19:46:22.021] [SEVERE ] setting player 1 freeze to 1000
[19:46:22.130] [SEVERE ] removing tokens from slot 11
[19:46:22.130] [SEVERE ] removing card from slot 11
[19:46:22.241] [SEVERE ] removing tokens from slot 10
[19:46:22.241] [SEVERE ] removing card from slot 10
[19:46:22.352] [SEVERE ] removing tokens from slot 9
[19:46:22.352] [SEVERE ] removing card from slot 9
[19:46:22.353] [SEVERE ] removing player 2 token from slot 11
[19:46:22.353] [SEVERE ] removing player 2 token from slot 10
[19:46:22.353] [SEVERE ] removing player 2 token from slot 9
[19:46:22.461] [SEVERE ] placing card 27 in slot 11
[19:46:22.573] [SEVERE ] placing card 28 in slot 10
[19:46:22.684] [SEVERE ] placing card 29 in slot 9
[19:46:22.684] [SEVERE ] setting player 1 freeze to 0
[19:46:22.684] [SEVERE ] updating countdown to 60000
[19:46:22.685] [SEVERE ] setting player 2 score to 3
[19:46:22.685] [SEVERE ] setting player 2 freeze to 1000
[19:46:22.685] [SEVERE ] setting player 2 freeze to 0
[19:46:22.685] [SEVERE ] updating countdown to 59000
[19:46:22.748] [SEVERE ] key 81 was pressed by player 1
[19:46:22.748] [SEVERE ] player 1 placing token on slot 0
[19:46:23.003] [SEVERE ] key 65 was pressed by player 1
[19:46:23.003] [SEVERE ] player 1 placing token on slot 4
[19:46:23.228] [SEVERE ] key 90 was pressed by player 1
[19:46:23.229] [SEVERE ] player 1 placing token on slot 8
[19:46:23.364] [SEVERE ] updating countdown to 58000
[19:46:23.469] [SEVERE ] removing tokens from slot 0
[19:46:23.469] [SEVERE ] removing card from slot 0
[19:46:23.580] [SEVERE ] removing tokens from slot 4
[19:46:23.580] [SEVERE ] removing card from slot 4
[19:46:23.689] [SEVERE ] removing tokens from slot 8
[19:46:23.689] [SEVERE ] removing card from slot 8
[19:46:23.689] [SEVERE ] removing player 1 token from slot 0
[19:46:23.689] [SEVERE ] removing player 1 token from slot 4
[19:46:23.690] [SEVERE ] removing player 1 token from slot 8
[19:46:23.800] [SEVERE ] placing card 30 in slot 0
[19:46:23.874] [SEVERE ] key 47 was pressed by player 2
[19:46:23.874] [SEVERE ] player 2 placing token on slot 11
[19:46:23.910] [SEVERE ] placing card 31 in slot 4
[19:46:24.019] [SEVERE ] placing card 32 in slot 8
[19:46:24.019] [SEVERE ] updating countdown to 60000
[19:46:24.019] [SEVERE ] setting player 1 score to 4
[19:46:24.020] [SEVERE ] setting player 1 freeze to 1000
[19:46:24.055] [SEVERE ] key 46 was pressed by player 2
[19:46:24.057] [SEVERE ] player 2 placing token on slot 10
[19:46:24.263] [SEVERE ] key 44 was pressed by player 2
[19:46:24.263] [SEVERE ] player 2 placing token on slot 9
[19:46:24.365] [SEVERE ] setting player 1 freeze to 0
[19:46:24.365] [SEVERE ] updating countdown to 59000
[19:46:24.470] [SEVERE ] removing tokens from slot 11
[19:46:24.470] [SEVERE ] removing card from slot 11
[19:46:24.581] [SEVERE ] removing tokens from slot 10
[19:46:24.581] [SEVERE ] removing card from slot 10
[19:46:24.691] [SEVERE ] removing tokens from slot 9
[19:46:24.691] [SEVERE ] removing card from slot 9
[19:46:24.691] [SEVERE ] removing player 2 token from slot 11
[19:46:24.691] [SEVERE ] removing player 2 token from slot 10
[19:46:24.691] [SEVERE ] removing player 2 token from slot 9
[19:46:24.801] [SEVERE ] placing card 33 in slot 11
[19:46:24.907] [SEVERE ] placing card 34 in slot 10
[19:46:25.016] [SEVERE ] placing card 35 in slot 9
[19:46:25.016] [SEVERE ] updating countdown to 60000
[19:46:25.016] [SEVERE ] setting player 2 score to 4
[19:46:25.017] [SEVERE ] setting player 2 freeze to 1000
[19:46:25.103] [SEVERE ] key 81 was pressed by player 1
[19:46:25.103] [SEVERE ] player 1 placing token on slot 0
[19:46:25.283] [SEVERE ] key 65 was pressed by player 1
[19:46:25.284] [SEVERE ] player 1 placing token on slot 4
[19:46:25.365] [SEVERE ] setting player 2 freeze to 0
[19:46:25.365] [SEVERE ] updating countdown to 59000
[19:46:25.509] [SEVERE ] key 90 was pressed by player 1
[19:46:25.509] [SEVERE ] player 1 placing token on slot 8
[19:46:26.365] [SEVERE ] updating countdown to 58000
[19:46:26.478] [SEVERE ] removing tokens from slot 0
[19:46:26.478] [SEVERE ] removing card from slot 0
[19:46:26.586] [SEVERE ] removing tokens from slot 4
[19:46:26.586] [SEVERE ] removing card from slot 4
[19:46:26.695] [SEVERE ] removing tokens from slot 8
[19:46:26.695] [SEVERE ] removing card from slot 8
[19:46:26.695] [SEVERE ] removing player 1 token from slot 0
[19:46:26.695] [SEVERE ] removing player 1 token from slot 4
[19:46:26.695] [SEVERE ] removing player 1 token from slot 8
[19:46:26.803] [SEVERE ] placing card 36 in slot 0
[19:46:26.912] [SEVERE ] placing card 37 in slot 4
[19:46:26.978] [SEVERE ] key 47 was pressed by player 2
[19:46:26.979] [SEVERE ] player 2 placing token on slot 11
[19:46:27.022] [SEVERE ] placing card 38 in slot 8
[19:46:27.022] [SEVERE ] updating countdown to 60000
[19:46:27.023] [SEVERE ] setting player 1 score to 5
[19:46:27.023] [SEVERE ] setting player 1 freeze to 1000
[19:46:27.188] [SEVERE ] key 46 was pressed by player 2
[19:46:27.188] [SEVERE ] player 2 placing token on slot 10
[19:46:27.365] [SEVERE ] setting player 1 freeze to 0
[19:46:27.365] [SEVERE ] updating countdown to 59000
[19:46:27.398] [SEVERE ] key 44 was pressed by player 2
[19:46:27.398] [SEVERE ] player 2 placing token on slot 9
[19:46:28.365] [SEVERE ] updating countdown to 58000
[19:46:28.474] [SEVERE ] removing tokens from slot 11
[19:46:28.475] [SEVERE ] removing card from slot 11
[19:46:28.583] [SEVERE ] removing tokens from slot 10
[19:46:28.583] [SEVERE ] removing card from slot 10
[19:46:28.693] [SEVERE ] removing tokens from slot 9
[19:46:28.693] [SEVERE ] removing card from slot 9
[19:46:28.693] [SEVERE ] removing player 2 token from slot 11
[19:46:28.693] [SEVERE ] removing player 2 token from slot 10
[19:46:28.694] [SEVERE ] removing player 2 token from slot 9
[19:46:28.803] [SEVERE ] placing card 39 in slot 11
[19:46:28.909] [SEVERE ] placing card 40 in slot 10
[19:46:28.976] [SEVERE ] key 81 was pressed by player 1
[19:46:28.976] [SEVERE ] player 1 placing token on slot 0
[19:46:29.019] [SEVERE ] placing card 41 in slot 9
[19:46:29.019] [SEVERE ] updating countdown to 60000
[19:46:29.019] [SEVERE ] setting player 2 score to 5
[19:46:29.020] [SEVERE ] setting player 2 freeze to 1000
[19:46:29.169] [SEVERE ] key 65 was pressed by player 1
[19:46:29.169] [SEVERE ] player 1 placing token on slot 4
[19:46:29.365] [SEVERE ] setting player 2 freeze to 0
[19:46:29.365] [SEVERE ] updating countdown to 59000
[19:46:29.394] [SEVERE ] key 90 was pressed by player 1
[19:46:29.394] [SEVERE ] player 1 placing token on slot 8
[19:46:30.250] [SEVERE ] key 47 was pressed by player 2
[19:46:30.250] [SEVERE ] player 2 placing token on slot 11
[19:46:30.364] [SEVERE ] updating countdown to 58000
[19:46:30.477] [SEVERE ] removing tokens from slot 0
[19:46:30.477] [SEVERE ] removing card from slot 0
[19:46:30.489] [SEVERE ] key 46 was pressed by player 2
[19:46:30.489] [SEVERE ] player 2 placing token on slot 10
[19:46:30.589] [SEVERE ] removing tokens from slot 4
[19:46:30.589] [SEVERE ] removing card from slot 4
[19:46:30.698] [SEVERE ] removing tokens from slot 8
[19:46:30.698] [SEVERE ] removing card from slot 8
[19:46:30.699] [SEVERE ] removing player 1 token from slot 0
[19:46:30.699] [SEVERE ] removing player 1 token from slot 4
[19:46:30.699] [SEVERE ] removing player 1 token from slot 8
[19:46:30.706] [SEVERE ] key 44 was pressed by player 2
[19:46:30.707] [SEVERE ] player 2 placing token on slot 9
[19:46:30.808] [SEVERE ] placing card 42 in slot 0
[19:46:30.919] [SEVERE ] placing card 43 in slot 4
[19:46:31.028] [SEVERE ] placing card 44 in slot 8
[19:46:31.028] [SEVERE ] updating countdown to 60000
[19:46:31.028] [SEVERE ] setting player 1 score to 6
[19:46:31.029] [SEVERE ] setting player 1 freeze to 1000
[19:46:31.135] [SEVERE ] removing tokens from slot 11
[19:46:31.135] [SEVERE ] removing card from slot 11
[19:46:31.243] [SEVERE ] removing tokens from slot 10
[19:46:31.243] [SEVERE ] removing card from slot 10
[19:46:31.353] [SEVERE ] removing tokens from slot 9
[19:46:31.353] [SEVERE ] removing card from slot 9
[19:46:31.354] [SEVERE ] removing player 2 token from slot 11
[19:46:31.354] [SEVERE ] removing player 2 token from slot 10
[19:46:31.355] [SEVERE ] removing player 2 token from slot 9
[19:46:31.461] [SEVERE ] placing card 45 in slot 11
[19:46:31.480] [SEVERE ] key 81 was pressed by player 1
[19:46:31.571] [SEVERE ] placing card 46 in slot 10
[19:46:31.659] [SEVERE ] key 65 was pressed by player 1
[19:46:31.682] [SEVERE ] placing card 47 in slot 9
[19:46:31.682] [SEVERE ] setting player 1 freeze to 0
[19:46:31.682] [SEVERE ] updating countdown to 60000
[19:46:31.682] [SEVERE ] setting player 2 score to 6
[19:46:31.683] [SEVERE ] setting player 2 freeze to 1000
[19:46:31.683] [SEVERE ] setting player 2 freeze to 0
[19:46:31.683] [SEVERE ] updating countdown to 59000
[19:46:31.914] [SEVERE ] key 90 was pressed by player 1
[19:46:31.914] [SEVERE ] player 1 placing token on slot 8
[19:46:32.373] [SEVERE ] updating countdown to 58000
[19:46:32.529] [SEVERE ] key 65 was pressed by player 1
[19:46:32.530] [SEVERE ] player 1 placing token on slot 4
[19:46:32.784] [SEVERE ] key 81 was pressed by player 1
[19:46:32.784] [SEVERE ] player 1 placing token on slot 0
[19:46:33.377] [SEVERE ] updating countdown to 57000
[19:46:33.474] [SEVERE ] key 47 was pressed by player 2
[19:46:33.474] [SEVERE ] player 2 placing token on slot 11
[19:46:33.486] [SEVERE ] removing tokens from slot 8
[19:46:33.486] [SEVERE ] removing card from slot 8
[19:46:33.595] [SEVERE ] removing tokens from slot 4
[19:46:33.595] [SEVERE ] removing card from slot 4
[19:46:33.654] [SEVERE ] key 46 was pressed by player 2
[19:46:33.654] [SEVERE ] player 2 placing token on slot 10
[19:46:33.705] [SEVERE ] removing tokens from slot 0
[19:46:33.705] [SEVERE ] removing card from slot 0
[19:46:33.705] [SEVERE ] removing player 1 token from slot 8
[19:46:33.706] [SEVERE ] removing player 1 token from slot 4
[19:46:33.706] [SEVERE ] removing player 1 token from slot 0
[19:46:33.816] [SEVERE ] placing card 48 in slot 8
[19:46:33.924] [SEVERE ] placing card 49 in slot 4
[19:46:33.939] [SEVERE ] key 44 was pressed by player 2
[19:46:33.940] [SEVERE ] player 2 placing token on slot 9
[19:46:34.033] [SEVERE ] placing card 50 in slot 0
[19:46:34.033] [SEVERE ] updating countdown to 60000
[19:46:34.034] [SEVERE ] setting player 1 score to 7
[19:46:34.034] [SEVERE ] setting player 1 freeze to 1000
[19:46:34.141] [SEVERE ] removing tokens from slot 11
[19:46:34.141] [SEVERE ] removing card from slot 11
[19:46:34.251] [SEVERE ] removing tokens from slot 10
[19:46:34.251] [SEVERE ] removing card from slot 10
[19:46:34.360] [SEVERE ] removing tokens from slot 9
[19:46:34.360] [SEVERE ] removing card from slot 9
[19:46:34.360] [SEVERE ] removing player 2 token from slot 11
[19:46:34.360] [SEVERE ] removing player 2 token from slot 10
[19:46:34.360] [SEVERE ] removing player 2 token from slot 9
[19:46:34.469] [SEVERE ] placing card 51 in slot 11
[19:46:34.579] [SEVERE ] placing card 52 in slot 10
[19:46:34.689] [SEVERE ] placing card 53 in slot 9
[19:46:34.689] [SEVERE ] setting player 1 freeze to 0
[19:46:34.690] [SEVERE ] updating countdown to 60000
[19:46:34.690] [SEVERE ] setting player 2 score to 7
[19:46:34.690] [SEVERE ] setting player 2 freeze to 1000
[19:46:34.690] [SEVERE ] setting player 2 freeze to 0
[19:46:34.691] [SEVERE ] updating countdown to 59000
[19:46:34.899] [SEVERE ] key 81 was pressed by player 1
[19:46:34.899] [SEVERE ] player 1 placing token on slot 0
[19:46:35.199] [SEVERE ] key 65 was pressed by player 1
[19:46:35.199] [SEVERE ] player 1 placing token on slot 4
[19:46:35.365] [SEVERE ] updating countdown to 58000
[19:46:35.469] [SEVERE ] key 90 was pressed by player 1
[19:46:35.469] [SEVERE ] player 1 placing token on slot 8
[19:46:35.859] [SEVERE ] key 47 was pressed by player 2
[19:46:35.859] [SEVERE ] player 2 placing token on slot 11
[19:46:36.010] [SEVERE ] key 46 was pressed by player 2
[19:46:36.010] [SEVERE ] player 2 placing token on slot 10
[19:46:36.234] [SEVERE ] key 44 was pressed by player 2
[19:46:36.234] [SEVERE ] player 2 placing token on slot 9
[19:46:36.365] [SEVERE ] updating countdown to 57000
[19:46:36.468] [SEVERE ] removing tokens from slot 0
[19:46:36.468] [SEVERE ] removing card from slot 0
[19:46:36.579] [SEVERE ] removing tokens from slot 4
[19:46:36.579] [SEVERE ] removing card from slot 4
[19:46:36.686] [SEVERE ] removing tokens from slot 8
[19:46:36.686] [SEVERE ] removing card from slot 8
[19:46:36.686] [SEVERE ] removing player 1 token from slot 0
[19:46:36.686] [SEVERE ] removing player 1 token from slot 4
[19:46:36.686] [SEVERE ] removing player 1 token from slot 8
[19:46:36.775] [SEVERE ] key 81 was pressed by player 1
[19:46:36.797] [SEVERE ] placing card 54 in slot 0
[19:46:36.907] [SEVERE ] placing card 55 in slot 4
[19:46:37.016] [SEVERE ] placing card 56 in slot 8
[19:46:37.016] [SEVERE ] updating countdown to 60000
[19:46:37.016] [SEVERE ] setting player 1 score to 8
[19:46:37.016] [SEVERE ] setting player 1 freeze to 1000
[19:46:37.126] [SEVERE ] removing tokens from slot 11
[19:46:37.126] [SEVERE ] removing card from slot 11
[19:46:37.234] [SEVERE ] removing tokens from slot 10
[19:46:37.234] [SEVERE ] removing card from slot 10
[19:46:37.342] [SEVERE ] removing tokens from slot 9
[19:46:37.342] [SEVERE ] removing card from slot 9
[19:46:37.342] [SEVERE ] removing player 2 token from slot 11
[19:46:37.342] [SEVERE ] removing player 2 token from slot 10
[19:46:37.343] [SEVERE ] removing player 2 token from slot 9
[19:46:37.434] [SEVERE ] key 81 was pressed by player 1
[19:46:37.451] [SEVERE ] placing card 57 in slot 11
[19:46:37.559] [SEVERE ] placing card 58 in slot 10
[19:46:37.671] [SEVERE ] placing card 59 in slot 9
[19:46:37.671] [SEVERE ] setting player 1 freeze to 0
[19:46:37.671] [SEVERE ] updating countdown to 60000
[19:46:37.671] [SEVERE ] setting player 2 score to 8
[19:46:37.671] [SEVERE ] setting player 2 freeze to 1000
[19:46:37.672] [SEVERE ] setting player 2 freeze to 0
[19:46:37.672] [SEVERE ] updating countdown to 59000
[19:46:37.684] [SEVERE ] key 65 was pressed by player 1
[19:46:37.684] [SEVERE ] player 1 placing token on slot 4
[19:46:38.289] [SEVERE ] key 81 was pressed by player 1
[19:46:38.289] [SEVERE ] player 1 placing token on slot 0
[19:46:38.379] [SEVERE ] updating countdown to 58000
[19:46:38.530] [SEVERE ] key 90 was pressed by player 1
[19:46:38.530] [SEVERE ] player 1 placing token on slot 8
[19:46:38.859] [SEVERE ] key 47 was pressed by player 2
[19:46:38.859] [SEVERE ] player 2 placing token on slot 11
[19:46:39.084] [SEVERE ] key 46 was pressed by player 2
[19:46:39.084] [SEVERE ] player 2 placing token on slot 10
[19:46:39.324] [SEVERE ] key 44 was pressed by player 2
[19:46:39.324] [SEVERE ] player 2 placing token on slot 9
[19:46:39.364] [SEVERE ] updating countdown to 57000
[19:46:39.478] [SEVERE ] removing tokens from slot 4
[19:46:39.478] [SEVERE ] removing card from slot 4
[19:46:39.588] [SEVERE ] removing tokens from slot 0
[19:46:39.588] [SEVERE ] removing card from slot 0
[19:46:39.698] [SEVERE ] removing tokens from slot 8
[19:46:39.698] [SEVERE ] removing card from slot 8
[19:46:39.698] [SEVERE ] removing player 1 token from slot 4
[19:46:39.698] [SEVERE ] removing player 1 token from slot 0
[19:46:39.698] [SEVERE ] removing player 1 token from slot 8
[19:46:39.807] [SEVERE ] placing card 60 in slot 4
[19:46:39.918] [SEVERE ] placing card 61 in slot 0
[19:46:40.030] [SEVERE ] placing card 62 in slot 8
[19:46:40.030] [SEVERE ] updating countdown to 60000
[19:46:40.030] [SEVERE ] setting player 1 score to 9
[19:46:40.030] [SEVERE ] setting player 1 freeze to 1000
[19:46:40.141] [SEVERE ] removing tokens from slot 11
[19:46:40.141] [SEVERE ] removing card from slot 11
[19:46:40.249] [SEVERE ] removing tokens from slot 10
[19:46:40.249] [SEVERE ] removing card from slot 10
[19:46:40.359] [SEVERE ] removing tokens from slot 9
[19:46:40.359] [SEVERE ] removing card from slot 9
[19:46:40.359] [SEVERE ] removing player 2 token from slot 11
[19:46:40.360] [SEVERE ] removing player 2 token from slot 10
[19:46:40.360] [SEVERE ] removing player 2 token from slot 9
[19:46:40.469] [SEVERE ] placing card 63 in slot 11
[19:46:40.577] [SEVERE ] placing card 64 in slot 10
[19:46:40.688] [SEVERE ] placing card 65 in slot 9
[19:46:40.688] [SEVERE ] setting player 1 freeze to 0
[19:46:40.688] [SEVERE ] updating countdown to 60000
[19:46:40.688] [SEVERE ] setting player 2 score to 9
[19:46:40.688] [SEVERE ] setting player 2 freeze to 1000
[19:46:40.688] [SEVERE ] setting player 2 freeze to 0
[19:46:40.688] [SEVERE ] updating countdown to 59000
[19:46:41.366] [SEVERE ] updating countdown to 58000
[19:46:42.251] [SEVERE ] key 81 was pressed by player 1
[19:46:42.252] [SEVERE ] player 1 placing token on slot 0
[19:46:42.364] [SEVERE ] updating countdown to 57000
[19:46:42.414] [SEVERE ] key 65 was pressed by player 1
[19:46:42.414] [SEVERE ] player 1 placing token on slot 4
[19:46:42.625] [SEVERE ] key 90 was pressed by player 1
[19:46:42.625] [SEVERE ] player 1 placing token on slot 8
[19:46:43.285] [SEVERE ] key 47 was pressed by player 2
[19:46:43.285] [SEVERE ] player 2 placing token on slot 11
[19:46:43.376] [SEVERE ] updating countdown to 56000
[19:46:43.485] [SEVERE ] removing tokens from slot 0
[19:46:43.485] [SEVERE ] removing card from slot 0
[19:46:43.511] [SEVERE ] key 46 was pressed by player 2
[19:46:43.511] [SEVERE ] player 2 placing token on slot 10
[19:46:43.593] [SEVERE ] removing tokens from slot 4
[19:46:43.593] [SEVERE ] removing card from slot 4
[19:46:43.704] [SEVERE ] removing tokens from slot 8
[19:46:43.704] [SEVERE ] removing card from slot 8
[19:46:43.704] [SEVERE ] removing player 1 token from slot 0
[19:46:43.704] [SEVERE ] removing player 1 token from slot 4
[19:46:43.704] [SEVERE ] removing player 1 token from slot 8
[19:46:43.720] [SEVERE ] key 44 was pressed by player 2
[19:46:43.720] [SEVERE ] player 2 placing token on slot 9
[19:46:43.814] [SEVERE ] placing card 66 in slot 0
[19:46:43.925] [SEVERE ] placing card 67 in slot 4
[19:46:44.035] [SEVERE ] placing card 68 in slot 8
[19:46:44.035] [SEVERE ] updating countdown to 60000
[19:46:44.035] [SEVERE ] setting player 1 score to 10
[19:46:44.035] [SEVERE ] setting player 1 freeze to 1000
[19:46:44.146] [SEVERE ] removing tokens from slot 11
[19:46:44.146] [SEVERE ] removing card from slot 11
[19:46:44.253] [SEVERE ] removing tokens from slot 10
[19:46:44.253] [SEVERE ] removing card from slot 10
[19:46:44.365] [SEVERE ] removing tokens from slot 9
[19:46:44.365] [SEVERE ] removing card from slot 9
[19:46:44.366] [SEVERE ] removing player 2 token from slot 11
[19:46:44.366] [SEVERE ] removing player 2 token from slot 10
[19:46:44.366] [SEVERE ] removing player 2 token from slot 9
[19:46:44.472] [SEVERE ] placing card 69 in slot 11
[19:46:44.582] [SEVERE ] placing card 70 in slot 10
[19:46:44.692] [SEVERE ] placing card 71 in slot 9
[19:46:44.692] [SEVERE ] setting player 1 freeze to 0
[19:46:44.692] [SEVERE ] updating countdown to 60000
[19:46:44.692] [SEVERE ] setting player 2 score to 10
[19:46:44.692] [SEVERE ] setting player 2 freeze to 1000
[19:46:44.693] [SEVERE ] setting player 2 freeze to 0
[19:46:44.693] [SEVERE ] updating countdown to 59000
[19:46:45.364] [SEVERE ] updating countdown to 58000
[19:46:45.835] [SEVERE ] key 81 was pressed by player 1
[19:46:45.835] [SEVERE ] player 1 placing token on slot 0
[19:46:46.366] [SEVERE ] updating countdown to 57000
[19:46:46.376] [SEVERE ] key 65 was pressed by player 1
[19:46:46.376] [SEVERE ] player 1 placing token on slot 4
[19:46:46.585] [SEVERE ] key 90 was pressed by player 1
[19:46:46.585] [SEVERE ] player 1 placing token on slot 8
[19:46:47.365] [SEVERE ] updating countdown to 56000
[19:46:47.467] [SEVERE ] removing tokens from slot 0
[19:46:47.467] [SEVERE ] removing card from slot 0
[19:46:47.576] [SEVERE ] removing tokens from slot 4
[19:46:47.576] [SEVERE ] removing card from slot 4
[19:46:47.684] [SEVERE ] removing tokens from slot 8
[19:46:47.684] [SEVERE ] removing card from slot 8
[19:46:47.685] [SEVERE ] removing player 1 token from slot 0
[19:46:47.685] [SEVERE ] removing player 1 token from slot 4
[19:46:47.685] [SEVERE ] removing player 1 token from slot 8
[19:46:47.794] [SEVERE ] placing card 72 in slot 0
[19:46:47.906] [SEVERE ] placing card 73 in slot 4
[19:46:48.014] [SEVERE ] placing card 74 in slot 8
[19:46:48.014] [SEVERE ] updating countdown to 60000
[19:46:48.014] [SEVERE ] setting player 1 score to 11
[19:46:48.014] [SEVERE ] setting player 1 freeze to 1000
[19:46:48.085] [SEVERE ] key 47 was pressed by player 2
[19:46:48.085] [SEVERE ] player 2 placing token on slot 11
[19:46:48.265] [SEVERE ] key 46 was pressed by player 2
[19:46:48.265] [SEVERE ] player 2 placing token on slot 10
[19:46:48.365] [SEVERE ] setting player 1 freeze to 0
[19:46:48.365] [SEVERE ] updating countdown to 59000
[19:46:48.700] [SEVERE ] key 44 was pressed by player 2
[19:46:48.700] [SEVERE ] player 2 placing token on slot 9
[19:46:49.365] [SEVERE ] updating countdown to 58000
[19:46:49.468] [SEVERE ] removing tokens from slot 11
[19:46:49.468] [SEVERE ] removing card from slot 11
[19:46:49.577] [SEVERE ] removing tokens from slot 10
[19:46:49.577] [SEVERE ] removing card from slot 10
[19:46:49.688] [SEVERE ] removing tokens from slot 9
[19:46:49.688] [SEVERE ] removing card from slot 9
[19:46:49.688] [SEVERE ] removing player 2 token from slot 11
[19:46:49.688] [SEVERE ] removing player 2 token from slot 10
[19:46:49.688] [SEVERE ] removing player 2 token from slot 9
[19:46:49.795] [SEVERE ] placing card 75 in slot 11
[19:46:49.904] [SEVERE ] placing card 76 in slot 10
[19:46:49.945] [SEVERE ] key 47 was pressed by player 2
[19:46:50.015] [SEVERE ] placing card 77 in slot 9
[19:46:50.015] [SEVERE ] updating countdown to 60000
[19:46:50.016] [SEVERE ] setting player 2 score to 11
[19:46:50.016] [SEVERE ] setting player 2 freeze to 1000
[19:46:50.185] [SEVERE ] key 47 was pressed by player 2
[19:46:50.365] [SEVERE ] setting player 2 freeze to 0
[19:46:50.365] [SEVERE ] updating countdown to 59000
[19:46:50.365] [SEVERE ] key 47 was pressed by player 2
[19:46:50.365] [SEVERE ] player 2 placing token on slot 11
[19:46:51.325] [SEVERE ] key 44 was pressed by player 2
[19:46:51.325] [SEVERE ] player 2 placing token on slot 9
[19:46:51.364] [SEVERE ] updating countdown to 58000
[19:46:51.610] [SEVERE ] key 46 was pressed by player 2
[19:46:51.611] [SEVERE ] player 2 placing token on slot 10
[19:46:52.377] [SEVERE ] updating countdown to 57000
[19:46:52.487] [SEVERE ] removing tokens from slot 11
[19:46:52.487] [SEVERE ] removing card from slot 11
[19:46:52.599] [SEVERE ] removing tokens from slot 9
[19:46:52.599] [SEVERE ] removing card from slot 9
[19:46:52.707] [SEVERE ] removing tokens from slot 10
[19:46:52.707] [SEVERE ] removing card from slot 10
[19:46:52.707] [SEVERE ] removing player 2 token from slot 11
[19:46:52.707] [SEVERE ] removing player 2 token from slot 9
[19:46:52.707] [SEVERE ] removing player 2 token from slot 10
[19:46:52.816] [SEVERE ] placing card 78 in slot 11
[19:46:52.927] [SEVERE ] placing card 79 in slot 9
[19:46:53.036] [SEVERE ] placing card 80 in slot 10
[19:46:53.036] [SEVERE ] updating countdown to 60000
[19:46:53.036] [SEVERE ] setting player 2 score to 12
[19:46:53.036] [SEVERE ] setting player 2 freeze to 1000
[19:46:53.365] [SEVERE ] setting player 2 freeze to 0
[19:46:53.365] [SEVERE ] updating countdown to 59000
[19:46:53.906] [SEVERE ] key 81 was pressed by player 1
[19:46:53.906] [SEVERE ] player 1 placing token on slot 0
[19:46:53.995] [SEVERE ] key 65 was pressed by player 1
[19:46:53.995] [SEVERE ] player 1 placing token on slot 4
[19:46:54.205] [SEVERE ] key 90 was pressed by player 1
[19:46:54.205] [SEVERE ] player 1 placing token on slot 8
[19:46:54.364] [SEVERE ] updating countdown to 58000
[19:46:54.475] [SEVERE ] removing tokens from slot 0
[19:46:54.475] [SEVERE ] removing card from slot 0
[19:46:54.505] [SEVERE ] key 47 was pressed by player 2
[19:46:54.505] [SEVERE ] player 2 placing token on slot 11
[19:46:54.585] [SEVERE ] removing tokens from slot 4
[19:46:54.585] [SEVERE ] removing card from slot 4
[19:46:54.693] [SEVERE ] removing tokens from slot 8
[19:46:54.693] [SEVERE ] removing card from slot 8
[19:46:54.693] [SEVERE ] removing player 1 token from slot 0
[19:46:54.693] [SEVERE ] removing player 1 token from slot 4
[19:46:54.693] [SEVERE ] removing player 1 token from slot 8
[19:46:54.693] [SEVERE ] updating countdown to 60000
[19:46:54.693] [SEVERE ] setting player 1 score to 12
[19:46:54.693] [SEVERE ] setting player 1 freeze to 1000
[19:46:54.820] [SEVERE ] key 46 was pressed by player 2
[19:46:54.820] [SEVERE ] player 2 placing token on slot 10
[19:46:55.090] [SEVERE ] key 44 was pressed by player 2
[19:46:55.090] [SEVERE ] player 2 placing token on slot 9
[19:46:55.365] [SEVERE ] setting player 1 freeze to 0
[19:46:55.365] [SEVERE ] updating countdown to 59000
[19:46:55.475] [SEVERE ] removing tokens from slot 11
[19:46:55.475] [SEVERE ] removing card from slot 11
[19:46:55.587] [SEVERE ] removing tokens from slot 10
[19:46:55.587] [SEVERE ] removing card from slot 10
[19:46:55.698] [SEVERE ] removing tokens from slot 9
[19:46:55.698] [SEVERE ] removing card from slot 9
[19:46:55.699] [SEVERE ] removing player 2 token from slot 11
[19:46:55.699] [SEVERE ] removing player 2 token from slot 10
[19:46:55.699] [SEVERE ] removing player 2 token from slot 9
[19:46:55.699] [SEVERE ] updating countdown to 60000
[19:46:55.699] [SEVERE ] setting player 2 score to 13
[19:46:55.699] [SEVERE ] setting player 2 freeze to 1000
[19:46:56.365] [SEVERE ] setting player 2 freeze to 0
[19:46:56.365] [SEVERE ] updating countdown to 59000
[19:46:57.365] [SEVERE ] updating countdown to 58000
[19:46:58.364] [SEVERE ] updating countdown to 57000
[19:46:59.371] [SEVERE ] updating countdown to 56000
[19:47:00.365] [SEVERE ] updating countdown to 55000
[19:47:01.365] [SEVERE ] updating countdown to 54000
[19:47:02.365] [SEVERE ] updating countdown to 53000
[19:47:03.365] [SEVERE ] updating countdown to 52000
[19:47:04.364] [SEVERE ] updating countdown to 51000
[19:47:05.130] [SEVERE ] key 87 was pressed by player 1
[19:47:05.130] [SEVERE ] player 1 placing token on slot 1
[19:47:05.364] [SEVERE ] updating countdown to 50000
[19:47:05.442] [SEVERE ] key 83 was pressed by player 1
[19:47:05.443] [SEVERE ] player 1 placing token on slot 5
[19:47:05.727] [SEVERE ] key 68 was pressed by player 1
[19:47:05.727] [SEVERE ] player 1 placing token on slot 6
[19:47:06.377] [SEVERE ] updating countdown to 49000
[19:47:06.487] [SEVERE ] removing tokens from slot 1
[19:47:06.487] [SEVERE ] removing card from slot 1
[19:47:06.595] [SEVERE ] removing tokens from slot 5
[19:47:06.595] [SEVERE ] removing card from slot 5
[19:47:06.706] [SEVERE ] removing tokens from slot 6
[19:47:06.706] [SEVERE ] removing card from slot 6
[19:47:06.706] [SEVERE ] removing player 1 token from slot 1
[19:47:06.707] [SEVERE ] removing player 1 token from slot 5
[19:47:06.707] [SEVERE ] removing player 1 token from slot 6
[19:47:06.707] [SEVERE ] updating countdown to 60000
[19:47:06.707] [SEVERE ] setting player 1 score to 13
[19:47:06.707] [SEVERE ] setting player 1 freeze to 1000
[19:47:07.364] [SEVERE ] setting player 1 freeze to 0
[19:47:07.364] [SEVERE ] updating countdown to 59000
[19:47:08.365] [SEVERE ] updating countdown to 58000
[19:47:09.364] [SEVERE ] updating countdown to 57000
[19:47:10.019] [SEVERE ] key 69 was pressed by player 1
[19:47:10.019] [SEVERE ] player 1 placing token on slot 2
[19:47:10.257] [SEVERE ] key 82 was pressed by player 1
[19:47:10.257] [SEVERE ] player 1 placing token on slot 3
[19:47:10.377] [SEVERE ] updating countdown to 56000
[19:47:10.572] [SEVERE ] key 70 was pressed by player 1
[19:47:10.572] [SEVERE ] player 1 placing token on slot 7
[19:47:11.365] [SEVERE ] updating countdown to 55000
[19:47:11.474] [SEVERE ] removing tokens from slot 2
[19:47:11.474] [SEVERE ] removing card from slot 2
[19:47:11.582] [SEVERE ] removing tokens from slot 3
[19:47:11.582] [SEVERE ] removing card from slot 3
[19:47:11.692] [SEVERE ] removing tokens from slot 7
[19:47:11.692] [SEVERE ] removing card from slot 7
[19:47:11.692] [SEVERE ] removing player 1 token from slot 2
[19:47:11.692] [SEVERE ] removing player 1 token from slot 3
[19:47:11.692] [SEVERE ] removing player 1 token from slot 7
[19:47:11.692] [SEVERE ] updating countdown to 60000
[19:47:11.692] [SEVERE ] setting player 1 score to 14
[19:47:11.692] [SEVERE ] setting player 1 freeze to 1000
[19:47:11.695] [SEVERE ] announcing winner(s): player 2
[19:47:11.697] [INFO   ] thread dealer terminated.
[19:47:11.698] [INFO   ] thread dealer terminated.
[19:47:16.701] [SEVERE ] thanks for playing... it was fun!
[19:47:16.701] [INFO   ] thread main terminated.
[19:47:16.701] [SEVERE ] disposing of user interface elements
