[10:45:02.950] [INFO   ] thread main starting.
[10:45:02.960] [SEVERE ] cannot read configuration file config.properties trying from resources.
[10:45:02.963] [SEVERE ] configuration file was loaded from resources directory.
[10:45:03.636] [INFO   ] thread dealer starting.
[10:45:03.637] [INFO   ] thread dealer starting.
[10:45:03.638] [INFO   ] thread 0 starting.
[10:45:03.640] [INFO   ] thread 1 starting.
[10:45:03.641] [INFO   ] thread 0 starting.
[10:45:03.642] [INFO   ] thread 1 starting.
[10:45:03.750] [SEVERE ] placing card 45 in slot 3
[10:45:03.862] [SEVERE ] placing card 48 in slot 7
[10:45:03.986] [SEVERE ] placing card 11 in slot 9
[10:45:04.096] [SEVERE ] placing card 8 in slot 0
[10:45:04.205] [SEVERE ] placing card 13 in slot 10
[10:45:04.315] [SEVERE ] placing card 34 in slot 1
[10:45:04.424] [SEVERE ] placing card 25 in slot 8
[10:45:04.533] [SEVERE ] placing card 68 in slot 4
[10:45:04.641] [SEVERE ] placing card 59 in slot 6
[10:45:04.752] [SEVERE ] placing card 20 in slot 5
[10:45:04.861] [SEVERE ] placing card 67 in slot 11
[10:45:04.971] [SEVERE ] placing card 21 in slot 2
[10:45:05.307] [SEVERE ] key 81 was pressed by player 1
[10:45:05.307] [SEVERE ] player 1 placing token on slot 0
[10:45:05.580] [SEVERE ] key 87 was pressed by player 1
[10:45:05.580] [SEVERE ] player 1 placing token on slot 1
[10:45:05.844] [SEVERE ] key 69 was pressed by player 1
[10:45:05.845] [SEVERE ] player 1 placing token on slot 2
[10:45:05.846] [SEVERE ] setting player 1 freeze to 0
[10:45:05.975] [SEVERE ] setting player 1 freeze to -1000
[10:45:05.977] [SEVERE ] setting player 2 freeze to -1000
[10:45:05.979] [SEVERE ] updating countdown to 59000
[10:45:05.986] [SEVERE ] setting player 1 freeze to 3000
[10:45:06.524] [SEVERE ] key 81 was pressed by player 1
[10:45:06.526] [SEVERE ] removing player 1 token from slot 0
[10:45:06.972] [SEVERE ] setting player 1 freeze to 2000
[10:45:06.974] [SEVERE ] updating countdown to 58000
[10:45:07.156] [SEVERE ] key 87 was pressed by player 1
[10:45:07.157] [SEVERE ] removing player 1 token from slot 1
[10:45:07.652] [SEVERE ] key 69 was pressed by player 1
[10:45:07.653] [SEVERE ] removing player 1 token from slot 2
[10:45:07.973] [SEVERE ] setting player 1 freeze to 1000
[10:45:07.974] [SEVERE ] updating countdown to 57000
[10:45:08.092] [SEVERE ] key 81 was pressed by player 1
[10:45:08.093] [SEVERE ] player 1 placing token on slot 0
[10:45:08.335] [SEVERE ] key 87 was pressed by player 1
[10:45:08.337] [SEVERE ] player 1 placing token on slot 1
[10:45:08.576] [SEVERE ] key 69 was pressed by player 1
[10:45:08.577] [SEVERE ] player 1 placing token on slot 2
[10:45:08.578] [SEVERE ] setting player 1 freeze to 3000
[10:45:08.838] [SEVERE ] key 81 was pressed by player 1
[10:45:08.839] [SEVERE ] removing player 1 token from slot 0
[10:45:08.973] [SEVERE ] setting player 1 freeze to 0
[10:45:08.978] [SEVERE ] updating countdown to 56000
[10:45:09.032] [SEVERE ] key 87 was pressed by player 1
[10:45:09.033] [SEVERE ] removing player 1 token from slot 1
[10:45:09.089] [INFO   ] thread dealer terminated.
[10:45:09.228] [SEVERE ] key 69 was pressed by player 1
[10:45:09.230] [SEVERE ] removing player 1 token from slot 2
