[12:20:00.239] [INFO   ] thread main starting.
[12:20:00.249] [SEVERE ] cannot read configuration file config.properties trying from resources.
[12:20:00.252] [SEVERE ] configuration file was loaded from resources directory.
[12:20:01.043] [INFO   ] thread dealer starting.
[12:20:01.044] [INFO   ] thread dealer starting.
[12:20:01.045] [INFO   ] thread 0 starting.
[12:20:01.045] [INFO   ] thread 1 starting.
[12:20:01.046] [INFO   ] thread 0 starting.
[12:20:01.046] [INFO   ] thread 1 starting.
[12:20:01.151] [SEVERE ] placing card 37 in slot 4
[12:20:01.253] [SEVERE ] placing card 56 in slot 0
[12:20:01.363] [SEVERE ] placing card 6 in slot 6
[12:20:01.464] [SEVERE ] placing card 70 in slot 5
[12:20:01.566] [SEVERE ] placing card 5 in slot 7
[12:20:01.666] [SEVERE ] placing card 76 in slot 10
[12:20:01.767] [SEVERE ] placing card 24 in slot 8
[12:20:01.869] [SEVERE ] placing card 13 in slot 1
[12:20:01.971] [SEVERE ] placing card 59 in slot 2
[12:20:02.072] [SEVERE ] placing card 10 in slot 9
[12:20:02.173] [SEVERE ] placing card 40 in slot 11
[12:20:02.274] [SEVERE ] placing card 16 in slot 3
[12:20:03.277] [SEVERE ] updating countdown to 59000
[12:20:04.274] [SEVERE ] updating countdown to 58000
[12:20:05.275] [SEVERE ] updating countdown to 57000
[12:20:06.274] [SEVERE ] updating countdown to 56000
[12:20:07.275] [SEVERE ] updating countdown to 55000
[12:20:08.275] [SEVERE ] updating countdown to 54000
[12:20:09.274] [SEVERE ] updating countdown to 53000
[12:20:09.521] [SEVERE ] key 88 was pressed by player 1
[12:20:09.521] [SEVERE ] player 1 placing token on slot 9
[12:20:10.274] [SEVERE ] updating countdown to 52000
[12:20:10.702] [SEVERE ] key 86 was pressed by player 1
[12:20:10.703] [SEVERE ] player 1 placing token on slot 11
[12:20:11.274] [SEVERE ] updating countdown to 51000
[12:20:12.275] [SEVERE ] updating countdown to 50000
[12:20:13.275] [SEVERE ] updating countdown to 49000
[12:20:14.275] [SEVERE ] updating countdown to 48000
[12:20:15.275] [SEVERE ] updating countdown to 47000
[12:20:15.868] [SEVERE ] key 83 was pressed by player 1
[12:20:15.869] [SEVERE ] player 1 placing token on slot 5
[12:20:15.872] [SEVERE ] setting player 1 freeze to 0
[12:20:16.274] [SEVERE ] updating countdown to 46000
[12:20:16.378] [SEVERE ] removing tokens from slot 9
[12:20:16.381] [SEVERE ] removing card from slot 9
[12:20:16.483] [SEVERE ] removing tokens from slot 11
[12:20:16.483] [SEVERE ] removing card from slot 11
[12:20:16.586] [SEVERE ] removing tokens from slot 5
[12:20:16.587] [SEVERE ] removing card from slot 5
[12:20:16.589] [SEVERE ] removing player 1 token from slot 9
[12:20:16.590] [SEVERE ] removing player 1 token from slot 11
[12:20:16.592] [SEVERE ] removing player 1 token from slot 5
[12:20:16.693] [SEVERE ] placing card 52 in slot 9
[12:20:16.796] [SEVERE ] placing card 74 in slot 11
[12:20:16.897] [SEVERE ] placing card 78 in slot 5
[12:20:16.898] [SEVERE ] updating countdown to 60000
[12:20:16.899] [SEVERE ] setting player 1 score to 1
[12:20:16.900] [SEVERE ] setting player 1 freeze to 1000
[12:20:17.274] [SEVERE ] setting player 1 freeze to 0
[12:20:17.275] [SEVERE ] updating countdown to 59000
[12:20:18.275] [SEVERE ] setting player 1 freeze to -1000
[12:20:18.275] [SEVERE ] updating countdown to 58000
[12:20:19.275] [SEVERE ] updating countdown to 57000
[12:20:20.276] [SEVERE ] updating countdown to 56000
[12:20:21.274] [SEVERE ] updating countdown to 55000
[12:20:22.274] [SEVERE ] updating countdown to 54000
[12:20:23.274] [SEVERE ] updating countdown to 53000
[12:20:24.274] [SEVERE ] updating countdown to 52000
[12:20:25.275] [SEVERE ] updating countdown to 51000
[12:20:26.275] [SEVERE ] updating countdown to 50000
[12:20:27.275] [SEVERE ] updating countdown to 49000
[12:20:28.236] [SEVERE ] key 83 was pressed by player 1
[12:20:28.237] [SEVERE ] player 1 placing token on slot 5
[12:20:28.275] [SEVERE ] updating countdown to 48000
[12:20:28.574] [SEVERE ] key 88 was pressed by player 1
[12:20:28.575] [SEVERE ] player 1 placing token on slot 9
[12:20:28.942] [SEVERE ] key 86 was pressed by player 1
[12:20:28.943] [SEVERE ] player 1 placing token on slot 11
[12:20:28.944] [SEVERE ] setting player 1 freeze to 1000
[12:20:29.274] [SEVERE ] updating countdown to 47000
[12:20:29.274] [SEVERE ] setting player 1 freeze to 3000
[12:20:30.274] [SEVERE ] setting player 1 freeze to 2000
[12:20:30.274] [SEVERE ] updating countdown to 46000
[12:20:31.085] [SEVERE ] key 83 was pressed by player 1
[12:20:31.275] [SEVERE ] setting player 1 freeze to 1000
[12:20:31.275] [SEVERE ] updating countdown to 45000
[12:20:31.519] [SEVERE ] key 88 was pressed by player 1
[12:20:32.274] [SEVERE ] setting player 1 freeze to 0
[12:20:32.275] [SEVERE ] updating countdown to 44000
[12:20:32.621] [SEVERE ] key 83 was pressed by player 1
[12:20:32.845] [SEVERE ] key 88 was pressed by player 1
[12:20:33.274] [SEVERE ] setting player 1 freeze to -1000
[12:20:33.274] [SEVERE ] updating countdown to 43000
[12:20:33.325] [SEVERE ] key 83 was pressed by player 1
[12:20:33.325] [SEVERE ] removing player 1 token from slot 5
[12:20:33.678] [SEVERE ] key 88 was pressed by player 1
[12:20:33.679] [SEVERE ] removing player 1 token from slot 9
[12:20:34.029] [SEVERE ] key 86 was pressed by player 1
[12:20:34.030] [SEVERE ] removing player 1 token from slot 11
[12:20:34.276] [SEVERE ] updating countdown to 42000
[12:20:34.781] [SEVERE ] key 86 was pressed by player 1
[12:20:34.781] [SEVERE ] player 1 placing token on slot 11
[12:20:35.150] [SEVERE ] key 88 was pressed by player 1
[12:20:35.151] [SEVERE ] player 1 placing token on slot 9
[12:20:35.274] [SEVERE ] updating countdown to 41000
[12:20:35.549] [SEVERE ] key 67 was pressed by player 1
[12:20:35.550] [SEVERE ] player 1 placing token on slot 10
[12:20:35.550] [SEVERE ] setting player 1 freeze to 3000
[12:20:36.274] [SEVERE ] updating countdown to 40000
[12:20:36.274] [SEVERE ] setting player 1 freeze to 3000
[12:20:37.274] [SEVERE ] setting player 1 freeze to 2000
[12:20:37.274] [SEVERE ] updating countdown to 39000
[12:20:38.275] [SEVERE ] setting player 1 freeze to 1000
[12:20:38.276] [SEVERE ] updating countdown to 38000
[12:20:39.274] [SEVERE ] setting player 1 freeze to 0
[12:20:39.275] [SEVERE ] updating countdown to 37000
[12:20:39.678] [SEVERE ] key 86 was pressed by player 1
[12:20:39.918] [SEVERE ] key 67 was pressed by player 1
[12:20:40.274] [SEVERE ] setting player 1 freeze to -1000
[12:20:40.275] [SEVERE ] updating countdown to 36000
[12:20:40.541] [SEVERE ] key 86 was pressed by player 1
[12:20:40.554] [SEVERE ] removing player 1 token from slot 11
[12:20:40.909] [SEVERE ] key 67 was pressed by player 1
[12:20:40.910] [SEVERE ] removing player 1 token from slot 10
[12:20:41.275] [SEVERE ] updating countdown to 35000
[12:20:41.421] [SEVERE ] key 88 was pressed by player 1
[12:20:41.421] [SEVERE ] removing player 1 token from slot 9
[12:20:42.159] [SEVERE ] key 67 was pressed by player 1
[12:20:42.159] [SEVERE ] player 1 placing token on slot 10
[12:20:42.275] [SEVERE ] updating countdown to 34000
[12:20:42.381] [SEVERE ] key 88 was pressed by player 1
[12:20:42.382] [SEVERE ] player 1 placing token on slot 9
[12:20:42.685] [SEVERE ] key 90 was pressed by player 1
[12:20:42.685] [SEVERE ] player 1 placing token on slot 8
[12:20:42.686] [SEVERE ] setting player 1 freeze to 3000
[12:20:43.275] [SEVERE ] updating countdown to 33000
[12:20:43.275] [SEVERE ] setting player 1 freeze to 3000
[12:20:44.274] [SEVERE ] setting player 1 freeze to 2000
[12:20:44.275] [SEVERE ] updating countdown to 32000
[12:20:44.397] [SEVERE ] key 90 was pressed by player 1
[12:20:44.557] [SEVERE ] key 88 was pressed by player 1
[12:20:44.784] [SEVERE ] key 67 was pressed by player 1
[12:20:45.101] [SEVERE ] key 90 was pressed by player 1
[12:20:45.183] [SEVERE ] key 88 was pressed by player 1
[12:20:45.274] [SEVERE ] setting player 1 freeze to 1000
[12:20:45.275] [SEVERE ] updating countdown to 31000
[12:20:45.294] [SEVERE ] key 67 was pressed by player 1
[12:20:45.597] [SEVERE ] key 90 was pressed by player 1
[12:20:45.695] [SEVERE ] key 88 was pressed by player 1
[12:20:45.789] [SEVERE ] key 67 was pressed by player 1
[12:20:46.275] [SEVERE ] setting player 1 freeze to 0
[12:20:46.276] [SEVERE ] updating countdown to 30000
[12:20:46.590] [SEVERE ] key 90 was pressed by player 1
[12:20:46.797] [SEVERE ] key 90 was pressed by player 1
[12:20:46.989] [SEVERE ] key 90 was pressed by player 1
[12:20:47.197] [SEVERE ] key 90 was pressed by player 1
[12:20:47.274] [SEVERE ] setting player 1 freeze to -1000
[12:20:47.274] [SEVERE ] updating countdown to 29000
[12:20:47.565] [SEVERE ] key 90 was pressed by player 1
[12:20:47.566] [SEVERE ] removing player 1 token from slot 8
[12:20:48.274] [SEVERE ] updating countdown to 28000
[12:20:49.275] [SEVERE ] updating countdown to 27000
[12:20:50.274] [SEVERE ] updating countdown to 26000
[12:20:51.274] [SEVERE ] updating countdown to 25000
[12:20:52.275] [SEVERE ] updating countdown to 24000
[12:20:53.275] [SEVERE ] updating countdown to 23000
[12:20:54.274] [SEVERE ] updating countdown to 22000
[12:20:54.702] [SEVERE ] key 88 was pressed by player 1
[12:20:54.703] [SEVERE ] removing player 1 token from slot 9
[12:20:55.262] [SEVERE ] key 67 was pressed by player 1
[12:20:55.263] [SEVERE ] removing player 1 token from slot 10
[12:20:55.274] [SEVERE ] updating countdown to 21000
[12:20:56.030] [SEVERE ] key 67 was pressed by player 1
[12:20:56.031] [SEVERE ] player 1 placing token on slot 10
[12:20:56.269] [SEVERE ] key 86 was pressed by player 1
[12:20:56.270] [SEVERE ] player 1 placing token on slot 11
[12:20:56.275] [SEVERE ] updating countdown to 20000
[12:20:57.274] [SEVERE ] updating countdown to 19000
[12:20:57.566] [SEVERE ] key 88 was pressed by player 1
[12:20:57.566] [SEVERE ] player 1 placing token on slot 9
[12:20:57.567] [SEVERE ] setting player 1 freeze to 3000
[12:20:58.275] [SEVERE ] updating countdown to 18000
[12:20:58.276] [SEVERE ] setting player 1 freeze to 3000
[12:20:59.274] [SEVERE ] setting player 1 freeze to 2000
[12:20:59.275] [SEVERE ] updating countdown to 17000
[12:21:00.274] [SEVERE ] setting player 1 freeze to 1000
[12:21:00.274] [SEVERE ] updating countdown to 16000
[12:21:01.274] [SEVERE ] setting player 1 freeze to 0
[12:21:01.274] [SEVERE ] updating countdown to 15000
[12:21:01.517] [SEVERE ] key 67 was pressed by player 1
[12:21:01.711] [SEVERE ] key 67 was pressed by player 1
[12:21:01.902] [SEVERE ] key 67 was pressed by player 1
[12:21:02.078] [SEVERE ] key 67 was pressed by player 1
[12:21:02.271] [SEVERE ] key 67 was pressed by player 1
[12:21:02.275] [SEVERE ] setting player 1 freeze to -1000
[12:21:02.275] [SEVERE ] updating countdown to 14000
[12:21:02.430] [SEVERE ] key 67 was pressed by player 1
[12:21:02.431] [SEVERE ] removing player 1 token from slot 10
[12:21:02.624] [SEVERE ] key 67 was pressed by player 1
[12:21:02.624] [SEVERE ] player 1 placing token on slot 10
[12:21:02.625] [SEVERE ] setting player 1 freeze to 3000
[12:21:03.037] [SEVERE ] key 67 was pressed by player 1
[12:21:03.038] [SEVERE ] removing player 1 token from slot 10
[12:21:03.274] [SEVERE ] updating countdown to 13000
[12:21:03.376] [SEVERE ] removing tokens from slot 11
[12:21:03.376] [SEVERE ] removing card from slot 11
[12:21:03.477] [SEVERE ] removing tokens from slot 9
[12:21:03.477] [SEVERE ] removing card from slot 9
[12:21:03.477] [SEVERE ] removing player 1 token from slot 11
[12:21:03.478] [SEVERE ] removing player 1 token from slot 9
[12:21:03.578] [SEVERE ] placing card 7 in slot 11
[12:21:03.679] [SEVERE ] placing card 0 in slot 9
[12:21:03.679] [SEVERE ] updating countdown to 60000
[12:21:03.680] [SEVERE ] setting player 1 score to 2
[12:21:03.680] [SEVERE ] setting player 1 freeze to 1000
[12:21:04.275] [SEVERE ] setting player 1 freeze to 0
[12:21:04.275] [SEVERE ] updating countdown to 59000
[12:21:05.274] [SEVERE ] setting player 1 freeze to -1000
[12:21:05.274] [SEVERE ] updating countdown to 58000
[12:21:06.275] [SEVERE ] updating countdown to 57000
[12:21:06.973] [SEVERE ] key 67 was pressed by player 1
[12:21:06.974] [SEVERE ] player 1 placing token on slot 10
[12:21:07.274] [SEVERE ] updating countdown to 56000
[12:21:07.581] [SEVERE ] key 88 was pressed by player 1
[12:21:07.583] [SEVERE ] player 1 placing token on slot 9
[12:21:08.157] [SEVERE ] key 86 was pressed by player 1
[12:21:08.158] [SEVERE ] player 1 placing token on slot 11
[12:21:08.159] [SEVERE ] setting player 1 freeze to 1000
[12:21:08.274] [SEVERE ] updating countdown to 55000
[12:21:08.275] [SEVERE ] setting player 1 freeze to 3000
[12:21:09.275] [SEVERE ] setting player 1 freeze to 2000
[12:21:09.275] [SEVERE ] updating countdown to 54000
[12:21:10.274] [SEVERE ] setting player 1 freeze to 1000
[12:21:10.274] [SEVERE ] updating countdown to 53000
[12:21:11.118] [SEVERE ] key 67 was pressed by player 1
[12:21:11.275] [SEVERE ] setting player 1 freeze to 0
[12:21:11.275] [SEVERE ] updating countdown to 52000
[12:21:11.293] [SEVERE ] key 67 was pressed by player 1
[12:21:11.469] [SEVERE ] key 67 was pressed by player 1
[12:21:11.646] [SEVERE ] key 67 was pressed by player 1
[12:21:11.821] [SEVERE ] key 67 was pressed by player 1
[12:21:12.014] [SEVERE ] key 67 was pressed by player 1
[12:21:12.175] [SEVERE ] key 67 was pressed by player 1
[12:21:12.275] [SEVERE ] setting player 1 freeze to -1000
[12:21:12.275] [SEVERE ] updating countdown to 51000
[12:21:12.333] [SEVERE ] key 67 was pressed by player 1
[12:21:12.334] [SEVERE ] removing player 1 token from slot 10
[12:21:12.510] [SEVERE ] key 67 was pressed by player 1
[12:21:12.510] [SEVERE ] player 1 placing token on slot 10
[12:21:12.511] [SEVERE ] setting player 1 freeze to 3000
[12:21:12.686] [SEVERE ] key 67 was pressed by player 1
[12:21:12.687] [SEVERE ] removing player 1 token from slot 10
[12:21:12.862] [SEVERE ] key 67 was pressed by player 1
[12:21:12.863] [SEVERE ] player 1 placing token on slot 10
[12:21:12.863] [SEVERE ] setting player 1 freeze to 3000
[12:21:13.069] [SEVERE ] key 67 was pressed by player 1
[12:21:13.070] [SEVERE ] removing player 1 token from slot 10
[12:21:13.245] [SEVERE ] key 67 was pressed by player 1
[12:21:13.246] [SEVERE ] player 1 placing token on slot 10
[12:21:13.275] [SEVERE ] updating countdown to 50000
[12:21:13.275] [SEVERE ] setting player 1 freeze to 3000
[12:21:13.276] [SEVERE ] setting player 1 freeze to 3000
[12:21:13.422] [SEVERE ] key 67 was pressed by player 1
[12:21:13.581] [SEVERE ] key 67 was pressed by player 1
[12:21:13.742] [SEVERE ] key 67 was pressed by player 1
[12:21:13.916] [SEVERE ] key 67 was pressed by player 1
[12:21:14.094] [SEVERE ] key 67 was pressed by player 1
[12:21:14.274] [SEVERE ] setting player 1 freeze to 2000
[12:21:14.274] [SEVERE ] updating countdown to 49000
[12:21:15.275] [SEVERE ] setting player 1 freeze to 1000
[12:21:15.275] [SEVERE ] updating countdown to 48000
[12:21:16.275] [SEVERE ] setting player 1 freeze to 0
[12:21:16.275] [SEVERE ] updating countdown to 47000
[12:21:17.274] [SEVERE ] setting player 1 freeze to -1000
[12:21:17.274] [SEVERE ] updating countdown to 46000
[12:21:18.274] [SEVERE ] updating countdown to 45000
[12:21:19.274] [SEVERE ] updating countdown to 44000
[12:21:20.275] [SEVERE ] updating countdown to 43000
[12:21:21.274] [SEVERE ] updating countdown to 42000
[12:21:22.274] [SEVERE ] updating countdown to 41000
[12:21:23.275] [SEVERE ] updating countdown to 40000
[12:21:24.289] [SEVERE ] updating countdown to 39000
[12:21:25.274] [SEVERE ] updating countdown to 38000
[12:21:26.275] [SEVERE ] updating countdown to 37000
[12:21:27.275] [SEVERE ] updating countdown to 36000
[12:21:28.274] [SEVERE ] updating countdown to 35000
[12:21:29.274] [SEVERE ] updating countdown to 34000
[12:21:30.275] [SEVERE ] updating countdown to 33000
[12:21:31.274] [SEVERE ] updating countdown to 32000
[12:21:32.274] [SEVERE ] updating countdown to 31000
[12:21:33.275] [SEVERE ] updating countdown to 30000
[12:21:34.274] [SEVERE ] updating countdown to 29000
[12:21:35.274] [SEVERE ] updating countdown to 28000
[12:21:36.275] [SEVERE ] updating countdown to 27000
[12:21:37.275] [SEVERE ] updating countdown to 26000
[12:21:38.275] [SEVERE ] updating countdown to 25000
[12:21:39.275] [SEVERE ] updating countdown to 24000
