[10:40:49.804] [INFO   ] thread main starting.
[10:40:49.817] [SEVERE ] cannot read configuration file config.properties trying from resources.
[10:40:49.820] [SEVERE ] configuration file was loaded from resources directory.
[10:40:50.556] [INFO   ] thread dealer starting.
[10:40:50.558] [INFO   ] thread dealer starting.
[10:40:50.560] [INFO   ] thread 0 starting.
[10:40:50.561] [INFO   ] thread 1 starting.
[10:40:50.562] [INFO   ] thread 0 starting.
[10:40:50.563] [INFO   ] thread 1 starting.
[10:40:50.681] [SEVERE ] placing card 47 in slot 1
[10:40:50.798] [SEVERE ] placing card 46 in slot 4
[10:40:50.922] [SEVERE ] placing card 35 in slot 11
[10:40:51.031] [SEVERE ] placing card 73 in slot 0
[10:40:51.143] [SEVERE ] placing card 64 in slot 7
[10:40:51.253] [SEVERE ] placing card 48 in slot 2
[10:40:51.361] [SEVERE ] placing card 61 in slot 10
[10:40:51.469] [SEVERE ] placing card 58 in slot 9
[10:40:51.580] [SEVERE ] placing card 14 in slot 8
[10:40:51.691] [SEVERE ] placing card 26 in slot 3
[10:40:51.800] [SEVERE ] placing card 49 in slot 6
[10:40:51.908] [SEVERE ] placing card 30 in slot 5
[10:40:52.925] [SEVERE ] setting player 1 freeze to -1000
[10:40:52.927] [SEVERE ] setting player 2 freeze to -1000
[10:40:52.928] [SEVERE ] updating countdown to 59000
[10:40:52.982] [SEVERE ] key 81 was pressed by player 1
[10:40:52.982] [SEVERE ] player 1 placing token on slot 0
[10:40:53.469] [SEVERE ] key 87 was pressed by player 1
[10:40:53.470] [SEVERE ] player 1 placing token on slot 1
[10:40:53.861] [SEVERE ] key 69 was pressed by player 1
[10:40:53.863] [SEVERE ] player 1 placing token on slot 2
[10:40:53.865] [SEVERE ] setting player 1 freeze to 0
[10:40:53.910] [SEVERE ] updating countdown to 58000
[10:41:44.022] [SEVERE ] setting player 1 freeze to 3000
[10:41:44.024] [SEVERE ] setting player 1 freeze to 2000
[10:41:44.024] [SEVERE ] updating countdown to 57000
[10:41:44.025] [SEVERE ] updating countdown to 56000
[10:41:44.025] [SEVERE ] updating countdown to 55000
[10:41:44.026] [SEVERE ] updating countdown to 54000
[10:41:44.026] [SEVERE ] updating countdown to 53000
[10:41:44.026] [SEVERE ] updating countdown to 52000
[10:41:44.027] [SEVERE ] updating countdown to 51000
[10:41:44.027] [SEVERE ] updating countdown to 50000
[10:41:44.027] [SEVERE ] updating countdown to 49000
[10:41:44.028] [SEVERE ] updating countdown to 48000
[10:41:44.028] [SEVERE ] updating countdown to 47000
[10:41:44.028] [SEVERE ] updating countdown to 46000
[10:41:44.032] [SEVERE ] updating countdown to 45000
[10:41:44.032] [SEVERE ] updating countdown to 44000
[10:41:44.033] [SEVERE ] updating countdown to 43000
[10:41:44.036] [SEVERE ] updating countdown to 42000
[10:41:44.037] [SEVERE ] updating countdown to 41000
[10:41:44.037] [SEVERE ] updating countdown to 40000
[10:41:44.037] [SEVERE ] updating countdown to 39000
[10:41:44.038] [SEVERE ] updating countdown to 38000
[10:41:44.038] [SEVERE ] updating countdown to 37000
[10:41:44.038] [SEVERE ] updating countdown to 36000
[10:41:44.038] [SEVERE ] updating countdown to 35000
[10:41:44.039] [SEVERE ] updating countdown to 34000
[10:41:44.039] [SEVERE ] updating countdown to 33000
[10:41:44.039] [SEVERE ] updating countdown to 32000
[10:41:44.040] [SEVERE ] updating countdown to 31000
[10:41:44.040] [SEVERE ] updating countdown to 30000
[10:41:44.040] [SEVERE ] updating countdown to 29000
[10:41:44.041] [SEVERE ] updating countdown to 28000
[10:41:44.041] [SEVERE ] updating countdown to 27000
[10:41:44.041] [SEVERE ] updating countdown to 26000
[10:41:44.042] [SEVERE ] updating countdown to 25000
[10:41:44.042] [SEVERE ] updating countdown to 24000
[10:41:44.042] [SEVERE ] updating countdown to 23000
[10:41:44.043] [SEVERE ] updating countdown to 22000
[10:41:44.043] [SEVERE ] updating countdown to 21000
[10:41:44.044] [SEVERE ] updating countdown to 20000
[10:41:44.044] [SEVERE ] updating countdown to 19000
[10:41:44.044] [SEVERE ] updating countdown to 18000
[10:41:44.045] [SEVERE ] updating countdown to 17000
[10:41:44.045] [SEVERE ] updating countdown to 16000
[10:41:44.046] [SEVERE ] updating countdown to 15000
[10:41:44.046] [SEVERE ] updating countdown to 14000
[10:41:44.046] [SEVERE ] updating countdown to 13000
[10:41:44.047] [SEVERE ] updating countdown to 12000
[10:41:44.047] [SEVERE ] updating countdown to 11000
[10:41:44.047] [SEVERE ] updating countdown to 10000
[10:41:44.048] [SEVERE ] updating countdown to 9000
[10:41:44.048] [SEVERE ] updating countdown to 8000
