[10:48:35.596] [INFO   ] thread main starting.
[10:48:35.606] [SEVERE ] cannot read configuration file config.properties trying from resources.
[10:48:35.609] [SEVERE ] configuration file was loaded from resources directory.
[10:48:36.264] [INFO   ] thread dealer starting.
[10:48:36.265] [INFO   ] thread dealer starting.
[10:48:36.266] [INFO   ] thread 0 starting.
[10:48:36.267] [INFO   ] thread 1 starting.
[10:48:36.267] [INFO   ] thread 0 starting.
[10:48:36.269] [INFO   ] thread 1 starting.
[10:48:36.384] [SEVERE ] placing card 65 in slot 5
[10:48:36.496] [SEVERE ] placing card 7 in slot 9
[10:48:36.608] [SEVERE ] placing card 27 in slot 4
[10:48:36.718] [SEVERE ] placing card 55 in slot 2
[10:48:36.828] [SEVERE ] placing card 4 in slot 7
[10:48:36.938] [SEVERE ] placing card 30 in slot 10
[10:48:37.047] [SEVERE ] placing card 15 in slot 8
[10:48:37.157] [SEVERE ] placing card 76 in slot 1
[10:48:37.266] [SEVERE ] placing card 58 in slot 0
[10:48:37.376] [SEVERE ] placing card 64 in slot 11
[10:48:37.484] [SEVERE ] placing card 6 in slot 6
[10:48:37.593] [SEVERE ] placing card 28 in slot 3
[10:48:38.603] [SEVERE ] updating countdown to 59000
[10:48:39.594] [SEVERE ] updating countdown to 58000
[10:48:40.595] [SEVERE ] updating countdown to 57000
[10:48:41.594] [SEVERE ] updating countdown to 56000
[10:48:42.594] [SEVERE ] updating countdown to 55000
[10:48:43.595] [SEVERE ] updating countdown to 54000
[10:48:44.594] [SEVERE ] updating countdown to 53000
[10:48:45.594] [SEVERE ] updating countdown to 52000
[10:48:46.595] [SEVERE ] updating countdown to 51000
[10:48:47.594] [SEVERE ] updating countdown to 50000
[10:48:48.595] [SEVERE ] updating countdown to 49000
[10:48:49.595] [SEVERE ] updating countdown to 48000
[10:48:50.595] [SEVERE ] updating countdown to 47000
[10:48:51.594] [SEVERE ] updating countdown to 46000
[10:48:52.595] [SEVERE ] updating countdown to 45000
[10:48:53.594] [SEVERE ] updating countdown to 44000
[10:48:54.594] [SEVERE ] updating countdown to 43000
[10:48:55.594] [SEVERE ] updating countdown to 42000
[10:48:56.595] [SEVERE ] updating countdown to 41000
[10:48:57.595] [SEVERE ] updating countdown to 40000
[10:48:58.594] [SEVERE ] updating countdown to 39000
[10:48:59.595] [SEVERE ] updating countdown to 38000
[10:49:00.595] [SEVERE ] updating countdown to 37000
[10:49:01.594] [SEVERE ] updating countdown to 36000
[10:49:02.595] [SEVERE ] updating countdown to 35000
[10:49:03.594] [SEVERE ] updating countdown to 34000
[10:49:04.594] [SEVERE ] updating countdown to 33000
[10:49:05.595] [SEVERE ] updating countdown to 32000
[10:49:06.594] [SEVERE ] updating countdown to 31000
[10:49:07.594] [SEVERE ] updating countdown to 30000
[10:49:08.595] [SEVERE ] updating countdown to 29000
[10:49:09.595] [SEVERE ] updating countdown to 28000
[10:49:10.594] [SEVERE ] updating countdown to 27000
[10:49:11.594] [SEVERE ] updating countdown to 26000
[10:49:12.594] [SEVERE ] updating countdown to 25000
[10:49:13.594] [SEVERE ] updating countdown to 24000
[10:49:14.595] [SEVERE ] updating countdown to 23000
[10:49:15.594] [SEVERE ] updating countdown to 22000
[10:49:16.595] [SEVERE ] updating countdown to 21000
[10:49:17.594] [SEVERE ] updating countdown to 20000
[10:49:18.594] [SEVERE ] updating countdown to 19000
[10:49:19.594] [SEVERE ] updating countdown to 18000
[10:49:20.595] [SEVERE ] updating countdown to 17000
[10:49:21.595] [SEVERE ] updating countdown to 16000
[10:49:22.594] [SEVERE ] updating countdown to 15000
[10:49:23.594] [SEVERE ] updating countdown to 14000
[10:49:24.595] [SEVERE ] updating countdown to 13000
[10:49:25.594] [SEVERE ] updating countdown to 12000
[10:49:26.594] [SEVERE ] updating countdown to 11000
[10:49:27.594] [SEVERE ] updating countdown to 10000
[10:49:28.595] [SEVERE ] updating countdown to 9000
[10:49:29.594] [SEVERE ] updating countdown to 8000
[10:49:30.594] [SEVERE ] updating countdown to 7000
[10:49:31.594] [SEVERE ] updating countdown to 6000
[10:49:32.595] [SEVERE ] updating countdown to 5000
[10:49:34.584] [SEVERE ] updating countdown to 4000
[10:49:35.588] [SEVERE ] updating countdown to 3000
[10:49:36.585] [SEVERE ] updating countdown to 2000
[10:49:37.597] [SEVERE ] updating countdown to 1000
[10:49:37.707] [SEVERE ] removing tokens from slot 8
[10:49:37.708] [SEVERE ] removing card from slot 8
[10:49:37.816] [SEVERE ] removing tokens from slot 3
[10:49:37.816] [SEVERE ] removing card from slot 3
[10:49:37.926] [SEVERE ] removing tokens from slot 10
[10:49:37.928] [SEVERE ] removing card from slot 10
[10:49:38.035] [SEVERE ] removing tokens from slot 2
[10:49:38.036] [SEVERE ] removing card from slot 2
[10:49:38.143] [SEVERE ] removing tokens from slot 4
[10:49:38.143] [SEVERE ] removing card from slot 4
[10:49:38.250] [SEVERE ] removing tokens from slot 11
[10:49:38.250] [SEVERE ] removing card from slot 11
[10:49:38.358] [SEVERE ] removing tokens from slot 1
[10:49:38.358] [SEVERE ] removing card from slot 1
[10:49:38.467] [SEVERE ] removing tokens from slot 0
[10:49:38.469] [SEVERE ] removing card from slot 0
[10:49:38.575] [SEVERE ] removing tokens from slot 7
[10:49:38.578] [SEVERE ] removing card from slot 7
[10:49:38.683] [SEVERE ] removing tokens from slot 9
[10:49:38.683] [SEVERE ] removing card from slot 9
[10:49:38.792] [SEVERE ] removing tokens from slot 5
[10:49:38.793] [SEVERE ] removing card from slot 5
[10:49:38.901] [SEVERE ] removing tokens from slot 6
[10:49:38.901] [SEVERE ] removing card from slot 6
[10:49:38.902] [SEVERE ] updating countdown to 60000
[10:49:39.012] [SEVERE ] placing card 74 in slot 5
[10:49:39.121] [SEVERE ] placing card 52 in slot 9
[10:49:39.230] [SEVERE ] placing card 50 in slot 2
[10:49:39.339] [SEVERE ] placing card 71 in slot 10
[10:49:39.447] [SEVERE ] placing card 68 in slot 11
[10:49:39.558] [SEVERE ] placing card 9 in slot 3
[10:49:39.667] [SEVERE ] placing card 38 in slot 6
[10:49:39.775] [SEVERE ] placing card 0 in slot 0
[10:49:39.885] [SEVERE ] placing card 22 in slot 4
[10:49:39.995] [SEVERE ] placing card 32 in slot 7
