[19:41:01.965] [INFO   ] thread main starting.
[19:41:02.001] [SEVERE ] cannot read configuration file config.properties trying from resources.
[19:41:02.015] [SEVERE ] configuration file was loaded from resources directory.
[19:41:04.680] [INFO   ] thread dealer starting.
[19:41:04.816] [INFO   ] thread dealer starting.
[19:41:04.820] [INFO   ] thread 0 starting.
[19:41:04.821] [INFO   ] thread 1 starting.
[19:41:08.913] [INFO   ] thread 0 starting.
[19:41:08.914] [INFO   ] thread 1 starting.
[19:41:09.079] [SEVERE ] placing card 0 in slot 0
[19:41:09.243] [SEVERE ] placing card 1 in slot 1
[19:41:09.362] [SEVERE ] placing card 2 in slot 2
[19:41:09.483] [SEVERE ] placing card 3 in slot 3
[19:41:09.609] [SEVERE ] placing card 4 in slot 4
[19:41:09.741] [SEVERE ] placing card 5 in slot 5
[19:41:10.066] [SEVERE ] placing card 6 in slot 6
[19:41:10.169] [SEVERE ] placing card 7 in slot 7
[19:41:10.277] [SEVERE ] placing card 8 in slot 8
[19:41:10.386] [SEVERE ] placing card 9 in slot 9
[19:41:10.495] [SEVERE ] placing card 10 in slot 10
[19:41:10.604] [SEVERE ] placing card 11 in slot 11
[19:41:18.160] [SEVERE ] updating countdown to 59000
[19:41:20.373] [SEVERE ] updating countdown to 58000
[19:41:21.136] [SEVERE ] updating countdown to 57000
[19:41:21.950] [SEVERE ] updating countdown to 56000
[19:41:22.502] [SEVERE ] updating countdown to 55000
[19:41:23.111] [SEVERE ] updating countdown to 54000
[19:41:23.714] [SEVERE ] updating countdown to 53000
[19:41:24.395] [SEVERE ] updating countdown to 52000
[19:41:25.086] [SEVERE ] updating countdown to 51000
[19:41:25.760] [SEVERE ] updating countdown to 50000
[19:41:26.306] [SEVERE ] updating countdown to 49000
[19:41:26.849] [SEVERE ] updating countdown to 48000
[19:41:30.623] [SEVERE ] updating countdown to 47000
[19:41:30.631] [SEVERE ] key 81 was pressed by player 1
[19:41:30.631] [SEVERE ] updating countdown to 46000
[19:41:30.632] [SEVERE ] player 1 placing token on slot 0
[19:41:30.633] [SEVERE ] updating countdown to 45000
[19:41:30.633] [SEVERE ] updating countdown to 44000
[19:41:30.634] [SEVERE ] updating countdown to 43000
[19:41:30.634] [SEVERE ] key 65 was pressed by player 1
[19:41:30.635] [SEVERE ] player 1 placing token on slot 4
[19:41:30.635] [SEVERE ] updating countdown to 42000
[19:41:30.636] [SEVERE ] key 90 was pressed by player 1
[19:41:30.637] [SEVERE ] player 1 placing token on slot 8
[19:41:30.636] [SEVERE ] updating countdown to 41000
[19:41:30.637] [SEVERE ] key 47 was pressed by player 2
[19:41:30.638] [SEVERE ] player 2 placing token on slot 11
[19:41:30.640] [SEVERE ] key 46 was pressed by player 2
[19:41:30.640] [SEVERE ] player 2 placing token on slot 10
