[19:24:44.916] [INFO   ] thread main starting.
[19:24:44.933] [SEVERE ] cannot read configuration file config.properties trying from resources.
[19:24:44.940] [SEVERE ] configuration file was loaded from resources directory.
[19:24:46.645] [INFO   ] thread dealer starting.
[19:24:46.758] [INFO   ] thread dealer starting.
[19:24:46.759] [INFO   ] thread 0 starting.
[19:24:46.761] [INFO   ] thread 1 starting.
[19:24:46.820] [INFO   ] thread 0 starting.
[19:24:46.824] [INFO   ] thread 1 starting.
[19:24:46.884] [SEVERE ] placing card 0 in slot 0
[19:24:47.023] [SEVERE ] placing card 1 in slot 1
[19:24:47.210] [SEVERE ] placing card 2 in slot 2
[19:24:47.319] [SEVERE ] placing card 3 in slot 3
[19:24:47.427] [SEVERE ] placing card 4 in slot 4
[19:24:47.535] [SEVERE ] placing card 5 in slot 5
[19:24:47.646] [SEVERE ] placing card 6 in slot 6
[19:24:47.754] [SEVERE ] placing card 7 in slot 7
[19:24:47.866] [SEVERE ] placing card 8 in slot 8
[19:24:47.976] [SEVERE ] placing card 9 in slot 9
[19:24:48.084] [SEVERE ] placing card 10 in slot 10
[19:24:48.195] [SEVERE ] placing card 11 in slot 11
[19:24:49.207] [SEVERE ] updating countdown to 59000
[19:24:50.195] [SEVERE ] updating countdown to 58000
[19:24:51.208] [SEVERE ] updating countdown to 57000
[19:24:51.411] [SEVERE ] key 81 was pressed by player 1
[19:24:51.412] [SEVERE ] player 1 placing token on slot 0
[19:24:51.527] [SEVERE ] key 65 was pressed by player 1
[19:24:51.528] [SEVERE ] player 1 placing token on slot 4
[19:24:51.993] [SEVERE ] key 90 was pressed by player 1
[19:24:51.993] [SEVERE ] player 1 placing token on slot 8
[19:24:52.196] [SEVERE ] updating countdown to 56000
[19:24:52.303] [SEVERE ] removing tokens from slot 0
[19:24:52.304] [SEVERE ] removing card from slot 0
[19:24:52.415] [SEVERE ] removing tokens from slot 4
[19:24:52.415] [SEVERE ] removing card from slot 4
[19:24:52.525] [SEVERE ] removing tokens from slot 8
[19:24:52.525] [SEVERE ] removing card from slot 8
[19:24:52.526] [SEVERE ] removing player 1 token from slot 0
[19:24:52.527] [SEVERE ] removing player 1 token from slot 4
[19:24:52.527] [SEVERE ] removing player 1 token from slot 8
[19:24:52.635] [SEVERE ] placing card 12 in slot 0
[19:24:52.746] [SEVERE ] placing card 13 in slot 4
[19:24:52.854] [SEVERE ] placing card 14 in slot 8
[19:24:52.854] [SEVERE ] updating countdown to 60000
[19:24:52.855] [SEVERE ] setting player 1 score to 1
[19:24:52.858] [SEVERE ] setting player 1 freeze to 1000
[19:24:53.195] [SEVERE ] setting player 1 freeze to 0
[19:24:53.195] [SEVERE ] updating countdown to 59000
[19:24:53.372] [SEVERE ] key 81 was pressed by player 1
[19:24:53.373] [SEVERE ] player 1 placing token on slot 0
[19:24:53.612] [SEVERE ] key 87 was pressed by player 1
[19:24:53.612] [SEVERE ] player 1 placing token on slot 1
[19:24:53.837] [SEVERE ] key 69 was pressed by player 1
[19:24:53.838] [SEVERE ] player 1 placing token on slot 2
[19:24:54.195] [SEVERE ] updating countdown to 58000
[19:24:54.195] [SEVERE ] setting player 1 freeze to 3000
[19:24:55.172] [SEVERE ] key 81 was pressed by player 1
[19:24:55.196] [SEVERE ] setting player 1 freeze to 2000
[19:24:55.196] [SEVERE ] updating countdown to 57000
[19:24:56.195] [SEVERE ] setting player 1 freeze to 1000
[19:24:56.195] [SEVERE ] updating countdown to 56000
[19:24:57.196] [SEVERE ] setting player 1 freeze to 0
[19:24:57.196] [SEVERE ] updating countdown to 55000
[19:24:58.196] [SEVERE ] updating countdown to 54000
[19:24:59.196] [SEVERE ] updating countdown to 53000
[19:25:00.196] [SEVERE ] updating countdown to 52000
[19:25:00.306] [SEVERE ] key 69 was pressed by player 1
[19:25:00.306] [SEVERE ] removing player 1 token from slot 2
[19:25:00.469] [SEVERE ] key 87 was pressed by player 1
[19:25:00.470] [SEVERE ] removing player 1 token from slot 1
[19:25:00.769] [SEVERE ] key 81 was pressed by player 1
[19:25:00.769] [SEVERE ] removing player 1 token from slot 0
[19:25:01.195] [SEVERE ] updating countdown to 51000
[19:25:01.218] [SEVERE ] key 81 was pressed by player 1
[19:25:01.219] [SEVERE ] player 1 placing token on slot 0
[19:25:01.503] [SEVERE ] key 65 was pressed by player 1
[19:25:01.504] [SEVERE ] player 1 placing token on slot 4
[19:25:02.208] [SEVERE ] updating countdown to 50000
[19:25:02.254] [SEVERE ] key 90 was pressed by player 1
[19:25:02.254] [SEVERE ] player 1 placing token on slot 8
[19:25:03.196] [SEVERE ] updating countdown to 49000
[19:25:03.300] [SEVERE ] removing tokens from slot 0
[19:25:03.301] [SEVERE ] removing card from slot 0
[19:25:03.410] [SEVERE ] removing tokens from slot 4
[19:25:03.410] [SEVERE ] removing card from slot 4
[19:25:03.522] [SEVERE ] removing tokens from slot 8
[19:25:03.522] [SEVERE ] removing card from slot 8
[19:25:03.522] [SEVERE ] removing player 1 token from slot 0
[19:25:03.523] [SEVERE ] removing player 1 token from slot 4
[19:25:03.523] [SEVERE ] removing player 1 token from slot 8
[19:25:03.630] [SEVERE ] placing card 15 in slot 0
[19:25:03.738] [SEVERE ] placing card 16 in slot 4
[19:25:03.850] [SEVERE ] placing card 17 in slot 8
[19:25:03.850] [SEVERE ] updating countdown to 60000
[19:25:03.851] [SEVERE ] setting player 1 score to 2
[19:25:03.851] [SEVERE ] setting player 1 freeze to 1000
[19:25:03.918] [SEVERE ] key 79 was pressed by player 2
[19:25:03.919] [SEVERE ] player 2 placing token on slot 2
[19:25:04.196] [SEVERE ] setting player 1 freeze to 0
[19:25:04.196] [SEVERE ] updating countdown to 59000
[19:25:05.196] [SEVERE ] updating countdown to 58000
[19:25:06.196] [SEVERE ] updating countdown to 57000
[19:25:07.196] [SEVERE ] updating countdown to 56000
[19:25:08.195] [SEVERE ] updating countdown to 55000
[19:25:08.196] [SEVERE ] key 81 was pressed by player 1
[19:25:08.196] [SEVERE ] player 1 placing token on slot 0
[19:25:08.434] [SEVERE ] key 65 was pressed by player 1
[19:25:08.435] [SEVERE ] player 1 placing token on slot 4
[19:25:08.734] [SEVERE ] key 90 was pressed by player 1
[19:25:08.735] [SEVERE ] player 1 placing token on slot 8
[19:25:09.195] [SEVERE ] updating countdown to 54000
[19:25:09.306] [SEVERE ] removing tokens from slot 0
[19:25:09.306] [SEVERE ] removing card from slot 0
[19:25:09.412] [SEVERE ] removing tokens from slot 4
[19:25:09.412] [SEVERE ] removing card from slot 4
[19:25:09.524] [SEVERE ] removing tokens from slot 8
[19:25:09.524] [SEVERE ] removing card from slot 8
[19:25:09.525] [SEVERE ] removing player 1 token from slot 0
[19:25:09.525] [SEVERE ] removing player 1 token from slot 4
[19:25:09.525] [SEVERE ] removing player 1 token from slot 8
[19:25:09.635] [SEVERE ] placing card 18 in slot 0
[19:25:09.744] [SEVERE ] placing card 19 in slot 4
[19:25:09.853] [SEVERE ] placing card 20 in slot 8
[19:25:09.853] [SEVERE ] updating countdown to 60000
[19:25:09.854] [SEVERE ] setting player 1 score to 3
[19:25:09.854] [SEVERE ] setting player 1 freeze to 1000
[19:25:10.195] [SEVERE ] setting player 1 freeze to 0
[19:25:10.195] [SEVERE ] updating countdown to 59000
[19:25:11.196] [SEVERE ] updating countdown to 58000
[19:25:12.197] [SEVERE ] updating countdown to 57000
[19:25:12.831] [SEVERE ] key 81 was pressed by player 1
[19:25:12.831] [SEVERE ] player 1 placing token on slot 0
[19:25:13.196] [SEVERE ] updating countdown to 56000
[19:25:13.325] [SEVERE ] key 65 was pressed by player 1
[19:25:13.325] [SEVERE ] player 1 placing token on slot 4
[19:25:13.745] [SEVERE ] key 90 was pressed by player 1
[19:25:13.745] [SEVERE ] player 1 placing token on slot 8
[19:25:14.195] [SEVERE ] updating countdown to 55000
[19:25:14.297] [SEVERE ] removing tokens from slot 0
[19:25:14.297] [SEVERE ] removing card from slot 0
[19:25:14.407] [SEVERE ] removing tokens from slot 4
[19:25:14.407] [SEVERE ] removing card from slot 4
[19:25:14.517] [SEVERE ] removing tokens from slot 8
[19:25:14.517] [SEVERE ] removing card from slot 8
[19:25:14.517] [SEVERE ] removing player 1 token from slot 0
[19:25:14.517] [SEVERE ] removing player 1 token from slot 4
[19:25:14.518] [SEVERE ] removing player 1 token from slot 8
[19:25:14.626] [SEVERE ] placing card 21 in slot 0
[19:25:14.734] [SEVERE ] placing card 22 in slot 4
[19:25:14.843] [SEVERE ] placing card 23 in slot 8
[19:25:14.843] [SEVERE ] updating countdown to 60000
[19:25:14.843] [SEVERE ] setting player 1 score to 4
[19:25:14.844] [SEVERE ] setting player 1 freeze to 1000
[19:25:15.195] [SEVERE ] setting player 1 freeze to 0
[19:25:15.195] [SEVERE ] updating countdown to 59000
[19:25:15.785] [SEVERE ] key 81 was pressed by player 1
[19:25:15.785] [SEVERE ] player 1 placing token on slot 0
[19:25:16.055] [SEVERE ] key 65 was pressed by player 1
[19:25:16.055] [SEVERE ] player 1 placing token on slot 4
[19:25:16.195] [SEVERE ] updating countdown to 58000
[19:25:16.385] [SEVERE ] key 90 was pressed by player 1
[19:25:16.385] [SEVERE ] player 1 placing token on slot 8
[19:25:17.197] [SEVERE ] updating countdown to 57000
[19:25:17.305] [SEVERE ] removing tokens from slot 0
[19:25:17.305] [SEVERE ] removing card from slot 0
[19:25:17.415] [SEVERE ] removing tokens from slot 4
[19:25:17.415] [SEVERE ] removing card from slot 4
[19:25:17.523] [SEVERE ] removing tokens from slot 8
[19:25:17.523] [SEVERE ] removing card from slot 8
[19:25:17.523] [SEVERE ] removing player 1 token from slot 0
[19:25:17.523] [SEVERE ] removing player 1 token from slot 4
[19:25:17.523] [SEVERE ] removing player 1 token from slot 8
[19:25:17.634] [SEVERE ] placing card 24 in slot 0
[19:25:17.743] [SEVERE ] placing card 25 in slot 4
[19:25:17.851] [SEVERE ] placing card 26 in slot 8
[19:25:17.851] [SEVERE ] updating countdown to 60000
[19:25:17.851] [SEVERE ] setting player 1 score to 5
[19:25:17.852] [SEVERE ] setting player 1 freeze to 1000
[19:25:18.196] [SEVERE ] setting player 1 freeze to 0
[19:25:18.196] [SEVERE ] updating countdown to 59000
[19:25:19.195] [SEVERE ] updating countdown to 58000
[19:25:20.204] [SEVERE ] updating countdown to 57000
[19:25:21.195] [SEVERE ] updating countdown to 56000
[19:25:21.367] [SEVERE ] key 81 was pressed by player 1
[19:25:21.368] [SEVERE ] player 1 placing token on slot 0
[19:25:21.471] [SEVERE ] key 65 was pressed by player 1
[19:25:21.471] [SEVERE ] player 1 placing token on slot 4
[19:25:21.875] [SEVERE ] key 90 was pressed by player 1
[19:25:21.875] [SEVERE ] player 1 placing token on slot 8
[19:25:22.198] [SEVERE ] updating countdown to 55000
[19:25:22.309] [SEVERE ] removing tokens from slot 0
[19:25:22.310] [SEVERE ] removing card from slot 0
[19:25:22.419] [SEVERE ] removing tokens from slot 4
[19:25:22.419] [SEVERE ] removing card from slot 4
[19:25:22.530] [SEVERE ] removing tokens from slot 8
[19:25:22.530] [SEVERE ] removing card from slot 8
[19:25:22.531] [SEVERE ] removing player 1 token from slot 0
[19:25:22.531] [SEVERE ] removing player 1 token from slot 4
[19:25:22.531] [SEVERE ] removing player 1 token from slot 8
[19:25:22.638] [SEVERE ] placing card 27 in slot 0
[19:25:22.750] [SEVERE ] placing card 28 in slot 4
[19:25:22.861] [SEVERE ] placing card 29 in slot 8
[19:25:22.861] [SEVERE ] updating countdown to 60000
[19:25:22.861] [SEVERE ] setting player 1 score to 6
[19:25:22.862] [SEVERE ] setting player 1 freeze to 1000
[19:25:23.196] [SEVERE ] setting player 1 freeze to 0
[19:25:23.196] [SEVERE ] updating countdown to 59000
[19:25:24.195] [SEVERE ] updating countdown to 58000
[19:25:25.200] [SEVERE ] updating countdown to 57000
[19:25:25.731] [SEVERE ] key 79 was pressed by player 2
[19:25:25.732] [SEVERE ] removing player 2 token from slot 2
[19:25:26.196] [SEVERE ] updating countdown to 56000
[19:25:27.185] [SEVERE ] key 47 was pressed by player 2
[19:25:27.186] [SEVERE ] player 2 placing token on slot 11
[19:25:27.196] [SEVERE ] updating countdown to 55000
[19:25:27.636] [SEVERE ] key 46 was pressed by player 2
[19:25:27.637] [SEVERE ] player 2 placing token on slot 10
[19:25:28.056] [SEVERE ] key 44 was pressed by player 2
[19:25:28.056] [SEVERE ] player 2 placing token on slot 9
[19:25:28.196] [SEVERE ] updating countdown to 54000
[19:25:28.304] [SEVERE ] removing tokens from slot 11
[19:25:28.304] [SEVERE ] removing card from slot 11
[19:25:28.414] [SEVERE ] removing tokens from slot 10
[19:25:28.414] [SEVERE ] removing card from slot 10
[19:25:28.524] [SEVERE ] removing tokens from slot 9
[19:25:28.524] [SEVERE ] removing card from slot 9
[19:25:28.524] [SEVERE ] removing player 2 token from slot 11
[19:25:28.525] [SEVERE ] removing player 2 token from slot 10
[19:25:28.525] [SEVERE ] removing player 2 token from slot 9
[19:25:28.634] [SEVERE ] placing card 30 in slot 11
[19:25:28.716] [SEVERE ] key 81 was pressed by player 1
[19:25:28.716] [SEVERE ] player 1 placing token on slot 0
[19:25:28.744] [SEVERE ] placing card 31 in slot 10
[19:25:28.853] [SEVERE ] placing card 32 in slot 9
[19:25:28.853] [SEVERE ] updating countdown to 60000
[19:25:28.853] [SEVERE ] setting player 2 score to 1
[19:25:28.854] [SEVERE ] setting player 2 freeze to 1000
[19:25:28.986] [SEVERE ] key 65 was pressed by player 1
[19:25:28.986] [SEVERE ] player 1 placing token on slot 4
[19:25:29.196] [SEVERE ] setting player 2 freeze to 0
[19:25:29.196] [SEVERE ] updating countdown to 59000
[19:25:29.331] [SEVERE ] key 90 was pressed by player 1
[19:25:29.331] [SEVERE ] player 1 placing token on slot 8
[19:25:30.195] [SEVERE ] updating countdown to 58000
[19:25:30.303] [SEVERE ] removing tokens from slot 0
[19:25:30.303] [SEVERE ] removing card from slot 0
[19:25:30.412] [SEVERE ] removing tokens from slot 4
[19:25:30.412] [SEVERE ] removing card from slot 4
[19:25:30.519] [SEVERE ] removing tokens from slot 8
[19:25:30.519] [SEVERE ] removing card from slot 8
[19:25:30.519] [SEVERE ] removing player 1 token from slot 0
[19:25:30.519] [SEVERE ] removing player 1 token from slot 4
[19:25:30.519] [SEVERE ] removing player 1 token from slot 8
[19:25:30.627] [SEVERE ] placing card 33 in slot 0
[19:25:30.736] [SEVERE ] placing card 34 in slot 4
[19:25:30.847] [SEVERE ] placing card 35 in slot 8
[19:25:30.847] [SEVERE ] updating countdown to 60000
[19:25:30.848] [SEVERE ] setting player 1 score to 7
[19:25:30.848] [SEVERE ] setting player 1 freeze to 1000
[19:25:30.876] [SEVERE ] key 47 was pressed by player 2
[19:25:30.876] [SEVERE ] player 2 placing token on slot 11
[19:25:31.072] [SEVERE ] key 46 was pressed by player 2
[19:25:31.072] [SEVERE ] player 2 placing token on slot 10
[19:25:31.196] [SEVERE ] setting player 1 freeze to 0
[19:25:31.196] [SEVERE ] updating countdown to 59000
[19:25:31.401] [SEVERE ] key 44 was pressed by player 2
[19:25:31.401] [SEVERE ] player 2 placing token on slot 9
[19:25:32.196] [SEVERE ] updating countdown to 58000
[19:25:32.303] [SEVERE ] removing tokens from slot 11
[19:25:32.303] [SEVERE ] removing card from slot 11
[19:25:32.415] [SEVERE ] removing tokens from slot 10
[19:25:32.415] [SEVERE ] removing card from slot 10
[19:25:32.525] [SEVERE ] removing tokens from slot 9
[19:25:32.525] [SEVERE ] removing card from slot 9
[19:25:32.525] [SEVERE ] removing player 2 token from slot 11
[19:25:32.526] [SEVERE ] removing player 2 token from slot 10
[19:25:32.526] [SEVERE ] removing player 2 token from slot 9
[19:25:32.634] [SEVERE ] placing card 36 in slot 11
[19:25:32.746] [SEVERE ] placing card 37 in slot 10
[19:25:32.812] [SEVERE ] key 81 was pressed by player 1
[19:25:32.812] [SEVERE ] player 1 placing token on slot 0
[19:25:32.856] [SEVERE ] placing card 38 in slot 9
[19:25:32.856] [SEVERE ] updating countdown to 60000
[19:25:32.856] [SEVERE ] setting player 2 score to 2
[19:25:32.857] [SEVERE ] setting player 2 freeze to 1000
[19:25:33.007] [SEVERE ] key 65 was pressed by player 1
[19:25:33.007] [SEVERE ] player 1 placing token on slot 4
[19:25:33.195] [SEVERE ] setting player 2 freeze to 0
[19:25:33.195] [SEVERE ] updating countdown to 59000
[19:25:33.277] [SEVERE ] key 90 was pressed by player 1
[19:25:33.277] [SEVERE ] player 1 placing token on slot 8
[19:25:34.208] [SEVERE ] updating countdown to 58000
[19:25:34.319] [SEVERE ] removing tokens from slot 0
[19:25:34.319] [SEVERE ] removing card from slot 0
[19:25:34.429] [SEVERE ] removing tokens from slot 4
[19:25:34.430] [SEVERE ] removing card from slot 4
[19:25:34.541] [SEVERE ] removing tokens from slot 8
[19:25:34.541] [SEVERE ] removing card from slot 8
[19:25:34.541] [SEVERE ] removing player 1 token from slot 0
[19:25:34.541] [SEVERE ] removing player 1 token from slot 4
[19:25:34.542] [SEVERE ] removing player 1 token from slot 8
[19:25:34.650] [SEVERE ] placing card 39 in slot 0
[19:25:34.761] [SEVERE ] placing card 40 in slot 4
[19:25:34.869] [SEVERE ] placing card 41 in slot 8
[19:25:34.869] [SEVERE ] updating countdown to 60000
[19:25:34.870] [SEVERE ] setting player 1 score to 8
[19:25:34.870] [SEVERE ] setting player 1 freeze to 1000
[19:25:34.912] [SEVERE ] key 47 was pressed by player 2
[19:25:34.912] [SEVERE ] player 2 placing token on slot 11
[19:25:35.062] [SEVERE ] key 46 was pressed by player 2
[19:25:35.062] [SEVERE ] player 2 placing token on slot 10
[19:25:35.195] [SEVERE ] setting player 1 freeze to 0
[19:25:35.195] [SEVERE ] updating countdown to 59000
[19:25:35.377] [SEVERE ] key 44 was pressed by player 2
[19:25:35.377] [SEVERE ] player 2 placing token on slot 9
[19:25:36.172] [SEVERE ] key 81 was pressed by player 1
[19:25:36.172] [SEVERE ] player 1 placing token on slot 0
[19:25:36.196] [SEVERE ] updating countdown to 58000
[19:25:36.308] [SEVERE ] removing tokens from slot 11
[19:25:36.308] [SEVERE ] removing card from slot 11
[19:25:36.368] [SEVERE ] key 65 was pressed by player 1
[19:25:36.368] [SEVERE ] player 1 placing token on slot 4
[19:25:36.417] [SEVERE ] removing tokens from slot 10
[19:25:36.418] [SEVERE ] removing card from slot 10
[19:25:36.527] [SEVERE ] removing tokens from slot 9
[19:25:36.527] [SEVERE ] removing card from slot 9
[19:25:36.528] [SEVERE ] removing player 2 token from slot 11
[19:25:36.529] [SEVERE ] removing player 2 token from slot 10
[19:25:36.529] [SEVERE ] removing player 2 token from slot 9
[19:25:36.637] [SEVERE ] placing card 42 in slot 11
[19:25:36.637] [SEVERE ] key 90 was pressed by player 1
[19:25:36.637] [SEVERE ] player 1 placing token on slot 8
[19:25:36.748] [SEVERE ] placing card 43 in slot 10
[19:25:36.855] [SEVERE ] placing card 44 in slot 9
[19:25:36.855] [SEVERE ] updating countdown to 60000
[19:25:36.856] [SEVERE ] setting player 2 score to 3
[19:25:36.856] [SEVERE ] setting player 2 freeze to 1000
[19:25:36.966] [SEVERE ] removing tokens from slot 0
[19:25:36.966] [SEVERE ] removing card from slot 0
[19:25:37.077] [SEVERE ] removing tokens from slot 4
[19:25:37.077] [SEVERE ] removing card from slot 4
[19:25:37.188] [SEVERE ] removing tokens from slot 8
[19:25:37.188] [SEVERE ] removing card from slot 8
[19:25:37.188] [SEVERE ] removing player 1 token from slot 0
[19:25:37.188] [SEVERE ] removing player 1 token from slot 4
[19:25:37.188] [SEVERE ] removing player 1 token from slot 8
[19:25:37.222] [SEVERE ] key 47 was pressed by player 2
[19:25:37.299] [SEVERE ] placing card 45 in slot 0
[19:25:37.410] [SEVERE ] placing card 46 in slot 4
[19:25:37.519] [SEVERE ] placing card 47 in slot 8
[19:25:37.519] [SEVERE ] setting player 2 freeze to 0
[19:25:37.519] [SEVERE ] updating countdown to 60000
[19:25:37.519] [SEVERE ] setting player 1 score to 9
[19:25:37.519] [SEVERE ] setting player 1 freeze to 1000
[19:25:37.519] [SEVERE ] setting player 1 freeze to 0
[19:25:37.520] [SEVERE ] updating countdown to 59000
[19:25:38.002] [SEVERE ] key 47 was pressed by player 2
[19:25:38.002] [SEVERE ] player 2 placing token on slot 11
[19:25:38.182] [SEVERE ] key 46 was pressed by player 2
[19:25:38.182] [SEVERE ] player 2 placing token on slot 10
[19:25:38.196] [SEVERE ] updating countdown to 58000
[19:25:38.422] [SEVERE ] key 44 was pressed by player 2
[19:25:38.422] [SEVERE ] player 2 placing token on slot 9
[19:25:38.662] [SEVERE ] key 81 was pressed by player 1
[19:25:38.662] [SEVERE ] player 1 placing token on slot 0
[19:25:39.195] [SEVERE ] updating countdown to 57000
[19:25:39.247] [SEVERE ] key 65 was pressed by player 1
[19:25:39.247] [SEVERE ] player 1 placing token on slot 4
[19:25:39.296] [SEVERE ] removing tokens from slot 11
[19:25:39.296] [SEVERE ] removing card from slot 11
[19:25:39.406] [SEVERE ] removing tokens from slot 10
[19:25:39.406] [SEVERE ] removing card from slot 10
[19:25:39.502] [SEVERE ] key 90 was pressed by player 1
[19:25:39.502] [SEVERE ] player 1 placing token on slot 8
[19:25:39.516] [SEVERE ] removing tokens from slot 9
[19:25:39.516] [SEVERE ] removing card from slot 9
[19:25:39.516] [SEVERE ] removing player 2 token from slot 11
[19:25:39.516] [SEVERE ] removing player 2 token from slot 10
[19:25:39.517] [SEVERE ] removing player 2 token from slot 9
[19:25:39.627] [SEVERE ] placing card 48 in slot 11
[19:25:39.738] [SEVERE ] placing card 49 in slot 10
[19:25:39.850] [SEVERE ] placing card 50 in slot 9
[19:25:39.850] [SEVERE ] updating countdown to 60000
[19:25:39.852] [SEVERE ] setting player 2 score to 4
[19:25:39.852] [SEVERE ] setting player 2 freeze to 1000
[19:25:39.957] [SEVERE ] removing tokens from slot 0
[19:25:39.957] [SEVERE ] removing card from slot 0
[19:25:40.066] [SEVERE ] removing tokens from slot 4
[19:25:40.066] [SEVERE ] removing card from slot 4
[19:25:40.177] [SEVERE ] key 47 was pressed by player 2
[19:25:40.178] [SEVERE ] removing tokens from slot 8
[19:25:40.178] [SEVERE ] removing card from slot 8
[19:25:40.178] [SEVERE ] removing player 1 token from slot 0
[19:25:40.178] [SEVERE ] removing player 1 token from slot 4
[19:25:40.178] [SEVERE ] removing player 1 token from slot 8
[19:25:40.287] [SEVERE ] placing card 51 in slot 0
[19:25:40.397] [SEVERE ] placing card 52 in slot 4
[19:25:40.508] [SEVERE ] placing card 53 in slot 8
[19:25:40.508] [SEVERE ] setting player 2 freeze to 0
[19:25:40.508] [SEVERE ] updating countdown to 60000
[19:25:40.508] [SEVERE ] setting player 1 score to 10
[19:25:40.508] [SEVERE ] setting player 1 freeze to 1000
[19:25:40.509] [SEVERE ] setting player 1 freeze to 0
[19:25:40.509] [SEVERE ] updating countdown to 59000
[19:25:40.642] [SEVERE ] key 47 was pressed by player 2
[19:25:40.642] [SEVERE ] player 2 placing token on slot 11
[19:25:40.912] [SEVERE ] key 46 was pressed by player 2
[19:25:40.912] [SEVERE ] player 2 placing token on slot 10
[19:25:41.137] [SEVERE ] key 44 was pressed by player 2
[19:25:41.137] [SEVERE ] player 2 placing token on slot 9
[19:25:41.195] [SEVERE ] updating countdown to 58000
[19:25:41.310] [SEVERE ] removing tokens from slot 11
[19:25:41.310] [SEVERE ] removing card from slot 11
[19:25:41.392] [SEVERE ] key 81 was pressed by player 1
[19:25:41.392] [SEVERE ] player 1 placing token on slot 0
[19:25:41.420] [SEVERE ] removing tokens from slot 10
[19:25:41.420] [SEVERE ] removing card from slot 10
[19:25:41.528] [SEVERE ] removing tokens from slot 9
[19:25:41.528] [SEVERE ] removing card from slot 9
[19:25:41.528] [SEVERE ] removing player 2 token from slot 11
[19:25:41.529] [SEVERE ] removing player 2 token from slot 10
[19:25:41.529] [SEVERE ] removing player 2 token from slot 9
[19:25:41.637] [SEVERE ] placing card 54 in slot 11
[19:25:41.748] [SEVERE ] placing card 55 in slot 10
[19:25:41.754] [SEVERE ] key 65 was pressed by player 1
[19:25:41.754] [SEVERE ] player 1 placing token on slot 4
[19:25:41.857] [SEVERE ] placing card 56 in slot 9
[19:25:41.857] [SEVERE ] updating countdown to 60000
[19:25:41.858] [SEVERE ] setting player 2 score to 5
[19:25:41.858] [SEVERE ] setting player 2 freeze to 1000
[19:25:42.082] [SEVERE ] key 90 was pressed by player 1
[19:25:42.082] [SEVERE ] player 1 placing token on slot 8
[19:25:42.195] [SEVERE ] setting player 2 freeze to 0
[19:25:42.195] [SEVERE ] updating countdown to 59000
[19:25:42.300] [SEVERE ] removing tokens from slot 0
[19:25:42.300] [SEVERE ] removing card from slot 0
[19:25:42.406] [SEVERE ] removing tokens from slot 4
[19:25:42.406] [SEVERE ] removing card from slot 4
[19:25:42.514] [SEVERE ] removing tokens from slot 8
[19:25:42.514] [SEVERE ] removing card from slot 8
[19:25:42.514] [SEVERE ] removing player 1 token from slot 0
[19:25:42.514] [SEVERE ] removing player 1 token from slot 4
[19:25:42.514] [SEVERE ] removing player 1 token from slot 8
[19:25:42.624] [SEVERE ] placing card 57 in slot 0
[19:25:42.712] [SEVERE ] key 47 was pressed by player 2
[19:25:42.712] [SEVERE ] player 2 placing token on slot 11
[19:25:42.733] [SEVERE ] placing card 58 in slot 4
[19:25:42.843] [SEVERE ] placing card 59 in slot 8
[19:25:42.843] [SEVERE ] updating countdown to 60000
[19:25:42.843] [SEVERE ] setting player 1 score to 11
[19:25:42.843] [SEVERE ] setting player 1 freeze to 1000
[19:25:43.131] [SEVERE ] key 46 was pressed by player 2
[19:25:43.132] [SEVERE ] player 2 placing token on slot 10
[19:25:43.195] [SEVERE ] setting player 1 freeze to 0
[19:25:43.195] [SEVERE ] updating countdown to 59000
[19:25:43.432] [SEVERE ] key 44 was pressed by player 2
[19:25:43.432] [SEVERE ] player 2 placing token on slot 9
[19:25:43.716] [SEVERE ] key 81 was pressed by player 1
[19:25:43.717] [SEVERE ] player 1 placing token on slot 0
[19:25:44.209] [SEVERE ] updating countdown to 58000
[19:25:44.319] [SEVERE ] removing tokens from slot 11
[19:25:44.319] [SEVERE ] removing card from slot 11
[19:25:44.428] [SEVERE ] removing tokens from slot 10
[19:25:44.428] [SEVERE ] removing card from slot 10
[19:25:44.452] [SEVERE ] key 65 was pressed by player 1
[19:25:44.452] [SEVERE ] player 1 placing token on slot 4
[19:25:44.537] [SEVERE ] removing tokens from slot 9
[19:25:44.537] [SEVERE ] removing card from slot 9
[19:25:44.537] [SEVERE ] removing player 2 token from slot 11
[19:25:44.538] [SEVERE ] removing player 2 token from slot 10
[19:25:44.538] [SEVERE ] removing player 2 token from slot 9
[19:25:44.649] [SEVERE ] placing card 60 in slot 11
[19:25:44.737] [SEVERE ] key 90 was pressed by player 1
[19:25:44.737] [SEVERE ] player 1 placing token on slot 8
[19:25:44.759] [SEVERE ] placing card 61 in slot 10
[19:25:44.868] [SEVERE ] placing card 62 in slot 9
[19:25:44.868] [SEVERE ] updating countdown to 60000
[19:25:44.868] [SEVERE ] setting player 2 score to 6
[19:25:44.869] [SEVERE ] setting player 2 freeze to 1000
[19:25:44.977] [SEVERE ] removing tokens from slot 0
[19:25:44.977] [SEVERE ] removing card from slot 0
[19:25:45.086] [SEVERE ] removing tokens from slot 4
[19:25:45.086] [SEVERE ] removing card from slot 4
[19:25:45.194] [SEVERE ] removing tokens from slot 8
[19:25:45.194] [SEVERE ] removing card from slot 8
[19:25:45.194] [SEVERE ] removing player 1 token from slot 0
[19:25:45.194] [SEVERE ] removing player 1 token from slot 4
[19:25:45.194] [SEVERE ] removing player 1 token from slot 8
[19:25:45.303] [SEVERE ] placing card 63 in slot 0
[19:25:45.411] [SEVERE ] placing card 64 in slot 4
[19:25:45.521] [SEVERE ] placing card 65 in slot 8
[19:25:45.521] [SEVERE ] setting player 2 freeze to 0
[19:25:45.521] [SEVERE ] updating countdown to 60000
[19:25:45.522] [SEVERE ] setting player 1 score to 12
[19:25:45.522] [SEVERE ] setting player 1 freeze to 1000
[19:25:45.522] [SEVERE ] setting player 1 freeze to 0
[19:25:45.522] [SEVERE ] updating countdown to 59000
[19:25:45.607] [SEVERE ] key 47 was pressed by player 2
[19:25:45.607] [SEVERE ] player 2 placing token on slot 11
[19:25:45.981] [SEVERE ] key 46 was pressed by player 2
[19:25:45.982] [SEVERE ] player 2 placing token on slot 10
[19:25:46.196] [SEVERE ] updating countdown to 58000
[19:25:46.238] [SEVERE ] key 44 was pressed by player 2
[19:25:46.238] [SEVERE ] player 2 placing token on slot 9
[19:25:46.597] [SEVERE ] key 81 was pressed by player 1
[19:25:46.597] [SEVERE ] player 1 placing token on slot 0
[19:25:46.927] [SEVERE ] key 65 was pressed by player 1
[19:25:46.927] [SEVERE ] player 1 placing token on slot 4
[19:25:47.195] [SEVERE ] updating countdown to 57000
[19:25:47.258] [SEVERE ] key 90 was pressed by player 1
[19:25:47.258] [SEVERE ] player 1 placing token on slot 8
[19:25:47.305] [SEVERE ] removing tokens from slot 11
[19:25:47.305] [SEVERE ] removing card from slot 11
[19:25:47.414] [SEVERE ] removing tokens from slot 10
[19:25:47.414] [SEVERE ] removing card from slot 10
[19:25:47.524] [SEVERE ] removing tokens from slot 9
[19:25:47.524] [SEVERE ] removing card from slot 9
[19:25:47.524] [SEVERE ] removing player 2 token from slot 11
[19:25:47.524] [SEVERE ] removing player 2 token from slot 10
[19:25:47.524] [SEVERE ] removing player 2 token from slot 9
[19:25:47.635] [SEVERE ] placing card 66 in slot 11
[19:25:47.744] [SEVERE ] placing card 67 in slot 10
[19:25:47.856] [SEVERE ] placing card 68 in slot 9
[19:25:47.856] [SEVERE ] updating countdown to 60000
[19:25:47.857] [SEVERE ] setting player 2 score to 7
[19:25:47.857] [SEVERE ] setting player 2 freeze to 1000
[19:25:47.966] [SEVERE ] removing tokens from slot 0
[19:25:47.966] [SEVERE ] removing card from slot 0
[19:25:48.074] [SEVERE ] removing tokens from slot 4
[19:25:48.074] [SEVERE ] removing card from slot 4
[19:25:48.183] [SEVERE ] removing tokens from slot 8
[19:25:48.183] [SEVERE ] removing card from slot 8
[19:25:48.183] [SEVERE ] removing player 1 token from slot 0
[19:25:48.184] [SEVERE ] removing player 1 token from slot 4
[19:25:48.184] [SEVERE ] removing player 1 token from slot 8
[19:25:48.292] [SEVERE ] placing card 69 in slot 0
[19:25:48.402] [SEVERE ] placing card 70 in slot 4
[19:25:48.511] [SEVERE ] placing card 71 in slot 8
[19:25:48.511] [SEVERE ] setting player 2 freeze to 0
[19:25:48.511] [SEVERE ] updating countdown to 60000
[19:25:48.511] [SEVERE ] setting player 1 score to 13
[19:25:48.511] [SEVERE ] setting player 1 freeze to 1000
[19:25:48.511] [SEVERE ] setting player 1 freeze to 0
[19:25:48.511] [SEVERE ] updating countdown to 59000
[19:25:49.195] [SEVERE ] updating countdown to 58000
[19:25:49.479] [SEVERE ] key 47 was pressed by player 2
[19:25:49.479] [SEVERE ] player 2 placing token on slot 11
[19:25:49.613] [SEVERE ] key 46 was pressed by player 2
[19:25:49.613] [SEVERE ] player 2 placing token on slot 10
[19:25:49.868] [SEVERE ] key 44 was pressed by player 2
[19:25:49.868] [SEVERE ] player 2 placing token on slot 9
[19:25:50.202] [SEVERE ] updating countdown to 57000
[19:25:50.310] [SEVERE ] removing tokens from slot 11
[19:25:50.310] [SEVERE ] removing card from slot 11
[19:25:50.420] [SEVERE ] removing tokens from slot 10
[19:25:50.420] [SEVERE ] removing card from slot 10
[19:25:50.527] [SEVERE ] removing tokens from slot 9
[19:25:50.527] [SEVERE ] removing card from slot 9
[19:25:50.527] [SEVERE ] removing player 2 token from slot 11
[19:25:50.530] [SEVERE ] removing player 2 token from slot 10
[19:25:50.530] [SEVERE ] removing player 2 token from slot 9
[19:25:50.635] [SEVERE ] placing card 72 in slot 11
[19:25:50.743] [SEVERE ] placing card 73 in slot 10
[19:25:50.853] [SEVERE ] placing card 74 in slot 9
[19:25:50.853] [SEVERE ] updating countdown to 60000
[19:25:50.853] [SEVERE ] setting player 2 score to 8
[19:25:50.853] [SEVERE ] setting player 2 freeze to 1000
[19:25:50.903] [SEVERE ] key 81 was pressed by player 1
[19:25:50.903] [SEVERE ] player 1 placing token on slot 0
[19:25:51.052] [SEVERE ] key 65 was pressed by player 1
[19:25:51.053] [SEVERE ] player 1 placing token on slot 4
[19:25:51.195] [SEVERE ] setting player 2 freeze to 0
[19:25:51.195] [SEVERE ] updating countdown to 59000
[19:25:51.278] [SEVERE ] key 90 was pressed by player 1
[19:25:51.278] [SEVERE ] player 1 placing token on slot 8
[19:25:52.195] [SEVERE ] updating countdown to 58000
[19:25:52.305] [SEVERE ] removing tokens from slot 0
[19:25:52.305] [SEVERE ] removing card from slot 0
[19:25:52.415] [SEVERE ] removing tokens from slot 4
[19:25:52.415] [SEVERE ] removing card from slot 4
[19:25:52.524] [SEVERE ] removing tokens from slot 8
[19:25:52.524] [SEVERE ] removing card from slot 8
[19:25:52.524] [SEVERE ] removing player 1 token from slot 0
[19:25:52.524] [SEVERE ] removing player 1 token from slot 4
[19:25:52.524] [SEVERE ] removing player 1 token from slot 8
[19:25:52.634] [SEVERE ] placing card 75 in slot 0
[19:25:52.742] [SEVERE ] placing card 76 in slot 4
[19:25:52.852] [SEVERE ] placing card 77 in slot 8
[19:25:52.852] [SEVERE ] updating countdown to 60000
[19:25:52.853] [SEVERE ] setting player 1 score to 14
[19:25:52.853] [SEVERE ] setting player 1 freeze to 1000
[19:25:52.928] [SEVERE ] key 47 was pressed by player 2
[19:25:52.928] [SEVERE ] player 2 placing token on slot 11
[19:25:53.195] [SEVERE ] setting player 1 freeze to 0
[19:25:53.195] [SEVERE ] updating countdown to 59000
[19:25:53.363] [SEVERE ] key 46 was pressed by player 2
[19:25:53.363] [SEVERE ] player 2 placing token on slot 10
[19:25:53.603] [SEVERE ] key 44 was pressed by player 2
[19:25:53.603] [SEVERE ] player 2 placing token on slot 9
[19:25:53.843] [SEVERE ] key 81 was pressed by player 1
[19:25:53.843] [SEVERE ] player 1 placing token on slot 0
[19:25:54.199] [SEVERE ] updating countdown to 58000
[19:25:54.263] [SEVERE ] key 65 was pressed by player 1
[19:25:54.263] [SEVERE ] player 1 placing token on slot 4
[19:25:54.309] [SEVERE ] removing tokens from slot 11
[19:25:54.309] [SEVERE ] removing card from slot 11
[19:25:54.419] [SEVERE ] removing tokens from slot 10
[19:25:54.419] [SEVERE ] removing card from slot 10
[19:25:54.503] [SEVERE ] key 90 was pressed by player 1
[19:25:54.503] [SEVERE ] player 1 placing token on slot 8
[19:25:54.528] [SEVERE ] removing tokens from slot 9
[19:25:54.528] [SEVERE ] removing card from slot 9
[19:25:54.528] [SEVERE ] removing player 2 token from slot 11
[19:25:54.528] [SEVERE ] removing player 2 token from slot 10
[19:25:54.528] [SEVERE ] removing player 2 token from slot 9
[19:25:54.636] [SEVERE ] placing card 78 in slot 11
[19:25:54.747] [SEVERE ] placing card 79 in slot 10
[19:25:54.856] [SEVERE ] placing card 80 in slot 9
[19:25:54.856] [SEVERE ] updating countdown to 60000
[19:25:54.856] [SEVERE ] setting player 2 score to 9
[19:25:54.857] [SEVERE ] setting player 2 freeze to 1000
[19:25:54.967] [SEVERE ] removing tokens from slot 0
[19:25:54.967] [SEVERE ] removing card from slot 0
[19:25:55.074] [SEVERE ] removing tokens from slot 4
[19:25:55.074] [SEVERE ] removing card from slot 4
[19:25:55.133] [SEVERE ] key 47 was pressed by player 2
[19:25:55.182] [SEVERE ] removing tokens from slot 8
[19:25:55.182] [SEVERE ] removing card from slot 8
[19:25:55.185] [SEVERE ] removing player 1 token from slot 0
[19:25:55.185] [SEVERE ] removing player 1 token from slot 4
[19:25:55.185] [SEVERE ] removing player 1 token from slot 8
[19:25:55.185] [SEVERE ] setting player 2 freeze to 0
[19:25:55.185] [SEVERE ] updating countdown to 60000
[19:25:55.185] [SEVERE ] setting player 1 score to 15
[19:25:55.185] [SEVERE ] setting player 1 freeze to 1000
[19:25:55.195] [SEVERE ] setting player 1 freeze to 0
[19:25:55.195] [SEVERE ] updating countdown to 59000
[19:25:55.343] [SEVERE ] key 46 was pressed by player 2
[19:25:55.343] [SEVERE ] player 2 placing token on slot 10
[19:25:55.973] [SEVERE ] key 44 was pressed by player 2
[19:25:55.973] [SEVERE ] player 2 placing token on slot 9
[19:25:56.198] [SEVERE ] key 47 was pressed by player 2
[19:25:56.198] [SEVERE ] player 2 placing token on slot 11
[19:25:56.204] [SEVERE ] updating countdown to 58000
[19:25:56.310] [SEVERE ] removing tokens from slot 10
[19:25:56.310] [SEVERE ] removing card from slot 10
[19:25:56.418] [SEVERE ] removing tokens from slot 9
[19:25:56.418] [SEVERE ] removing card from slot 9
[19:25:56.528] [SEVERE ] removing tokens from slot 11
[19:25:56.528] [SEVERE ] removing card from slot 11
[19:25:56.528] [SEVERE ] removing player 2 token from slot 10
[19:25:56.528] [SEVERE ] removing player 2 token from slot 9
[19:25:56.529] [SEVERE ] removing player 2 token from slot 11
[19:25:56.529] [SEVERE ] updating countdown to 60000
[19:25:56.529] [SEVERE ] setting player 2 score to 10
[19:25:56.529] [SEVERE ] setting player 2 freeze to 1000
[19:25:56.813] [SEVERE ] key 81 was pressed by player 1
[19:25:56.813] [SEVERE ] player 1 placing token on slot 0
[19:25:57.196] [SEVERE ] setting player 2 freeze to 0
[19:25:57.196] [SEVERE ] updating countdown to 59000
[19:25:58.195] [SEVERE ] updating countdown to 58000
[19:25:59.203] [SEVERE ] updating countdown to 57000
[19:26:00.195] [SEVERE ] updating countdown to 56000
[19:26:01.120] [SEVERE ] key 81 was pressed by player 1
[19:26:01.120] [SEVERE ] removing player 1 token from slot 0
[19:26:01.207] [SEVERE ] updating countdown to 55000
[19:26:02.197] [SEVERE ] updating countdown to 54000
[19:26:03.195] [SEVERE ] updating countdown to 53000
[19:26:04.203] [SEVERE ] updating countdown to 52000
[19:26:05.195] [SEVERE ] updating countdown to 51000
[19:26:06.203] [SEVERE ] updating countdown to 50000
[19:26:07.195] [SEVERE ] updating countdown to 49000
[19:26:08.197] [SEVERE ] updating countdown to 48000
[19:26:09.195] [SEVERE ] updating countdown to 47000
[19:26:10.210] [SEVERE ] updating countdown to 46000
[19:26:11.195] [SEVERE ] updating countdown to 45000
[19:26:12.201] [SEVERE ] updating countdown to 44000
[19:26:13.196] [SEVERE ] updating countdown to 43000
[19:26:14.196] [SEVERE ] updating countdown to 42000
[19:26:15.197] [SEVERE ] updating countdown to 41000
[19:26:16.196] [SEVERE ] updating countdown to 40000
[19:26:17.195] [SEVERE ] updating countdown to 39000
[19:26:18.199] [SEVERE ] updating countdown to 38000
[19:26:19.195] [SEVERE ] updating countdown to 37000
[19:26:20.195] [SEVERE ] updating countdown to 36000
[19:26:21.204] [SEVERE ] updating countdown to 35000
[19:26:22.195] [SEVERE ] updating countdown to 34000
[19:26:23.205] [SEVERE ] updating countdown to 33000
[19:26:24.208] [SEVERE ] updating countdown to 32000
[19:26:25.196] [SEVERE ] updating countdown to 31000
[19:26:26.195] [SEVERE ] updating countdown to 30000
[19:26:27.209] [SEVERE ] updating countdown to 29000
[19:26:28.195] [SEVERE ] updating countdown to 28000
[19:26:29.208] [SEVERE ] updating countdown to 27000
[19:26:30.195] [SEVERE ] updating countdown to 26000
[19:26:31.205] [SEVERE ] updating countdown to 25000
[19:26:32.203] [SEVERE ] updating countdown to 24000
[19:26:33.195] [SEVERE ] updating countdown to 23000
[19:26:33.331] [SEVERE ] key 83 was pressed by player 1
[19:26:33.332] [SEVERE ] player 1 placing token on slot 5
[19:26:34.004] [SEVERE ] key 69 was pressed by player 1
[19:26:34.004] [SEVERE ] player 1 placing token on slot 2
[19:26:34.203] [SEVERE ] updating countdown to 22000
[19:26:34.244] [SEVERE ] key 70 was pressed by player 1
[19:26:34.244] [SEVERE ] player 1 placing token on slot 7
[19:26:35.196] [SEVERE ] updating countdown to 21000
[19:26:35.196] [SEVERE ] setting player 1 freeze to 3000
[19:26:36.196] [SEVERE ] setting player 1 freeze to 2000
[19:26:36.196] [SEVERE ] updating countdown to 20000
[19:26:37.196] [SEVERE ] setting player 1 freeze to 1000
[19:26:37.196] [SEVERE ] updating countdown to 19000
[19:26:37.817] [SEVERE ] key 70 was pressed by player 1
[19:26:38.195] [SEVERE ] setting player 1 freeze to 0
[19:26:38.195] [SEVERE ] updating countdown to 18000
[19:26:39.029] [SEVERE ] key 70 was pressed by player 1
[19:26:39.029] [SEVERE ] removing player 1 token from slot 7
[19:26:39.195] [SEVERE ] updating countdown to 17000
[19:26:40.197] [SEVERE ] updating countdown to 16000
[19:26:41.196] [SEVERE ] updating countdown to 15000
[19:26:42.196] [SEVERE ] updating countdown to 14000
[19:26:42.751] [SEVERE ] key 83 was pressed by player 1
[19:26:42.752] [SEVERE ] removing player 1 token from slot 5
[19:26:43.195] [SEVERE ] updating countdown to 13000
[19:26:44.209] [SEVERE ] updating countdown to 12000
[19:26:44.430] [SEVERE ] key 69 was pressed by player 1
[19:26:44.430] [SEVERE ] removing player 1 token from slot 2
[19:26:45.197] [SEVERE ] updating countdown to 11000
[19:26:45.901] [SEVERE ] key 87 was pressed by player 1
[19:26:45.901] [SEVERE ] player 1 placing token on slot 1
[19:26:46.196] [SEVERE ] updating countdown to 10000
[19:26:46.336] [SEVERE ] key 83 was pressed by player 1
[19:26:46.336] [SEVERE ] player 1 placing token on slot 5
[19:26:46.471] [SEVERE ] key 68 was pressed by player 1
[19:26:46.471] [SEVERE ] player 1 placing token on slot 6
[19:26:47.195] [SEVERE ] updating countdown to 9000
[19:26:47.308] [SEVERE ] removing tokens from slot 1
[19:26:47.308] [SEVERE ] removing card from slot 1
[19:26:47.417] [SEVERE ] removing tokens from slot 5
[19:26:47.417] [SEVERE ] removing card from slot 5
[19:26:47.526] [SEVERE ] removing tokens from slot 6
[19:26:47.526] [SEVERE ] removing card from slot 6
[19:26:47.526] [SEVERE ] removing player 1 token from slot 1
[19:26:47.526] [SEVERE ] removing player 1 token from slot 5
[19:26:47.527] [SEVERE ] removing player 1 token from slot 6
[19:26:47.527] [SEVERE ] updating countdown to 60000
[19:26:47.527] [SEVERE ] setting player 1 score to 16
[19:26:47.527] [SEVERE ] setting player 1 freeze to 1000
[19:26:48.195] [SEVERE ] setting player 1 freeze to 0
[19:26:48.195] [SEVERE ] updating countdown to 59000
[19:26:48.917] [SEVERE ] key 69 was pressed by player 1
[19:26:48.917] [SEVERE ] player 1 placing token on slot 2
[19:26:49.110] [SEVERE ] key 82 was pressed by player 1
[19:26:49.110] [SEVERE ] player 1 placing token on slot 3
[19:26:49.195] [SEVERE ] updating countdown to 58000
[19:26:49.350] [SEVERE ] key 70 was pressed by player 1
[19:26:49.350] [SEVERE ] player 1 placing token on slot 7
[19:26:50.209] [SEVERE ] updating countdown to 57000
[19:26:50.317] [SEVERE ] removing tokens from slot 2
[19:26:50.317] [SEVERE ] removing card from slot 2
[19:26:50.423] [SEVERE ] removing tokens from slot 3
[19:26:50.423] [SEVERE ] removing card from slot 3
[19:26:50.535] [SEVERE ] removing tokens from slot 7
[19:26:50.535] [SEVERE ] removing card from slot 7
[19:26:50.535] [SEVERE ] removing player 1 token from slot 2
[19:26:50.535] [SEVERE ] removing player 1 token from slot 3
[19:26:50.535] [SEVERE ] removing player 1 token from slot 7
[19:26:50.535] [SEVERE ] updating countdown to 60000
[19:26:50.535] [SEVERE ] setting player 1 score to 17
[19:26:50.535] [SEVERE ] setting player 1 freeze to 1000
[19:26:51.196] [SEVERE ] setting player 1 freeze to 0
[19:26:51.196] [SEVERE ] updating countdown to 59000
[19:26:52.196] [SEVERE ] updating countdown to 58000
[19:26:53.195] [SEVERE ] updating countdown to 57000
[19:26:54.209] [SEVERE ] updating countdown to 56000
[19:26:55.195] [SEVERE ] updating countdown to 55000
[19:26:56.199] [SEVERE ] updating countdown to 54000
[19:26:57.195] [SEVERE ] updating countdown to 53000
[19:26:58.196] [SEVERE ] updating countdown to 52000
[19:26:59.195] [SEVERE ] updating countdown to 51000
[19:27:00.201] [SEVERE ] updating countdown to 50000
[19:27:01.151] [SEVERE ] exit button pressed
[19:27:01.195] [SEVERE ] updating countdown to 49000
[19:27:01.307] [INFO   ] thread dealer terminated.
[19:27:01.307] [SEVERE ] thanks for playing... it was fun!
[19:27:01.307] [INFO   ] thread main terminated.
