[11:53:46.937] [INFO   ] thread main starting.
[11:53:46.953] [SEVERE ] cannot read configuration file config.properties trying from resources.
[11:53:46.958] [SEVERE ] configuration file was loaded from resources directory.
[11:53:47.863] [INFO   ] thread dealer starting.
[11:53:47.864] [INFO   ] thread dealer starting.
[11:53:47.865] [INFO   ] thread 0 starting.
[11:53:47.866] [INFO   ] thread 1 starting.
[11:53:47.866] [INFO   ] thread 0 starting.
[11:53:47.867] [INFO   ] thread 1 starting.
[11:53:47.973] [SEVERE ] placing card 27 in slot 3
[11:53:48.074] [SEVERE ] placing card 50 in slot 6
[11:53:48.183] [SEVERE ] placing card 62 in slot 9
[11:53:48.283] [SEVERE ] placing card 79 in slot 8
[11:53:48.384] [SEVERE ] placing card 26 in slot 4
[11:53:48.486] [SEVERE ] placing card 0 in slot 0
[11:53:48.587] [SEVERE ] placing card 59 in slot 2
[11:53:48.689] [SEVERE ] placing card 76 in slot 5
[11:53:48.790] [SEVERE ] placing card 45 in slot 10
[11:53:48.892] [SEVERE ] placing card 55 in slot 11
[11:53:48.994] [SEVERE ] placing card 9 in slot 7
[11:53:49.095] [SEVERE ] placing card 39 in slot 1
[11:53:50.096] [SEVERE ] updating countdown to 59000
[11:53:51.095] [SEVERE ] updating countdown to 58000
[11:53:52.096] [SEVERE ] updating countdown to 57000
[11:53:53.096] [SEVERE ] updating countdown to 56000
[11:53:54.096] [SEVERE ] updating countdown to 55000
[11:53:55.095] [SEVERE ] updating countdown to 54000
[11:53:56.096] [SEVERE ] updating countdown to 53000
[11:53:57.096] [SEVERE ] updating countdown to 52000
[11:53:58.096] [SEVERE ] updating countdown to 51000
[11:53:59.095] [SEVERE ] updating countdown to 50000
[11:54:00.096] [SEVERE ] updating countdown to 49000
[11:54:01.096] [SEVERE ] updating countdown to 48000
[11:54:02.095] [SEVERE ] updating countdown to 47000
[11:54:03.096] [SEVERE ] updating countdown to 46000
[11:54:04.095] [SEVERE ] updating countdown to 45000
[11:54:05.096] [SEVERE ] updating countdown to 44000
[11:54:06.096] [SEVERE ] updating countdown to 43000
[11:54:07.095] [SEVERE ] updating countdown to 42000
[11:54:08.096] [SEVERE ] updating countdown to 41000
[11:54:09.096] [SEVERE ] updating countdown to 40000
[11:54:10.096] [SEVERE ] updating countdown to 39000
[11:54:11.095] [SEVERE ] updating countdown to 38000
[11:54:12.096] [SEVERE ] updating countdown to 37000
[11:54:13.096] [SEVERE ] updating countdown to 36000
[11:54:14.095] [SEVERE ] updating countdown to 35000
[11:54:15.096] [SEVERE ] updating countdown to 34000
[11:54:16.096] [SEVERE ] updating countdown to 33000
[11:54:17.095] [SEVERE ] updating countdown to 32000
[11:54:18.096] [SEVERE ] updating countdown to 31000
[11:54:19.096] [SEVERE ] updating countdown to 30000
[11:54:20.096] [SEVERE ] updating countdown to 29000
[11:54:21.095] [SEVERE ] updating countdown to 28000
[11:54:22.096] [SEVERE ] updating countdown to 27000
[11:54:23.096] [SEVERE ] updating countdown to 26000
[11:54:24.096] [SEVERE ] updating countdown to 25000
[11:54:25.095] [SEVERE ] updating countdown to 24000
[11:54:26.096] [SEVERE ] updating countdown to 23000
[11:54:27.095] [SEVERE ] updating countdown to 22000
[11:54:28.096] [SEVERE ] updating countdown to 21000
[11:54:29.095] [SEVERE ] updating countdown to 20000
[11:54:30.096] [SEVERE ] updating countdown to 19000
[11:54:31.096] [SEVERE ] updating countdown to 18000
[11:54:32.095] [SEVERE ] updating countdown to 17000
[11:54:33.096] [SEVERE ] updating countdown to 16000
[11:54:34.095] [SEVERE ] updating countdown to 15000
[11:54:35.095] [SEVERE ] updating countdown to 14000
[11:54:36.096] [SEVERE ] updating countdown to 13000
[11:54:37.096] [SEVERE ] updating countdown to 12000
[11:54:38.096] [SEVERE ] updating countdown to 11000
[11:54:39.096] [SEVERE ] updating countdown to 10000
[11:54:40.096] [SEVERE ] updating countdown to 9000
[11:54:41.096] [SEVERE ] updating countdown to 8000
[11:54:42.095] [SEVERE ] updating countdown to 7000
[11:54:43.096] [SEVERE ] updating countdown to 6000
[11:54:44.095] [SEVERE ] updating countdown to 5000
[11:54:46.086] [SEVERE ] updating countdown to 4000
[11:54:47.086] [SEVERE ] updating countdown to 3000
[11:54:48.085] [SEVERE ] updating countdown to 2000
[11:54:49.086] [SEVERE ] updating countdown to 1000
[11:54:50.085] [SEVERE ] updating countdown to 0
[11:54:50.198] [SEVERE ] removing tokens from slot 2
[11:54:50.198] [SEVERE ] removing card from slot 2
[11:54:50.301] [SEVERE ] removing tokens from slot 3
[11:54:50.301] [SEVERE ] removing card from slot 3
[11:54:50.404] [SEVERE ] removing tokens from slot 4
[11:54:50.405] [SEVERE ] removing card from slot 4
[11:54:50.506] [SEVERE ] removing tokens from slot 7
[11:54:50.507] [SEVERE ] removing card from slot 7
[11:54:50.609] [SEVERE ] removing tokens from slot 10
[11:54:50.609] [SEVERE ] removing card from slot 10
[11:54:50.711] [SEVERE ] removing tokens from slot 8
[11:54:50.712] [SEVERE ] removing card from slot 8
[11:54:50.815] [SEVERE ] removing tokens from slot 6
[11:54:50.815] [SEVERE ] removing card from slot 6
[11:54:50.916] [SEVERE ] removing tokens from slot 11
[11:54:50.916] [SEVERE ] removing card from slot 11
[11:54:51.018] [SEVERE ] removing tokens from slot 5
[11:54:51.019] [SEVERE ] removing card from slot 5
[11:54:51.121] [SEVERE ] removing tokens from slot 0
[11:54:51.121] [SEVERE ] removing card from slot 0
[11:54:51.225] [SEVERE ] removing tokens from slot 1
[11:54:51.225] [SEVERE ] removing card from slot 1
[11:54:51.328] [SEVERE ] removing tokens from slot 9
[11:54:51.328] [SEVERE ] removing card from slot 9
[11:54:51.329] [SEVERE ] updating countdown to 60000
[11:54:51.431] [SEVERE ] placing card 17 in slot 9
[11:54:51.533] [SEVERE ] placing card 0 in slot 2
[11:54:51.635] [SEVERE ] placing card 42 in slot 8
[11:54:51.736] [SEVERE ] placing card 67 in slot 1
[11:54:51.837] [SEVERE ] placing card 5 in slot 0
[11:54:51.938] [SEVERE ] placing card 39 in slot 3
[11:54:52.038] [SEVERE ] placing card 14 in slot 4
[11:54:52.139] [SEVERE ] placing card 28 in slot 6
[11:54:52.239] [SEVERE ] placing card 77 in slot 10
[11:54:52.339] [SEVERE ] placing card 52 in slot 5
[11:54:52.441] [SEVERE ] placing card 30 in slot 7
[11:54:52.542] [SEVERE ] placing card 9 in slot 11
[11:54:53.542] [SEVERE ] updating countdown to 59000
[11:54:54.543] [SEVERE ] updating countdown to 58000
[11:54:55.542] [SEVERE ] updating countdown to 57000
[11:54:56.543] [SEVERE ] updating countdown to 56000
[11:54:57.542] [SEVERE ] updating countdown to 55000
[11:54:58.543] [SEVERE ] updating countdown to 54000
[11:54:59.542] [SEVERE ] updating countdown to 53000
[11:55:00.543] [SEVERE ] updating countdown to 52000
[11:55:01.542] [SEVERE ] updating countdown to 51000
[11:55:02.542] [SEVERE ] updating countdown to 50000
[11:55:03.543] [SEVERE ] updating countdown to 49000
[11:55:04.542] [SEVERE ] updating countdown to 48000
[11:55:05.543] [SEVERE ] updating countdown to 47000
[11:55:06.542] [SEVERE ] updating countdown to 46000
[11:55:07.543] [SEVERE ] updating countdown to 45000
[11:55:08.542] [SEVERE ] updating countdown to 44000
[11:55:09.543] [SEVERE ] updating countdown to 43000
[11:55:10.542] [SEVERE ] updating countdown to 42000
[11:55:11.543] [SEVERE ] updating countdown to 41000
[11:55:12.320] [SEVERE ] key 83 was pressed by player 1
[11:55:12.322] [SEVERE ] player 1 placing token on slot 5
[11:55:12.542] [SEVERE ] updating countdown to 40000
[11:55:13.542] [SEVERE ] updating countdown to 39000
[11:55:14.350] [SEVERE ] key 87 was pressed by player 1
[11:55:14.351] [SEVERE ] player 1 placing token on slot 1
[11:55:14.542] [SEVERE ] updating countdown to 38000
[11:55:15.543] [SEVERE ] updating countdown to 37000
[11:55:15.871] [SEVERE ] key 83 was pressed by player 1
[11:55:15.871] [SEVERE ] removing player 1 token from slot 5
[11:55:16.542] [SEVERE ] updating countdown to 36000
[11:55:17.406] [SEVERE ] key 69 was pressed by player 1
[11:55:17.406] [SEVERE ] player 1 placing token on slot 2
[11:55:17.542] [SEVERE ] updating countdown to 35000
[11:55:18.543] [SEVERE ] updating countdown to 34000
[11:55:19.542] [SEVERE ] updating countdown to 33000
[11:55:20.542] [SEVERE ] key 87 was pressed by player 1
[11:55:20.543] [SEVERE ] updating countdown to 32000
[11:55:20.543] [SEVERE ] removing player 1 token from slot 1
[11:55:20.943] [SEVERE ] key 68 was pressed by player 1
[11:55:20.943] [SEVERE ] player 1 placing token on slot 6
[11:55:21.542] [SEVERE ] updating countdown to 31000
[11:55:22.542] [SEVERE ] updating countdown to 30000
[11:55:23.342] [SEVERE ] key 68 was pressed by player 1
[11:55:23.342] [SEVERE ] removing player 1 token from slot 6
[11:55:23.543] [SEVERE ] updating countdown to 29000
[11:55:24.542] [SEVERE ] updating countdown to 28000
[11:55:25.542] [SEVERE ] updating countdown to 27000
[11:55:26.542] [SEVERE ] updating countdown to 26000
[11:55:26.735] [SEVERE ] key 83 was pressed by player 1
[11:55:26.736] [SEVERE ] player 1 placing token on slot 5
[11:55:27.543] [SEVERE ] updating countdown to 25000
[11:55:28.542] [SEVERE ] updating countdown to 24000
[11:55:29.118] [SEVERE ] key 67 was pressed by player 1
[11:55:29.118] [SEVERE ] player 1 placing token on slot 10
[11:55:29.118] [SEVERE ] setting player 1 freeze to 0
[11:55:29.544] [SEVERE ] updating countdown to 23000
[11:55:29.545] [SEVERE ] setting player 1 freeze to 3000
[11:55:30.543] [SEVERE ] setting player 1 freeze to 2000
[11:55:30.543] [SEVERE ] updating countdown to 22000
[11:55:31.542] [SEVERE ] setting player 1 freeze to 1000
[11:55:31.542] [SEVERE ] updating countdown to 21000
[11:55:32.543] [SEVERE ] setting player 1 freeze to 0
[11:55:32.543] [SEVERE ] updating countdown to 20000
[11:55:33.543] [SEVERE ] setting player 1 freeze to -1000
[11:55:33.543] [SEVERE ] updating countdown to 19000
[11:55:34.542] [SEVERE ] updating countdown to 18000
[11:55:35.543] [SEVERE ] updating countdown to 17000
[11:55:36.543] [SEVERE ] updating countdown to 16000
[11:55:37.542] [SEVERE ] updating countdown to 15000
[11:55:38.542] [SEVERE ] updating countdown to 14000
[11:55:39.543] [SEVERE ] updating countdown to 13000
[11:55:40.542] [SEVERE ] updating countdown to 12000
[11:55:41.543] [SEVERE ] updating countdown to 11000
[11:55:42.542] [SEVERE ] updating countdown to 10000
[11:55:42.798] [SEVERE ] key 67 was pressed by player 1
[11:55:42.800] [SEVERE ] removing player 1 token from slot 10
[11:55:43.543] [SEVERE ] updating countdown to 9000
[11:55:43.710] [SEVERE ] key 87 was pressed by player 1
[11:55:43.711] [SEVERE ] player 1 placing token on slot 1
[11:55:43.711] [SEVERE ] setting player 1 freeze to 3000
[11:55:44.542] [SEVERE ] updating countdown to 8000
[11:55:44.542] [SEVERE ] setting player 1 freeze to 3000
[11:55:45.543] [SEVERE ] setting player 1 freeze to 2000
[11:55:45.543] [SEVERE ] updating countdown to 7000
[11:55:46.542] [SEVERE ] setting player 1 freeze to 1000
[11:55:46.542] [SEVERE ] updating countdown to 6000
[11:55:47.542] [SEVERE ] setting player 1 freeze to 0
[11:55:47.542] [SEVERE ] updating countdown to 5000
[11:55:48.543] [SEVERE ] setting player 1 freeze to -1000
[11:55:49.533] [SEVERE ] updating countdown to 4000
[11:55:50.533] [SEVERE ] updating countdown to 3000
[11:55:51.533] [SEVERE ] updating countdown to 2000
[11:55:52.533] [SEVERE ] updating countdown to 1000
[11:55:53.533] [SEVERE ] updating countdown to 0
[11:55:53.542] [SEVERE ] removing player 1 token from slot 2
[11:55:53.542] [SEVERE ] removing player 1 token from slot 5
[11:55:53.543] [SEVERE ] removing player 1 token from slot 1
[11:55:53.645] [SEVERE ] removing tokens from slot 4
[11:55:53.645] [SEVERE ] removing card from slot 4
[11:55:53.746] [SEVERE ] removing tokens from slot 10
[11:55:53.746] [SEVERE ] removing card from slot 10
[11:55:53.849] [SEVERE ] removing tokens from slot 11
[11:55:53.849] [SEVERE ] removing card from slot 11
[11:55:53.953] [SEVERE ] removing tokens from slot 1
[11:55:53.953] [SEVERE ] removing card from slot 1
[11:55:54.054] [SEVERE ] removing tokens from slot 0
[11:55:54.054] [SEVERE ] removing card from slot 0
[11:55:54.156] [SEVERE ] removing tokens from slot 8
[11:55:54.156] [SEVERE ] removing card from slot 8
[11:55:54.257] [SEVERE ] removing tokens from slot 6
[11:55:54.258] [SEVERE ] removing card from slot 6
[11:55:54.359] [SEVERE ] removing tokens from slot 7
[11:55:54.359] [SEVERE ] removing card from slot 7
[11:55:54.460] [SEVERE ] removing tokens from slot 2
[11:55:54.460] [SEVERE ] removing card from slot 2
[11:55:54.565] [SEVERE ] removing tokens from slot 5
[11:55:54.565] [SEVERE ] removing card from slot 5
[11:55:54.666] [SEVERE ] removing tokens from slot 9
[11:55:54.666] [SEVERE ] removing card from slot 9
[11:55:54.768] [SEVERE ] removing tokens from slot 3
[11:55:54.768] [SEVERE ] removing card from slot 3
[11:55:54.768] [SEVERE ] updating countdown to 60000
[11:55:54.870] [SEVERE ] placing card 31 in slot 10
[11:55:54.971] [SEVERE ] placing card 67 in slot 2
[11:55:55.072] [SEVERE ] placing card 57 in slot 1
[11:55:55.173] [SEVERE ] placing card 56 in slot 8
[11:55:55.274] [SEVERE ] placing card 64 in slot 5
[11:55:55.374] [SEVERE ] placing card 71 in slot 3
[11:55:55.475] [SEVERE ] placing card 2 in slot 7
[11:55:55.576] [SEVERE ] placing card 14 in slot 11
[11:55:55.677] [SEVERE ] placing card 38 in slot 9
[11:55:55.778] [SEVERE ] placing card 36 in slot 0
[11:55:55.878] [SEVERE ] placing card 21 in slot 6
[11:55:55.980] [SEVERE ] placing card 19 in slot 4
[11:55:56.980] [SEVERE ] updating countdown to 59000
[11:55:57.981] [SEVERE ] updating countdown to 58000
[11:55:58.980] [SEVERE ] updating countdown to 57000
[11:55:59.981] [SEVERE ] updating countdown to 56000
[11:56:00.981] [SEVERE ] updating countdown to 55000
[11:56:01.981] [SEVERE ] updating countdown to 54000
[11:56:02.980] [SEVERE ] updating countdown to 53000
[11:56:03.981] [SEVERE ] updating countdown to 52000
[11:56:04.980] [SEVERE ] updating countdown to 51000
[11:56:05.981] [SEVERE ] updating countdown to 50000
[11:56:06.981] [SEVERE ] updating countdown to 49000
[11:56:07.980] [SEVERE ] updating countdown to 48000
[11:56:08.981] [SEVERE ] updating countdown to 47000
[11:56:09.981] [SEVERE ] updating countdown to 46000
[11:56:10.980] [SEVERE ] updating countdown to 45000
[11:56:11.981] [SEVERE ] updating countdown to 44000
[11:56:12.980] [SEVERE ] updating countdown to 43000
[11:56:13.981] [SEVERE ] updating countdown to 42000
[11:56:14.980] [SEVERE ] updating countdown to 41000
[11:56:15.981] [SEVERE ] updating countdown to 40000
[11:56:16.980] [SEVERE ] updating countdown to 39000
[11:56:17.982] [SEVERE ] updating countdown to 38000
[11:56:18.980] [SEVERE ] updating countdown to 37000
[11:56:19.981] [SEVERE ] updating countdown to 36000
[11:56:20.980] [SEVERE ] updating countdown to 35000
[11:56:21.981] [SEVERE ] updating countdown to 34000
[11:56:22.980] [SEVERE ] updating countdown to 33000
[11:56:23.981] [SEVERE ] updating countdown to 32000
[11:56:24.980] [SEVERE ] updating countdown to 31000
[11:56:25.981] [SEVERE ] updating countdown to 30000
[11:56:26.981] [SEVERE ] updating countdown to 29000
[11:56:27.980] [SEVERE ] updating countdown to 28000
[11:56:28.981] [SEVERE ] updating countdown to 27000
[11:56:29.980] [SEVERE ] updating countdown to 26000
[11:56:30.981] [SEVERE ] updating countdown to 25000
[11:56:31.981] [SEVERE ] updating countdown to 24000
[11:56:32.980] [SEVERE ] updating countdown to 23000
[11:56:33.981] [SEVERE ] updating countdown to 22000
[11:56:34.981] [SEVERE ] updating countdown to 21000
[11:56:35.980] [SEVERE ] updating countdown to 20000
[11:56:36.980] [SEVERE ] updating countdown to 19000
[11:56:37.981] [SEVERE ] updating countdown to 18000
[11:56:38.981] [SEVERE ] updating countdown to 17000
[11:56:39.980] [SEVERE ] updating countdown to 16000
[11:56:40.981] [SEVERE ] updating countdown to 15000
[11:56:41.980] [SEVERE ] updating countdown to 14000
[11:56:42.981] [SEVERE ] updating countdown to 13000
[11:56:43.980] [SEVERE ] updating countdown to 12000
[11:56:44.981] [SEVERE ] updating countdown to 11000
[11:56:45.980] [SEVERE ] updating countdown to 10000
[11:56:46.980] [SEVERE ] updating countdown to 9000
[11:56:47.982] [SEVERE ] updating countdown to 8000
[11:56:48.981] [SEVERE ] updating countdown to 7000
[11:56:49.981] [SEVERE ] updating countdown to 6000
[11:56:50.980] [SEVERE ] updating countdown to 5000
[11:56:52.971] [SEVERE ] updating countdown to 4000
[11:56:53.970] [SEVERE ] updating countdown to 3000
[11:56:54.970] [SEVERE ] updating countdown to 2000
[11:56:55.970] [SEVERE ] updating countdown to 1000
[11:56:56.970] [SEVERE ] updating countdown to 0
[11:56:57.082] [SEVERE ] removing tokens from slot 4
[11:56:57.082] [SEVERE ] removing card from slot 4
[11:56:57.185] [SEVERE ] removing tokens from slot 6
[11:56:57.185] [SEVERE ] removing card from slot 6
[11:56:57.287] [SEVERE ] removing tokens from slot 11
[11:56:57.287] [SEVERE ] removing card from slot 11
[11:56:57.391] [SEVERE ] removing tokens from slot 8
[11:56:57.391] [SEVERE ] removing card from slot 8
[11:56:57.493] [SEVERE ] removing tokens from slot 10
[11:56:57.493] [SEVERE ] removing card from slot 10
[11:56:57.595] [SEVERE ] removing tokens from slot 5
[11:56:57.595] [SEVERE ] removing card from slot 5
[11:56:57.696] [SEVERE ] removing tokens from slot 7
[11:56:57.696] [SEVERE ] removing card from slot 7
[11:56:57.798] [SEVERE ] removing tokens from slot 1
[11:56:57.798] [SEVERE ] removing card from slot 1
[11:56:57.899] [SEVERE ] removing tokens from slot 9
[11:56:57.899] [SEVERE ] removing card from slot 9
[11:56:58.001] [SEVERE ] removing tokens from slot 0
[11:56:58.001] [SEVERE ] removing card from slot 0
[11:56:58.105] [SEVERE ] removing tokens from slot 3
[11:56:58.105] [SEVERE ] removing card from slot 3
[11:56:58.207] [SEVERE ] removing tokens from slot 2
[11:56:58.207] [SEVERE ] removing card from slot 2
[11:56:58.207] [SEVERE ] updating countdown to 60000
[11:56:58.309] [SEVERE ] placing card 56 in slot 10
[11:56:58.410] [SEVERE ] placing card 68 in slot 0
[11:56:58.510] [SEVERE ] placing card 20 in slot 8
[11:56:58.611] [SEVERE ] placing card 72 in slot 1
[11:56:58.711] [SEVERE ] placing card 34 in slot 6
[11:56:58.812] [SEVERE ] placing card 19 in slot 3
[11:56:58.914] [SEVERE ] placing card 0 in slot 4
[11:56:59.014] [SEVERE ] placing card 74 in slot 2
[11:56:59.115] [SEVERE ] placing card 44 in slot 11
[11:56:59.216] [SEVERE ] placing card 24 in slot 5
[11:56:59.316] [SEVERE ] placing card 80 in slot 7
[11:56:59.417] [SEVERE ] placing card 78 in slot 9
[11:57:00.420] [SEVERE ] updating countdown to 59000
[11:57:01.419] [SEVERE ] updating countdown to 58000
[11:57:02.418] [SEVERE ] updating countdown to 57000
[11:57:03.419] [SEVERE ] updating countdown to 56000
[11:57:04.420] [SEVERE ] updating countdown to 55000
[11:57:05.419] [SEVERE ] updating countdown to 54000
[11:57:05.742] [SEVERE ] key 86 was pressed by player 1
[11:57:05.742] [SEVERE ] player 1 placing token on slot 11
[11:57:06.419] [SEVERE ] updating countdown to 53000
[11:57:07.418] [SEVERE ] updating countdown to 52000
[11:57:08.419] [SEVERE ] updating countdown to 51000
[11:57:09.419] [SEVERE ] updating countdown to 50000
[11:57:09.903] [SEVERE ] key 67 was pressed by player 1
[11:57:09.903] [SEVERE ] player 1 placing token on slot 10
[11:57:10.420] [SEVERE ] updating countdown to 49000
[11:57:11.418] [SEVERE ] updating countdown to 48000
[11:57:12.418] [SEVERE ] updating countdown to 47000
[11:57:12.717] [SEVERE ] key 67 was pressed by player 1
[11:57:12.717] [SEVERE ] removing player 1 token from slot 10
[11:57:13.419] [SEVERE ] updating countdown to 46000
[11:57:14.419] [SEVERE ] updating countdown to 45000
[11:57:15.420] [SEVERE ] updating countdown to 44000
[11:57:16.420] [SEVERE ] updating countdown to 43000
[11:57:17.420] [SEVERE ] updating countdown to 42000
[11:57:17.614] [SEVERE ] key 67 was pressed by player 1
[11:57:17.616] [SEVERE ] player 1 placing token on slot 10
[11:57:18.418] [SEVERE ] updating countdown to 41000
[11:57:19.418] [SEVERE ] updating countdown to 40000
[11:57:20.418] [SEVERE ] updating countdown to 39000
[11:57:21.420] [SEVERE ] updating countdown to 38000
[11:57:22.418] [SEVERE ] updating countdown to 37000
[11:57:23.419] [SEVERE ] updating countdown to 36000
[11:57:24.419] [SEVERE ] updating countdown to 35000
[11:57:25.419] [SEVERE ] updating countdown to 34000
[11:57:26.418] [SEVERE ] updating countdown to 33000
[11:57:27.418] [SEVERE ] updating countdown to 32000
[11:57:28.419] [SEVERE ] updating countdown to 31000
[11:57:28.815] [SEVERE ] key 67 was pressed by player 1
[11:57:28.816] [SEVERE ] removing player 1 token from slot 10
[11:57:29.151] [SEVERE ] key 86 was pressed by player 1
[11:57:29.152] [SEVERE ] removing player 1 token from slot 11
[11:57:29.420] [SEVERE ] updating countdown to 30000
[11:57:30.419] [SEVERE ] updating countdown to 29000
[11:57:31.420] [SEVERE ] updating countdown to 28000
[11:57:32.418] [SEVERE ] updating countdown to 27000
[11:57:33.418] [SEVERE ] updating countdown to 26000
[11:57:34.420] [SEVERE ] updating countdown to 25000
[11:57:35.419] [SEVERE ] updating countdown to 24000
[11:57:36.302] [SEVERE ] key 70 was pressed by player 1
[11:57:36.302] [SEVERE ] player 1 placing token on slot 7
[11:57:36.418] [SEVERE ] updating countdown to 23000
[11:57:37.167] [SEVERE ] key 67 was pressed by player 1
[11:57:37.167] [SEVERE ] player 1 placing token on slot 10
[11:57:37.418] [SEVERE ] updating countdown to 22000
[11:57:37.645] [SEVERE ] key 81 was pressed by player 1
[11:57:37.646] [SEVERE ] player 1 placing token on slot 0
[11:57:37.648] [SEVERE ] setting player 1 freeze to 3000
[11:57:38.419] [SEVERE ] updating countdown to 21000
[11:59:21.210] [INFO   ] thread dealer terminated.
