[12:01:08.197] [INFO   ] thread main starting.
[12:01:08.209] [SEVERE ] cannot read configuration file config.properties trying from resources.
[12:01:08.213] [SEVERE ] configuration file was loaded from resources directory.
[12:01:09.059] [INFO   ] thread dealer starting.
[12:01:09.060] [INFO   ] thread dealer starting.
[12:01:09.061] [INFO   ] thread 0 starting.
[12:01:09.062] [INFO   ] thread 1 starting.
[12:01:09.062] [INFO   ] thread 0 starting.
[12:01:09.063] [INFO   ] thread 1 starting.
[12:01:09.168] [SEVERE ] placing card 33 in slot 1
[12:01:09.269] [SEVERE ] placing card 48 in slot 11
[12:01:09.381] [SEVERE ] placing card 64 in slot 2
[12:01:09.483] [SEVERE ] placing card 65 in slot 6
[12:01:09.585] [SEVERE ] placing card 60 in slot 4
[12:01:09.686] [SEVERE ] placing card 3 in slot 7
[12:01:09.787] [SEVERE ] placing card 66 in slot 8
[12:01:09.888] [SEVERE ] placing card 40 in slot 0
[12:01:09.990] [SEVERE ] placing card 24 in slot 5
[12:01:10.092] [SEVERE ] placing card 69 in slot 9
[12:01:10.193] [SEVERE ] placing card 43 in slot 3
[12:01:10.294] [SEVERE ] placing card 18 in slot 10
[12:01:11.296] [SEVERE ] updating countdown to 59000
[12:01:12.295] [SEVERE ] updating countdown to 58000
[12:01:13.295] [SEVERE ] updating countdown to 57000
[12:01:14.295] [SEVERE ] updating countdown to 56000
[12:01:15.294] [SEVERE ] updating countdown to 55000
[12:01:16.294] [SEVERE ] updating countdown to 54000
[12:01:17.295] [SEVERE ] updating countdown to 53000
[12:01:18.295] [SEVERE ] updating countdown to 52000
[12:01:19.295] [SEVERE ] updating countdown to 51000
[12:01:20.294] [SEVERE ] updating countdown to 50000
[12:01:21.294] [SEVERE ] updating countdown to 49000
[12:01:22.295] [SEVERE ] updating countdown to 48000
[12:01:23.294] [SEVERE ] updating countdown to 47000
[12:01:24.294] [SEVERE ] updating countdown to 46000
[12:01:25.294] [SEVERE ] updating countdown to 45000
[12:01:26.295] [SEVERE ] updating countdown to 44000
[12:01:26.738] [SEVERE ] key 83 was pressed by player 1
[12:01:26.739] [SEVERE ] player 1 placing token on slot 5
[12:01:27.295] [SEVERE ] updating countdown to 43000
[12:01:27.950] [SEVERE ] key 68 was pressed by player 1
[12:01:27.951] [SEVERE ] player 1 placing token on slot 6
[12:01:28.222] [SEVERE ] key 88 was pressed by player 1
[12:01:28.224] [SEVERE ] player 1 placing token on slot 9
[12:01:28.225] [SEVERE ] setting player 1 freeze to 0
[12:01:28.295] [SEVERE ] updating countdown to 42000
[12:01:28.298] [SEVERE ] setting player 1 freeze to 3000
[12:01:29.294] [SEVERE ] setting player 1 freeze to 2000
[12:01:29.296] [SEVERE ] updating countdown to 41000
[12:01:30.294] [SEVERE ] setting player 1 freeze to 1000
[12:01:30.294] [SEVERE ] updating countdown to 40000
[12:01:31.294] [SEVERE ] setting player 1 freeze to 0
[12:01:31.295] [SEVERE ] updating countdown to 39000
[12:01:32.294] [SEVERE ] setting player 1 freeze to -1000
[12:01:32.294] [SEVERE ] updating countdown to 38000
[12:01:32.783] [SEVERE ] key 68 was pressed by player 1
[12:01:32.784] [SEVERE ] removing player 1 token from slot 6
[12:01:33.152] [SEVERE ] key 87 was pressed by player 1
[12:01:33.153] [SEVERE ] player 1 placing token on slot 1
[12:01:33.154] [SEVERE ] setting player 1 freeze to 3000
[12:01:33.295] [SEVERE ] updating countdown to 37000
[12:02:18.386] [SEVERE ] removing tokens from slot 5
[12:02:18.389] [SEVERE ] removing card from slot 5
[12:02:22.422] [SEVERE ] removing tokens from slot 9
[12:02:22.423] [SEVERE ] removing card from slot 9
[12:02:24.820] [SEVERE ] removing tokens from slot 1
[12:02:24.868] [SEVERE ] removing card from slot 1
[12:02:42.760] [INFO   ] thread dealer terminated.
[12:02:47.764] [SEVERE ] thanks for playing... it was fun!
[12:02:47.765] [INFO   ] thread main terminated.
[12:02:47.765] [SEVERE ] disposing of user interface elements
