[12:28:47.458] [INFO   ] thread main starting.
[12:28:47.467] [SEVERE ] cannot read configuration file config.properties trying from resources.
[12:28:47.469] [SEVERE ] configuration file was loaded from resources directory.
[12:28:48.244] [INFO   ] thread dealer starting.
[12:28:48.245] [INFO   ] thread dealer starting.
[12:28:48.246] [INFO   ] thread 0 starting.
[12:28:48.247] [INFO   ] thread 1 starting.
[12:28:48.248] [INFO   ] thread 0 starting.
[12:28:48.248] [INFO   ] thread 1 starting.
[12:28:48.354] [SEVERE ] placing card 19 in slot 10
[12:28:48.456] [SEVERE ] placing card 73 in slot 3
[12:28:48.565] [SEVERE ] placing card 28 in slot 6
[12:28:48.667] [SEVERE ] placing card 53 in slot 2
[12:28:48.768] [SEVERE ] placing card 26 in slot 8
[12:28:48.869] [SEVERE ] placing card 54 in slot 0
[12:28:48.969] [SEVERE ] placing card 77 in slot 1
[12:28:49.069] [SEVERE ] placing card 52 in slot 7
[12:28:49.170] [SEVERE ] placing card 38 in slot 4
[12:28:49.271] [SEVERE ] placing card 66 in slot 5
[12:28:49.371] [SEVERE ] placing card 1 in slot 9
[12:28:49.473] [SEVERE ] placing card 48 in slot 11
[12:28:50.238] [SEVERE ] key 81 was pressed by player 1
[12:28:50.239] [SEVERE ] player 1 placing token on slot 0
[12:28:50.476] [SEVERE ] updating countdown to 59000
[12:28:50.557] [SEVERE ] key 87 was pressed by player 1
[12:28:50.558] [SEVERE ] player 1 placing token on slot 1
[12:28:50.862] [SEVERE ] key 69 was pressed by player 1
[12:28:50.862] [SEVERE ] player 1 placing token on slot 2
[12:28:51.149] [SEVERE ] key 81 was pressed by player 1
[12:28:51.477] [SEVERE ] setting player 1 freeze to -999
[12:28:51.477] [SEVERE ] updating countdown to 58000
[12:28:51.479] [SEVERE ] setting player 1 freeze to 3000
[12:28:51.499] [SEVERE ] key 81 was pressed by player 1
[12:28:51.757] [SEVERE ] key 81 was pressed by player 1
[12:28:51.949] [SEVERE ] key 81 was pressed by player 1
[12:28:52.174] [SEVERE ] key 81 was pressed by player 1
[12:28:52.384] [SEVERE ] key 81 was pressed by player 1
[12:28:52.474] [SEVERE ] setting player 1 freeze to 2000
[12:28:52.475] [SEVERE ] updating countdown to 57000
[12:28:53.474] [SEVERE ] setting player 1 freeze to 1000
[12:28:53.475] [SEVERE ] updating countdown to 56000
[12:28:54.189] [SEVERE ] key 81 was pressed by player 1
[12:28:54.445] [SEVERE ] key 81 was pressed by player 1
[12:28:54.475] [SEVERE ] setting player 1 freeze to 0
[12:28:54.476] [SEVERE ] updating countdown to 55000
[12:28:54.636] [SEVERE ] key 81 was pressed by player 1
[12:28:54.637] [SEVERE ] removing player 1 token from slot 0
[12:28:54.637] [SEVERE ] setting player 1 freeze to 3000
[12:28:54.813] [SEVERE ] key 81 was pressed by player 1
[12:28:54.813] [SEVERE ] player 1 placing token on slot 0
[12:28:55.021] [SEVERE ] key 81 was pressed by player 1
[12:28:55.215] [SEVERE ] key 81 was pressed by player 1
[12:28:55.474] [SEVERE ] setting player 1 freeze to -999
[12:28:55.475] [SEVERE ] updating countdown to 54000
[12:28:56.094] [SEVERE ] key 81 was pressed by player 1
[12:28:56.095] [SEVERE ] removing player 1 token from slot 0
[12:28:56.474] [SEVERE ] updating countdown to 53000
[12:28:56.653] [SEVERE ] key 81 was pressed by player 1
[12:28:56.654] [SEVERE ] player 1 placing token on slot 0
[12:28:56.877] [SEVERE ] key 81 was pressed by player 1
[12:28:57.070] [SEVERE ] key 81 was pressed by player 1
[12:28:57.326] [SEVERE ] key 81 was pressed by player 1
[12:28:57.474] [SEVERE ] setting player 1 freeze to -999
[12:28:57.475] [SEVERE ] updating countdown to 52000
[12:28:57.476] [SEVERE ] setting player 1 freeze to 3000
[12:28:57.532] [SEVERE ] key 81 was pressed by player 1
[12:28:57.775] [SEVERE ] key 81 was pressed by player 1
[12:28:57.966] [SEVERE ] key 81 was pressed by player 1
[12:28:58.172] [SEVERE ] key 81 was pressed by player 1
[12:28:58.397] [SEVERE ] key 81 was pressed by player 1
[12:28:58.474] [SEVERE ] setting player 1 freeze to 2000
[12:28:58.475] [SEVERE ] updating countdown to 51000
[12:28:58.796] [SEVERE ] key 81 was pressed by player 1
[12:28:59.037] [SEVERE ] key 81 was pressed by player 1
[12:28:59.276] [SEVERE ] key 81 was pressed by player 1
[12:28:59.475] [SEVERE ] setting player 1 freeze to 1000
[12:28:59.475] [SEVERE ] updating countdown to 50000
[12:29:00.286] [SEVERE ] key 81 was pressed by player 1
[12:29:00.474] [SEVERE ] setting player 1 freeze to 0
[12:29:00.475] [SEVERE ] updating countdown to 49000
[12:29:00.510] [SEVERE ] key 81 was pressed by player 1
[12:29:00.511] [SEVERE ] removing player 1 token from slot 0
[12:29:00.511] [SEVERE ] setting player 1 freeze to 3000
[12:29:00.686] [SEVERE ] key 81 was pressed by player 1
[12:29:00.686] [SEVERE ] player 1 placing token on slot 0
[12:29:00.895] [SEVERE ] key 81 was pressed by player 1
[12:29:01.101] [SEVERE ] key 81 was pressed by player 1
[12:29:01.294] [SEVERE ] key 81 was pressed by player 1
[12:29:01.474] [SEVERE ] setting player 1 freeze to -999
[12:29:01.475] [SEVERE ] updating countdown to 48000
[12:29:01.501] [SEVERE ] key 81 was pressed by player 1
[12:29:01.502] [SEVERE ] removing player 1 token from slot 0
[12:29:01.678] [SEVERE ] key 81 was pressed by player 1
[12:29:01.678] [SEVERE ] player 1 placing token on slot 0
[12:29:02.475] [SEVERE ] setting player 1 freeze to -999
[12:29:02.475] [SEVERE ] updating countdown to 47000
[12:29:02.476] [SEVERE ] setting player 1 freeze to 3000
[12:29:03.117] [SEVERE ] key 81 was pressed by player 1
[12:29:03.475] [SEVERE ] setting player 1 freeze to 2000
[12:29:03.476] [SEVERE ] updating countdown to 46000
[12:29:03.580] [SEVERE ] key 81 was pressed by player 1
[12:29:04.333] [SEVERE ] key 81 was pressed by player 1
[12:29:04.475] [SEVERE ] setting player 1 freeze to 1000
[12:29:04.475] [SEVERE ] updating countdown to 45000
[12:29:04.557] [SEVERE ] key 81 was pressed by player 1
[12:29:04.828] [SEVERE ] key 81 was pressed by player 1
[12:29:05.036] [SEVERE ] key 81 was pressed by player 1
[12:29:05.229] [SEVERE ] key 81 was pressed by player 1
[12:29:05.474] [SEVERE ] setting player 1 freeze to 0
[12:29:05.474] [SEVERE ] updating countdown to 44000
[12:29:05.484] [SEVERE ] key 81 was pressed by player 1
[12:29:05.485] [SEVERE ] removing player 1 token from slot 0
[12:29:05.485] [SEVERE ] setting player 1 freeze to 3000
[12:29:05.709] [SEVERE ] key 81 was pressed by player 1
[12:29:05.709] [SEVERE ] player 1 placing token on slot 0
[12:29:06.109] [SEVERE ] key 81 was pressed by player 1
[12:29:06.317] [SEVERE ] key 81 was pressed by player 1
[12:29:06.475] [SEVERE ] setting player 1 freeze to -999
[12:29:06.475] [SEVERE ] updating countdown to 43000
[12:29:07.474] [SEVERE ] updating countdown to 42000
[12:29:08.015] [SEVERE ] key 81 was pressed by player 1
[12:29:08.015] [SEVERE ] removing player 1 token from slot 0
[12:29:08.254] [SEVERE ] key 81 was pressed by player 1
[12:29:08.255] [SEVERE ] player 1 placing token on slot 0
[12:29:08.474] [SEVERE ] setting player 1 freeze to -999
[12:29:08.475] [SEVERE ] updating countdown to 41000
[12:29:08.477] [SEVERE ] setting player 1 freeze to 3000
[12:29:08.486] [SEVERE ] key 81 was pressed by player 1
[12:29:08.685] [SEVERE ] key 81 was pressed by player 1
[12:29:09.474] [SEVERE ] setting player 1 freeze to 2000
[12:29:09.475] [SEVERE ] updating countdown to 40000
[12:29:09.758] [SEVERE ] key 81 was pressed by player 1
[12:29:09.966] [SEVERE ] key 81 was pressed by player 1
[12:29:10.238] [SEVERE ] key 81 was pressed by player 1
[12:29:10.475] [SEVERE ] setting player 1 freeze to 1000
[12:29:10.476] [SEVERE ] updating countdown to 39000
[12:29:10.489] [SEVERE ] key 81 was pressed by player 1
[12:29:10.686] [SEVERE ] key 81 was pressed by player 1
[12:29:10.909] [SEVERE ] key 81 was pressed by player 1
[12:29:11.102] [SEVERE ] key 81 was pressed by player 1
[12:29:11.278] [SEVERE ] key 81 was pressed by player 1
[12:29:11.468] [SEVERE ] key 81 was pressed by player 1
[12:29:11.475] [SEVERE ] setting player 1 freeze to 0
[12:29:11.476] [SEVERE ] updating countdown to 38000
[12:29:11.661] [SEVERE ] key 81 was pressed by player 1
[12:29:11.663] [SEVERE ] removing player 1 token from slot 0
[12:29:11.664] [SEVERE ] setting player 1 freeze to 3000
[12:29:11.838] [SEVERE ] key 81 was pressed by player 1
[12:29:11.838] [SEVERE ] player 1 placing token on slot 0
[12:29:11.996] [SEVERE ] key 81 was pressed by player 1
[12:29:12.221] [SEVERE ] key 81 was pressed by player 1
[12:29:12.416] [SEVERE ] key 81 was pressed by player 1
[12:29:12.475] [SEVERE ] setting player 1 freeze to -999
[12:29:12.475] [SEVERE ] updating countdown to 37000
[12:29:12.623] [SEVERE ] key 81 was pressed by player 1
[12:29:12.623] [SEVERE ] removing player 1 token from slot 0
[12:29:12.829] [SEVERE ] key 81 was pressed by player 1
[12:29:12.830] [SEVERE ] player 1 placing token on slot 0
[12:29:13.021] [SEVERE ] key 81 was pressed by player 1
[12:29:13.230] [SEVERE ] key 81 was pressed by player 1
[12:29:13.438] [SEVERE ] key 81 was pressed by player 1
[12:29:13.475] [SEVERE ] setting player 1 freeze to -999
[12:29:13.475] [SEVERE ] updating countdown to 36000
[12:29:13.477] [SEVERE ] setting player 1 freeze to 3000
[12:29:13.645] [SEVERE ] key 81 was pressed by player 1
[12:29:13.868] [SEVERE ] key 81 was pressed by player 1
[12:29:14.474] [SEVERE ] setting player 1 freeze to 2000
[12:29:14.474] [SEVERE ] updating countdown to 35000
[12:29:15.475] [SEVERE ] setting player 1 freeze to 1000
[12:29:15.476] [SEVERE ] updating countdown to 34000
[12:29:15.533] [SEVERE ] key 81 was pressed by player 1
[12:29:15.758] [SEVERE ] key 81 was pressed by player 1
[12:29:16.015] [SEVERE ] key 81 was pressed by player 1
[12:29:16.474] [SEVERE ] setting player 1 freeze to 0
[12:29:16.475] [SEVERE ] updating countdown to 33000
[12:29:17.133] [SEVERE ] key 81 was pressed by player 1
[12:29:17.133] [SEVERE ] removing player 1 token from slot 0
[12:29:17.134] [SEVERE ] setting player 1 freeze to 3000
[12:29:17.474] [SEVERE ] setting player 1 freeze to -1000
[12:29:17.475] [SEVERE ] updating countdown to 32000
[12:29:18.475] [SEVERE ] updating countdown to 31000
[12:29:19.474] [SEVERE ] updating countdown to 30000
[12:29:20.175] [SEVERE ] key 81 was pressed by player 1
[12:29:20.175] [SEVERE ] player 1 placing token on slot 0
[12:29:20.475] [SEVERE ] setting player 1 freeze to -999
[12:29:20.476] [SEVERE ] updating countdown to 29000
[12:29:20.477] [SEVERE ] setting player 1 freeze to 3000
[12:29:21.475] [SEVERE ] setting player 1 freeze to 2000
[12:29:21.475] [SEVERE ] updating countdown to 28000
[12:29:22.474] [SEVERE ] setting player 1 freeze to 1000
[12:29:22.474] [SEVERE ] updating countdown to 27000
[12:29:22.483] [SEVERE ] key 81 was pressed by player 1
[12:29:23.475] [SEVERE ] setting player 1 freeze to 0
[12:29:23.475] [SEVERE ] updating countdown to 26000
[12:29:23.838] [SEVERE ] key 81 was pressed by player 1
[12:29:23.839] [SEVERE ] removing player 1 token from slot 0
[12:29:23.839] [SEVERE ] setting player 1 freeze to 3000
[12:29:23.996] [SEVERE ] key 81 was pressed by player 1
[12:29:23.997] [SEVERE ] player 1 placing token on slot 0
[12:29:24.173] [SEVERE ] key 81 was pressed by player 1
[12:29:24.350] [SEVERE ] key 81 was pressed by player 1
[12:29:24.474] [SEVERE ] setting player 1 freeze to -999
[12:29:24.475] [SEVERE ] updating countdown to 25000
[12:29:24.541] [SEVERE ] key 81 was pressed by player 1
[12:29:24.541] [SEVERE ] removing player 1 token from slot 0
[12:29:24.749] [SEVERE ] key 81 was pressed by player 1
[12:29:24.749] [SEVERE ] player 1 placing token on slot 0
[12:29:25.474] [SEVERE ] setting player 1 freeze to -999
[12:29:25.475] [SEVERE ] updating countdown to 24000
[12:29:25.476] [SEVERE ] setting player 1 freeze to 3000
[12:29:26.474] [SEVERE ] setting player 1 freeze to 2000
[12:29:26.474] [SEVERE ] updating countdown to 23000
[12:29:27.475] [SEVERE ] setting player 1 freeze to 1000
[12:29:27.475] [SEVERE ] updating countdown to 22000
[12:29:28.475] [SEVERE ] setting player 1 freeze to 0
[12:29:28.475] [SEVERE ] updating countdown to 21000
[12:29:29.474] [SEVERE ] setting player 1 freeze to -1000
[12:29:29.475] [SEVERE ] updating countdown to 20000
[12:29:30.475] [SEVERE ] updating countdown to 19000
[12:29:31.474] [SEVERE ] updating countdown to 18000
[12:29:31.518] [SEVERE ] key 81 was pressed by player 1
[12:29:31.519] [SEVERE ] removing player 1 token from slot 0
[12:29:31.519] [SEVERE ] setting player 1 freeze to 3000
[12:29:31.692] [SEVERE ] key 81 was pressed by player 1
[12:29:31.693] [SEVERE ] player 1 placing token on slot 0
[12:29:31.902] [SEVERE ] key 81 was pressed by player 1
[12:29:32.221] [SEVERE ] key 81 was pressed by player 1
[12:29:32.475] [SEVERE ] setting player 1 freeze to -999
[12:29:32.475] [SEVERE ] updating countdown to 17000
[12:29:33.165] [SEVERE ] key 81 was pressed by player 1
[12:29:33.165] [SEVERE ] removing player 1 token from slot 0
[12:29:33.475] [SEVERE ] updating countdown to 16000
[12:29:34.475] [SEVERE ] updating countdown to 15000
[12:29:35.474] [SEVERE ] updating countdown to 14000
[12:29:36.029] [SEVERE ] key 81 was pressed by player 1
[12:29:36.030] [SEVERE ] player 1 placing token on slot 0
[12:29:36.237] [SEVERE ] key 81 was pressed by player 1
[12:29:36.474] [SEVERE ] setting player 1 freeze to -999
[12:29:36.474] [SEVERE ] updating countdown to 13000
[12:29:36.475] [SEVERE ] setting player 1 freeze to 3000
[12:29:36.637] [SEVERE ] key 81 was pressed by player 1
[12:29:37.101] [SEVERE ] key 81 was pressed by player 1
[12:29:37.245] [SEVERE ] key 81 was pressed by player 1
[12:29:37.405] [SEVERE ] key 81 was pressed by player 1
[12:29:37.474] [SEVERE ] setting player 1 freeze to 2000
[12:29:37.474] [SEVERE ] updating countdown to 12000
[12:29:37.582] [SEVERE ] key 81 was pressed by player 1
[12:29:37.824] [SEVERE ] key 81 was pressed by player 1
[12:29:38.142] [SEVERE ] key 81 was pressed by player 1
[12:29:38.350] [SEVERE ] key 81 was pressed by player 1
[12:29:38.475] [SEVERE ] setting player 1 freeze to 1000
[12:29:38.476] [SEVERE ] updating countdown to 11000
[12:29:38.558] [SEVERE ] key 81 was pressed by player 1
[12:29:38.798] [SEVERE ] key 81 was pressed by player 1
[12:29:38.992] [SEVERE ] key 81 was pressed by player 1
[12:29:39.165] [SEVERE ] key 81 was pressed by player 1
[12:29:39.388] [SEVERE ] key 81 was pressed by player 1
[12:29:39.474] [SEVERE ] setting player 1 freeze to 0
[12:29:39.474] [SEVERE ] updating countdown to 10000
[12:29:39.581] [SEVERE ] key 81 was pressed by player 1
[12:29:39.581] [SEVERE ] removing player 1 token from slot 0
[12:29:39.582] [SEVERE ] setting player 1 freeze to 3000
[12:29:39.805] [SEVERE ] key 81 was pressed by player 1
[12:29:39.805] [SEVERE ] player 1 placing token on slot 0
[12:29:40.109] [SEVERE ] key 81 was pressed by player 1
[12:29:40.429] [SEVERE ] key 81 was pressed by player 1
[12:29:40.475] [SEVERE ] setting player 1 freeze to -999
[12:29:40.475] [SEVERE ] updating countdown to 9000
[12:29:40.653] [SEVERE ] key 81 was pressed by player 1
[12:29:40.654] [SEVERE ] removing player 1 token from slot 0
[12:29:40.846] [SEVERE ] key 81 was pressed by player 1
[12:29:40.847] [SEVERE ] player 1 placing token on slot 0
[12:29:41.474] [SEVERE ] setting player 1 freeze to -999
[12:29:41.474] [SEVERE ] updating countdown to 8000
[12:29:41.475] [SEVERE ] setting player 1 freeze to 3000
[12:29:41.677] [SEVERE ] key 81 was pressed by player 1
[12:29:41.917] [SEVERE ] key 81 was pressed by player 1
[12:29:42.110] [SEVERE ] key 81 was pressed by player 1
[12:29:42.318] [SEVERE ] key 81 was pressed by player 1
[12:29:42.475] [SEVERE ] setting player 1 freeze to 2000
[12:29:42.476] [SEVERE ] updating countdown to 7000
[12:29:42.510] [SEVERE ] key 81 was pressed by player 1
[12:29:42.701] [SEVERE ] key 81 was pressed by player 1
[12:29:42.895] [SEVERE ] key 81 was pressed by player 1
[12:29:43.088] [SEVERE ] key 81 was pressed by player 1
[12:29:43.308] [SEVERE ] key 81 was pressed by player 1
[12:29:43.474] [SEVERE ] setting player 1 freeze to 1000
[12:29:43.475] [SEVERE ] updating countdown to 6000
[12:29:43.502] [SEVERE ] key 81 was pressed by player 1
[12:29:43.709] [SEVERE ] key 81 was pressed by player 1
[12:29:43.934] [SEVERE ] key 81 was pressed by player 1
[12:29:44.126] [SEVERE ] key 81 was pressed by player 1
[12:29:44.334] [SEVERE ] key 81 was pressed by player 1
[12:29:44.475] [SEVERE ] setting player 1 freeze to 0
[12:29:44.475] [SEVERE ] updating countdown to 5000
[12:29:44.525] [SEVERE ] key 81 was pressed by player 1
[12:29:44.525] [SEVERE ] removing player 1 token from slot 0
[12:29:44.525] [SEVERE ] setting player 1 freeze to 3000
[12:29:45.021] [SEVERE ] key 81 was pressed by player 1
[12:29:45.021] [SEVERE ] player 1 placing token on slot 0
[12:29:45.261] [SEVERE ] key 81 was pressed by player 1
[12:29:45.474] [SEVERE ] setting player 1 freeze to -999
[12:29:45.661] [SEVERE ] key 81 was pressed by player 1
[12:29:45.662] [SEVERE ] removing player 1 token from slot 0
[12:29:45.853] [SEVERE ] key 81 was pressed by player 1
[12:29:45.853] [SEVERE ] player 1 placing token on slot 0
[12:29:45.854] [SEVERE ] setting player 1 freeze to -999
[12:29:45.854] [SEVERE ] setting player 1 freeze to 3000
[12:29:45.865] [SEVERE ] setting player 1 freeze to 2000
[12:29:46.269] [SEVERE ] key 81 was pressed by player 1
[12:29:46.464] [SEVERE ] updating countdown to 4000
[12:29:46.813] [SEVERE ] key 81 was pressed by player 1
[12:29:46.854] [SEVERE ] setting player 1 freeze to 1000
[12:29:47.248] [SEVERE ] key 81 was pressed by player 1
[12:29:47.465] [SEVERE ] updating countdown to 3000
[12:29:47.486] [SEVERE ] key 81 was pressed by player 1
[12:29:47.727] [SEVERE ] key 81 was pressed by player 1
[12:29:47.854] [SEVERE ] setting player 1 freeze to 0
[12:29:47.980] [SEVERE ] key 81 was pressed by player 1
[12:29:47.980] [SEVERE ] removing player 1 token from slot 0
[12:29:47.982] [SEVERE ] setting player 1 freeze to 3000
[12:29:48.464] [SEVERE ] updating countdown to 2000
[12:29:48.854] [SEVERE ] setting player 1 freeze to -1000
[12:29:49.465] [SEVERE ] updating countdown to 1000
[12:29:50.465] [SEVERE ] updating countdown to 0
[12:29:50.474] [SEVERE ] removing player 1 token from slot 1
[12:29:50.474] [SEVERE ] removing player 1 token from slot 2
[12:29:50.575] [SEVERE ] removing tokens from slot 2
[12:29:50.575] [SEVERE ] removing card from slot 2
[12:29:50.677] [SEVERE ] removing tokens from slot 7
[12:29:50.677] [SEVERE ] removing card from slot 7
[12:29:50.778] [SEVERE ] removing tokens from slot 0
[12:29:50.778] [SEVERE ] removing card from slot 0
[12:29:50.879] [SEVERE ] removing tokens from slot 6
[12:29:50.879] [SEVERE ] removing card from slot 6
[12:29:50.981] [SEVERE ] removing tokens from slot 4
[12:29:50.981] [SEVERE ] removing card from slot 4
[12:29:51.082] [SEVERE ] removing tokens from slot 8
[12:29:51.082] [SEVERE ] removing card from slot 8
[12:29:51.184] [SEVERE ] removing tokens from slot 9
[12:29:51.184] [SEVERE ] removing card from slot 9
[12:29:51.286] [SEVERE ] removing tokens from slot 10
[12:29:51.286] [SEVERE ] removing card from slot 10
[12:29:51.386] [SEVERE ] removing tokens from slot 11
[12:29:51.386] [SEVERE ] removing card from slot 11
[12:29:51.488] [SEVERE ] removing tokens from slot 5
[12:29:51.488] [SEVERE ] removing card from slot 5
[12:29:51.589] [SEVERE ] removing tokens from slot 3
[12:29:51.589] [SEVERE ] removing card from slot 3
[12:29:51.690] [SEVERE ] removing tokens from slot 1
[12:29:51.690] [SEVERE ] removing card from slot 1
[12:29:51.690] [SEVERE ] updating countdown to 60000
[12:29:51.793] [SEVERE ] placing card 50 in slot 0
[12:29:51.893] [SEVERE ] placing card 5 in slot 6
[12:29:51.994] [SEVERE ] placing card 65 in slot 9
[12:29:52.095] [SEVERE ] placing card 8 in slot 8
[12:29:52.196] [SEVERE ] placing card 27 in slot 11
[12:29:52.297] [SEVERE ] placing card 43 in slot 3
[12:29:52.398] [SEVERE ] placing card 34 in slot 4
[12:29:52.498] [SEVERE ] placing card 48 in slot 7
[12:29:52.598] [SEVERE ] placing card 77 in slot 10
[12:29:52.699] [SEVERE ] placing card 59 in slot 2
[12:29:52.799] [SEVERE ] placing card 74 in slot 5
[12:29:52.899] [SEVERE ] placing card 36 in slot 1
