[12:39:23.955] [INFO   ] thread main starting.
[12:39:23.963] [SEVERE ] cannot read configuration file config.properties trying from resources.
[12:39:23.968] [SEVERE ] configuration file was loaded from resources directory.
[12:39:24.744] [INFO   ] thread dealer starting.
[12:39:24.746] [INFO   ] thread dealer starting.
[12:39:24.747] [INFO   ] thread 0 starting.
[12:39:24.747] [INFO   ] thread 1 starting.
[12:39:24.748] [INFO   ] thread 0 starting.
[12:39:24.748] [INFO   ] thread 1 starting.
[12:39:24.853] [SEVERE ] placing card 67 in slot 7
[12:39:24.954] [SEVERE ] placing card 58 in slot 11
[12:39:25.064] [SEVERE ] placing card 11 in slot 5
[12:39:25.166] [SEVERE ] placing card 66 in slot 6
[12:39:25.266] [SEVERE ] placing card 68 in slot 10
[12:39:25.366] [SEVERE ] placing card 24 in slot 4
[12:39:25.468] [SEVERE ] placing card 14 in slot 3
[12:39:25.569] [SEVERE ] placing card 56 in slot 0
[12:39:25.669] [SEVERE ] placing card 25 in slot 9
[12:39:25.770] [SEVERE ] placing card 42 in slot 8
[12:39:25.870] [SEVERE ] placing card 1 in slot 1
[12:39:25.971] [SEVERE ] placing card 39 in slot 2
[12:39:26.974] [SEVERE ] updating countdown to 59000
[12:39:27.150] [SEVERE ] key 81 was pressed by player 1
[12:39:27.151] [SEVERE ] player 1 placing token on slot 0
[12:39:27.245] [SEVERE ] key 87 was pressed by player 1
[12:39:27.245] [SEVERE ] player 1 placing token on slot 1
[12:39:27.405] [SEVERE ] key 69 was pressed by player 1
[12:39:27.405] [SEVERE ] player 1 placing token on slot 2
[12:39:27.821] [SEVERE ] key 69 was pressed by player 1
[12:39:27.974] [SEVERE ] setting player 1 freeze to -999
[12:39:27.974] [SEVERE ] updating countdown to 58000
[12:39:27.977] [SEVERE ] setting player 1 freeze to 3000
[12:39:28.045] [SEVERE ] key 69 was pressed by player 1
[12:39:28.268] [SEVERE ] key 69 was pressed by player 1
[12:39:28.477] [SEVERE ] key 69 was pressed by player 1
[12:39:28.717] [SEVERE ] key 69 was pressed by player 1
[12:39:28.972] [SEVERE ] setting player 1 freeze to 2000
[12:39:28.972] [SEVERE ] updating countdown to 57000
[12:39:29.972] [SEVERE ] setting player 1 freeze to 1000
[12:39:29.973] [SEVERE ] updating countdown to 56000
[12:39:30.971] [SEVERE ] setting player 1 freeze to 0
[12:39:30.972] [SEVERE ] updating countdown to 55000
[12:39:31.165] [SEVERE ] key 69 was pressed by player 1
[12:39:31.165] [SEVERE ] removing player 1 token from slot 2
[12:39:31.166] [SEVERE ] setting player 1 freeze to 3000
[12:39:31.356] [SEVERE ] key 69 was pressed by player 1
[12:39:31.357] [SEVERE ] player 1 placing token on slot 2
[12:39:31.548] [SEVERE ] key 69 was pressed by player 1
[12:39:31.741] [SEVERE ] key 69 was pressed by player 1
[12:39:31.948] [SEVERE ] key 69 was pressed by player 1
[12:39:31.971] [SEVERE ] setting player 1 freeze to -999
[12:39:31.971] [SEVERE ] updating countdown to 54000
[12:39:32.157] [SEVERE ] key 69 was pressed by player 1
[12:39:32.158] [SEVERE ] removing player 1 token from slot 2
[12:39:32.349] [SEVERE ] key 69 was pressed by player 1
[12:39:32.350] [SEVERE ] player 1 placing token on slot 2
[12:39:32.557] [SEVERE ] key 69 was pressed by player 1
[12:39:32.749] [SEVERE ] key 69 was pressed by player 1
[12:39:32.972] [SEVERE ] setting player 1 freeze to -999
[12:39:32.973] [SEVERE ] updating countdown to 53000
[12:39:32.975] [SEVERE ] setting player 1 freeze to 3000
[12:39:33.005] [SEVERE ] key 69 was pressed by player 1
[12:39:33.262] [SEVERE ] key 69 was pressed by player 1
[12:39:33.471] [SEVERE ] key 69 was pressed by player 1
[12:39:33.678] [SEVERE ] key 69 was pressed by player 1
[12:39:33.902] [SEVERE ] key 69 was pressed by player 1
[12:39:33.971] [SEVERE ] setting player 1 freeze to 2000
[12:39:33.972] [SEVERE ] updating countdown to 52000
[12:39:34.126] [SEVERE ] key 69 was pressed by player 1
[12:39:34.348] [SEVERE ] key 69 was pressed by player 1
[12:39:34.972] [SEVERE ] setting player 1 freeze to 1000
[12:39:34.973] [SEVERE ] updating countdown to 51000
[12:39:35.972] [SEVERE ] setting player 1 freeze to 0
[12:39:35.972] [SEVERE ] updating countdown to 50000
[12:39:36.477] [SEVERE ] key 81 was pressed by player 1
[12:39:36.478] [SEVERE ] removing player 1 token from slot 0
[12:39:36.478] [SEVERE ] setting player 1 freeze to 3000
[12:39:36.749] [SEVERE ] key 87 was pressed by player 1
[12:39:36.750] [SEVERE ] removing player 1 token from slot 1
[12:39:36.971] [SEVERE ] setting player 1 freeze to -1000
[12:39:36.972] [SEVERE ] updating countdown to 49000
[12:39:37.069] [SEVERE ] key 69 was pressed by player 1
[12:39:37.070] [SEVERE ] removing player 1 token from slot 2
[12:39:37.972] [SEVERE ] updating countdown to 48000
[12:39:38.676] [SEVERE ] key 65 was pressed by player 1
[12:39:38.676] [SEVERE ] player 1 placing token on slot 4
[12:39:38.971] [SEVERE ] updating countdown to 47000
[12:39:39.165] [SEVERE ] key 83 was pressed by player 1
[12:39:39.165] [SEVERE ] player 1 placing token on slot 5
[12:39:39.646] [SEVERE ] key 68 was pressed by player 1
[12:39:39.646] [SEVERE ] player 1 placing token on slot 6
[12:39:39.972] [SEVERE ] setting player 1 freeze to -999
[12:39:39.973] [SEVERE ] updating countdown to 46000
[12:39:39.974] [SEVERE ] setting player 1 freeze to 3000
[12:39:40.301] [SEVERE ] key 68 was pressed by player 1
[12:39:40.524] [SEVERE ] key 68 was pressed by player 1
[12:39:40.733] [SEVERE ] key 68 was pressed by player 1
[12:39:40.940] [SEVERE ] key 68 was pressed by player 1
[12:39:40.971] [SEVERE ] setting player 1 freeze to 2000
[12:39:40.971] [SEVERE ] updating countdown to 45000
[12:39:41.148] [SEVERE ] key 68 was pressed by player 1
[12:39:41.340] [SEVERE ] key 68 was pressed by player 1
[12:39:41.548] [SEVERE ] key 68 was pressed by player 1
[12:39:41.741] [SEVERE ] key 68 was pressed by player 1
[12:39:41.948] [SEVERE ] key 68 was pressed by player 1
[12:39:41.971] [SEVERE ] setting player 1 freeze to 1000
[12:39:41.971] [SEVERE ] updating countdown to 44000
[12:39:42.157] [SEVERE ] key 68 was pressed by player 1
[12:39:42.365] [SEVERE ] key 68 was pressed by player 1
[12:39:42.541] [SEVERE ] key 68 was pressed by player 1
[12:39:42.732] [SEVERE ] key 68 was pressed by player 1
[12:39:42.926] [SEVERE ] key 68 was pressed by player 1
[12:39:42.971] [SEVERE ] setting player 1 freeze to 0
[12:39:42.972] [SEVERE ] updating countdown to 43000
[12:39:43.087] [SEVERE ] key 68 was pressed by player 1
[12:39:43.088] [SEVERE ] removing player 1 token from slot 6
[12:39:43.089] [SEVERE ] setting player 1 freeze to 3000
[12:39:43.263] [SEVERE ] key 68 was pressed by player 1
[12:39:43.264] [SEVERE ] player 1 placing token on slot 6
[12:39:43.438] [SEVERE ] key 68 was pressed by player 1
[12:39:43.614] [SEVERE ] key 68 was pressed by player 1
[12:39:43.805] [SEVERE ] key 68 was pressed by player 1
[12:39:43.972] [SEVERE ] setting player 1 freeze to -999
[12:39:43.972] [SEVERE ] updating countdown to 42000
[12:39:43.983] [SEVERE ] key 68 was pressed by player 1
[12:39:43.984] [SEVERE ] removing player 1 token from slot 6
[12:39:44.173] [SEVERE ] key 68 was pressed by player 1
[12:39:44.174] [SEVERE ] player 1 placing token on slot 6
[12:39:44.364] [SEVERE ] key 68 was pressed by player 1
[12:39:44.541] [SEVERE ] key 68 was pressed by player 1
[12:39:44.733] [SEVERE ] key 68 was pressed by player 1
[12:39:44.940] [SEVERE ] key 68 was pressed by player 1
[12:39:44.972] [SEVERE ] setting player 1 freeze to -999
[12:39:44.972] [SEVERE ] updating countdown to 41000
[12:39:44.973] [SEVERE ] setting player 1 freeze to 3000
[12:39:45.134] [SEVERE ] key 68 was pressed by player 1
[12:39:45.325] [SEVERE ] key 68 was pressed by player 1
[12:39:45.517] [SEVERE ] key 68 was pressed by player 1
[12:39:45.726] [SEVERE ] key 68 was pressed by player 1
[12:39:45.948] [SEVERE ] key 68 was pressed by player 1
[12:39:45.972] [SEVERE ] setting player 1 freeze to 2000
[12:39:45.972] [SEVERE ] updating countdown to 40000
[12:39:46.141] [SEVERE ] key 68 was pressed by player 1
[12:39:46.348] [SEVERE ] key 68 was pressed by player 1
[12:39:46.525] [SEVERE ] key 68 was pressed by player 1
[12:39:46.733] [SEVERE ] key 68 was pressed by player 1
[12:39:46.926] [SEVERE ] key 68 was pressed by player 1
[12:39:46.971] [SEVERE ] setting player 1 freeze to 1000
[12:39:46.971] [SEVERE ] updating countdown to 39000
[12:39:47.118] [SEVERE ] key 68 was pressed by player 1
[12:39:47.310] [SEVERE ] key 68 was pressed by player 1
[12:39:47.486] [SEVERE ] key 68 was pressed by player 1
[12:39:47.677] [SEVERE ] key 68 was pressed by player 1
[12:39:47.870] [SEVERE ] key 68 was pressed by player 1
[12:39:47.971] [SEVERE ] setting player 1 freeze to 0
[12:39:47.972] [SEVERE ] updating countdown to 38000
[12:39:48.061] [SEVERE ] key 68 was pressed by player 1
[12:39:48.061] [SEVERE ] removing player 1 token from slot 6
[12:39:48.062] [SEVERE ] setting player 1 freeze to 3000
[12:39:48.238] [SEVERE ] key 68 was pressed by player 1
[12:39:48.238] [SEVERE ] player 1 placing token on slot 6
[12:39:48.429] [SEVERE ] key 68 was pressed by player 1
[12:39:48.622] [SEVERE ] key 68 was pressed by player 1
[12:39:48.782] [SEVERE ] key 68 was pressed by player 1
[12:39:48.957] [SEVERE ] key 68 was pressed by player 1
[12:39:48.971] [SEVERE ] setting player 1 freeze to -999
[12:39:48.972] [SEVERE ] updating countdown to 37000
[12:39:49.149] [SEVERE ] key 68 was pressed by player 1
[12:39:49.150] [SEVERE ] removing player 1 token from slot 6
[12:39:49.326] [SEVERE ] key 68 was pressed by player 1
[12:39:49.326] [SEVERE ] player 1 placing token on slot 6
[12:39:49.502] [SEVERE ] key 68 was pressed by player 1
[12:39:49.972] [SEVERE ] setting player 1 freeze to -999
[12:39:49.973] [SEVERE ] updating countdown to 36000
[12:39:49.973] [SEVERE ] setting player 1 freeze to 3000
[12:39:50.971] [SEVERE ] setting player 1 freeze to 2000
[12:39:50.971] [SEVERE ] updating countdown to 35000
[12:39:51.854] [SEVERE ] key 68 was pressed by player 1
[12:39:51.972] [SEVERE ] setting player 1 freeze to 1000
[12:39:51.972] [SEVERE ] updating countdown to 34000
[12:39:52.046] [SEVERE ] key 68 was pressed by player 1
[12:39:52.237] [SEVERE ] key 68 was pressed by player 1
[12:39:52.397] [SEVERE ] key 68 was pressed by player 1
[12:39:52.541] [SEVERE ] key 83 was pressed by player 1
[12:39:52.732] [SEVERE ] key 83 was pressed by player 1
[12:39:52.925] [SEVERE ] key 83 was pressed by player 1
[12:39:52.971] [SEVERE ] setting player 1 freeze to 0
[12:39:52.971] [SEVERE ] updating countdown to 33000
[12:39:53.101] [SEVERE ] key 83 was pressed by player 1
[12:39:53.101] [SEVERE ] removing player 1 token from slot 5
[12:39:53.102] [SEVERE ] setting player 1 freeze to 3000
[12:39:53.293] [SEVERE ] key 83 was pressed by player 1
[12:39:53.293] [SEVERE ] player 1 placing token on slot 5
[12:39:53.469] [SEVERE ] key 83 was pressed by player 1
[12:39:53.645] [SEVERE ] key 83 was pressed by player 1
[12:39:53.821] [SEVERE ] key 83 was pressed by player 1
[12:39:53.972] [SEVERE ] setting player 1 freeze to -999
[12:39:53.973] [SEVERE ] updating countdown to 32000
[12:39:54.013] [SEVERE ] key 83 was pressed by player 1
[12:39:54.013] [SEVERE ] removing player 1 token from slot 5
[12:39:54.206] [SEVERE ] key 83 was pressed by player 1
[12:39:54.207] [SEVERE ] player 1 placing token on slot 5
[12:39:54.397] [SEVERE ] key 83 was pressed by player 1
[12:39:54.972] [SEVERE ] setting player 1 freeze to -999
[12:39:54.972] [SEVERE ] updating countdown to 31000
[12:39:54.972] [SEVERE ] setting player 1 freeze to 3000
[12:39:55.004] [SEVERE ] key 83 was pressed by player 1
[12:39:55.245] [SEVERE ] key 83 was pressed by player 1
[12:39:55.972] [SEVERE ] setting player 1 freeze to 2000
[12:39:55.973] [SEVERE ] updating countdown to 30000
[12:39:56.972] [SEVERE ] setting player 1 freeze to 1000
[12:39:56.972] [SEVERE ] updating countdown to 29000
