[10:47:26.363] [INFO   ] thread main starting.
[10:47:26.371] [SEVERE ] cannot read configuration file config.properties trying from resources.
[10:47:26.374] [SEVERE ] configuration file was loaded from resources directory.
[10:47:27.049] [INFO   ] thread dealer starting.
[10:47:27.051] [INFO   ] thread dealer starting.
[10:47:27.052] [INFO   ] thread 0 starting.
[10:47:27.053] [INFO   ] thread 1 starting.
[10:47:27.053] [INFO   ] thread 0 starting.
[10:47:27.054] [INFO   ] thread 1 starting.
[10:47:27.162] [SEVERE ] placing card 59 in slot 0
[10:47:27.271] [SEVERE ] placing card 1 in slot 10
[10:47:27.380] [SEVERE ] placing card 55 in slot 9
[10:47:27.490] [SEVERE ] placing card 37 in slot 8
[10:47:27.601] [SEVERE ] placing card 66 in slot 4
[10:47:27.711] [SEVERE ] placing card 20 in slot 6
[10:47:27.819] [SEVERE ] placing card 48 in slot 2
[10:47:27.928] [SEVERE ] placing card 14 in slot 1
[10:47:28.037] [SEVERE ] placing card 43 in slot 7
[10:47:28.147] [SEVERE ] placing card 19 in slot 11
[10:47:28.256] [SEVERE ] placing card 60 in slot 3
[10:47:28.365] [SEVERE ] placing card 9 in slot 5
[10:47:28.844] [SEVERE ] key 81 was pressed by player 1
[10:47:28.844] [SEVERE ] player 1 placing token on slot 0
[10:47:29.063] [SEVERE ] key 87 was pressed by player 1
[10:47:29.064] [SEVERE ] player 1 placing token on slot 1
[10:47:29.324] [SEVERE ] key 69 was pressed by player 1
[10:47:29.324] [SEVERE ] player 1 placing token on slot 2
[10:47:29.325] [SEVERE ] setting player 1 freeze to 0
[10:47:29.379] [SEVERE ] updating countdown to 59000
[10:47:29.383] [SEVERE ] setting player 1 freeze to 3000
[10:47:30.080] [SEVERE ] key 81 was pressed by player 1
[10:47:30.365] [SEVERE ] setting player 1 freeze to 2000
[10:47:30.368] [SEVERE ] updating countdown to 58000
[10:47:30.419] [SEVERE ] key 87 was pressed by player 1
[10:47:30.611] [SEVERE ] key 69 was pressed by player 1
[10:47:30.923] [SEVERE ] key 81 was pressed by player 1
[10:47:30.967] [SEVERE ] key 87 was pressed by player 1
[10:47:31.071] [SEVERE ] key 69 was pressed by player 1
[10:47:31.366] [SEVERE ] setting player 1 freeze to 1000
[10:47:31.368] [SEVERE ] updating countdown to 57000
[10:47:31.411] [SEVERE ] key 81 was pressed by player 1
[10:47:31.451] [SEVERE ] key 87 was pressed by player 1
[10:47:31.551] [SEVERE ] key 69 was pressed by player 1
[10:47:32.365] [SEVERE ] setting player 1 freeze to 0
[10:47:32.371] [SEVERE ] updating countdown to 56000
[10:47:32.704] [SEVERE ] key 81 was pressed by player 1
[10:47:32.704] [SEVERE ] removing player 1 token from slot 0
[10:47:32.984] [SEVERE ] key 87 was pressed by player 1
[10:47:32.984] [SEVERE ] removing player 1 token from slot 1
[10:47:33.235] [SEVERE ] key 69 was pressed by player 1
[10:47:33.236] [SEVERE ] removing player 1 token from slot 2
[10:47:33.366] [SEVERE ] setting player 1 freeze to -1000
[10:47:33.367] [SEVERE ] updating countdown to 55000
[10:47:34.365] [SEVERE ] updating countdown to 54000
[10:47:35.365] [SEVERE ] updating countdown to 53000
[10:47:36.366] [SEVERE ] updating countdown to 52000
[10:47:37.365] [SEVERE ] updating countdown to 51000
[10:47:38.366] [SEVERE ] updating countdown to 50000
[10:47:39.366] [SEVERE ] updating countdown to 49000
[10:47:40.365] [SEVERE ] updating countdown to 48000
[10:47:41.365] [SEVERE ] updating countdown to 47000
[10:47:42.366] [SEVERE ] updating countdown to 46000
[10:47:43.365] [SEVERE ] updating countdown to 45000
[10:47:44.366] [SEVERE ] updating countdown to 44000
[10:47:45.366] [SEVERE ] updating countdown to 43000
[10:47:46.365] [SEVERE ] updating countdown to 42000
[10:47:47.348] [SEVERE ] key 81 was pressed by player 1
[10:47:47.349] [SEVERE ] player 1 placing token on slot 0
[10:47:47.365] [SEVERE ] updating countdown to 41000
[10:47:47.528] [SEVERE ] key 87 was pressed by player 1
[10:47:47.529] [SEVERE ] player 1 placing token on slot 1
[10:47:48.100] [SEVERE ] key 69 was pressed by player 1
[10:47:48.101] [SEVERE ] player 1 placing token on slot 2
[10:47:48.104] [SEVERE ] setting player 1 freeze to 3000
[10:47:48.366] [SEVERE ] updating countdown to 40000
[10:47:48.368] [SEVERE ] setting player 1 freeze to 3000
[10:47:49.366] [SEVERE ] setting player 1 freeze to 2000
[10:47:49.367] [SEVERE ] updating countdown to 39000
[10:47:50.365] [SEVERE ] setting player 1 freeze to 1000
[10:47:50.366] [SEVERE ] updating countdown to 38000
[10:47:51.366] [SEVERE ] setting player 1 freeze to 0
[10:47:51.368] [SEVERE ] updating countdown to 37000
[10:47:52.366] [SEVERE ] setting player 1 freeze to -1000
[10:47:52.366] [SEVERE ] updating countdown to 36000
[10:47:53.366] [SEVERE ] updating countdown to 35000
[10:47:53.591] [SEVERE ] key 81 was pressed by player 1
[10:47:53.591] [SEVERE ] removing player 1 token from slot 0
[10:47:54.365] [SEVERE ] updating countdown to 34000
[10:47:55.367] [SEVERE ] updating countdown to 33000
[10:47:56.023] [SEVERE ] key 81 was pressed by player 1
[10:47:56.024] [SEVERE ] player 1 placing token on slot 0
[10:47:56.024] [SEVERE ] setting player 1 freeze to 3000
[10:47:56.365] [SEVERE ] updating countdown to 32000
[10:47:56.366] [SEVERE ] setting player 1 freeze to 3000
[10:47:57.366] [SEVERE ] setting player 1 freeze to 2000
[10:47:57.367] [SEVERE ] updating countdown to 31000
[10:47:57.521] [SEVERE ] key 81 was pressed by player 1
[10:47:57.627] [SEVERE ] key 87 was pressed by player 1
[10:47:57.733] [SEVERE ] key 69 was pressed by player 1
[10:47:57.983] [SEVERE ] key 81 was pressed by player 1
[10:47:58.055] [SEVERE ] key 87 was pressed by player 1
[10:47:58.164] [SEVERE ] key 69 was pressed by player 1
[10:47:58.366] [SEVERE ] setting player 1 freeze to 1000
[10:47:58.366] [SEVERE ] updating countdown to 30000
[10:47:59.368] [SEVERE ] setting player 1 freeze to 0
[10:47:59.368] [SEVERE ] updating countdown to 29000
[10:48:00.366] [SEVERE ] setting player 1 freeze to -1000
[10:48:00.367] [SEVERE ] updating countdown to 28000
[10:48:01.365] [SEVERE ] updating countdown to 27000
[10:48:02.368] [SEVERE ] updating countdown to 26000
[10:48:03.365] [SEVERE ] updating countdown to 25000
[10:48:04.366] [SEVERE ] updating countdown to 24000
[10:48:05.366] [SEVERE ] updating countdown to 23000
[10:48:06.365] [SEVERE ] updating countdown to 22000
[10:48:07.365] [SEVERE ] updating countdown to 21000
[10:48:08.366] [SEVERE ] updating countdown to 20000
[10:48:09.365] [SEVERE ] updating countdown to 19000
[10:48:09.728] [SEVERE ] key 86 was pressed by player 1
[10:48:10.365] [SEVERE ] updating countdown to 18000
[10:48:11.365] [SEVERE ] updating countdown to 17000
[10:48:12.366] [SEVERE ] updating countdown to 16000
[10:48:13.366] [SEVERE ] updating countdown to 15000
[10:48:14.366] [SEVERE ] updating countdown to 14000
[10:48:15.366] [SEVERE ] updating countdown to 13000
[10:48:16.366] [SEVERE ] updating countdown to 12000
[10:48:16.487] [SEVERE ] key 86 was pressed by player 1
[10:48:17.365] [SEVERE ] updating countdown to 11000
[10:48:17.688] [SEVERE ] key 81 was pressed by player 1
[10:48:17.691] [SEVERE ] removing player 1 token from slot 0
[10:48:17.929] [SEVERE ] key 87 was pressed by player 1
[10:48:17.929] [SEVERE ] removing player 1 token from slot 1
[10:48:18.043] [SEVERE ] key 69 was pressed by player 1
[10:48:18.044] [SEVERE ] removing player 1 token from slot 2
[10:48:18.365] [SEVERE ] updating countdown to 10000
[10:48:18.607] [SEVERE ] key 86 was pressed by player 1
[10:48:18.607] [SEVERE ] player 1 placing token on slot 11
[10:48:19.061] [SEVERE ] key 90 was pressed by player 1
[10:48:19.062] [SEVERE ] player 1 placing token on slot 8
[10:48:19.365] [SEVERE ] updating countdown to 9000
[10:48:19.655] [SEVERE ] key 88 was pressed by player 1
[10:48:19.655] [SEVERE ] player 1 placing token on slot 9
[10:48:19.656] [SEVERE ] setting player 1 freeze to 3000
[10:48:20.365] [SEVERE ] updating countdown to 8000
[10:48:20.476] [INFO   ] thread dealer terminated.
[10:48:25.486] [SEVERE ] thanks for playing... it was fun!
[10:48:25.487] [INFO   ] thread main terminated.
[10:48:25.487] [SEVERE ] disposing of user interface elements
