[12:37:54.185] [INFO   ] thread main starting.
[12:37:54.196] [SEVERE ] cannot read configuration file config.properties trying from resources.
[12:37:54.199] [SEVERE ] configuration file was loaded from resources directory.
[12:37:55.072] [INFO   ] thread dealer starting.
[12:37:55.073] [INFO   ] thread dealer starting.
[12:37:55.074] [INFO   ] thread 0 starting.
[12:37:55.075] [INFO   ] thread 1 starting.
[12:37:55.076] [INFO   ] thread 0 starting.
[12:37:55.076] [INFO   ] thread 1 starting.
[12:37:55.184] [SEVERE ] placing card 38 in slot 2
[12:37:55.286] [SEVERE ] placing card 7 in slot 0
[12:37:55.395] [SEVERE ] placing card 5 in slot 5
[12:37:55.497] [SEVERE ] placing card 61 in slot 3
[12:37:55.599] [SEVERE ] placing card 37 in slot 7
[12:37:55.701] [SEVERE ] placing card 13 in slot 10
[12:37:55.801] [SEVERE ] placing card 62 in slot 11
[12:37:55.902] [SEVERE ] placing card 44 in slot 6
[12:37:56.003] [SEVERE ] placing card 1 in slot 8
[12:37:56.104] [SEVERE ] placing card 19 in slot 9
[12:37:56.205] [SEVERE ] placing card 2 in slot 4
[12:37:56.307] [SEVERE ] placing card 64 in slot 1
[12:37:57.311] [SEVERE ] updating countdown to 59000
[12:37:58.239] [SEVERE ] key 81 was pressed by player 1
[12:37:58.240] [SEVERE ] player 1 placing token on slot 0
[12:37:58.308] [SEVERE ] updating countdown to 58000
[12:37:58.333] [SEVERE ] key 87 was pressed by player 1
[12:37:58.333] [SEVERE ] player 1 placing token on slot 1
[12:37:59.309] [SEVERE ] updating countdown to 57000
[12:37:59.774] [SEVERE ] key 69 was pressed by player 1
[12:37:59.775] [SEVERE ] player 1 placing token on slot 2
[12:37:59.998] [SEVERE ] key 82 was pressed by player 1
[12:38:00.189] [SEVERE ] key 82 was pressed by player 1
[12:38:00.311] [SEVERE ] setting player 1 freeze to -999
[12:38:00.311] [SEVERE ] updating countdown to 56000
[12:38:00.313] [SEVERE ] setting player 1 freeze to 3000
[12:38:00.382] [SEVERE ] key 82 was pressed by player 1
[12:38:00.510] [SEVERE ] key 82 was pressed by player 1
[12:38:00.685] [SEVERE ] key 82 was pressed by player 1
[12:38:00.848] [SEVERE ] key 82 was pressed by player 1
[12:38:01.038] [SEVERE ] key 82 was pressed by player 1
[12:38:01.197] [SEVERE ] key 82 was pressed by player 1
[12:38:01.309] [SEVERE ] setting player 1 freeze to 2000
[12:38:01.309] [SEVERE ] updating countdown to 55000
[12:38:01.389] [SEVERE ] key 82 was pressed by player 1
[12:38:01.565] [SEVERE ] key 82 was pressed by player 1
[12:38:01.741] [SEVERE ] key 82 was pressed by player 1
[12:38:01.933] [SEVERE ] key 82 was pressed by player 1
[12:38:02.109] [SEVERE ] key 82 was pressed by player 1
[12:38:02.301] [SEVERE ] key 82 was pressed by player 1
[12:38:02.308] [SEVERE ] setting player 1 freeze to 1000
[12:38:02.308] [SEVERE ] updating countdown to 54000
[12:38:02.493] [SEVERE ] key 82 was pressed by player 1
[12:38:02.670] [SEVERE ] key 82 was pressed by player 1
[12:38:02.847] [SEVERE ] key 82 was pressed by player 1
[12:38:03.005] [SEVERE ] key 82 was pressed by player 1
[12:38:03.182] [SEVERE ] key 82 was pressed by player 1
[12:38:03.309] [SEVERE ] setting player 1 freeze to 0
[12:38:03.311] [SEVERE ] updating countdown to 53000
[12:38:03.357] [SEVERE ] key 82 was pressed by player 1
[12:38:03.549] [SEVERE ] key 82 was pressed by player 1
[12:38:03.709] [SEVERE ] key 82 was pressed by player 1
[12:38:04.061] [SEVERE ] key 69 was pressed by player 1
[12:38:04.062] [SEVERE ] removing player 1 token from slot 2
[12:38:04.062] [SEVERE ] setting player 1 freeze to 3000
[12:38:04.191] [SEVERE ] key 82 was pressed by player 1
[12:38:04.192] [SEVERE ] player 1 placing token on slot 3
[12:38:04.309] [SEVERE ] setting player 1 freeze to -999
[12:38:04.310] [SEVERE ] updating countdown to 52000
[12:38:04.701] [SEVERE ] key 82 was pressed by player 1
[12:38:04.702] [SEVERE ] removing player 1 token from slot 3
[12:38:04.861] [SEVERE ] key 82 was pressed by player 1
[12:38:04.861] [SEVERE ] player 1 placing token on slot 3
[12:38:05.037] [SEVERE ] key 82 was pressed by player 1
[12:38:05.053] [SEVERE ] key 69 was pressed by player 1
[12:38:05.308] [SEVERE ] setting player 1 freeze to -999
[12:38:05.308] [SEVERE ] updating countdown to 51000
[12:38:05.309] [SEVERE ] setting player 1 freeze to 3000
[12:38:05.437] [SEVERE ] key 82 was pressed by player 1
[12:38:05.709] [SEVERE ] key 69 was pressed by player 1
[12:38:06.308] [SEVERE ] setting player 1 freeze to 2000
[12:38:06.308] [SEVERE ] updating countdown to 50000
