[12:08:01.151] [INFO   ] thread main starting.
[12:08:01.162] [SEVERE ] cannot read configuration file config.properties trying from resources.
[12:08:01.165] [SEVERE ] configuration file was loaded from resources directory.
[12:08:01.983] [INFO   ] thread dealer starting.
[12:08:01.984] [INFO   ] thread dealer starting.
[12:08:01.985] [INFO   ] thread 0 starting.
[12:08:01.986] [INFO   ] thread 1 starting.
[12:08:01.987] [INFO   ] thread 0 starting.
[12:08:01.987] [INFO   ] thread 1 starting.
[12:08:02.093] [SEVERE ] placing card 22 in slot 3
[12:08:02.195] [SEVERE ] placing card 44 in slot 6
[12:08:02.304] [SEVERE ] placing card 45 in slot 11
[12:08:02.404] [SEVERE ] placing card 27 in slot 0
[12:08:02.506] [SEVERE ] placing card 33 in slot 7
[12:08:02.607] [SEVERE ] placing card 13 in slot 10
[12:08:02.707] [SEVERE ] placing card 71 in slot 5
[12:08:02.808] [SEVERE ] placing card 77 in slot 4
[12:08:02.908] [SEVERE ] placing card 31 in slot 1
[12:08:03.010] [SEVERE ] placing card 9 in slot 9
[12:08:03.111] [SEVERE ] placing card 29 in slot 8
[12:08:03.212] [SEVERE ] placing card 52 in slot 2
[12:08:04.215] [SEVERE ] updating countdown to 59000
[12:08:05.213] [SEVERE ] updating countdown to 58000
[12:08:06.212] [SEVERE ] updating countdown to 57000
[12:08:07.212] [SEVERE ] updating countdown to 56000
[12:08:08.213] [SEVERE ] updating countdown to 55000
[12:08:09.212] [SEVERE ] updating countdown to 54000
[12:08:10.213] [SEVERE ] updating countdown to 53000
[12:08:11.212] [SEVERE ] updating countdown to 52000
[12:08:12.213] [SEVERE ] updating countdown to 51000
[12:08:13.213] [SEVERE ] updating countdown to 50000
[12:08:14.212] [SEVERE ] updating countdown to 49000
[12:08:15.212] [SEVERE ] updating countdown to 48000
[12:08:16.213] [SEVERE ] updating countdown to 47000
[12:08:17.212] [SEVERE ] updating countdown to 46000
[12:08:18.213] [SEVERE ] updating countdown to 45000
[12:08:19.213] [SEVERE ] updating countdown to 44000
[12:08:20.212] [SEVERE ] updating countdown to 43000
[12:08:21.213] [SEVERE ] updating countdown to 42000
[12:08:22.213] [SEVERE ] updating countdown to 41000
[12:08:23.212] [SEVERE ] updating countdown to 40000
[12:08:23.939] [SEVERE ] key 82 was pressed by player 1
[12:08:23.940] [SEVERE ] player 1 placing token on slot 3
[12:08:24.213] [SEVERE ] updating countdown to 39000
[12:08:25.212] [SEVERE ] updating countdown to 38000
[12:08:25.757] [SEVERE ] key 68 was pressed by player 1
[12:08:25.758] [SEVERE ] player 1 placing token on slot 6
[12:08:26.213] [SEVERE ] updating countdown to 37000
[12:08:26.574] [SEVERE ] key 68 was pressed by player 1
[12:08:26.575] [SEVERE ] removing player 1 token from slot 6
[12:08:26.910] [SEVERE ] key 70 was pressed by player 1
[12:08:26.911] [SEVERE ] player 1 placing token on slot 7
[12:08:27.213] [SEVERE ] updating countdown to 36000
[12:08:28.213] [SEVERE ] updating countdown to 35000
[12:08:29.212] [SEVERE ] updating countdown to 34000
[12:08:30.213] [SEVERE ] updating countdown to 33000
[12:08:31.212] [SEVERE ] updating countdown to 32000
[12:08:32.213] [SEVERE ] updating countdown to 31000
[12:08:33.213] [SEVERE ] updating countdown to 30000
[12:08:34.212] [SEVERE ] updating countdown to 29000
[12:08:35.213] [SEVERE ] updating countdown to 28000
[12:08:36.213] [SEVERE ] updating countdown to 27000
[12:08:37.213] [SEVERE ] updating countdown to 26000
[12:08:38.212] [SEVERE ] updating countdown to 25000
[12:08:39.213] [SEVERE ] updating countdown to 24000
[12:08:40.212] [SEVERE ] updating countdown to 23000
[12:08:41.213] [SEVERE ] updating countdown to 22000
[12:08:42.212] [SEVERE ] updating countdown to 21000
[12:08:42.382] [SEVERE ] key 70 was pressed by player 1
[12:08:42.383] [SEVERE ] removing player 1 token from slot 7
[12:08:42.462] [SEVERE ] key 82 was pressed by player 1
[12:08:42.463] [SEVERE ] removing player 1 token from slot 3
[12:08:43.213] [SEVERE ] updating countdown to 20000
[12:08:44.013] [SEVERE ] key 83 was pressed by player 1
[12:08:44.014] [SEVERE ] player 1 placing token on slot 5
[12:08:44.212] [SEVERE ] updating countdown to 19000
[12:08:44.541] [SEVERE ] key 68 was pressed by player 1
[12:08:44.546] [SEVERE ] player 1 placing token on slot 6
[12:08:44.829] [SEVERE ] key 69 was pressed by player 1
[12:08:44.830] [SEVERE ] player 1 placing token on slot 2
[12:08:44.832] [SEVERE ] setting player 1 freeze to 0
[12:08:45.212] [SEVERE ] updating countdown to 18000
[12:08:45.216] [SEVERE ] setting player 1 freeze to 3000
[12:08:46.213] [SEVERE ] setting player 1 freeze to 2000
[12:08:46.213] [SEVERE ] updating countdown to 17000
[12:08:47.212] [SEVERE ] setting player 1 freeze to 1000
[12:08:47.215] [SEVERE ] updating countdown to 16000
[12:08:48.212] [SEVERE ] setting player 1 freeze to 0
[12:08:48.212] [SEVERE ] updating countdown to 15000
[12:08:49.213] [SEVERE ] setting player 1 freeze to -1000
[12:08:49.213] [SEVERE ] updating countdown to 14000
[12:08:50.212] [SEVERE ] updating countdown to 13000
[12:08:51.213] [SEVERE ] updating countdown to 12000
[12:08:52.212] [SEVERE ] updating countdown to 11000
[12:08:53.213] [SEVERE ] updating countdown to 10000
[12:08:54.014] [SEVERE ] key 83 was pressed by player 1
[12:08:54.015] [SEVERE ] removing player 1 token from slot 5
[12:08:54.212] [SEVERE ] updating countdown to 9000
[12:08:54.366] [SEVERE ] key 70 was pressed by player 1
[12:08:54.367] [SEVERE ] player 1 placing token on slot 7
[12:08:54.367] [SEVERE ] setting player 1 freeze to 3000
[12:08:55.213] [SEVERE ] updating countdown to 8000
[12:08:55.315] [SEVERE ] removing tokens from slot 6
[12:08:55.316] [SEVERE ] removing card from slot 6
[12:08:55.418] [SEVERE ] removing tokens from slot 2
[12:08:55.419] [SEVERE ] removing card from slot 2
[12:08:55.522] [SEVERE ] removing tokens from slot 7
[12:08:55.522] [SEVERE ] removing card from slot 7
[12:08:55.625] [SEVERE ] placing card 32 in slot 7
[12:08:55.726] [SEVERE ] placing card 4 in slot 6
[12:08:55.826] [SEVERE ] placing card 6 in slot 2
[12:08:55.827] [SEVERE ] updating countdown to 60000
[12:08:55.828] [SEVERE ] setting player 1 score to 1
[12:08:55.828] [SEVERE ] setting player 1 score to 2
[12:08:55.829] [SEVERE ] setting player 1 freeze to 1000
[12:08:56.213] [SEVERE ] setting player 1 freeze to 0
[12:08:56.214] [SEVERE ] updating countdown to 59000
[12:08:57.212] [SEVERE ] setting player 1 freeze to -1000
[12:08:57.212] [SEVERE ] updating countdown to 58000
[12:08:58.213] [SEVERE ] updating countdown to 57000
[12:08:59.212] [SEVERE ] updating countdown to 56000
[12:09:00.212] [SEVERE ] updating countdown to 55000
[12:09:01.213] [SEVERE ] updating countdown to 54000
[12:09:02.212] [SEVERE ] updating countdown to 53000
[12:09:03.212] [SEVERE ] updating countdown to 52000
[12:09:04.212] [SEVERE ] updating countdown to 51000
[12:09:04.213] [SEVERE ] removing player 1 token from slot 6
[12:09:04.214] [SEVERE ] removing player 1 token from slot 2
[12:09:04.214] [SEVERE ] removing player 1 token from slot 7
[12:09:04.315] [SEVERE ] removing tokens from slot 1
[12:09:04.316] [SEVERE ] removing card from slot 1
[12:09:04.417] [SEVERE ] removing tokens from slot 2
[12:09:04.418] [SEVERE ] removing card from slot 2
[12:09:04.520] [SEVERE ] removing tokens from slot 5
[12:09:04.520] [SEVERE ] removing card from slot 5
[12:09:04.621] [SEVERE ] removing tokens from slot 7
[12:09:04.621] [SEVERE ] removing card from slot 7
[12:09:04.723] [SEVERE ] removing tokens from slot 11
[12:09:04.723] [SEVERE ] removing card from slot 11
[12:09:04.824] [SEVERE ] removing tokens from slot 4
[12:09:04.824] [SEVERE ] removing card from slot 4
[12:09:04.928] [SEVERE ] removing tokens from slot 10
[12:09:04.928] [SEVERE ] removing card from slot 10
[12:09:05.029] [SEVERE ] removing tokens from slot 8
[12:09:05.029] [SEVERE ] removing card from slot 8
[12:09:05.131] [SEVERE ] removing tokens from slot 9
[12:09:05.131] [SEVERE ] removing card from slot 9
[12:09:05.233] [SEVERE ] removing tokens from slot 0
[12:09:05.233] [SEVERE ] removing card from slot 0
[12:09:05.335] [SEVERE ] removing tokens from slot 6
[12:09:05.335] [SEVERE ] removing card from slot 6
[12:09:05.437] [SEVERE ] removing tokens from slot 3
[12:09:05.437] [SEVERE ] removing card from slot 3
[12:09:05.438] [SEVERE ] updating countdown to 60000
[12:09:05.540] [SEVERE ] placing card 10 in slot 9
[12:09:05.640] [SEVERE ] placing card 77 in slot 2
[12:09:05.741] [SEVERE ] placing card 12 in slot 3
[12:09:05.841] [SEVERE ] placing card 31 in slot 11
[12:09:05.943] [SEVERE ] placing card 5 in slot 8
[12:09:06.045] [SEVERE ] placing card 59 in slot 10
[12:09:06.145] [SEVERE ] placing card 54 in slot 1
[12:09:06.247] [SEVERE ] placing card 78 in slot 6
[12:09:06.347] [SEVERE ] placing card 37 in slot 7
[12:09:06.456] [SEVERE ] placing card 65 in slot 4
[12:09:06.558] [SEVERE ] placing card 57 in slot 0
[12:09:06.659] [SEVERE ] placing card 35 in slot 5
[12:09:07.660] [SEVERE ] updating countdown to 59000
[12:09:08.661] [SEVERE ] updating countdown to 58000
[12:09:09.661] [SEVERE ] updating countdown to 57000
[12:09:10.660] [SEVERE ] updating countdown to 56000
[12:09:11.661] [SEVERE ] updating countdown to 55000
