[12:35:00.364] [INFO   ] thread main starting.
[12:35:00.371] [SEVERE ] cannot read configuration file config.properties trying from resources.
[12:35:00.375] [SEVERE ] configuration file was loaded from resources directory.
[12:35:01.134] [INFO   ] thread dealer starting.
[12:35:01.135] [INFO   ] thread dealer starting.
[12:35:01.135] [INFO   ] thread 0 starting.
[12:35:01.136] [INFO   ] thread 1 starting.
[12:35:01.137] [INFO   ] thread 0 starting.
[12:35:01.137] [INFO   ] thread 1 starting.
[12:35:01.241] [SEVERE ] placing card 48 in slot 7
[12:35:01.342] [SEVERE ] placing card 60 in slot 5
[12:35:01.444] [SEVERE ] placing card 54 in slot 9
[12:35:01.544] [SEVERE ] placing card 49 in slot 10
[12:35:01.645] [SEVERE ] placing card 7 in slot 11
[12:35:01.748] [SEVERE ] placing card 71 in slot 2
[12:35:01.850] [SEVERE ] placing card 13 in slot 6
[12:35:01.952] [SEVERE ] placing card 31 in slot 8
[12:35:02.053] [SEVERE ] placing card 45 in slot 0
[12:35:02.155] [SEVERE ] placing card 29 in slot 1
[12:35:02.255] [SEVERE ] placing card 58 in slot 4
[12:35:02.356] [SEVERE ] placing card 10 in slot 3
[12:35:03.363] [SEVERE ] updating countdown to 59000
[12:35:04.356] [SEVERE ] updating countdown to 58000
[12:35:04.417] [SEVERE ] key 81 was pressed by player 1
[12:35:04.418] [SEVERE ] player 1 placing token on slot 0
[12:35:04.492] [SEVERE ] key 87 was pressed by player 1
[12:35:04.494] [SEVERE ] player 1 placing token on slot 1
[12:35:04.589] [SEVERE ] key 69 was pressed by player 1
[12:35:04.590] [SEVERE ] player 1 placing token on slot 2
[12:35:04.830] [SEVERE ] key 69 was pressed by player 1
[12:35:05.006] [SEVERE ] key 69 was pressed by player 1
[12:35:05.212] [SEVERE ] key 69 was pressed by player 1
[12:35:05.361] [SEVERE ] setting player 1 freeze to -999
[12:35:05.362] [SEVERE ] updating countdown to 57000
[12:35:05.364] [SEVERE ] setting player 1 freeze to 3000
[12:35:05.437] [SEVERE ] key 69 was pressed by player 1
[12:35:05.678] [SEVERE ] key 69 was pressed by player 1
[12:35:05.888] [SEVERE ] key 69 was pressed by player 1
[12:35:06.095] [SEVERE ] key 69 was pressed by player 1
[12:35:06.316] [SEVERE ] key 69 was pressed by player 1
[12:35:06.357] [SEVERE ] setting player 1 freeze to 2000
[12:35:06.357] [SEVERE ] updating countdown to 56000
[12:35:07.356] [SEVERE ] setting player 1 freeze to 1000
[12:35:07.356] [SEVERE ] updating countdown to 55000
[12:35:08.357] [SEVERE ] setting player 1 freeze to 0
[12:35:08.359] [SEVERE ] updating countdown to 54000
[12:35:08.956] [SEVERE ] key 69 was pressed by player 1
[12:35:08.957] [SEVERE ] removing player 1 token from slot 2
[12:35:08.957] [SEVERE ] setting player 1 freeze to 3000
[12:35:09.165] [SEVERE ] key 69 was pressed by player 1
[12:35:09.166] [SEVERE ] player 1 placing token on slot 2
[12:35:09.356] [SEVERE ] setting player 1 freeze to -999
[12:35:09.357] [SEVERE ] updating countdown to 53000
[12:35:09.357] [SEVERE ] key 69 was pressed by player 1
[12:35:09.358] [SEVERE ] removing player 1 token from slot 2
[12:35:09.565] [SEVERE ] key 69 was pressed by player 1
[12:35:09.565] [SEVERE ] player 1 placing token on slot 2
[12:35:09.759] [SEVERE ] key 69 was pressed by player 1
[12:35:09.965] [SEVERE ] key 69 was pressed by player 1
[12:35:10.222] [SEVERE ] key 69 was pressed by player 1
[12:35:10.357] [SEVERE ] setting player 1 freeze to -999
[12:35:10.358] [SEVERE ] updating countdown to 52000
[12:35:10.359] [SEVERE ] setting player 1 freeze to 3000
[12:35:11.357] [SEVERE ] setting player 1 freeze to 2000
[12:35:11.358] [SEVERE ] updating countdown to 51000
[12:35:12.357] [SEVERE ] setting player 1 freeze to 1000
[12:35:12.357] [SEVERE ] updating countdown to 50000
[12:35:12.861] [SEVERE ] key 69 was pressed by player 1
[12:35:13.117] [SEVERE ] key 69 was pressed by player 1
[12:35:13.325] [SEVERE ] key 69 was pressed by player 1
[12:35:13.358] [SEVERE ] setting player 1 freeze to 0
[12:35:13.358] [SEVERE ] updating countdown to 49000
[12:35:13.516] [SEVERE ] key 69 was pressed by player 1
[12:35:13.517] [SEVERE ] removing player 1 token from slot 2
[12:35:13.518] [SEVERE ] setting player 1 freeze to 3000
[12:35:13.709] [SEVERE ] key 69 was pressed by player 1
[12:35:13.709] [SEVERE ] player 1 placing token on slot 2
[12:35:13.901] [SEVERE ] key 69 was pressed by player 1
[12:35:14.093] [SEVERE ] key 69 was pressed by player 1
[12:35:14.356] [SEVERE ] setting player 1 freeze to -999
[12:35:14.356] [SEVERE ] updating countdown to 48000
[12:35:15.356] [SEVERE ] updating countdown to 47000
[12:35:16.356] [SEVERE ] updating countdown to 46000
[12:35:17.343] [SEVERE ] key 69 was pressed by player 1
[12:35:17.344] [SEVERE ] removing player 1 token from slot 2
[12:35:17.357] [SEVERE ] updating countdown to 45000
[12:35:18.357] [SEVERE ] updating countdown to 44000
[12:35:18.765] [SEVERE ] key 69 was pressed by player 1
[12:35:18.766] [SEVERE ] player 1 placing token on slot 2
[12:35:19.101] [SEVERE ] key 69 was pressed by player 1
[12:35:19.357] [SEVERE ] setting player 1 freeze to -999
[12:35:19.357] [SEVERE ] updating countdown to 43000
[12:35:19.358] [SEVERE ] setting player 1 freeze to 3000
[12:35:19.629] [SEVERE ] key 69 was pressed by player 1
[12:35:19.853] [SEVERE ] key 69 was pressed by player 1
[12:35:20.063] [SEVERE ] key 69 was pressed by player 1
[12:35:20.285] [SEVERE ] key 69 was pressed by player 1
[12:35:20.356] [SEVERE ] setting player 1 freeze to 2000
[12:35:20.357] [SEVERE ] updating countdown to 42000
[12:35:20.525] [SEVERE ] key 69 was pressed by player 1
[12:35:20.749] [SEVERE ] key 69 was pressed by player 1
[12:35:20.958] [SEVERE ] key 69 was pressed by player 1
[12:35:21.198] [SEVERE ] key 69 was pressed by player 1
[12:35:21.356] [SEVERE ] setting player 1 freeze to 1000
[12:35:21.357] [SEVERE ] updating countdown to 41000
[12:35:21.404] [SEVERE ] key 69 was pressed by player 1
[12:35:21.613] [SEVERE ] key 69 was pressed by player 1
[12:35:21.863] [SEVERE ] key 69 was pressed by player 1
[12:35:22.047] [SEVERE ] key 69 was pressed by player 1
[12:35:22.257] [SEVERE ] key 69 was pressed by player 1
[12:35:22.356] [SEVERE ] setting player 1 freeze to 0
[12:35:22.356] [SEVERE ] updating countdown to 40000
[12:35:22.462] [SEVERE ] key 69 was pressed by player 1
[12:35:22.462] [SEVERE ] removing player 1 token from slot 2
[12:35:22.463] [SEVERE ] setting player 1 freeze to 3000
[12:35:22.686] [SEVERE ] key 69 was pressed by player 1
[12:35:22.687] [SEVERE ] player 1 placing token on slot 2
[12:35:22.894] [SEVERE ] key 69 was pressed by player 1
[12:35:23.116] [SEVERE ] key 69 was pressed by player 1
[12:35:23.356] [SEVERE ] key 69 was pressed by player 1
[12:35:23.358] [SEVERE ] setting player 1 freeze to -999
[12:35:23.358] [SEVERE ] updating countdown to 39000
[12:35:23.582] [SEVERE ] key 69 was pressed by player 1
[12:35:23.583] [SEVERE ] removing player 1 token from slot 2
[12:35:23.806] [SEVERE ] key 69 was pressed by player 1
[12:35:23.806] [SEVERE ] player 1 placing token on slot 2
[12:35:24.013] [SEVERE ] key 69 was pressed by player 1
[12:35:24.356] [SEVERE ] setting player 1 freeze to -999
[12:35:24.357] [SEVERE ] updating countdown to 38000
[12:35:24.359] [SEVERE ] setting player 1 freeze to 3000
[12:35:24.925] [SEVERE ] key 69 was pressed by player 1
[12:35:25.149] [SEVERE ] key 69 was pressed by player 1
[12:35:25.356] [SEVERE ] setting player 1 freeze to 2000
[12:35:25.356] [SEVERE ] updating countdown to 37000
[12:35:26.357] [SEVERE ] setting player 1 freeze to 1000
[12:35:26.358] [SEVERE ] updating countdown to 36000
[12:35:27.341] [SEVERE ] key 69 was pressed by player 1
[12:35:27.356] [SEVERE ] setting player 1 freeze to 0
[12:35:27.356] [SEVERE ] updating countdown to 35000
[12:35:27.549] [SEVERE ] key 69 was pressed by player 1
[12:35:27.549] [SEVERE ] removing player 1 token from slot 2
[12:35:27.550] [SEVERE ] setting player 1 freeze to 3000
[12:35:27.774] [SEVERE ] key 69 was pressed by player 1
[12:35:27.774] [SEVERE ] player 1 placing token on slot 2
[12:35:27.981] [SEVERE ] key 69 was pressed by player 1
[12:35:28.205] [SEVERE ] key 69 was pressed by player 1
[12:35:28.357] [SEVERE ] setting player 1 freeze to -999
[12:35:28.358] [SEVERE ] updating countdown to 34000
[12:35:28.429] [SEVERE ] key 69 was pressed by player 1
[12:35:28.429] [SEVERE ] removing player 1 token from slot 2
[12:35:28.637] [SEVERE ] key 69 was pressed by player 1
[12:35:28.637] [SEVERE ] player 1 placing token on slot 2
[12:35:28.847] [SEVERE ] key 69 was pressed by player 1
[12:35:29.356] [SEVERE ] setting player 1 freeze to -999
[12:35:29.356] [SEVERE ] updating countdown to 33000
[12:35:29.357] [SEVERE ] setting player 1 freeze to 3000
[12:35:30.357] [SEVERE ] setting player 1 freeze to 2000
[12:35:30.357] [SEVERE ] updating countdown to 32000
[12:35:31.356] [SEVERE ] setting player 1 freeze to 1000
[12:35:31.357] [SEVERE ] updating countdown to 31000
[12:35:32.357] [SEVERE ] setting player 1 freeze to 0
[12:35:32.357] [SEVERE ] updating countdown to 30000
[12:35:32.957] [SEVERE ] key 69 was pressed by player 1
[12:35:32.957] [SEVERE ] removing player 1 token from slot 2
[12:35:32.958] [SEVERE ] setting player 1 freeze to 3000
[12:35:33.357] [SEVERE ] setting player 1 freeze to -1000
[12:35:33.358] [SEVERE ] updating countdown to 29000
[12:35:33.901] [SEVERE ] key 69 was pressed by player 1
[12:35:33.901] [SEVERE ] player 1 placing token on slot 2
[12:35:34.356] [SEVERE ] setting player 1 freeze to -999
[12:35:34.357] [SEVERE ] updating countdown to 28000
[12:35:35.357] [SEVERE ] updating countdown to 27000
[12:35:36.357] [SEVERE ] updating countdown to 26000
[12:35:37.357] [SEVERE ] updating countdown to 25000
[12:35:38.356] [SEVERE ] updating countdown to 24000
[12:35:39.357] [SEVERE ] updating countdown to 23000
[12:35:40.356] [SEVERE ] updating countdown to 22000
